nohup: ignoring input
Buildfile: installer.xml
2017-12-05 00:39:59,068 INFO  [ANT] [eclim:unattended] Installing eclim installer feature (may take a few moments).
2017-12-05 00:39:59,134 INFO  [org.formic.util.CommandExecutor] java -Xmx256m -jar /home/limjiayee/eclipse/plugins/org.eclipse.equinox.launcher_1.4.0.v20161219-1356.jar -clean -application org.eclipse.equinox.p2.director -repository file:///tmp/formic_1497729807/update -installIU org.eclim.installer.feature.group
2017-12-05 00:40:35,738 INFO  [ANT] [eclim:unattended] Analyzing installed features...
2017-12-05 00:40:35,746 INFO  [org.formic.util.CommandExecutor] java -Xmx256m -jar /home/limjiayee/eclipse/plugins/org.eclipse.equinox.launcher_1.4.0.v20161219-1356.jar -clean -application org.eclim.installer.application -info
2017-12-05 00:41:00,903 INFO  [org.eclim.installer.step.EclipseInfo] org.eclipse.m2e.logback.configuration: The org.eclipse.m2e.logback.configuration bundle was activated before the state location was initialized.  Will retry after the state location is initialized.
2017-12-05 00:41:01,031 INFO  [org.eclim.installer.step.EclipseInfo]   Profile: epp.package.jee
2017-12-05 00:41:01,031 INFO  [org.eclim.installer.step.EclipseInfo] eclipse.profile=epp.package.jee
2017-12-05 00:41:01,031 INFO  [org.eclim.installer.step.EclipseInfo]   Configuration: file:/home/limjiayee/eclipse/configuration/
2017-12-05 00:41:01,031 INFO  [org.eclim.installer.step.EclipseInfo] eclipse.local=/home/limjiayee/eclipse
2017-12-05 00:41:01,035 INFO  [org.eclim.installer.step.EclipseInfo]   Feature: org.eclipse.help 2.2.100.v20170612-0950 file:/home/limjiayee/eclipse/
2017-12-05 00:41:01,040 INFO  [org.eclim.installer.step.EclipseInfo]   Feature: org.eclipse.mylyn.bugzilla_feature 3.23.0.v20170411-2036 file:/home/limjiayee/eclipse/
2017-12-05 00:41:01,041 INFO  [org.eclim.installer.step.EclipseInfo]   Feature: org.eclipse.buildship 2.0.2.v20170420-0909 file:/home/limjiayee/eclipse/
2017-12-05 00:41:01,041 INFO  [org.eclim.installer.step.EclipseInfo]   Feature: org.eclipse.datatools.common.doc.user 1.14.0.201701131441 file:/home/limjiayee/eclipse/
2017-12-05 00:41:01,041 INFO  [org.eclim.installer.step.EclipseInfo]   Feature: org.eclipse.mylyn_feature 3.23.0.v20170614-1854 file:/home/limjiayee/eclipse/
2017-12-05 00:41:01,042 INFO  [org.eclim.installer.step.EclipseInfo]   Feature: org.eclipse.wst.web_ui.feature 3.9.0.v201706011953 file:/home/limjiayee/eclipse/
2017-12-05 00:41:01,042 INFO  [org.eclim.installer.step.EclipseInfo]   Feature: org.eclipse.jpt.dbws.eclipselink.feature 1.2.200.v201603180253 file:/home/limjiayee/eclipse/
2017-12-05 00:41:01,042 INFO  [org.eclim.installer.step.EclipseInfo]   Feature: org.eclipse.egit 4.8.0.201706111038-r file:/home/limjiayee/eclipse/
2017-12-05 00:41:01,042 INFO  [org.eclim.installer.step.EclipseInfo]   Feature: org.eclipse.rse 3.7.3.201704251225 file:/home/limjiayee/eclipse/
2017-12-05 00:41:01,043 INFO  [org.eclim.installer.step.EclipseInfo]   Feature: org.eclipse.gef 3.11.0.201606061308 file:/home/limjiayee/eclipse/
2017-12-05 00:41:01,043 INFO  [org.eclim.installer.step.EclipseInfo]   Feature: org.eclipse.rse.local 3.7.0.201704251225 file:/home/limjiayee/eclipse/
2017-12-05 00:41:01,043 INFO  [org.eclim.installer.step.EclipseInfo]   Feature: org.eclipse.mylyn.commons.identity 1.15.0.v20170411-1844 file:/home/limjiayee/eclipse/
2017-12-05 00:41:01,043 INFO  [org.eclim.installer.step.EclipseInfo]   Feature: org.eclipse.datatools.enablement.hsqldb.feature 1.14.0.201701131441 file:/home/limjiayee/eclipse/
2017-12-05 00:41:01,044 INFO  [org.eclim.installer.step.EclipseInfo]   Feature: org.eclipse.datatools.sqltools.doc.user 1.14.0.201701131441 file:/home/limjiayee/eclipse/
2017-12-05 00:41:01,044 INFO  [org.eclim.installer.step.EclipseInfo]   Feature: org.eclipse.jpt.jpa.feature 3.5.100.v201705180510 file:/home/limjiayee/eclipse/
2017-12-05 00:41:01,044 INFO  [org.eclim.installer.step.EclipseInfo]   Feature: org.eclipse.oomph.p2 1.8.0.v20170410-0909 file:/home/limjiayee/eclipse/
2017-12-05 00:41:01,044 INFO  [org.eclim.installer.step.EclipseInfo]   Feature: org.eclipse.tm.terminal.view.feature 4.3.0.201706140544 file:/home/limjiayee/eclipse/
2017-12-05 00:41:01,045 INFO  [org.eclim.installer.step.EclipseInfo]   Feature: org.eclipse.m2e.wtp.feature 1.3.2.20170517-2015 file:/home/limjiayee/eclipse/
2017-12-05 00:41:01,045 INFO  [org.eclim.installer.step.EclipseInfo]   Feature: org.eclipse.datatools.enablement.sqlite.feature 1.14.0.201701131441 file:/home/limjiayee/eclipse/
2017-12-05 00:41:01,045 INFO  [org.eclim.installer.step.EclipseInfo]   Feature: org.eclipse.emf.codegen.ui 2.8.0.v20170609-0928 file:/home/limjiayee/eclipse/
2017-12-05 00:41:01,046 INFO  [org.eclim.installer.step.EclipseInfo]   Feature: org.eclipse.jpt.common.feature 1.5.100.v201705180510 file:/home/limjiayee/eclipse/
2017-12-05 00:41:01,046 INFO  [org.eclim.installer.step.EclipseInfo]   Feature: org.eclipse.mylyn.commons.notifications 1.15.0.v20170411-1844 file:/home/limjiayee/eclipse/
2017-12-05 00:41:01,046 INFO  [org.eclim.installer.step.EclipseInfo]   Feature: org.eclipse.emf.converter 2.12.0.v20170609-0928 file:/home/limjiayee/eclipse/
2017-12-05 00:41:01,047 INFO  [org.eclim.installer.step.EclipseInfo]   Feature: org.eclipse.emf.edit.ui 2.13.0.v20170609-0928 file:/home/limjiayee/eclipse/
2017-12-05 00:41:01,047 INFO  [org.eclim.installer.step.EclipseInfo]   Feature: org.eclipse.rcp 4.7.0.v20170612-1255 file:/home/limjiayee/eclipse/
2017-12-05 00:41:01,047 INFO  [org.eclim.installer.step.EclipseInfo]   Feature: org.eclipse.recommenders.rcp.feature 2.4.9.v20170613-1301 file:/home/limjiayee/eclipse/
2017-12-05 00:41:01,047 INFO  [org.eclim.installer.step.EclipseInfo]   Feature: org.eclipse.jpt.jaxb.eclipselink.feature 1.4.200.v201603180253 file:/home/limjiayee/eclipse/
2017-12-05 00:41:01,048 INFO  [org.eclim.installer.step.EclipseInfo]   Feature: org.eclipse.datatools.enablement.oda.designer.feature 1.14.0.201701131441 file:/home/limjiayee/eclipse/
2017-12-05 00:41:01,048 INFO  [org.eclim.installer.step.EclipseInfo]   Feature: org.eclipse.datatools.enablement.postgresql.feature 1.14.0.201701131441 file:/home/limjiayee/eclipse/
2017-12-05 00:41:01,048 INFO  [org.eclim.installer.step.EclipseInfo]   Feature: org.eclipse.datatools.enablement.apache.derby.feature 1.14.0.201701131441 file:/home/limjiayee/eclipse/
2017-12-05 00:41:01,048 INFO  [org.eclim.installer.step.EclipseInfo]   Feature: org.eclipse.datatools.connectivity.oda.designer.core.feature 1.14.0.201701131441 file:/home/limjiayee/eclipse/
2017-12-05 00:41:01,048 INFO  [org.eclim.installer.step.EclipseInfo]   Feature: org.eclipse.jdt 3.13.0.v20170612-0950 file:/home/limjiayee/eclipse/
2017-12-05 00:41:01,049 INFO  [org.eclim.installer.step.EclipseInfo]   Feature: org.eclipse.emf.common 2.13.0.v20170609-0707 file:/home/limjiayee/eclipse/
2017-12-05 00:41:01,049 INFO  [org.eclim.installer.step.EclipseInfo]   Feature: org.eclipse.egit.mylyn 4.8.0.201706111038-r file:/home/limjiayee/eclipse/
2017-12-05 00:41:01,049 INFO  [org.eclim.installer.step.EclipseInfo]   Feature: org.eclipse.jst.ws.cxf.feature 1.1.300.v201701262158 file:/home/limjiayee/eclipse/
2017-12-05 00:41:01,049 INFO  [org.eclim.installer.step.EclipseInfo]   Feature: org.eclipse.datatools.enablement.sybase.feature 1.14.0.201701131441 file:/home/limjiayee/eclipse/
2017-12-05 00:41:01,049 INFO  [org.eclim.installer.step.EclipseInfo]   Feature: org.eclipse.datatools.sqldevtools.feature 1.14.0.201701131441 file:/home/limjiayee/eclipse/
2017-12-05 00:41:01,050 INFO  [org.eclim.installer.step.EclipseInfo]   Feature: org.eclipse.m2e.wtp.jsf.feature 1.3.2.20170517-2015 file:/home/limjiayee/eclipse/
2017-12-05 00:41:01,050 INFO  [org.eclim.installer.step.EclipseInfo]   Feature: org.eclipse.datatools.enablement.jdbc.feature 1.14.0.201701131441 file:/home/limjiayee/eclipse/
2017-12-05 00:41:01,050 INFO  [org.eclim.installer.step.EclipseInfo]   Feature: org.eclipse.oomph.setup 1.8.0.v20170531-0903 file:/home/limjiayee/eclipse/
2017-12-05 00:41:01,050 INFO  [org.eclim.installer.step.EclipseInfo]   Feature: org.eclipse.datatools.modelbase.feature 1.14.0.201701131441 file:/home/limjiayee/eclipse/
2017-12-05 00:41:01,051 INFO  [org.eclim.installer.step.EclipseInfo]   Feature: org.eclipse.emf.mapping 2.9.0.v20170609-0928 file:/home/limjiayee/eclipse/
2017-12-05 00:41:01,051 INFO  [org.eclim.installer.step.EclipseInfo]   Feature: org.eclipse.emf.ecore 2.13.0.v20170609-0707 file:/home/limjiayee/eclipse/
2017-12-05 00:41:01,051 INFO  [org.eclim.installer.step.EclipseInfo]   Feature: org.eclipse.wst.common.fproj 3.7.0.v201505072140 file:/home/limjiayee/eclipse/
2017-12-05 00:41:01,051 INFO  [org.eclim.installer.step.EclipseInfo]   Feature: org.eclipse.wst.xsl.feature 1.3.401.v201509231858 file:/home/limjiayee/eclipse/
2017-12-05 00:41:01,052 INFO  [org.eclim.installer.step.EclipseInfo]   Feature: org.eclipse.datatools.intro 1.14.0.201701131441 file:/home/limjiayee/eclipse/
2017-12-05 00:41:01,052 INFO  [org.eclim.installer.step.EclipseInfo]   Feature: org.eclipse.rse.ssh 3.7.0.201704251225 file:/home/limjiayee/eclipse/
2017-12-05 00:41:01,052 INFO  [org.eclim.installer.step.EclipseInfo]   Feature: org.eclipse.jst.common.fproj.enablement.jdt 3.8.0.v201603091933 file:/home/limjiayee/eclipse/
2017-12-05 00:41:01,052 INFO  [org.eclim.installer.step.EclipseInfo]   Feature: org.eclipse.jst.enterprise_ui.feature 3.9.0.v201701262152 file:/home/limjiayee/eclipse/
2017-12-05 00:41:01,052 INFO  [org.eclim.installer.step.EclipseInfo]   Feature: org.eclipse.datatools.enablement.oda.feature 1.14.0.201701131441 file:/home/limjiayee/eclipse/
2017-12-05 00:41:01,052 INFO  [org.eclim.installer.step.EclipseInfo]   Feature: org.eclipse.jgit 4.8.0.201706111038-r file:/home/limjiayee/eclipse/
2017-12-05 00:41:01,053 INFO  [org.eclim.installer.step.EclipseInfo]   Feature: org.eclipse.mylyn.wikitext_feature 3.0.6.201703111926 file:/home/limjiayee/eclipse/
2017-12-05 00:41:01,053 INFO  [org.eclim.installer.step.EclipseInfo]   Feature: org.eclipse.jpt.jaxb.feature 1.5.100.v201603180253 file:/home/limjiayee/eclipse/
2017-12-05 00:41:01,053 INFO  [org.eclim.installer.step.EclipseInfo]   Feature: org.eclipse.emf.mapping.ecore.editor 2.10.0.v20170609-0928 file:/home/limjiayee/eclipse/
2017-12-05 00:41:01,053 INFO  [org.eclim.installer.step.EclipseInfo]   Feature: org.eclipse.datatools.enablement.feature 1.14.0.201701131441 file:/home/limjiayee/eclipse/
2017-12-05 00:41:01,054 INFO  [org.eclim.installer.step.EclipseInfo]   Feature: org.eclipse.jst.ws.axis2tools.feature 1.1.301.v201410160332 file:/home/limjiayee/eclipse/
2017-12-05 00:41:01,054 INFO  [org.eclim.installer.step.EclipseInfo]   Feature: org.eclipse.recommenders.mylyn.rcp.feature 2.4.9.v20170613-1301 file:/home/limjiayee/eclipse/
2017-12-05 00:41:01,054 INFO  [org.eclim.installer.step.EclipseInfo]   Feature: org.eclipse.platform 4.7.0.v20170612-1255 file:/home/limjiayee/eclipse/
2017-12-05 00:41:01,054 INFO  [org.eclim.installer.step.EclipseInfo]   Feature: org.eclipse.datatools.enablement.jdt.feature 1.14.0.201701131441 file:/home/limjiayee/eclipse/
2017-12-05 00:41:01,055 INFO  [org.eclim.installer.step.EclipseInfo]   Feature: org.eclipse.mylyn.discovery 3.23.0.v20170411-1844 file:/home/limjiayee/eclipse/
2017-12-05 00:41:01,055 INFO  [org.eclim.installer.step.EclipseInfo]   Feature: org.eclipse.datatools.enablement.mysql.feature 1.14.0.201701131441 file:/home/limjiayee/eclipse/
2017-12-05 00:41:01,055 INFO  [org.eclim.installer.step.EclipseInfo]   Feature: org.eclipse.emf.ecore.edit 2.9.0.v20170609-0928 file:/home/limjiayee/eclipse/
2017-12-05 00:41:01,055 INFO  [org.eclim.installer.step.EclipseInfo]   Feature: org.eclipse.datatools.enablement.msft.feature 1.14.0.201701131441 file:/home/limjiayee/eclipse/
2017-12-05 00:41:01,055 INFO  [org.eclim.installer.step.EclipseInfo]   Feature: org.eclipse.jpt.jpa.eclipselink.feature 3.4.100.v201603180253 file:/home/limjiayee/eclipse/
2017-12-05 00:41:01,056 INFO  [org.eclim.installer.step.EclipseInfo]   Feature: org.eclipse.emf.mapping.ecore 2.9.0.v20170609-0928 file:/home/limjiayee/eclipse/
2017-12-05 00:41:01,056 INFO  [org.eclim.installer.step.EclipseInfo]   Feature: org.eclipse.datatools.enablement.ingres.feature 1.14.0.201701131441 file:/home/limjiayee/eclipse/
2017-12-05 00:41:01,056 INFO  [org.eclim.installer.step.EclipseInfo]   Feature: org.eclipse.wst.jsdt.chromium.debug.feature 0.6.0.v201705091354 file:/home/limjiayee/eclipse/
2017-12-05 00:41:01,056 INFO  [org.eclim.installer.step.EclipseInfo]   Feature: org.eclipse.mylyn.wikitext.editors_feature 3.0.6.201703111926 file:/home/limjiayee/eclipse/
2017-12-05 00:41:01,057 INFO  [org.eclim.installer.step.EclipseInfo]   Feature: org.eclipse.m2e.wtp.jpa.feature 1.3.2.20170517-2015 file:/home/limjiayee/eclipse/
2017-12-05 00:41:01,057 INFO  [org.eclim.installer.step.EclipseInfo]   Feature: org.eclipse.emf.codegen 2.12.0.v20170609-0928 file:/home/limjiayee/eclipse/
2017-12-05 00:41:01,057 INFO  [org.eclim.installer.step.EclipseInfo]   Feature: org.eclipse.m2e.logback.feature 1.8.0.20170516-2043 file:/home/limjiayee/eclipse/
2017-12-05 00:41:01,057 INFO  [org.eclim.installer.step.EclipseInfo]   Feature: org.eclipse.wst.xml_ui.feature 3.9.0.v201706011851 file:/home/limjiayee/eclipse/
2017-12-05 00:41:01,057 INFO  [org.eclim.installer.step.EclipseInfo]   Feature: org.eclipse.emf 2.13.0.v20170609-0928 file:/home/limjiayee/eclipse/
2017-12-05 00:41:01,058 INFO  [org.eclim.installer.step.EclipseInfo]   Feature: org.eclipse.datatools.doc.user 1.14.0.201701131441 file:/home/limjiayee/eclipse/
2017-12-05 00:41:01,058 INFO  [org.eclim.installer.step.EclipseInfo]   Feature: org.eclipse.epp.package.jee.feature 4.7.0.20170620-1800 file:/home/limjiayee/eclipse/
2017-12-05 00:41:01,058 INFO  [org.eclim.installer.step.EclipseInfo]   Feature: org.eclipse.jst.ws.jaxws.feature 1.2.300.v201701262158 file:/home/limjiayee/eclipse/
2017-12-05 00:41:01,058 INFO  [org.eclim.installer.step.EclipseInfo]   Feature: org.eclipse.datatools.connectivity.doc.user 1.14.0.201701131441 file:/home/limjiayee/eclipse/
2017-12-05 00:41:01,059 INFO  [org.eclim.installer.step.EclipseInfo]   Feature: org.eclipse.mylyn.tasks.ide 3.23.0.v20170411-2036 file:/home/limjiayee/eclipse/
2017-12-05 00:41:01,059 INFO  [org.eclim.installer.step.EclipseInfo]   Feature: org.eclipse.draw2d 3.10.100.201606061308 file:/home/limjiayee/eclipse/
2017-12-05 00:41:01,059 INFO  [org.eclim.installer.step.EclipseInfo]   Feature: org.eclipse.emf.edit 2.12.0.v20170609-0928 file:/home/limjiayee/eclipse/
2017-12-05 00:41:01,059 INFO  [org.eclim.installer.step.EclipseInfo]   Feature: org.eclipse.mylyn.commons 3.23.0.v20170503-0014 file:/home/limjiayee/eclipse/
2017-12-05 00:41:01,060 INFO  [org.eclim.installer.step.EclipseInfo]   Feature: org.eclipse.eclemma.feature 3.0.0.201706140232 file:/home/limjiayee/eclipse/
2017-12-05 00:41:01,060 INFO  [org.eclim.installer.step.EclipseInfo]   Feature: org.eclipse.mylyn.ide_feature 3.23.0.v20170411-2108 file:/home/limjiayee/eclipse/
2017-12-05 00:41:01,060 INFO  [org.eclim.installer.step.EclipseInfo]   Feature: org.eclipse.wst.json_ui.feature 1.1.0.v201704192002 file:/home/limjiayee/eclipse/
2017-12-05 00:41:01,060 INFO  [org.eclim.installer.step.EclipseInfo]   Feature: org.eclipse.emf.databinding.edit 1.4.0.v20170609-0928 file:/home/limjiayee/eclipse/
2017-12-05 00:41:01,060 INFO  [org.eclim.installer.step.EclipseInfo]   Feature: org.eclipse.emf.codegen.ecore 2.13.0.v20170609-0928 file:/home/limjiayee/eclipse/
2017-12-05 00:41:01,060 INFO  [org.eclim.installer.step.EclipseInfo]   Feature: org.eclipse.m2e.feature 1.8.0.20170516-2043 file:/home/limjiayee/eclipse/
2017-12-05 00:41:01,061 INFO  [org.eclim.installer.step.EclipseInfo]   Feature: org.eclipse.epp.mpc 1.6.0.v20170616-0843 file:/home/limjiayee/eclipse/
2017-12-05 00:41:01,061 INFO  [org.eclim.installer.step.EclipseInfo]   Feature: org.eclipse.cft.server.core.feature 1.2.2.v201706141943 file:/home/limjiayee/eclipse/
2017-12-05 00:41:01,061 INFO  [org.eclim.installer.step.EclipseInfo]   Feature: org.eclipse.datatools.connectivity.oda.feature 1.14.0.201701131441 file:/home/limjiayee/eclipse/
2017-12-05 00:41:01,061 INFO  [org.eclim.installer.step.EclipseInfo]   Feature: org.eclipse.cft.server.ui.feature 1.0.9.v201706141943 file:/home/limjiayee/eclipse/
2017-12-05 00:41:01,062 INFO  [org.eclim.installer.step.EclipseInfo]   Feature: org.eclipse.rse.dstore 3.7.0.201704251225 file:/home/limjiayee/eclipse/
2017-12-05 00:41:01,062 INFO  [org.eclim.installer.step.EclipseInfo]   Feature: org.eclipse.pde 3.13.0.v20170612-0950 file:/home/limjiayee/eclipse/
2017-12-05 00:41:01,062 INFO  [org.eclim.installer.step.EclipseInfo]   Feature: org.eclipse.datatools.sqldevtools.parsers.feature 1.14.0.201701131441 file:/home/limjiayee/eclipse/
2017-12-05 00:41:01,062 INFO  [org.eclim.installer.step.EclipseInfo]   Feature: org.eclipse.mylyn.java_feature 3.23.0.v20170411-2108 file:/home/limjiayee/eclipse/
2017-12-05 00:41:01,062 INFO  [org.eclim.installer.step.EclipseInfo]   Feature: org.eclipse.mylyn.team_feature 3.23.0.v20170411-2108 file:/home/limjiayee/eclipse/
2017-12-05 00:41:01,062 INFO  [org.eclim.installer.step.EclipseInfo]   Feature: org.eclipse.m2e.wtp.jaxrs.feature 1.3.2.20170517-2015 file:/home/limjiayee/eclipse/
2017-12-05 00:41:01,063 INFO  [org.eclim.installer.step.EclipseInfo]   Feature: org.eclipse.emf.common.ui 2.12.0.v20170609-0928 file:/home/limjiayee/eclipse/
2017-12-05 00:41:01,063 INFO  [org.eclim.installer.step.EclipseInfo]   Feature: org.eclipse.datatools.sqldevtools.ddlgen.feature 1.14.0.201701131441 file:/home/limjiayee/eclipse/
2017-12-05 00:41:01,063 INFO  [org.eclim.installer.step.EclipseInfo]   Feature: org.eclipse.mylyn.commons.repositories 1.15.0.v20170411-1844 file:/home/limjiayee/eclipse/
2017-12-05 00:41:01,063 INFO  [org.eclim.installer.step.EclipseInfo]   Feature: org.eclipse.rse.ftp 3.7.1.201704251225 file:/home/limjiayee/eclipse/
2017-12-05 00:41:01,064 INFO  [org.eclim.installer.step.EclipseInfo]   Feature: org.eclipse.emf.mapping.ui 2.9.0.v20170609-0928 file:/home/limjiayee/eclipse/
2017-12-05 00:41:01,074 INFO  [org.eclim.installer.step.EclipseInfo]   Feature: org.eclipse.rse.telnet 3.7.0.201704251225 file:/home/limjiayee/eclipse/
2017-12-05 00:41:01,074 INFO  [org.eclim.installer.step.EclipseInfo]   Feature: org.eclipse.rse.useractions 3.7.0.201704251225 file:/home/limjiayee/eclipse/
2017-12-05 00:41:01,074 INFO  [org.eclim.installer.step.EclipseInfo]   Feature: org.eclipse.mylyn.monitor 3.23.0.v20170411-1844 file:/home/limjiayee/eclipse/
2017-12-05 00:41:01,075 INFO  [org.eclim.installer.step.EclipseInfo]   Feature: org.eclipse.tm.terminal.control.feature 4.3.0.201706140544 file:/home/limjiayee/eclipse/
2017-12-05 00:41:01,075 INFO  [org.eclim.installer.step.EclipseInfo]   Feature: org.eclipse.datatools.connectivity.oda.designer.feature 1.14.0.201701131441 file:/home/limjiayee/eclipse/
2017-12-05 00:41:01,075 INFO  [org.eclim.installer.step.EclipseInfo]   Feature: org.eclipse.datatools.enablement.ibm.feature 1.14.0.201701131441 file:/home/limjiayee/eclipse/
2017-12-05 00:41:01,076 INFO  [org.eclim.installer.step.EclipseInfo]   Feature: org.eclipse.tm.terminal.feature 4.3.0.201706140544 file:/home/limjiayee/eclipse/
2017-12-05 00:41:01,076 INFO  [org.eclim.installer.step.EclipseInfo]   Feature: org.eclipse.emf.codegen.ecore.ui 2.13.0.v20170609-0928 file:/home/limjiayee/eclipse/
2017-12-05 00:41:01,076 INFO  [org.eclim.installer.step.EclipseInfo]   Feature: org.sonatype.m2e.mavenarchiver.feature 0.17.2.201606141937-signed-20160830073346 file:/home/limjiayee/eclipse/
2017-12-05 00:41:01,077 INFO  [org.eclim.installer.step.EclipseInfo]   Feature: org.eclipse.emf.ecore.editor 2.13.0.v20170609-0928 file:/home/limjiayee/eclipse/
2017-12-05 00:41:01,077 INFO  [org.eclim.installer.step.EclipseInfo]   Feature: org.eclim.installer 2.7.0 file:/home/limjiayee/eclipse/
2017-12-05 00:41:01,077 INFO  [org.eclim.installer.step.EclipseInfo]   Feature: org.eclipse.rse.core 3.7.3.201704251225 file:/home/limjiayee/eclipse/
2017-12-05 00:41:01,077 INFO  [org.eclim.installer.step.EclipseInfo]   Feature: org.eclipse.jpt.common.eclipselink.feature 1.3.200.v201603180253 file:/home/limjiayee/eclipse/
2017-12-05 00:41:01,077 INFO  [org.eclim.installer.step.EclipseInfo]   Feature: org.eclipse.mylyn.context_feature 3.23.0.v20170414-0629 file:/home/limjiayee/eclipse/
2017-12-05 00:41:01,078 INFO  [org.eclim.installer.step.EclipseInfo]   Feature: org.eclipse.datatools.enablement.oracle.feature 1.14.0.201701131441 file:/home/limjiayee/eclipse/
2017-12-05 00:41:01,078 INFO  [org.eclim.installer.step.EclipseInfo]   Feature: org.eclipse.emf.databinding 1.4.0.v20170609-0928 file:/home/limjiayee/eclipse/
2017-12-05 00:41:01,078 INFO  [org.eclim.installer.step.EclipseInfo]   Feature: org.eclipse.datatools.connectivity.feature 1.14.0.201701131441 file:/home/limjiayee/eclipse/
2017-12-05 00:41:01,078 INFO  [org.eclim.installer.step.EclipseInfo]   Feature: org.eclipse.datatools.enablement.sap.feature 1.14.0.201701131441 file:/home/limjiayee/eclipse/
2017-12-05 00:41:01,078 INFO  [org.eclim.installer.step.EclipseInfo]   Feature: org.eclipse.wst.xml.xpath2.processor.feature 2.0.301.v201409111854 file:/home/limjiayee/eclipse/
2017-12-05 00:41:01,079 INFO  [org.eclim.installer.step.EclipseInfo]   Feature: org.eclipse.oomph.setup.core 1.8.0.v20170531-0903 file:/home/limjiayee/eclipse/
2017-12-05 00:41:01,079 INFO  [org.eclim.installer.step.EclipseInfo]   Feature: org.eclipse.wst.jsdt.feature 2.1.0.v201706011953 file:/home/limjiayee/eclipse/
2017-12-05 00:41:05,409 INFO  [ANT] [eclim:unattended] Finished analyzing your eclipse installation.
2017-12-05 00:41:05,413 INFO  [ANT] [eclim:unattended] Eclim features to be installed:
2017-12-05 00:41:05,413 INFO  [ANT] [eclim:unattended]   jdt
2017-12-05 00:41:05,413 INFO  [ANT] [eclim:unattended]   wst
2017-12-05 00:41:05,468 INFO  [ANT] [eclim:shutdown] Unable to shut down eclimd (9091): java.lang.NullPointerException - null
2017-12-05 00:41:05,569 INFO  [ANT]      [exec] rm: cannot remove '/home/limjiayee/eclipse/eclim': No such file or directory
2017-12-05 00:41:05,969 ERROR [ANT]      [exec] Result: 1
2017-12-05 00:41:05,994 INFO  [ANT]      [exec] rm: cannot remove '/home/limjiayee/eclipse/eclimd': No such file or directory
2017-12-05 00:41:06,395 ERROR [ANT]      [exec] Result: 1
2017-12-05 00:41:07,322 INFO  [ANT]     [mkdir] Created dir: /tmp/formic_1497729807/update-site/plugins
2017-12-05 00:41:07,323 INFO  [ANT]     [mkdir] Created dir: /tmp/formic_1497729807/update-site/features
2017-12-05 00:41:07,407 INFO  [ANT] [eclim:unzip] Expanding: /tmp/eclim-update-site321288801104766449.zip into /tmp/formic_1497729807/update-site
2017-12-05 00:41:07,930 INFO  [ANT] [formic:template] Evaluating template: /tmp/formic_1497729807/update-site/artifacts.xml
2017-12-05 00:41:07,965 INFO  [ANT] [formic:template] Moving 1 file to /tmp/formic_1497729807/update-site
2017-12-05 00:41:07,967 INFO  [ANT] [formic:template] Evaluating template: /tmp/formic_1497729807/update-site/content.xml
2017-12-05 00:41:07,980 INFO  [ANT] [formic:template] Moving 1 file to /tmp/formic_1497729807/update-site
2017-12-05 00:41:07,982 INFO  [ANT] [formic:template] Evaluating template: /tmp/formic_1497729807/update-site/features/org.eclim_2.7.0/feature.xml
2017-12-05 00:41:07,986 INFO  [ANT] [formic:template] Moving 1 file to /tmp/formic_1497729807/update-site/features/org.eclim_2.7.0
2017-12-05 00:41:08,033 INFO  [ANT]       [jar] Building jar: /tmp/formic_1497729807/update-site/artifacts.jar
2017-12-05 00:41:08,042 INFO  [ANT]    [delete] Deleting: /tmp/formic_1497729807/update-site/artifacts.xml
2017-12-05 00:41:08,048 INFO  [ANT]       [jar] Building jar: /tmp/formic_1497729807/update-site/content.jar
2017-12-05 00:41:08,052 INFO  [ANT]    [delete] Deleting: /tmp/formic_1497729807/update-site/content.xml
2017-12-05 00:41:08,058 INFO  [ANT]       [jar] Building jar: /tmp/formic_1497729807/update-site/features/org.eclim_2.7.0.jar
2017-12-05 00:41:08,072 INFO  [ANT]    [delete] Deleting directory /tmp/formic_1497729807/update-site/features/org.eclim_2.7.0
2017-12-05 00:41:08,079 INFO  [ANT]       [jar] Building jar: /tmp/formic_1497729807/update-site/plugins/org.eclim.core_2.7.0.jar
2017-12-05 00:41:08,210 INFO  [ANT]    [delete] Deleting directory /tmp/formic_1497729807/update-site/plugins/org.eclim.core_2.7.0
2017-12-05 00:41:08,220 INFO  [ANT]       [jar] Building jar: /tmp/formic_1497729807/update-site/plugins/org.eclim.jdt_2.7.0.jar
2017-12-05 00:41:08,579 INFO  [ANT]    [delete] Deleting directory /tmp/formic_1497729807/update-site/plugins/org.eclim.jdt_2.7.0
2017-12-05 00:41:08,592 INFO  [ANT]       [jar] Building jar: /tmp/formic_1497729807/update-site/plugins/org.eclim.vimplugin_2.7.0.jar
2017-12-05 00:41:08,612 INFO  [ANT]    [delete] Deleting directory /tmp/formic_1497729807/update-site/plugins/org.eclim.vimplugin_2.7.0
2017-12-05 00:41:08,618 INFO  [ANT]       [jar] Building jar: /tmp/formic_1497729807/update-site/plugins/org.eclim.wst_2.7.0.jar
2017-12-05 00:41:08,746 INFO  [ANT]    [delete] Deleting directory /tmp/formic_1497729807/update-site/plugins/org.eclim.wst_2.7.0
2017-12-05 00:41:08,753 INFO  [ANT]       [jar] Building jar: /tmp/formic_1497729807/update-site/plugins/org.eclim_2.7.0.jar
2017-12-05 00:41:09,046 INFO  [ANT]    [delete] Deleting directory /tmp/formic_1497729807/update-site/plugins/org.eclim_2.7.0
2017-12-05 00:41:09,050 INFO  [ANT] [eclim:installiu] Installing org.eclim...
2017-12-05 00:41:09,053 INFO  [org.formic.util.CommandExecutor] java -Xmx256m -jar /home/limjiayee/eclipse/plugins/org.eclipse.equinox.launcher_1.4.0.v20161219-1356.jar -clean -application org.eclipse.equinox.p2.director -repository file:///tmp/formic_1497729807/update-site -installIU org.eclim.feature.group
2017-12-05 00:41:57,157 INFO  [ANT]      [exec] checking for gcc... gcc
2017-12-05 00:41:57,858 INFO  [ANT]      [exec] checking for C compiler default output file name... a.out
2017-12-05 00:41:57,958 INFO  [ANT]      [exec] checking whether the C compiler works... yes
2017-12-05 00:41:58,059 INFO  [ANT]      [exec] checking whether we are cross compiling... no
2017-12-05 00:41:58,459 INFO  [ANT]      [exec] checking for suffix of executables... 
2017-12-05 00:41:58,860 INFO  [ANT]      [exec] checking for suffix of object files... o
2017-12-05 00:41:59,461 INFO  [ANT]      [exec] checking whether we are using the GNU C compiler... yes
2017-12-05 00:42:00,062 INFO  [ANT]      [exec] checking whether gcc accepts -g... yes
2017-12-05 00:42:00,663 INFO  [ANT]      [exec] checking for gcc option to accept ISO C89... none needed
2017-12-05 00:42:01,565 INFO  [ANT]      [exec] checking for gcc option to accept ISO C99... -std=gnu99
2017-12-05 00:42:02,166 INFO  [ANT]      [exec] checking for gethostbyname in -lnsl... yes
2017-12-05 00:42:02,967 INFO  [ANT]      [exec] checking for send in -lsocket... no
2017-12-05 00:42:03,568 INFO  [ANT]      [exec] checking for WriteFile in -lwsock32... no
2017-12-05 00:42:04,469 INFO  [ANT]      [exec] checking how to run the C preprocessor... gcc -std=gnu99 -E
2017-12-05 00:42:05,371 INFO  [ANT]      [exec] checking for grep that handles long lines and -e... /bin/grep
2017-12-05 00:42:05,371 INFO  [ANT]      [exec] checking for egrep... /bin/grep -E
2017-12-05 00:42:06,772 INFO  [ANT]      [exec] checking for ANSI C header files... yes
2017-12-05 00:42:07,273 INFO  [ANT]      [exec] checking for sys/types.h... yes
2017-12-05 00:42:07,874 INFO  [ANT]      [exec] checking for sys/stat.h... yes
2017-12-05 00:42:08,475 INFO  [ANT]      [exec] checking for stdlib.h... yes
2017-12-05 00:42:09,076 INFO  [ANT]      [exec] checking for string.h... yes
2017-12-05 00:42:09,878 INFO  [ANT]      [exec] checking for memory.h... yes
2017-12-05 00:42:10,378 INFO  [ANT]      [exec] checking for strings.h... yes
2017-12-05 00:42:10,979 INFO  [ANT]      [exec] checking for inttypes.h... yes
2017-12-05 00:42:11,681 INFO  [ANT]      [exec] checking for stdint.h... yes
2017-12-05 00:42:12,282 INFO  [ANT]      [exec] checking for unistd.h... yes
2017-12-05 00:42:12,983 INFO  [ANT]      [exec] checking arpa/inet.h usability... yes
2017-12-05 00:42:13,284 INFO  [ANT]      [exec] checking arpa/inet.h presence... yes
2017-12-05 00:42:13,384 INFO  [ANT]      [exec] checking for arpa/inet.h... yes
2017-12-05 00:42:13,985 INFO  [ANT]      [exec] checking netdb.h usability... yes
2017-12-05 00:42:14,285 INFO  [ANT]      [exec] checking netdb.h presence... yes
2017-12-05 00:42:14,386 INFO  [ANT]      [exec] checking for netdb.h... yes
2017-12-05 00:42:15,187 INFO  [ANT]      [exec] checking netinet/in.h usability... yes
2017-12-05 00:42:15,587 INFO  [ANT]      [exec] checking netinet/in.h presence... yes
2017-12-05 00:42:15,588 INFO  [ANT]      [exec] checking for netinet/in.h... yes
2017-12-05 00:42:15,688 INFO  [ANT]      [exec] checking for stdlib.h... (cached) yes
2017-12-05 00:42:15,788 INFO  [ANT]      [exec] checking for string.h... (cached) yes
2017-12-05 00:42:16,489 INFO  [ANT]      [exec] checking sys/socket.h usability... yes
2017-12-05 00:42:16,890 INFO  [ANT]      [exec] checking sys/socket.h presence... yes
2017-12-05 00:42:16,990 INFO  [ANT]      [exec] checking for sys/socket.h... yes
2017-12-05 00:42:17,090 INFO  [ANT]      [exec] checking for unistd.h... (cached) yes
2017-12-05 00:42:17,591 INFO  [ANT]      [exec] checking sys/select.h usability... yes
2017-12-05 00:42:18,192 INFO  [ANT]      [exec] checking sys/select.h presence... yes
2017-12-05 00:42:18,393 INFO  [ANT]      [exec] checking for sys/select.h... yes
2017-12-05 00:42:18,593 INFO  [ANT]      [exec] checking for sys/socket.h... (cached) yes
2017-12-05 00:42:19,494 INFO  [ANT]      [exec] checking types of arguments for select... int,fd_set *,struct timeval *
2017-12-05 00:42:20,295 INFO  [ANT]      [exec] checking for getcwd... yes
2017-12-05 00:42:20,837 INFO  [ANT]      [exec] checking for gethostbyname... yes
2017-12-05 00:42:21,438 INFO  [ANT]      [exec] checking for memset... yes
2017-12-05 00:42:22,340 INFO  [ANT]      [exec] checking for select... yes
2017-12-05 00:42:22,940 INFO  [ANT]      [exec] checking for socket... yes
2017-12-05 00:42:23,541 INFO  [ANT]      [exec] checking for strcasecmp... yes
2017-12-05 00:42:24,242 INFO  [ANT]      [exec] checking for strrchr... yes
2017-12-05 00:42:24,443 INFO  [ANT]      [exec] configure: creating ./config.status
2017-12-05 00:42:25,745 INFO  [ANT]      [exec] config.status: creating Makefile
2017-12-05 00:42:26,788 INFO  [ANT]      [exec] Building ng client.  To build a Windows binary, type 'make ng.exe'
2017-12-05 00:42:26,788 INFO  [ANT]      [exec] gcc -std=gnu99 -g -O2 -lnsl  -s -O3 -o ng src/c/ng.c
2017-12-05 00:42:27,662 INFO  [ANT]      [move] Moving 1 file to /home/limjiayee/eclipse/plugins/org.eclim_2.7.0/bin
2017-12-05 00:42:28,176 INFO  [ANT] [eclim:unzip] Expanding: /tmp/vim-plugins1449300737597554868.zip into /home/limjiayee/.vim
2017-12-05 00:42:49,987 ERROR [ANT]      [move] Warning: /home/limjiayee/.vim/eclim/resources does not exist.
2017-12-05 00:42:50,030 WARN  [ANT]      [echo] 
2017-12-05 00:42:50,030 WARN  [ANT]      [echo] ##
2017-12-05 00:42:50,030 WARN  [ANT]      [echo] # Please wait while the eclim installer feature is removed from eclipse...
2017-12-05 00:42:50,030 WARN  [ANT]      [echo] ##
2017-12-05 00:42:50,030 WARN  [ANT]      [echo]         
2017-12-05 00:42:50,051 INFO  [ANT] [eclim:uninstalliu] Uninstalling org.eclim.installer...
2017-12-05 00:42:50,052 INFO  [org.formic.util.CommandExecutor] java -Xmx256m -jar /home/limjiayee/eclipse/plugins/org.eclipse.equinox.launcher_1.4.0.v20161219-1356.jar -clean -application org.eclipse.equinox.p2.director -repository file:///tmp/formic_1497729807/update -uninstallIU org.eclim.installer.feature.group
2017-12-05 00:43:17,022 INFO  [org.eclim.installer.ant.UninstallIUTask] org.eclipse.m2e.logback.configuration: The org.eclipse.m2e.logback.configuration bundle was activated before the state location was initialized.  Will retry after the state location is initialized.
2017-12-05 00:43:17,179 INFO  [org.eclim.installer.ant.UninstallIUTask] Uninstalling org.eclim.installer.feature.group 2.7.0.
2017-12-05 00:43:23,592 INFO  [org.eclim.installer.ant.UninstallIUTask] Operation completed in 6438 ms.
2017-12-05 00:43:26,892 INFO  [ANT] [eclim:uninstalliu] Invoking p2 gc...
2017-12-05 00:43:26,893 INFO  [org.formic.util.CommandExecutor] java -Xmx256m -jar /home/limjiayee/eclipse/plugins/org.eclipse.equinox.launcher_1.4.0.v20161219-1356.jar -clean -application org.eclipse.equinox.p2.garbagecollector.application -profile epp.package.jee
2017-12-05 00:43:52,477 INFO  [org.eclim.installer.ant.UninstallIUTask] org.eclipse.m2e.logback.configuration: The org.eclipse.m2e.logback.configuration bundle was activated before the state location was initialized.  Will retry after the state location is initialized.
2017-12-05 00:43:59,779 INFO  [org.eclim.installer.ant.UninstallIUTask] Removing temp repositories from p2 prefs: /home/limjiayee/eclipse/p2/org.eclipse.equinox.p2.engine/profileRegistry/epp.package.jee.profile/.data/.settings/org.eclipse.equinox.p2.metadata.repository.prefs
2017-12-05 00:43:59,855 INFO  [ANT]      [move] Moving 1 file to /home/limjiayee/eclipse/p2/org.eclipse.equinox.p2.engine/profileRegistry/epp.package.jee.profile/.data/.settings
2017-12-05 00:43:59,928 DEBUG [ANT] 
BUILD SUCCESSFUL
Total time: 4 minutes 1 second
