Oct 09, 2017 11:03:21 PM net.didion.jwnl.util.MessageLog doLog
INFO: Installing dictionary net.didion.jwnl.dictionary.FileBackedDictionary@37bba400
/home/limjiayee/ims_0.9.2/../se2/1-lexical-sample/processed/train/collaborate.xml
collaborate.v
*
optimization finished, #iter = 5
Objective value = -0.243939
nSV = 55
done
/home/limjiayee/ims_0.9.2/../se2/1-lexical-sample/processed/train/channel.xml
channel.n
..................................*
optimization finished, #iter = 345
Objective value = -2.422953
nSV = 184
............................................**.*
optimization finished, #iter = 452
Objective value = -118.131201
nSV = 206
.............................................**.*
optimization finished, #iter = 461
Objective value = -52.228620
nSV = 194
....................................*.*
optimization finished, #iter = 371
Objective value = -10.272389
nSV = 178
..........................................**
optimization finished, #iter = 428
Objective value = -66.299742
nSV = 202
...................................*
optimization finished, #iter = 355
Objective value = -4.438575
nSV = 176
*
optimization finished, #iter = 7
Objective value = -0.311229
nSV = 174
.................................*
optimization finished, #iter = 336
Objective value = -2.164836
nSV = 143
..................................**
optimization finished, #iter = 348
Objective value = -2.203688
nSV = 161
*
optimization finished, #iter = 5
Objective value = -0.205522
nSV = 160
done
/home/limjiayee/ims_0.9.2/../se2/1-lexical-sample/processed/train/see.xml
see.v
*
optimization finished, #iter = 6
Objective value = -0.451337
nSV = 114
*
optimization finished, #iter = 7
Objective value = -1.354808
nSV = 125
.............**
optimization finished, #iter = 136
Objective value = -2.428037
nSV = 109
.............*
optimization finished, #iter = 133
Objective value = -2.350709
nSV = 106
*
optimization finished, #iter = 6
Objective value = -0.474988
nSV = 115
*
optimization finished, #iter = 6
Objective value = -0.441480
nSV = 107
*
optimization finished, #iter = 6
Objective value = -0.409933
nSV = 105
*
optimization finished, #iter = 6
Objective value = -0.515519
nSV = 108
*
optimization finished, #iter = 6
Objective value = -0.413274
nSV = 105
*.
optimization finished, #iter = 10
Objective value = -0.761635
nSV = 118
*
optimization finished, #iter = 6
Objective value = -0.442974
nSV = 108
*
optimization finished, #iter = 6
Objective value = -0.400633
nSV = 105
*
optimization finished, #iter = 6
Objective value = -0.378275
nSV = 104
*
optimization finished, #iter = 6
Objective value = -0.782559
nSV = 115
*
optimization finished, #iter = 9
Objective value = -1.144469
nSV = 127
*
optimization finished, #iter = 6
Objective value = -0.494812
nSV = 107
*
optimization finished, #iter = 6
Objective value = -0.610290
nSV = 116
*
optimization finished, #iter = 6
Objective value = -0.520003
nSV = 111
done
see.v-see_through

optimization finished, #iter = 1
Objective value = -0.018930
nSV = 2
done
see.v-see_the_light
done
/home/limjiayee/ims_0.9.2/../se2/1-lexical-sample/processed/train/face.xml
face.v
................***.
optimization finished, #iter = 170
Objective value = -4.571791
nSV = 144
.................**
optimization finished, #iter = 176
Objective value = -4.644835
nSV = 151
...............................*
optimization finished, #iter = 317
Objective value = -11.284228
nSV = 178
.............................*
optimization finished, #iter = 293
Objective value = -6.686329
nSV = 159
...............................**
optimization finished, #iter = 314
Objective value = -2.633170
nSV = 161
..............................*
optimization finished, #iter = 309
Objective value = -2.557420
nSV = 143
*
optimization finished, #iter = 6
Objective value = -0.427200
nSV = 144
done
/home/limjiayee/ims_0.9.2/../se2/1-lexical-sample/processed/train/dyke.xml
dyke.n
..........................................
optimization finished, #iter = 424
Objective value = -50.842664
nSV = 84
.........................................*
optimization finished, #iter = 418
Objective value = -34.751098
nSV = 83
......................*
optimization finished, #iter = 222
Objective value = -2.904801
nSV = 84
..................................*..*.*
optimization finished, #iter = 372
Objective value = -16.102390
nSV = 82
done
/home/limjiayee/ims_0.9.2/../se2/1-lexical-sample/processed/train/authority.xml
authority.n
........................................*.*
optimization finished, #iter = 414
Objective value = -46.811360
nSV = 212
...................................*.**
optimization finished, #iter = 364
Objective value = -28.825758
nSV = 210
*
optimization finished, #iter = 6
Objective value = -0.294768
nSV = 168
........................................*.**
optimization finished, #iter = 413
Objective value = -44.149638
nSV = 172
............................*.*
optimization finished, #iter = 293
Objective value = -2.541537
nSV = 183
...........................*..**
optimization finished, #iter = 296
Objective value = -20.302195
nSV = 190
...................................**
optimization finished, #iter = 357
Objective value = -6.179584
nSV = 157
*
optimization finished, #iter = 7
Objective value = -0.193057
nSV = 148
................................***.*
optimization finished, #iter = 331
Objective value = -4.231922
nSV = 163
................................**.
optimization finished, #iter = 330
Objective value = -2.171415
nSV = 149
*
optimization finished, #iter = 6
Objective value = -0.167521
nSV = 148
done
/home/limjiayee/ims_0.9.2/../se2/1-lexical-sample/processed/train/art.xml
art.n
..................................................**
optimization finished, #iter = 507
Objective value = -53.902619
nSV = 247
........................................*
optimization finished, #iter = 406
Objective value = -8.225464
nSV = 179
...................................................**.*
optimization finished, #iter = 523
Objective value = -65.064706
nSV = 247
..................................................**.*.*
optimization finished, #iter = 522
Objective value = -56.526246
nSV = 201
....................................................*
optimization finished, #iter = 528
Objective value = -24.625955
nSV = 206
*
optimization finished, #iter = 5
Objective value = -0.228552
nSV = 174
................................***
optimization finished, #iter = 327
Objective value = -4.594232
nSV = 217
*
optimization finished, #iter = 5
Objective value = -0.205788
nSV = 165
*
optimization finished, #iter = 6
Objective value = -0.183937
nSV = 157
*
optimization finished, #iter = 7
Objective value = -0.267405
nSV = 157
*
optimization finished, #iter = 5
Objective value = -0.182064
nSV = 147
...........................................*.*.**
optimization finished, #iter = 454
Objective value = -8.192123
nSV = 173
..................................*.*
optimization finished, #iter = 351
Objective value = -2.207624
nSV = 168
*
optimization finished, #iter = 6
Objective value = -0.159963
nSV = 155
*
optimization finished, #iter = 5
Objective value = -0.183872
nSV = 160
*
optimization finished, #iter = 6
Objective value = -0.161649
nSV = 150
*
optimization finished, #iter = 6
Objective value = -0.156888
nSV = 149
..................................*.*
optimization finished, #iter = 351
Objective value = -4.166970
nSV = 165
*
optimization finished, #iter = 7
Objective value = -0.198648
nSV = 140
done
/home/limjiayee/ims_0.9.2/../se2/1-lexical-sample/processed/train/pull.xml
pull.v-pull_away
done
pull.v-pull_in
done
pull.v-pull_the_wool_over
done
pull.v-pull_off

optimization finished, #iter = 4
Objective value = -0.073813
nSV = 8

optimization finished, #iter = 3
Objective value = -0.078976
nSV = 8

optimization finished, #iter = 3
Objective value = -0.073823
nSV = 8
done
pull.v-pull_down
done
pull.v

optimization finished, #iter = 5
Objective value = -0.355612
nSV = 67
*
optimization finished, #iter = 6
Objective value = -0.357617
nSV = 66
*
optimization finished, #iter = 6
Objective value = -0.310749
nSV = 68
*
optimization finished, #iter = 6
Objective value = -0.307298
nSV = 67
*
optimization finished, #iter = 6
Objective value = -0.369885
nSV = 66

optimization finished, #iter = 5
Objective value = -0.889196
nSV = 69

optimization finished, #iter = 4
Objective value = -0.484020
nSV = 68

optimization finished, #iter = 5
Objective value = -0.355466
nSV = 69

optimization finished, #iter = 5
Objective value = -0.938113
nSV = 69

optimization finished, #iter = 4
Objective value = -0.335156
nSV = 67
done
pull.v-pull_ahead
done
pull.v-pull_out

optimization finished, #iter = 5
Objective value = -0.158101
nSV = 17

optimization finished, #iter = 5
Objective value = -0.188968
nSV = 17

optimization finished, #iter = 4
Objective value = -0.158444
nSV = 17

optimization finished, #iter = 4
Objective value = -0.159521
nSV = 17
done
pull.v-pull_together
done
pull.v-pull_through
done
pull.v-pull_at
done
pull.v-pull_in_their_horn
done
pull.v-pull_back

optimization finished, #iter = 4
Objective value = -0.052024
nSV = 8
done
pull.v-pull_up

optimization finished, #iter = 3
Objective value = -0.056064
nSV = 5

optimization finished, #iter = 3
Objective value = -0.052502
nSV = 5

optimization finished, #iter = 3
Objective value = -0.066110
nSV = 5

optimization finished, #iter = 3
Objective value = -0.068462
nSV = 5
done
pull.v-pull_leg
done
/home/limjiayee/ims_0.9.2/../se2/1-lexical-sample/processed/train/drive.xml
drive.v-drive_home
done
drive.v-drive_away
done
drive.v-drive_out
done
drive.v
*
optimization finished, #iter = 6
Objective value = -0.395391
nSV = 73
*
optimization finished, #iter = 6
Objective value = -0.330068
nSV = 72
................*
optimization finished, #iter = 164
Objective value = -2.303022
nSV = 68
...............*.
optimization finished, #iter = 160
Objective value = -2.427479
nSV = 72
*
optimization finished, #iter = 5
Objective value = -0.330145
nSV = 71
*
optimization finished, #iter = 5
Objective value = -0.596171
nSV = 75
*
optimization finished, #iter = 6
Objective value = -0.696839
nSV = 76
*
optimization finished, #iter = 6
Objective value = -0.511218
nSV = 74

optimization finished, #iter = 5
Objective value = -0.559530
nSV = 76
done
drive.v-drive_up
done
drive.v-drive_back
done
drive.v-drive_off
done
/home/limjiayee/ims_0.9.2/../se2/1-lexical-sample/processed/train/call.xml
call.v-call_into_question
done
call.v
..............*
optimization finished, #iter = 149
Objective value = -6.680101
nSV = 114
...........................
optimization finished, #iter = 270
Objective value = -16.961488
nSV = 118
...........................**
optimization finished, #iter = 279
Objective value = -8.590874
nSV = 109
*
optimization finished, #iter = 6
Objective value = -0.419404
nSV = 106
...............*
optimization finished, #iter = 152
Objective value = -4.560851
nSV = 111
...............*
optimization finished, #iter = 159
Objective value = -4.366144
nSV = 106
................*
optimization finished, #iter = 169
Objective value = -2.834639
nSV = 110
...................**
optimization finished, #iter = 195
Objective value = -2.741635
nSV = 112
*
optimization finished, #iter = 6
Objective value = -0.393661
nSV = 104
*
optimization finished, #iter = 6
Objective value = -0.402496
nSV = 103
..................*
optimization finished, #iter = 188
Objective value = -2.655565
nSV = 111
*
optimization finished, #iter = 6
Objective value = -0.446774
nSV = 106
*
optimization finished, #iter = 6
Objective value = -0.632850
nSV = 109
*
optimization finished, #iter = 6
Objective value = -0.412376
nSV = 106
done
call.v-call_for

optimization finished, #iter = 4
Objective value = -0.174698
nSV = 16
done
call.v-call_up
done
call.v-call_on
done
call.v-call_back
done
call.v-call_in
done
call.v-call_attention
done
call.v-call_out
done
/home/limjiayee/ims_0.9.2/../se2/1-lexical-sample/processed/train/chair.xml
chair.n
........................................**
optimization finished, #iter = 409
Objective value = -9.162293
nSV = 133
*
optimization finished, #iter = 6
Objective value = -0.258109
nSV = 100
........................................****.
optimization finished, #iter = 410
Objective value = -2.906277
nSV = 116
*
optimization finished, #iter = 6
Objective value = -0.182889
nSV = 107
.....................................*..*.*.*
optimization finished, #iter = 413
Objective value = -8.796455
nSV = 96
*
optimization finished, #iter = 6
Objective value = -0.143342
nSV = 102
*
optimization finished, #iter = 6
Objective value = -0.132740
nSV = 94
*
optimization finished, #iter = 6
Objective value = -0.116434
nSV = 89
done
/home/limjiayee/ims_0.9.2/../se2/1-lexical-sample/processed/train/mouth.xml
mouth.n
.......................................*.
optimization finished, #iter = 400
Objective value = -29.358094
nSV = 149
.............................................*
optimization finished, #iter = 452
Objective value = -32.810602
nSV = 136
............................................
optimization finished, #iter = 442
Objective value = -45.957766
nSV = 149
................................*
optimization finished, #iter = 326
Objective value = -2.154221
nSV = 105
.............................*.**.
optimization finished, #iter = 310
Objective value = -4.083720
nSV = 108
*
optimization finished, #iter = 5
Objective value = -0.137005
nSV = 114
................................***
optimization finished, #iter = 326
Objective value = -2.084281
nSV = 105
*
optimization finished, #iter = 5
Objective value = -0.157270
nSV = 102
*
optimization finished, #iter = 5
Objective value = -0.101716
nSV = 100
*
optimization finished, #iter = 5
Objective value = -0.105864
nSV = 100
...........................................**.*
optimization finished, #iter = 445
Objective value = -5.411216
nSV = 101
*
optimization finished, #iter = 6
Objective value = -0.112400
nSV = 108
done
/home/limjiayee/ims_0.9.2/../se2/1-lexical-sample/processed/train/solemn.xml
solemn.a
....................................****.*
optimization finished, #iter = 372
Objective value = -4.201277
nSV = 53
done
/home/limjiayee/ims_0.9.2/../se2/1-lexical-sample/processed/train/wander.xml
wander.v
*
optimization finished, #iter = 6
Objective value = -0.208585
nSV = 85
*
optimization finished, #iter = 5
Objective value = -0.528280
nSV = 98
*
optimization finished, #iter = 5
Objective value = -0.317842
nSV = 89
*
optimization finished, #iter = 6
Objective value = -0.432883
nSV = 96
done
/home/limjiayee/ims_0.9.2/../se2/1-lexical-sample/processed/train/sense.xml
sense.n

optimization finished, #iter = 4
Objective value = -0.542632
nSV = 106
.....................................**.*
optimization finished, #iter = 382
Objective value = -8.361547
nSV = 104
*
optimization finished, #iter = 6
Objective value = -0.580649
nSV = 110
*
optimization finished, #iter = 5
Objective value = -0.199931
nSV = 101
*
optimization finished, #iter = 6
Objective value = -0.187658
nSV = 95
*
optimization finished, #iter = 5
Objective value = -0.222994
nSV = 99
......................................**
optimization finished, #iter = 383
Objective value = -8.096749
nSV = 85
*
optimization finished, #iter = 5
Objective value = -0.109091
nSV = 82
*
optimization finished, #iter = 6
Objective value = -0.122570
nSV = 79
done
/home/limjiayee/ims_0.9.2/../se2/1-lexical-sample/processed/train/stress.xml
stress.n
*
optimization finished, #iter = 5
Objective value = -0.193615
nSV = 86
........................................
optimization finished, #iter = 406
Objective value = -28.325142
nSV = 94
......................................
optimization finished, #iter = 388
Objective value = -22.429655
nSV = 94
*
optimization finished, #iter = 5
Objective value = -0.248974
nSV = 87
...................................*.*
optimization finished, #iter = 364
Objective value = -8.107128
nSV = 83
..................................*.*
optimization finished, #iter = 351
Objective value = -2.133162
nSV = 80
*
optimization finished, #iter = 5
Objective value = -0.108958
nSV = 72
done
/home/limjiayee/ims_0.9.2/../se2/1-lexical-sample/processed/train/fit.xml
fit.a
.......................................*.
optimization finished, #iter = 400
Objective value = -8.280702
nSV = 63
............................................
optimization finished, #iter = 449
Objective value = -10.939153
nSV = 63
..............................................***.
optimization finished, #iter = 470
Objective value = -2.746375
nSV = 60
.............................................*.*
optimization finished, #iter = 461
Objective value = -2.746241
nSV = 58
done
/home/limjiayee/ims_0.9.2/../se2/1-lexical-sample/processed/train/draw.xml
draw.v-draw_close
done
draw.v-draw_up

optimization finished, #iter = 3
Objective value = -0.039690
nSV = 4
done
draw.v-draw_a_blank
done
draw.v

optimization finished, #iter = 5
Objective value = -0.278630
nSV = 63

optimization finished, #iter = 5
Objective value = -0.312432
nSV = 63

optimization finished, #iter = 5
Objective value = -0.351759
nSV = 63

optimization finished, #iter = 4
Objective value = -0.282239
nSV = 63
........................
optimization finished, #iter = 242
Objective value = -2.448913
nSV = 63

optimization finished, #iter = 4
Objective value = -0.270495
nSV = 62

optimization finished, #iter = 4
Objective value = -0.315765
nSV = 61

optimization finished, #iter = 4
Objective value = -0.279160
nSV = 63

optimization finished, #iter = 5
Objective value = -0.390936
nSV = 62

optimization finished, #iter = 4
Objective value = -0.262151
nSV = 63

optimization finished, #iter = 5
Objective value = -0.372286
nSV = 63
........................
optimization finished, #iter = 242
Objective value = -2.484825
nSV = 63

optimization finished, #iter = 5
Objective value = -0.346738
nSV = 63

optimization finished, #iter = 5
Objective value = -0.310818
nSV = 63

optimization finished, #iter = 5
Objective value = -0.337229
nSV = 63
*
optimization finished, #iter = 5
Objective value = -0.350877
nSV = 62

optimization finished, #iter = 4
Objective value = -0.275822
nSV = 62

optimization finished, #iter = 5
Objective value = -0.261698
nSV = 62

optimization finished, #iter = 5
Objective value = -0.264046
nSV = 63

optimization finished, #iter = 5
Objective value = -0.288021
nSV = 62

optimization finished, #iter = 5
Objective value = -0.272544
nSV = 63
done
draw.v-draw_the_line
done
draw.v-draw_together
done
draw.v-draw_back
done
draw.v-draw_off

optimization finished, #iter = 1
Objective value = -0.017488
nSV = 2
done
draw.v-draw_near
done
draw.v-draw_out
done
/home/limjiayee/ims_0.9.2/../se2/1-lexical-sample/processed/train/use.xml
use.v
*
optimization finished, #iter = 6
Objective value = -0.700745
nSV = 131
................*
optimization finished, #iter = 162
Objective value = -3.463783
nSV = 146
*
optimization finished, #iter = 7
Objective value = -0.747717
nSV = 136
...............**
optimization finished, #iter = 157
Objective value = -2.769962
nSV = 138
*
optimization finished, #iter = 6
Objective value = -0.529959
nSV = 127
.*
optimization finished, #iter = 16
Objective value = -0.950144
nSV = 135
done
use.v-use_up
done
/home/limjiayee/ims_0.9.2/../se2/1-lexical-sample/processed/train/child.xml
child.n
.....................................*.***
optimization finished, #iter = 389
Objective value = -10.739859
nSV = 133
.....................................*.**
optimization finished, #iter = 388
Objective value = -2.681508
nSV = 131
*
optimization finished, #iter = 6
Objective value = -0.153590
nSV = 98
.................................*
optimization finished, #iter = 336
Objective value = -8.132369
nSV = 116
*
optimization finished, #iter = 6
Objective value = -0.212137
nSV = 102
*
optimization finished, #iter = 6
Objective value = -0.153058
nSV = 100
...............................*
optimization finished, #iter = 312
Objective value = -2.120109
nSV = 91
.................................*
optimization finished, #iter = 337
Objective value = -2.120098
nSV = 91
*
optimization finished, #iter = 6
Objective value = -0.174969
nSV = 93
done
/home/limjiayee/ims_0.9.2/../se2/1-lexical-sample/processed/train/grip.xml
grip.n
..........................................
optimization finished, #iter = 421
Objective value = -52.425465
nSV = 129
*
optimization finished, #iter = 6
Objective value = -0.292013
nSV = 105
..........................................**
optimization finished, #iter = 427
Objective value = -54.105817
nSV = 125
*
optimization finished, #iter = 6
Objective value = -0.497094
nSV = 111
.....................................*
optimization finished, #iter = 372
Objective value = -2.175003
nSV = 88
*
optimization finished, #iter = 5
Objective value = -0.131246
nSV = 90
*
optimization finished, #iter = 5
Objective value = -0.109105
nSV = 86
done
/home/limjiayee/ims_0.9.2/../se2/1-lexical-sample/processed/train/keep.xml
keep.v-keep_down
done
keep.v-keep_company
done
keep.v-keep_to_themselves
done
keep.v-keep_an_eye_on
done
keep.v-keep_away
done
keep.v-keep_up

optimization finished, #iter = 3
Objective value = -0.070148
nSV = 6
.........................
optimization finished, #iter = 258
Objective value = -2.058564
nSV = 7
........................
optimization finished, #iter = 249
Objective value = -2.042725
nSV = 7
done
keep.v-keep_his_nose_to_the_grindstone
done
keep.v
*
optimization finished, #iter = 5
Objective value = -0.418992
nSV = 103
*
optimization finished, #iter = 6
Objective value = -0.358668
nSV = 102
..............**
optimization finished, #iter = 146
Objective value = -2.328804
nSV = 96
.............
optimization finished, #iter = 139
Objective value = -3.312339
nSV = 113
*
optimization finished, #iter = 6
Objective value = -0.522010
nSV = 100
*
optimization finished, #iter = 6
Objective value = -0.414719
nSV = 100
*
optimization finished, #iter = 5
Objective value = -0.400560
nSV = 101
*
optimization finished, #iter = 6
Objective value = -0.524666
nSV = 104

optimization finished, #iter = 5
Objective value = -0.643960
nSV = 109
*
optimization finished, #iter = 6
Objective value = -0.476787
nSV = 97

optimization finished, #iter = 4
Objective value = -0.749236
nSV = 110

optimization finished, #iter = 4
Objective value = -0.358711
nSV = 102
*
optimization finished, #iter = 6
Objective value = -0.367927
nSV = 99
*
optimization finished, #iter = 6
Objective value = -0.552172
nSV = 103
*
optimization finished, #iter = 6
Objective value = -0.515342
nSV = 105
done
keep.v-keep_tab_on
done
keep.v-keep_our_distance
done
keep.v-keep_on
done
/home/limjiayee/ims_0.9.2/../se2/1-lexical-sample/processed/train/blind.xml
blind.a
...............................................
optimization finished, #iter = 474
Objective value = -27.285138
nSV = 127
...........................................**.
optimization finished, #iter = 440
Objective value = -6.900120
nSV = 119
..............................................*.
optimization finished, #iter = 470
Objective value = -20.865725
nSV = 120
................................*.**
optimization finished, #iter = 335
Objective value = -4.438865
nSV = 123
*
optimization finished, #iter = 6
Objective value = -0.166576
nSV = 109
......................................**
optimization finished, #iter = 387
Objective value = -12.101511
nSV = 100
.....................................*
optimization finished, #iter = 377
Objective value = -6.144536
nSV = 108
*
optimization finished, #iter = 5
Objective value = -0.210383
nSV = 107
*
optimization finished, #iter = 6
Objective value = -0.116474
nSV = 92
done
/home/limjiayee/ims_0.9.2/../se2/1-lexical-sample/processed/train/find.xml
find.v
*
optimization finished, #iter = 7
Objective value = -0.616115
nSV = 108
*
optimization finished, #iter = 7
Objective value = -0.667662
nSV = 115
*
optimization finished, #iter = 6
Objective value = -0.663203
nSV = 113
*
optimization finished, #iter = 6
Objective value = -0.641344
nSV = 111
*
optimization finished, #iter = 6
Objective value = -0.529062
nSV = 111
*
optimization finished, #iter = 6
Objective value = -0.632813
nSV = 108
*
optimization finished, #iter = 6
Objective value = -0.727796
nSV = 114
*
optimization finished, #iter = 6
Objective value = -0.534885
nSV = 110
*
optimization finished, #iter = 6
Objective value = -0.735642
nSV = 111
*
optimization finished, #iter = 6
Objective value = -0.524173
nSV = 113
*
optimization finished, #iter = 7
Objective value = -1.026972
nSV = 118
*
optimization finished, #iter = 7
Objective value = -0.833884
nSV = 116
*
optimization finished, #iter = 6
Objective value = -0.369026
nSV = 108
*
optimization finished, #iter = 6
Objective value = -0.381431
nSV = 109
done
find.v-find_out

optimization finished, #iter = 4
Objective value = -0.111595
nSV = 9
done
find.v-find_himself
done
/home/limjiayee/ims_0.9.2/../se2/1-lexical-sample/processed/train/treat.xml
treat.v
..................**.*
optimization finished, #iter = 191
Objective value = -2.426708
nSV = 86
.................*.
optimization finished, #iter = 180
Objective value = -2.682796
nSV = 89
*
optimization finished, #iter = 6
Objective value = -0.275171
nSV = 84
...........................**
optimization finished, #iter = 278
Objective value = -4.725792
nSV = 90
*
optimization finished, #iter = 8
Objective value = -0.739552
nSV = 89
...........................**
optimization finished, #iter = 279
Objective value = -4.437992
nSV = 88
done
/home/limjiayee/ims_0.9.2/../se2/1-lexical-sample/processed/train/bum.xml
bum.n
.................................................***
optimization finished, #iter = 499
Objective value = -5.125458
nSV = 80
...................................***
optimization finished, #iter = 359
Objective value = -6.481684
nSV = 94
...................................**
optimization finished, #iter = 357
Objective value = -6.698991
nSV = 98
.................................................*
optimization finished, #iter = 498
Objective value = -5.316706
nSV = 91
.................................................*
optimization finished, #iter = 497
Objective value = -3.209623
nSV = 80
..................................................**.***.
optimization finished, #iter = 520
Objective value = -3.135010
nSV = 73
done
/home/limjiayee/ims_0.9.2/../se2/1-lexical-sample/processed/train/fatigue.xml
fatigue.n
..............................*
optimization finished, #iter = 305
Objective value = -2.343142
nSV = 87
.............................*.*
optimization finished, #iter = 305
Objective value = -2.146511
nSV = 79
.........................................**
optimization finished, #iter = 418
Objective value = -4.848116
nSV = 75
*
optimization finished, #iter = 7
Objective value = -0.145016
nSV = 78
..........................................*
optimization finished, #iter = 424
Objective value = -4.860760
nSV = 81
*
optimization finished, #iter = 6
Objective value = -0.109373
nSV = 74
*
optimization finished, #iter = 5
Objective value = -0.117104
nSV = 76
..........................................*.**
optimization finished, #iter = 434
Objective value = -2.748234
nSV = 75
done
/home/limjiayee/ims_0.9.2/../se2/1-lexical-sample/processed/train/church.xml
church.n
...........................................*
optimization finished, #iter = 435
Objective value = -34.807294
nSV = 134
........................................*.***
optimization finished, #iter = 419
Objective value = -27.266308
nSV = 149
.........................................*
optimization finished, #iter = 413
Objective value = -39.286536
nSV = 153
*
optimization finished, #iter = 6
Objective value = -0.174070
nSV = 117
*
optimization finished, #iter = 5
Objective value = -0.149873
nSV = 112
*
optimization finished, #iter = 5
Objective value = -0.148534
nSV = 108
*
optimization finished, #iter = 6
Objective value = -0.138332
nSV = 102
done
/home/limjiayee/ims_0.9.2/../se2/1-lexical-sample/processed/train/work.xml
work.v-work_out

optimization finished, #iter = 4
Objective value = -0.124000
nSV = 14

optimization finished, #iter = 5
Objective value = -0.138575
nSV = 14

optimization finished, #iter = 4
Objective value = -0.159337
nSV = 14

optimization finished, #iter = 4
Objective value = -0.188796
nSV = 14

optimization finished, #iter = 3
Objective value = -0.164496
nSV = 14

optimization finished, #iter = 4
Objective value = -0.140960
nSV = 14
done
work.v-work_up
done
work.v
*
optimization finished, #iter = 6
Objective value = -0.517113
nSV = 94
*
optimization finished, #iter = 5
Objective value = -0.352903
nSV = 89
*
optimization finished, #iter = 6
Objective value = -0.449370
nSV = 92
......................*
optimization finished, #iter = 226
Objective value = -2.363512
nSV = 92
.......................**
optimization finished, #iter = 238
Objective value = -2.720728
nSV = 89
*
optimization finished, #iter = 6
Objective value = -0.452712
nSV = 93
*
optimization finished, #iter = 6
Objective value = -0.343265
nSV = 88
......................**
optimization finished, #iter = 229
Objective value = -5.039169
nSV = 98
......................*.
optimization finished, #iter = 230
Objective value = -4.941331
nSV = 98
*
optimization finished, #iter = 6
Objective value = -0.418406
nSV = 87
*
optimization finished, #iter = 6
Objective value = -0.339252
nSV = 90
*
optimization finished, #iter = 6
Objective value = -0.384514
nSV = 93
done
work.v-work_on

optimization finished, #iter = 3
Objective value = -0.089182
nSV = 8
done
/home/limjiayee/ims_0.9.2/../se2/1-lexical-sample/processed/train/develop.xml
develop.v
*
optimization finished, #iter = 5
Objective value = -0.391819
nSV = 113
*
optimization finished, #iter = 6
Objective value = -0.697677
nSV = 129
*
optimization finished, #iter = 6
Objective value = -0.427518
nSV = 117
........................*
optimization finished, #iter = 246
Objective value = -2.515658
nSV = 122
*
optimization finished, #iter = 5
Objective value = -0.470788
nSV = 123

optimization finished, #iter = 5
Objective value = -1.238175
nSV = 134
*
optimization finished, #iter = 6
Objective value = -0.364146
nSV = 115
............*
optimization finished, #iter = 124
Objective value = -2.612658
nSV = 119
...........*
optimization finished, #iter = 115
Objective value = -2.366330
nSV = 118
*
optimization finished, #iter = 6
Objective value = -0.422513
nSV = 111
*
optimization finished, #iter = 6
Objective value = -0.357992
nSV = 114
*
optimization finished, #iter = 6
Objective value = -0.367082
nSV = 112

optimization finished, #iter = 5
Objective value = -0.987368
nSV = 129
*
optimization finished, #iter = 6
Objective value = -0.489539
nSV = 120
.........................*
optimization finished, #iter = 256
Objective value = -2.783478
nSV = 126
done
/home/limjiayee/ims_0.9.2/../se2/1-lexical-sample/processed/train/oblique.xml
oblique.a
..........................................*
optimization finished, #iter = 424
Objective value = -10.944671
nSV = 63
.........................................**
optimization finished, #iter = 416
Objective value = -8.979576
nSV = 63

optimization finished, #iter = 5
Objective value = -0.188895
nSV = 62
.........................................*
optimization finished, #iter = 411
Objective value = -8.778551
nSV = 60
done
/home/limjiayee/ims_0.9.2/../se2/1-lexical-sample/processed/train/post.xml
post.n

optimization finished, #iter = 6
Objective value = -0.707481
nSV = 173
*
optimization finished, #iter = 5
Objective value = -0.149920
nSV = 120
*
optimization finished, #iter = 6
Objective value = -0.422028
nSV = 154
...........................................*.
optimization finished, #iter = 440
Objective value = -8.397904
nSV = 156
.....................................*.***.*
optimization finished, #iter = 391
Objective value = -18.162392
nSV = 132
............................................*
optimization finished, #iter = 444
Objective value = -12.226176
nSV = 147
.................................**
optimization finished, #iter = 335
Objective value = -2.168860
nSV = 129
.......................................*.
optimization finished, #iter = 400
Objective value = -22.277925
nSV = 161
......................................*
optimization finished, #iter = 382
Objective value = -2.247737
nSV = 138
......................................**
optimization finished, #iter = 383
Objective value = -4.229394
nSV = 138
*
optimization finished, #iter = 5
Objective value = -0.149339
nSV = 120
..................................*.*
optimization finished, #iter = 351
Objective value = -2.203019
nSV = 134
....................................**
optimization finished, #iter = 367
Objective value = -4.127367
nSV = 122
................................*
optimization finished, #iter = 327
Objective value = -2.122399
nSV = 116
*
optimization finished, #iter = 5
Objective value = -0.148497
nSV = 112
done
/home/limjiayee/ims_0.9.2/../se2/1-lexical-sample/processed/train/holiday.xml
holiday.n
....................................
optimization finished, #iter = 366
Objective value = -10.193892
nSV = 68

optimization finished, #iter = 5
Objective value = -0.112740
nSV = 62
.................................*.*
optimization finished, #iter = 341
Objective value = -6.103549
nSV = 66
....................................**.
optimization finished, #iter = 370
Objective value = -4.078090
nSV = 64

optimization finished, #iter = 4
Objective value = -0.093197
nSV = 62
...............................**.
optimization finished, #iter = 320
Objective value = -2.091317
nSV = 65
...............................*.
optimization finished, #iter = 320
Objective value = -2.073415
nSV = 62

optimization finished, #iter = 5
Objective value = -0.085640
nSV = 60
done
/home/limjiayee/ims_0.9.2/../se2/1-lexical-sample/processed/train/feeling.xml
feeling.n
.........................................*
optimization finished, #iter = 419
Objective value = -26.485003
nSV = 116
........................................
optimization finished, #iter = 409
Objective value = -24.569080
nSV = 116
.....................................**
optimization finished, #iter = 379
Objective value = -4.248771
nSV = 107
..................................**
optimization finished, #iter = 346
Objective value = -2.169768
nSV = 97
*
optimization finished, #iter = 5
Objective value = -0.122861
nSV = 85
done
/home/limjiayee/ims_0.9.2/../se2/1-lexical-sample/processed/train/leave.xml
leave.v-leave_behind
done
leave.v-leave_out
done
leave.v
*.
optimization finished, #iter = 10
Objective value = -1.019460
nSV = 119
*
optimization finished, #iter = 7
Objective value = -0.934197
nSV = 117
*
optimization finished, #iter = 7
Objective value = -0.762503
nSV = 118
*
optimization finished, #iter = 6
Objective value = -0.497641
nSV = 111
*
optimization finished, #iter = 9
Objective value = -1.146228
nSV = 119
*
optimization finished, #iter = 6
Objective value = -0.556620
nSV = 117
*
optimization finished, #iter = 6
Objective value = -0.678922
nSV = 114
*
optimization finished, #iter = 7
Objective value = -0.972594
nSV = 121
*
optimization finished, #iter = 7
Objective value = -0.487964
nSV = 112
*
optimization finished, #iter = 9
Objective value = -1.238014
nSV = 125
*
optimization finished, #iter = 6
Objective value = -0.617545
nSV = 121
done
leave.v-leave_off
done
/home/limjiayee/ims_0.9.2/../se2/1-lexical-sample/processed/train/local.xml
local.a
...................................***.*
optimization finished, #iter = 362
Objective value = -6.373942
nSV = 77
.................................*
optimization finished, #iter = 332
Objective value = -4.381659
nSV = 77
.................................*.**
optimization finished, #iter = 343
Objective value = -2.077622
nSV = 71
done
/home/limjiayee/ims_0.9.2/../se2/1-lexical-sample/processed/train/free.xml
free.a
.........................................*.**.*
optimization finished, #iter = 433
Objective value = -30.769671
nSV = 156
..........................................*.**
optimization finished, #iter = 438
Objective value = -45.497721
nSV = 195
..............................*
optimization finished, #iter = 308
Objective value = -2.867413
nSV = 193
...........................................***
optimization finished, #iter = 439
Objective value = -26.779866
nSV = 158
......................*
optimization finished, #iter = 221
Objective value = -2.250014
nSV = 146
*
optimization finished, #iter = 5
Objective value = -0.136681
nSV = 134
*
optimization finished, #iter = 5
Objective value = -0.136968
nSV = 127
*
optimization finished, #iter = 5
Objective value = -0.143348
nSV = 131
....................................***.
optimization finished, #iter = 370
Objective value = -6.187159
nSV = 147
......................................*
optimization finished, #iter = 387
Objective value = -4.167714
nSV = 148
*
optimization finished, #iter = 5
Objective value = -0.135588
nSV = 128
*
optimization finished, #iter = 5
Objective value = -0.135568
nSV = 130
*
optimization finished, #iter = 5
Objective value = -0.190740
nSV = 152
...................................**.*
optimization finished, #iter = 362
Objective value = -2.128561
nSV = 130
....................................***
optimization finished, #iter = 366
Objective value = -2.111960
nSV = 131
................................***
optimization finished, #iter = 329
Objective value = -2.114427
nSV = 130
................................**
optimization finished, #iter = 328
Objective value = -2.114537
nSV = 130
*
optimization finished, #iter = 5
Objective value = -0.135832
nSV = 125
*
optimization finished, #iter = 5
Objective value = -0.140830
nSV = 126
done
/home/limjiayee/ims_0.9.2/../se2/1-lexical-sample/processed/train/facility.xml
facility.n
.......................................*
optimization finished, #iter = 397
Objective value = -6.526434
nSV = 120
.......................................*.*
optimization finished, #iter = 408
Objective value = -8.481088
nSV = 119
.........................................**
optimization finished, #iter = 415
Objective value = -10.309721
nSV = 113
*
optimization finished, #iter = 5
Objective value = -0.136383
nSV = 94
................................*.*
optimization finished, #iter = 331
Objective value = -2.107513
nSV = 97
...........................***
optimization finished, #iter = 277
Objective value = -2.152154
nSV = 101
done
/home/limjiayee/ims_0.9.2/../se2/1-lexical-sample/processed/train/drift.xml
drift.v-drift_apart
done
drift.v-drift_off
done
drift.v

optimization finished, #iter = 6
Objective value = -0.318820
nSV = 58

optimization finished, #iter = 5
Objective value = -0.223662
nSV = 56
..............................
optimization finished, #iter = 301
Objective value = -2.498011
nSV = 59
..............................***.*
optimization finished, #iter = 312
Objective value = -2.215842
nSV = 57
*
optimization finished, #iter = 6
Objective value = -0.223255
nSV = 56

optimization finished, #iter = 7
Objective value = -0.459060
nSV = 59

optimization finished, #iter = 5
Objective value = -0.385859
nSV = 59
done
/home/limjiayee/ims_0.9.2/../se2/1-lexical-sample/processed/train/hearth.xml
hearth.n
......................................*.*
optimization finished, #iter = 393
Objective value = -8.204849
nSV = 68
.....................................*.
optimization finished, #iter = 382
Objective value = -6.419953
nSV = 71
......................................*.*
optimization finished, #iter = 392
Objective value = -4.320420
nSV = 70
.......................................**
optimization finished, #iter = 398
Objective value = -6.087264
nSV = 60
......................................**
optimization finished, #iter = 387
Objective value = -4.090042
nSV = 61
done
/home/limjiayee/ims_0.9.2/../se2/1-lexical-sample/processed/train/green.xml
green.a
............................................*.**
optimization finished, #iter = 455
Objective value = -36.139024
nSV = 207
..................................*.*
optimization finished, #iter = 351
Objective value = -4.161787
nSV = 137
*
optimization finished, #iter = 6
Objective value = -0.150823
nSV = 135
.......................................*.**
optimization finished, #iter = 404
Objective value = -11.506431
nSV = 154
......................................*.**
optimization finished, #iter = 394
Objective value = -9.450610
nSV = 135
..........................................*.*.*
optimization finished, #iter = 442
Objective value = -12.134798
nSV = 141
...................................***
optimization finished, #iter = 359
Objective value = -6.284314
nSV = 166
...................................*
optimization finished, #iter = 357
Objective value = -2.116226
nSV = 126
...................................*
optimization finished, #iter = 354
Objective value = -2.116051
nSV = 126
...................................*
optimization finished, #iter = 356
Objective value = -4.393993
nSV = 169
*
optimization finished, #iter = 5
Objective value = -0.165427
nSV = 138
........................................**
optimization finished, #iter = 408
Objective value = -2.147579
nSV = 133
*
optimization finished, #iter = 6
Objective value = -0.136271
nSV = 132
*
optimization finished, #iter = 6
Objective value = -0.142455
nSV = 126
*
optimization finished, #iter = 5
Objective value = -0.200492
nSV = 133
*
optimization finished, #iter = 5
Objective value = -0.135050
nSV = 122
*
optimization finished, #iter = 6
Objective value = -0.136220
nSV = 130
*
optimization finished, #iter = 5
Objective value = -0.137146
nSV = 118
*
optimization finished, #iter = 6
Objective value = -0.139497
nSV = 126
done
/home/limjiayee/ims_0.9.2/../se2/1-lexical-sample/processed/train/train.xml
train.v
.......................**
optimization finished, #iter = 238
Objective value = -2.809739
nSV = 120
........................*
optimization finished, #iter = 241
Objective value = -2.269435
nSV = 99
*
optimization finished, #iter = 7
Objective value = -0.517581
nSV = 111
*
optimization finished, #iter = 6
Objective value = -0.369942
nSV = 106
*
optimization finished, #iter = 6
Objective value = -0.252697
nSV = 98
..........................*
optimization finished, #iter = 263
Objective value = -2.722890
nSV = 115
*
optimization finished, #iter = 6
Objective value = -0.277629
nSV = 97
*
optimization finished, #iter = 8
Objective value = -0.581617
nSV = 115
..........................*
optimization finished, #iter = 267
Objective value = -2.784374
nSV = 114
done
/home/limjiayee/ims_0.9.2/../se2/1-lexical-sample/processed/train/lady.xml
lady.n
.........................................
optimization finished, #iter = 414
Objective value = -17.241093
nSV = 122
*
optimization finished, #iter = 5
Objective value = -0.121157
nSV = 95
......................................**.***.**
optimization finished, #iter = 404
Objective value = -5.643012
nSV = 116
*
optimization finished, #iter = 5
Objective value = -0.176801
nSV = 101
.........................................**
optimization finished, #iter = 419
Objective value = -29.432067
nSV = 107
.........................................***
optimization finished, #iter = 418
Objective value = -12.134489
nSV = 110
.......................................****
optimization finished, #iter = 398
Objective value = -4.853771
nSV = 109
*
optimization finished, #iter = 5
Objective value = -0.143277
nSV = 97
*
optimization finished, #iter = 6
Objective value = -0.125443
nSV = 95
*
optimization finished, #iter = 5
Objective value = -0.111071
nSV = 94
done
/home/limjiayee/ims_0.9.2/../se2/1-lexical-sample/processed/train/natural.xml
natural.a
.......................................*.*
optimization finished, #iter = 401
Objective value = -25.161664
nSV = 214
.........................................***.****.*
optimization finished, #iter = 431
Objective value = -29.649755
nSV = 239
.....................................**
optimization finished, #iter = 378
Objective value = -14.434709
nSV = 202
....................................**
optimization finished, #iter = 367
Objective value = -6.284197
nSV = 183
.......................................*
optimization finished, #iter = 391
Objective value = -2.328215
nSV = 183
*
optimization finished, #iter = 6
Objective value = -0.188506
nSV = 147
........................................**.**.**
optimization finished, #iter = 424
Objective value = -27.510313
nSV = 234
*
optimization finished, #iter = 6
Objective value = -0.171165
nSV = 144
..................................**.**
optimization finished, #iter = 353
Objective value = -12.130127
nSV = 150
..................................*
optimization finished, #iter = 344
Objective value = -6.210468
nSV = 169
......................................**
optimization finished, #iter = 385
Objective value = -17.492317
nSV = 168
*
optimization finished, #iter = 6
Objective value = -0.155769
nSV = 140
*
optimization finished, #iter = 7
Objective value = -0.283427
nSV = 162
......................................*
optimization finished, #iter = 387
Objective value = -4.392177
nSV = 200
...............................*.*
optimization finished, #iter = 325
Objective value = -4.822936
nSV = 153
*
optimization finished, #iter = 5
Objective value = -0.144353
nSV = 142
*
optimization finished, #iter = 5
Objective value = -0.185078
nSV = 157
*
optimization finished, #iter = 6
Objective value = -0.154787
nSV = 144
.............................**
optimization finished, #iter = 293
Objective value = -2.148072
nSV = 150
*
optimization finished, #iter = 5
Objective value = -0.165623
nSV = 143
*
optimization finished, #iter = 6
Objective value = -0.147921
nSV = 143
*
optimization finished, #iter = 6
Objective value = -0.151532
nSV = 138
*
optimization finished, #iter = 6
Objective value = -0.163139
nSV = 148
*
optimization finished, #iter = 5
Objective value = -0.145208
nSV = 130
*
optimization finished, #iter = 5
Objective value = -0.138550
nSV = 128
done
/home/limjiayee/ims_0.9.2/../se2/1-lexical-sample/processed/train/dress.xml
dress.v-dress_up
...............................**
optimization finished, #iter = 319
Objective value = -4.190017
nSV = 31

optimization finished, #iter = 7
Objective value = -0.213857
nSV = 32
...............................*.*
optimization finished, #iter = 321
Objective value = -4.179289
nSV = 32

optimization finished, #iter = 6
Objective value = -0.142396
nSV = 31
done
dress.v-dress_down
done
dress.v
...................*.
optimization finished, #iter = 200
Objective value = -2.668151
nSV = 85
*
optimization finished, #iter = 6
Objective value = -0.251185
nSV = 77
*
optimization finished, #iter = 6
Objective value = -0.329680
nSV = 80
*
optimization finished, #iter = 6
Objective value = -0.321164
nSV = 76
..................**.
optimization finished, #iter = 190
Objective value = -2.426224
nSV = 80
*
optimization finished, #iter = 6
Objective value = -0.298986
nSV = 74
*
optimization finished, #iter = 6
Objective value = -0.248049
nSV = 75
*
optimization finished, #iter = 6
Objective value = -0.249210
nSV = 77
*
optimization finished, #iter = 6
Objective value = -0.607782
nSV = 84
done
/home/limjiayee/ims_0.9.2/../se2/1-lexical-sample/processed/train/live.xml
live.v

optimization finished, #iter = 5
Objective value = -1.315901
nSV = 114
*
optimization finished, #iter = 6
Objective value = -0.443081
nSV = 98
*
optimization finished, #iter = 6
Objective value = -0.395531
nSV = 103
..................***
optimization finished, #iter = 189
Objective value = -2.873359
nSV = 108
..................*.***
optimization finished, #iter = 195
Objective value = -2.585922
nSV = 105
*
optimization finished, #iter = 7
Objective value = -0.552838
nSV = 101
*
optimization finished, #iter = 6
Objective value = -0.898530
nSV = 112
done
live.v-live_up_to
done
live.v-live_on
done
live.v-live_with
....................
optimization finished, #iter = 205
Objective value = -2.028771
nSV = 5
done
live.v-live_it_up
done
/home/limjiayee/ims_0.9.2/../se2/1-lexical-sample/processed/train/carry.xml
carry.v-carry_over
done
carry.v-carry_away
done
carry.v-carry_on

optimization finished, #iter = 3
Objective value = -0.054334
nSV = 5
done
carry.v-carry_out

optimization finished, #iter = 4
Objective value = -0.236610
nSV = 18
done
carry.v
*
optimization finished, #iter = 7
Objective value = -0.702878
nSV = 99
*
optimization finished, #iter = 6
Objective value = -0.376870
nSV = 96

optimization finished, #iter = 4
Objective value = -0.397623
nSV = 96
*
optimization finished, #iter = 7
Objective value = -0.529934
nSV = 97
*
optimization finished, #iter = 6
Objective value = -0.357719
nSV = 92
*
optimization finished, #iter = 7
Objective value = -0.391267
nSV = 95
*
optimization finished, #iter = 7
Objective value = -0.380823
nSV = 93
*
optimization finished, #iter = 6
Objective value = -0.364158
nSV = 94
*
optimization finished, #iter = 8
Objective value = -0.491419
nSV = 94
*
optimization finished, #iter = 6
Objective value = -0.397429
nSV = 90
...........................*.
optimization finished, #iter = 280
Objective value = -2.978049
nSV = 100
............................**
optimization finished, #iter = 284
Objective value = -2.869506
nSV = 98

optimization finished, #iter = 5
Objective value = -0.397823
nSV = 94
*
optimization finished, #iter = 6
Objective value = -0.363765
nSV = 94

optimization finished, #iter = 5
Objective value = -0.469547
nSV = 100
...................**.
optimization finished, #iter = 200
Objective value = -2.330910
nSV = 94
....................**.
optimization finished, #iter = 210
Objective value = -2.358414
nSV = 95
*
optimization finished, #iter = 7
Objective value = -0.446420
nSV = 93
*
optimization finished, #iter = 6
Objective value = -0.431685
nSV = 94
done
carry.v-carry_to_term
done
carry.v-carry_through
done
/home/limjiayee/ims_0.9.2/../se2/1-lexical-sample/processed/train/cool.xml
cool.a
*
optimization finished, #iter = 6
Objective value = -0.121983
nSV = 100
..........................................*.*
optimization finished, #iter = 435
Objective value = -16.936500
nSV = 122
........................................*.
optimization finished, #iter = 410
Objective value = -23.204493
nSV = 127
............................................**
optimization finished, #iter = 444
Objective value = -24.748485
nSV = 108
...........................................**
optimization finished, #iter = 436
Objective value = -9.504324
nSV = 111
.........................................*.*
optimization finished, #iter = 426
Objective value = -9.100900
nSV = 124
.......................**
optimization finished, #iter = 235
Objective value = -2.235304
nSV = 114
*
optimization finished, #iter = 6
Objective value = -0.178269
nSV = 110
done
/home/limjiayee/ims_0.9.2/../se2/1-lexical-sample/processed/train/day.xml
day.n
................................................*.**
optimization finished, #iter = 495
Objective value = -66.319375
nSV = 327
......................................*.***
optimization finished, #iter = 396
Objective value = -33.013738
nSV = 309
................................................*
optimization finished, #iter = 484
Objective value = -14.853893
nSV = 191
......................................****
optimization finished, #iter = 389
Objective value = -4.197228
nSV = 177
....................................***.**
optimization finished, #iter = 373
Objective value = -4.443510
nSV = 223
......................................*.*
optimization finished, #iter = 395
Objective value = -29.385485
nSV = 268
*
optimization finished, #iter = 5
Objective value = -0.329465
nSV = 197
*
optimization finished, #iter = 6
Objective value = -0.311112
nSV = 194
.....................................*.
optimization finished, #iter = 380
Objective value = -8.282821
nSV = 206
*
optimization finished, #iter = 5
Objective value = -0.250757
nSV = 192
...............................**
optimization finished, #iter = 319
Objective value = -2.143800
nSV = 149
................................*
optimization finished, #iter = 325
Objective value = -2.143470
nSV = 149
*
optimization finished, #iter = 5
Objective value = -0.168549
nSV = 158
*
optimization finished, #iter = 5
Objective value = -0.169828
nSV = 157
*
optimization finished, #iter = 6
Objective value = -0.212483
nSV = 169
*
optimization finished, #iter = 5
Objective value = -0.163250
nSV = 155
*
optimization finished, #iter = 5
Objective value = -0.188049
nSV = 155
*
optimization finished, #iter = 5
Objective value = -0.161413
nSV = 148
done
/home/limjiayee/ims_0.9.2/../se2/1-lexical-sample/processed/train/restraint.xml
restraint.n
.....................................*.*
optimization finished, #iter = 381
Objective value = -4.393676
nSV = 91
.................................**
optimization finished, #iter = 334
Objective value = -6.417847
nSV = 94
.................................*
optimization finished, #iter = 336
Objective value = -2.356628
nSV = 95
*
optimization finished, #iter = 6
Objective value = -0.145995
nSV = 83
................................**
optimization finished, #iter = 329
Objective value = -2.209723
nSV = 86
*
optimization finished, #iter = 6
Objective value = -0.118966
nSV = 78
................................*
optimization finished, #iter = 325
Objective value = -2.187146
nSV = 87
.................................**
optimization finished, #iter = 337
Objective value = -6.090865
nSV = 79
......................................**.*
optimization finished, #iter = 391
Objective value = -2.099653
nSV = 77
done
/home/limjiayee/ims_0.9.2/../se2/1-lexical-sample/processed/train/nation.xml
nation.n
.......................................
optimization finished, #iter = 392
Objective value = -42.265543
nSV = 96
*
optimization finished, #iter = 5
Objective value = -0.144219
nSV = 86
..................................**.**.*
optimization finished, #iter = 363
Objective value = -6.257057
nSV = 94
*
optimization finished, #iter = 6
Objective value = -0.122389
nSV = 81
.......................................**
optimization finished, #iter = 398
Objective value = -36.089917
nSV = 93
done
/home/limjiayee/ims_0.9.2/../se2/1-lexical-sample/processed/train/faithful.xml
faithful.a
...................................*
optimization finished, #iter = 354
Objective value = -2.174114
nSV = 50
...................................
optimization finished, #iter = 357
Objective value = -6.229474
nSV = 50
................................
optimization finished, #iter = 321
Objective value = -4.179689
nSV = 50
done
/home/limjiayee/ims_0.9.2/../se2/1-lexical-sample/processed/train/yew.xml
yew.n
...................................*
optimization finished, #iter = 354
Objective value = -6.213118
nSV = 55
*
optimization finished, #iter = 5
Objective value = -0.152984
nSV = 55
...................................*
optimization finished, #iter = 354
Objective value = -6.081636
nSV = 57
*
optimization finished, #iter = 8
Objective value = -0.166881
nSV = 55
done
/home/limjiayee/ims_0.9.2/../se2/1-lexical-sample/processed/train/bar.xml
bar.n
............................................*.*
optimization finished, #iter = 456
Objective value = -64.777101
nSV = 315
..........................................****.
optimization finished, #iter = 430
Objective value = -22.558177
nSV = 272
...........................................*
optimization finished, #iter = 435
Objective value = -21.983462
nSV = 267
............................................**
optimization finished, #iter = 449
Objective value = -58.839943
nSV = 339
*
optimization finished, #iter = 6
Objective value = -0.377679
nSV = 211
*
optimization finished, #iter = 6
Objective value = -0.329524
nSV = 217
...........................................***
optimization finished, #iter = 439
Objective value = -44.843081
nSV = 219
.......................................*
optimization finished, #iter = 397
Objective value = -6.992493
nSV = 231
*
optimization finished, #iter = 5
Objective value = -0.164107
nSV = 160
*
optimization finished, #iter = 7
Objective value = -0.177725
nSV = 153
.........................................*.***
optimization finished, #iter = 427
Objective value = -2.248942
nSV = 192
.....................................*.
optimization finished, #iter = 380
Objective value = -14.310840
nSV = 200
*
optimization finished, #iter = 6
Objective value = -0.225898
nSV = 173
.*
optimization finished, #iter = 13
Objective value = -0.336414
nSV = 211
*
optimization finished, #iter = 6
Objective value = -0.247182
nSV = 185
*
optimization finished, #iter = 7
Objective value = -0.264358
nSV = 179
*
optimization finished, #iter = 6
Objective value = -0.207933
nSV = 180
*
optimization finished, #iter = 6
Objective value = -0.236608
nSV = 189
*
optimization finished, #iter = 6
Objective value = -0.203019
nSV = 182
*
optimization finished, #iter = 5
Objective value = -0.194258
nSV = 159
*
optimization finished, #iter = 5
Objective value = -0.164502
nSV = 148
*
optimization finished, #iter = 6
Objective value = -0.154242
nSV = 139
done
/home/limjiayee/ims_0.9.2/../se2/1-lexical-sample/processed/train/strike.xml
strike.v-strike_a_chord

optimization finished, #iter = 3
Objective value = -0.024351
nSV = 2
done
strike.v-strike_out

optimization finished, #iter = 3
Objective value = -0.049622
nSV = 7

optimization finished, #iter = 3
Objective value = -0.052882
nSV = 7

optimization finished, #iter = 3
Objective value = -0.059763
nSV = 7
done
strike.v-strike_down

optimization finished, #iter = 1
Objective value = -0.019694
nSV = 2
done
strike.v-strike_a_blow
done
strike.v-strike_dumb
done
strike.v

optimization finished, #iter = 5
Objective value = -0.288715
nSV = 81

optimization finished, #iter = 7
Objective value = -0.528356
nSV = 85
*
optimization finished, #iter = 7
Objective value = -0.304143
nSV = 82

optimization finished, #iter = 5
Objective value = -0.502202
nSV = 85

optimization finished, #iter = 6
Objective value = -0.361344
nSV = 84

optimization finished, #iter = 5
Objective value = -0.377284
nSV = 85

optimization finished, #iter = 8
Objective value = -0.568897
nSV = 86

optimization finished, #iter = 7
Objective value = -0.565124
nSV = 83

optimization finished, #iter = 5
Objective value = -0.292147
nSV = 79
*
optimization finished, #iter = 6
Objective value = -0.365067
nSV = 80

optimization finished, #iter = 7
Objective value = -0.410465
nSV = 83
*
optimization finished, #iter = 9
Objective value = -0.356629
nSV = 80

optimization finished, #iter = 6
Objective value = -0.512849
nSV = 86

optimization finished, #iter = 5
Objective value = -0.356307
nSV = 85
done
strike.v-strike_back
done
strike.v-strike_up

optimization finished, #iter = 1
Objective value = -0.018179
nSV = 2
done
/home/limjiayee/ims_0.9.2/../se2/1-lexical-sample/processed/train/detention.xml
detention.n
....................................**
optimization finished, #iter = 367
Objective value = -4.266342
nSV = 68
....................................**.
optimization finished, #iter = 370
Objective value = -4.104503
nSV = 64
.........................................*.*
optimization finished, #iter = 421
Objective value = -6.183760
nSV = 66
*
optimization finished, #iter = 6
Objective value = -0.112960
nSV = 64
.......................................**.*
optimization finished, #iter = 401
Objective value = -12.068896
nSV = 63
.................................*
optimization finished, #iter = 332
Objective value = -2.066267
nSV = 61
done
/home/limjiayee/ims_0.9.2/../se2/1-lexical-sample/processed/train/vital.xml
vital.a
.........................................
optimization finished, #iter = 419
Objective value = -8.933977
nSV = 81
.....................................*
optimization finished, #iter = 372
Objective value = -6.126083
nSV = 75
.........................................*.***.*
optimization finished, #iter = 433
Objective value = -4.747405
nSV = 73
........................................**
optimization finished, #iter = 406
Objective value = -2.082166
nSV = 67

optimization finished, #iter = 4
Objective value = -0.109463
nSV = 67
....................................***
optimization finished, #iter = 368
Objective value = -2.084429
nSV = 70
..........................................*.****.
optimization finished, #iter = 440
Objective value = -4.827654
nSV = 79

optimization finished, #iter = 4
Objective value = -0.111761
nSV = 71
done
/home/limjiayee/ims_0.9.2/../se2/1-lexical-sample/processed/train/match.xml
match.v

optimization finished, #iter = 7
Objective value = -0.861966
nSV = 87
.......................*
optimization finished, #iter = 231
Objective value = -2.442702
nSV = 84

optimization finished, #iter = 9
Objective value = -0.925835
nSV = 88
*
optimization finished, #iter = 6
Objective value = -0.280792
nSV = 82
*
optimization finished, #iter = 6
Objective value = -0.428026
nSV = 83
...................**
optimization finished, #iter = 194
Objective value = -2.283129
nSV = 82
.......................**
optimization finished, #iter = 238
Objective value = -2.514975
nSV = 86
...................*
optimization finished, #iter = 193
Objective value = -2.381768
nSV = 80
done
/home/limjiayee/ims_0.9.2/../se2/1-lexical-sample/processed/train/graceful.xml
graceful.a
........................................
optimization finished, #iter = 400
Objective value = -12.194746
nSV = 61
done
/home/limjiayee/ims_0.9.2/../se2/1-lexical-sample/processed/train/colorless.xml
colorless.a
......................................
optimization finished, #iter = 384
Objective value = -6.343010
nSV = 72
......................................
optimization finished, #iter = 386
Objective value = -4.336320
nSV = 72
.................................*
optimization finished, #iter = 336
Objective value = -6.085402
nSV = 67
done
/home/limjiayee/ims_0.9.2/../se2/1-lexical-sample/processed/train/spade.xml
spade.n
.........................................*
optimization finished, #iter = 412
Objective value = -8.293344
nSV = 70
.....................................**.
optimization finished, #iter = 380
Objective value = -8.112008
nSV = 69
.......................................*..**
optimization finished, #iter = 416
Objective value = -4.126227
nSV = 67
.........................................*.
optimization finished, #iter = 420
Objective value = -6.087975
nSV = 66
.....................................*
optimization finished, #iter = 379
Objective value = -4.190562
nSV = 71
*
optimization finished, #iter = 8
Objective value = -0.131244
nSV = 64
*
optimization finished, #iter = 7
Objective value = -0.161290
nSV = 66
...............................*.*
optimization finished, #iter = 323
Objective value = -2.093048
nSV = 65
done
/home/limjiayee/ims_0.9.2/../se2/1-lexical-sample/processed/train/turn.xml
turn.v-turn_on

optimization finished, #iter = 5
Objective value = -0.079635
nSV = 7

optimization finished, #iter = 4
Objective value = -0.074724
nSV = 7

optimization finished, #iter = 4
Objective value = -0.065717
nSV = 7

optimization finished, #iter = 5
Objective value = -0.069115
nSV = 7
done
turn.v-turn_over

optimization finished, #iter = 3
Objective value = -0.084163
nSV = 7

optimization finished, #iter = 3
Objective value = -0.107491
nSV = 7

optimization finished, #iter = 4
Objective value = -0.089292
nSV = 7

optimization finished, #iter = 3
Objective value = -0.104727
nSV = 7
done
turn.v-turn_on_a_dime
done
turn.v-turn_out

optimization finished, #iter = 5
Objective value = -0.100102
nSV = 18

optimization finished, #iter = 4
Objective value = -0.128333
nSV = 18

optimization finished, #iter = 4
Objective value = -0.179728
nSV = 18

optimization finished, #iter = 5
Objective value = -0.179606
nSV = 18

optimization finished, #iter = 5
Objective value = -0.210780
nSV = 18
done
turn.v-turn_to

optimization finished, #iter = 2
Objective value = -0.106734
nSV = 2
done
turn.v-turn_thumb_down
done
turn.v-turn_down

optimization finished, #iter = 3
Objective value = -0.070904
nSV = 6

optimization finished, #iter = 3
Objective value = -0.084766
nSV = 6

optimization finished, #iter = 3
Objective value = -0.081442
nSV = 6
done
turn.v-turn_up_the_heat
done
turn.v
*
optimization finished, #iter = 6
Objective value = -0.475827
nSV = 73

optimization finished, #iter = 5
Objective value = -0.547448
nSV = 72
*
optimization finished, #iter = 7
Objective value = -0.515567
nSV = 74

optimization finished, #iter = 4
Objective value = -0.470842
nSV = 70
*
optimization finished, #iter = 6
Objective value = -0.310994
nSV = 72
*
optimization finished, #iter = 6
Objective value = -0.410003
nSV = 72

optimization finished, #iter = 5
Objective value = -0.333240
nSV = 74
*
optimization finished, #iter = 6
Objective value = -0.351481
nSV = 73

optimization finished, #iter = 5
Objective value = -0.367671
nSV = 74
*
optimization finished, #iter = 6
Objective value = -0.707306
nSV = 73
*
optimization finished, #iter = 6
Objective value = -0.328470
nSV = 74
*
optimization finished, #iter = 6
Objective value = -0.427156
nSV = 74

optimization finished, #iter = 5
Objective value = -0.369621
nSV = 73
*
optimization finished, #iter = 6
Objective value = -0.384945
nSV = 72
*
optimization finished, #iter = 6
Objective value = -0.337687
nSV = 70
done
turn.v-turn_the_tide
done
turn.v-turn_around

optimization finished, #iter = 3
Objective value = -0.091540
nSV = 8

optimization finished, #iter = 3
Objective value = -0.086641
nSV = 8

optimization finished, #iter = 3
Objective value = -0.092760
nSV = 8
done
turn.v-turn_off
done
turn.v-turn_away

optimization finished, #iter = 2
Objective value = -0.034204
nSV = 3

optimization finished, #iter = 1
Objective value = -0.035178
nSV = 3

optimization finished, #iter = 2
Objective value = -0.036373
nSV = 3
done
/home/limjiayee/ims_0.9.2/../se2/1-lexical-sample/processed/train/ferret.xml
ferret.v-ferret_out
done
/home/limjiayee/ims_0.9.2/../se2/1-lexical-sample/processed/train/wash.xml
wash.v-wash_up
done
wash.v-wash_its_hand
done
wash.v-wash_away
done
wash.v-wash_off
done
wash.v-wash_their_hand
done
wash.v-wash_down

optimization finished, #iter = 1
Objective value = -0.035843
nSV = 3
done
wash.v

optimization finished, #iter = 4
Objective value = -0.185016
nSV = 17
...................
optimization finished, #iter = 198
Objective value = -2.166710
nSV = 17

optimization finished, #iter = 4
Objective value = -0.144082
nSV = 17

optimization finished, #iter = 3
Objective value = -0.152318
nSV = 17

optimization finished, #iter = 4
Objective value = -0.145732
nSV = 17
...................
optimization finished, #iter = 199
Objective value = -2.161254
nSV = 17
done
wash.v-wash_out
done
/home/limjiayee/ims_0.9.2/../se2/1-lexical-sample/processed/train/begin.xml
begin.v
..................*.*
optimization finished, #iter = 191
Objective value = -4.005578
nSV = 366
.........................***
optimization finished, #iter = 259
Objective value = -12.748964
nSV = 381
*
optimization finished, #iter = 6
Objective value = -0.492179
nSV = 240
.............*
optimization finished, #iter = 134
Objective value = -2.467131
nSV = 235
.........................*
optimization finished, #iter = 254
Objective value = -11.364786
nSV = 313
*
optimization finished, #iter = 6
Objective value = -0.795186
nSV = 254
*
optimization finished, #iter = 8
Objective value = -2.625901
nSV = 421
*
optimization finished, #iter = 8
Objective value = -1.017666
nSV = 288
done
/home/limjiayee/ims_0.9.2/../se2/1-lexical-sample/processed/train/serve.xml
serve.v

optimization finished, #iter = 5
Objective value = -0.634083
nSV = 97
*
optimization finished, #iter = 6
Objective value = -0.529267
nSV = 95

optimization finished, #iter = 5
Objective value = -0.523082
nSV = 93

optimization finished, #iter = 4
Objective value = -0.406656
nSV = 96
*
optimization finished, #iter = 7
Objective value = -0.459354
nSV = 92
*
optimization finished, #iter = 7
Objective value = -0.372225
nSV = 91
*
optimization finished, #iter = 6
Objective value = -0.394074
nSV = 95
*
optimization finished, #iter = 6
Objective value = -0.697176
nSV = 97
*
optimization finished, #iter = 6
Objective value = -0.733306
nSV = 98
*
optimization finished, #iter = 6
Objective value = -0.346274
nSV = 93
*
optimization finished, #iter = 7
Objective value = -0.413169
nSV = 91
done
serve.v-serve_up
done
/home/limjiayee/ims_0.9.2/../se2/1-lexical-sample/processed/train/nature.xml
nature.n
....................................*.
optimization finished, #iter = 374
Objective value = -10.363612
nSV = 103
.......................................***.*
optimization finished, #iter = 406
Objective value = -4.094150
nSV = 77
..........................................*.*
optimization finished, #iter = 431
Objective value = -8.226287
nSV = 98
......................................*
optimization finished, #iter = 388
Objective value = -14.457275
nSV = 103
............................................**
optimization finished, #iter = 447
Objective value = -4.240475
nSV = 95
....................................*
optimization finished, #iter = 361
Objective value = -2.249830
nSV = 92
*
optimization finished, #iter = 5
Objective value = -0.111575
nSV = 76
...............................**
optimization finished, #iter = 317
Objective value = -2.095566
nSV = 77
*
optimization finished, #iter = 5
Objective value = -0.115335
nSV = 80
done
/home/limjiayee/ims_0.9.2/../se2/1-lexical-sample/processed/train/simple.xml
simple.a
*
optimization finished, #iter = 5
Objective value = -0.480204
nSV = 128
......................................
optimization finished, #iter = 382
Objective value = -10.914956
nSV = 135
......................................***
optimization finished, #iter = 388
Objective value = -8.801465
nSV = 134
..................**.*
optimization finished, #iter = 191
Objective value = -2.309146
nSV = 130
*
optimization finished, #iter = 5
Objective value = -0.162223
nSV = 103
*
optimization finished, #iter = 6
Objective value = -0.131627
nSV = 88
done
/home/limjiayee/ims_0.9.2/../se2/1-lexical-sample/processed/train/fine.xml
fine.a
....................................*.*
optimization finished, #iter = 372
Objective value = -6.143793
nSV = 146
..........................................**
optimization finished, #iter = 426
Objective value = -54.564896
nSV = 178
................................***
optimization finished, #iter = 328
Objective value = -4.421861
nSV = 165
............................................*.****.
optimization finished, #iter = 460
Objective value = -59.021893
nSV = 177
.................................**
optimization finished, #iter = 338
Objective value = -4.224915
nSV = 143
................................*
optimization finished, #iter = 327
Objective value = -2.263631
nSV = 150
*
optimization finished, #iter = 6
Objective value = -0.234491
nSV = 156
............................................*
optimization finished, #iter = 441
Objective value = -5.523859
nSV = 155
............................................**
optimization finished, #iter = 449
Objective value = -16.764318
nSV = 135
.......................................**
optimization finished, #iter = 396
Objective value = -2.891920
nSV = 157
......................................*.**
optimization finished, #iter = 393
Objective value = -3.015261
nSV = 163

optimization finished, #iter = 4
Objective value = -0.195039
nSV = 143
*
optimization finished, #iter = 5
Objective value = -0.176736
nSV = 139
done
/home/limjiayee/ims_0.9.2/../se2/1-lexical-sample/processed/train/replace.xml
replace.v

optimization finished, #iter = 4
Objective value = -0.889224
nSV = 88
......................
optimization finished, #iter = 223
Objective value = -4.895163
nSV = 88
......................*
optimization finished, #iter = 225
Objective value = -4.675638
nSV = 87
*
optimization finished, #iter = 6
Objective value = -0.349671
nSV = 81
done
/home/limjiayee/ims_0.9.2/../se2/1-lexical-sample/processed/train/play.xml
play.v-play_around
done
play.v
*
optimization finished, #iter = 6
Objective value = -0.614939
nSV = 113
*
optimization finished, #iter = 6
Objective value = -0.853309
nSV = 111
*
optimization finished, #iter = 6
Objective value = -0.362842
nSV = 99
*
optimization finished, #iter = 6
Objective value = -0.433182
nSV = 102
*
optimization finished, #iter = 6
Objective value = -0.399549
nSV = 103
*
optimization finished, #iter = 5
Objective value = -0.837731
nSV = 113
*
optimization finished, #iter = 6
Objective value = -0.364401
nSV = 102
*
optimization finished, #iter = 6
Objective value = -0.434247
nSV = 107
*
optimization finished, #iter = 6
Objective value = -0.971853
nSV = 114
*
optimization finished, #iter = 5
Objective value = -0.373382
nSV = 100
*
optimization finished, #iter = 6
Objective value = -0.477694
nSV = 110
*
optimization finished, #iter = 5
Objective value = -0.479598
nSV = 110
*
optimization finished, #iter = 6
Objective value = -0.369045
nSV = 105
*
optimization finished, #iter = 6
Objective value = -0.376468
nSV = 103
*
optimization finished, #iter = 6
Objective value = -0.422726
nSV = 103
*
optimization finished, #iter = 6
Objective value = -0.669170
nSV = 109
*
optimization finished, #iter = 5
Objective value = -0.394290
nSV = 103
*
optimization finished, #iter = 5
Objective value = -0.368937
nSV = 102
*
optimization finished, #iter = 6
Objective value = -0.483597
nSV = 108
done
play.v-play_up
done
play.v-play_out

optimization finished, #iter = 1
Objective value = -0.034208
nSV = 3

optimization finished, #iter = 1
Objective value = -0.031680
nSV = 3

optimization finished, #iter = 1
Objective value = -0.032639
nSV = 3
done
play.v-play_down
done
/home/limjiayee/ims_0.9.2/../se2/1-lexical-sample/processed/train/circuit.xml
circuit.n
*
optimization finished, #iter = 6
Objective value = -0.369416
nSV = 158
..................................*
optimization finished, #iter = 343
Objective value = -4.710717
nSV = 171
........................................***
optimization finished, #iter = 405
Objective value = -6.563520
nSV = 166
.......................................**.**
optimization finished, #iter = 404
Objective value = -8.146926
nSV = 134
*
optimization finished, #iter = 7
Objective value = -0.261991
nSV = 133
...................................*.*
optimization finished, #iter = 367
Objective value = -10.275562
nSV = 148
*
optimization finished, #iter = 5
Objective value = -0.276683
nSV = 137
...................................*.*
optimization finished, #iter = 361
Objective value = -10.132160
nSV = 128
*
optimization finished, #iter = 6
Objective value = -0.195337
nSV = 136
......................................*
optimization finished, #iter = 385
Objective value = -4.212134
nSV = 138
.......................................*.**
optimization finished, #iter = 406
Objective value = -6.134893
nSV = 118
*
optimization finished, #iter = 6
Objective value = -0.230504
nSV = 132
*
optimization finished, #iter = 6
Objective value = -0.170731
nSV = 129
*
optimization finished, #iter = 7
Objective value = -0.170485
nSV = 121
*
optimization finished, #iter = 6
Objective value = -0.166017
nSV = 114
*
optimization finished, #iter = 6
Objective value = -0.210555
nSV = 130
done
/home/limjiayee/ims_0.9.2/../se2/1-lexical-sample/processed/train/material.xml
material.n
*
optimization finished, #iter = 6
Objective value = -0.214641
nSV = 116
........................................
optimization finished, #iter = 400
Objective value = -18.675630
nSV = 150
*
optimization finished, #iter = 6
Objective value = -0.272216
nSV = 127

optimization finished, #iter = 5
Objective value = -0.825412
nSV = 148
........................................**.**
optimization finished, #iter = 414
Objective value = -18.409086
nSV = 137
*
optimization finished, #iter = 5
Objective value = -0.192399
nSV = 109
............................**
optimization finished, #iter = 289
Objective value = -2.125016
nSV = 104
...........................**
optimization finished, #iter = 274
Objective value = -2.124935
nSV = 104
*
optimization finished, #iter = 5
Objective value = -0.206056
nSV = 114
*
optimization finished, #iter = 5
Objective value = -0.174418
nSV = 104
*
optimization finished, #iter = 6
Objective value = -0.151227
nSV = 107
*
optimization finished, #iter = 6
Objective value = -0.155157
nSV = 110
*
optimization finished, #iter = 5
Objective value = -0.162195
nSV = 114
*
optimization finished, #iter = 6
Objective value = -0.148860
nSV = 101
*
optimization finished, #iter = 5
Objective value = -0.153131
nSV = 107
*
optimization finished, #iter = 6
Objective value = -0.143282
nSV = 107
*
optimization finished, #iter = 5
Objective value = -0.179958
nSV = 112
done
112.06user 53.60system 2:22.50elapsed 116%CPU (0avgtext+0avgdata 0maxresident)k
48984inputs+19008outputs (132major+269256minor)pagefaults 0swaps
