Imported...
Parsed...
('corpus', {'lang': 'en'})
('lexelt', {'item': 'affect.v', 'pos': 'v'})
('lexelt', {'item': 'allow.v', 'pos': 'v'})
('lexelt', {'item': 'announce.v', 'pos': 'v'})
('lexelt', {'item': 'approve.v', 'pos': 'v'})
('lexelt', {'item': 'area.n', 'pos': 'n'})
('lexelt', {'item': 'ask.v', 'pos': 'v'})
('lexelt', {'item': 'attempt.v', 'pos': 'v'})
('lexelt', {'item': 'authority.n', 'pos': 'n'})
('lexelt', {'item': 'avoid.v', 'pos': 'v'})
('lexelt', {'item': 'base.n', 'pos': 'n'})
('lexelt', {'item': 'begin.v', 'pos': 'v'})
('lexelt', {'item': 'believe.v', 'pos': 'v'})
('lexelt', {'item': 'bill.n', 'pos': 'n'})
('lexelt', {'item': 'build.v', 'pos': 'v'})
('lexelt', {'item': 'buy.v', 'pos': 'v'})
('lexelt', {'item': 'capital.n', 'pos': 'n'})
('lexelt', {'item': 'care.v', 'pos': 'v'})
('lexelt', {'item': 'carrier.n', 'pos': 'n'})
('lexelt', {'item': 'cause.v', 'pos': 'v'})
('lexelt', {'item': 'chance.n', 'pos': 'n'})
('lexelt', {'item': 'claim.v', 'pos': 'v'})
('lexelt', {'item': 'come.v', 'pos': 'v'})
('lexelt', {'item': 'complain.v', 'pos': 'v'})
('lexelt', {'item': 'complete.v', 'pos': 'v'})
('lexelt', {'item': 'condition.n', 'pos': 'n'})
('lexelt', {'item': 'contribute.v', 'pos': 'v'})
('lexelt', {'item': 'defense.n', 'pos': 'n'})
('lexelt', {'item': 'describe.v', 'pos': 'v'})
('lexelt', {'item': 'development.n', 'pos': 'n'})
('lexelt', {'item': 'disclose.v', 'pos': 'v'})
('lexelt', {'item': 'do.v', 'pos': 'v'})
('lexelt', {'item': 'drug.n', 'pos': 'n'})
('lexelt', {'item': 'effect.n', 'pos': 'n'})
('lexelt', {'item': 'end.v', 'pos': 'v'})
('lexelt', {'item': 'enjoy.v', 'pos': 'v'})
('lexelt', {'item': 'estimate.v', 'pos': 'v'})
('lexelt', {'item': 'examine.v', 'pos': 'v'})
('lexelt', {'item': 'exchange.n', 'pos': 'n'})
('lexelt', {'item': 'exist.v', 'pos': 'v'})
('lexelt', {'item': 'explain.v', 'pos': 'v'})
('lexelt', {'item': 'express.v', 'pos': 'v'})
('lexelt', {'item': 'feel.v', 'pos': 'v'})
('lexelt', {'item': 'find.v', 'pos': 'v'})
('lexelt', {'item': 'fix.v', 'pos': 'v'})
('lexelt', {'item': 'future.n', 'pos': 'n'})
('lexelt', {'item': 'go.v', 'pos': 'v'})
('lexelt', {'item': 'grant.v', 'pos': 'v'})
('lexelt', {'item': 'hold.v', 'pos': 'v'})
('lexelt', {'item': 'hope.v', 'pos': 'v'})
('lexelt', {'item': 'hour.n', 'pos': 'n'})
('lexelt', {'item': 'improve.v', 'pos': 'v'})
('lexelt', {'item': 'job.n', 'pos': 'n'})
('lexelt', {'item': 'join.v', 'pos': 'v'})
('lexelt', {'item': 'keep.v', 'pos': 'v'})
('lexelt', {'item': 'kill.v', 'pos': 'v'})
('lexelt', {'item': 'lead.v', 'pos': 'v'})
('lexelt', {'item': 'maintain.v', 'pos': 'v'})
('lexelt', {'item': 'management.n', 'pos': 'n'})
('lexelt', {'item': 'move.n', 'pos': 'n'})
('lexelt', {'item': 'need.v', 'pos': 'v'})
('lexelt', {'item': 'negotiate.v', 'pos': 'v'})
('lexelt', {'item': 'network.n', 'pos': 'n'})
('lexelt', {'item': 'occur.v', 'pos': 'v'})
('lexelt', {'item': 'order.n', 'pos': 'n'})
('lexelt', {'item': 'part.n', 'pos': 'n'})
('lexelt', {'item': 'people.n', 'pos': 'n'})
('lexelt', {'item': 'plant.n', 'pos': 'n'})
('lexelt', {'item': 'point.n', 'pos': 'n'})
('lexelt', {'item': 'policy.n', 'pos': 'n'})
('lexelt', {'item': 'position.n', 'pos': 'n'})
('lexelt', {'item': 'power.n', 'pos': 'n'})
('lexelt', {'item': 'prepare.v', 'pos': 'v'})
('lexelt', {'item': 'president.n', 'pos': 'n'})
('lexelt', {'item': 'produce.v', 'pos': 'v'})
('lexelt', {'item': 'promise.v', 'pos': 'v'})
('lexelt', {'item': 'propose.v', 'pos': 'v'})
('lexelt', {'item': 'prove.v', 'pos': 'v'})
('lexelt', {'item': 'purchase.v', 'pos': 'v'})
('lexelt', {'item': 'raise.v', 'pos': 'v'})
('lexelt', {'item': 'rate.n', 'pos': 'n'})
('lexelt', {'item': 'recall.v', 'pos': 'v'})
('lexelt', {'item': 'receive.v', 'pos': 'v'})
('lexelt', {'item': 'regard.v', 'pos': 'v'})
('lexelt', {'item': 'remember.v', 'pos': 'v'})
('lexelt', {'item': 'remove.v', 'pos': 'v'})
('lexelt', {'item': 'replace.v', 'pos': 'v'})
('lexelt', {'item': 'report.v', 'pos': 'v'})
('lexelt', {'item': 'rush.v', 'pos': 'v'})
('lexelt', {'item': 'say.v', 'pos': 'v'})
('lexelt', {'item': 'see.v', 'pos': 'v'})
('lexelt', {'item': 'set.v', 'pos': 'v'})
('lexelt', {'item': 'share.n', 'pos': 'n'})
('lexelt', {'item': 'source.n', 'pos': 'n'})
('lexelt', {'item': 'space.n', 'pos': 'n'})
('lexelt', {'item': 'start.v', 'pos': 'v'})
('lexelt', {'item': 'state.n', 'pos': 'n'})
('lexelt', {'item': 'system.n', 'pos': 'n'})
('lexelt', {'item': 'turn.v', 'pos': 'v'})
('lexelt', {'item': 'value.n', 'pos': 'n'})
('lexelt', {'item': 'work.v', 'pos': 'v'})
3.62user 0.99system 11:39.88elapsed 0%CPU (0avgtext+0avgdata 0maxresident)k
425480inputs+16outputs (13347major+43872minor)pagefaults 0swaps
3.54user 0.30system 0:11.02elapsed 34%CPU (0avgtext+0avgdata 0maxresident)k
43432inputs+1896outputs (107major+24889minor)pagefaults 0swaps
