Nov 05, 2017 5:26:58 AM net.didion.jwnl.util.MessageLog doLog
INFO: Installing dictionary net.didion.jwnl.dictionary.FileBackedDictionary@c4437c4
/home/limjiayee/ims_wsd_emb/../se4/1-lexical-sample/processed/train/state.xml
state.n 617
.*
optimization finished, #iter = 13
Objective value = -0.337997
nSV = 151
...*.
optimization finished, #iter = 40
Objective value = -1.199047
nSV = 277
...*.
optimization finished, #iter = 40
Objective value = -1.058397
nSV = 271
done
/home/limjiayee/ims_wsd_emb/../se4/1-lexical-sample/processed/train/complete.xml
complete.v 42
*
optimization finished, #iter = 9
Objective value = -0.036399
nSV = 21
done
/home/limjiayee/ims_wsd_emb/../se4/1-lexical-sample/processed/train/see.xml
see.v 158
.*
optimization finished, #iter = 14
Objective value = -0.534687
nSV = 128
.*
optimization finished, #iter = 16
Objective value = -0.839547
nSV = 147
*.
optimization finished, #iter = 10
Objective value = -0.116375
nSV = 50
.*
optimization finished, #iter = 16
Objective value = -0.646043
nSV = 129
.*
optimization finished, #iter = 11
Objective value = -0.191749
nSV = 86
*.
optimization finished, #iter = 10
Objective value = -0.062728
nSV = 48
done
/home/limjiayee/ims_wsd_emb/../se4/1-lexical-sample/processed/train/space.xml
space.n 67
.*
optimization finished, #iter = 13
Objective value = -0.230374
nSV = 63
.*
optimization finished, #iter = 13
Objective value = -0.179604
nSV = 63
*
optimization finished, #iter = 9
Objective value = -0.049192
nSV = 42
*
optimization finished, #iter = 9
Objective value = -0.037547
nSV = 29
*
optimization finished, #iter = 9
Objective value = -0.028709
nSV = 31
done
/home/limjiayee/ims_wsd_emb/../se4/1-lexical-sample/processed/train/position.xml
position.n 268
..**
optimization finished, #iter = 28
Objective value = -0.903427
nSV = 191
.*
optimization finished, #iter = 15
Objective value = -0.554898
nSV = 163
.*
optimization finished, #iter = 16
Objective value = -0.510395
nSV = 147
.*.*
optimization finished, #iter = 22
Objective value = -0.665396
nSV = 155
.*
optimization finished, #iter = 11
Objective value = -0.160079
nSV = 91
.*
optimization finished, #iter = 14
Objective value = -0.197115
nSV = 98
*.
optimization finished, #iter = 10
Objective value = -0.057144
nSV = 35
done
/home/limjiayee/ims_wsd_emb/../se4/1-lexical-sample/processed/train/prove.xml
prove.v 49
.
optimization finished, #iter = 11
Objective value = -0.270536
nSV = 49
.*
optimization finished, #iter = 13
Objective value = -0.237869
nSV = 47
.*
optimization finished, #iter = 11
Objective value = -0.035411
nSV = 23
done
/home/limjiayee/ims_wsd_emb/../se4/1-lexical-sample/processed/train/authority.xml
authority.n 90
*.
optimization finished, #iter = 10
Objective value = -0.104485
nSV = 63
.*
optimization finished, #iter = 11
Objective value = -0.151421
nSV = 66
*.
optimization finished, #iter = 10
Objective value = -0.031433
nSV = 31
*.
optimization finished, #iter = 10
Objective value = -0.072289
nSV = 49
done
/home/limjiayee/ims_wsd_emb/../se4/1-lexical-sample/processed/train/start.xml
start.v 214
.*
optimization finished, #iter = 14
Objective value = -0.470234
nSV = 137
.*
optimization finished, #iter = 16
Objective value = -1.242936
nSV = 192
.*
optimization finished, #iter = 15
Objective value = -0.672334
nSV = 141
.*
optimization finished, #iter = 14
Objective value = -0.490153
nSV = 112
.*
optimization finished, #iter = 12
Objective value = -0.087684
nSV = 64
*.
optimization finished, #iter = 10
Objective value = -0.053356
nSV = 48
done
/home/limjiayee/ims_wsd_emb/../se4/1-lexical-sample/processed/train/approve.xml
approve.v 53
*.
optimization finished, #iter = 10
Objective value = -0.052653
nSV = 27
done
/home/limjiayee/ims_wsd_emb/../se4/1-lexical-sample/processed/train/examine.xml
examine.v 26

optimization finished, #iter = 9
Objective value = -0.105313
nSV = 26
*
optimization finished, #iter = 8
Objective value = -0.022368
nSV = 16
.
optimization finished, #iter = 10
Objective value = -0.101414
nSV = 26
done
/home/limjiayee/ims_wsd_emb/../se4/1-lexical-sample/processed/train/allow.xml
allow.v 108
.*
optimization finished, #iter = 12
Objective value = -0.190941
nSV = 73
done
/home/limjiayee/ims_wsd_emb/../se4/1-lexical-sample/processed/train/receive.xml
receive.v 136
.*
optimization finished, #iter = 11
Objective value = -0.152229
nSV = 66
done
/home/limjiayee/ims_wsd_emb/../se4/1-lexical-sample/processed/train/promise.xml
promise.v 50
*
optimization finished, #iter = 9
Objective value = -0.124015
nSV = 40
done
/home/limjiayee/ims_wsd_emb/../se4/1-lexical-sample/processed/train/claim.xml
claim.v 54
*
optimization finished, #iter = 9
Objective value = -0.113067
nSV = 42
*
optimization finished, #iter = 9
Objective value = -0.132871
nSV = 47
*
optimization finished, #iter = 9
Objective value = -0.030472
nSV = 27
done
/home/limjiayee/ims_wsd_emb/../se4/1-lexical-sample/processed/train/order.xml
order.n 346
.*
optimization finished, #iter = 15
Objective value = -0.371084
nSV = 133
.*
optimization finished, #iter = 16
Objective value = -0.486123
nSV = 161
*
optimization finished, #iter = 8
Objective value = -0.056082
nSV = 59
.*
optimization finished, #iter = 11
Objective value = -0.036195
nSV = 40
.*
optimization finished, #iter = 13
Objective value = -0.110976
nSV = 74
*
optimization finished, #iter = 9
Objective value = -0.075579
nSV = 57
*.
optimization finished, #iter = 10
Objective value = -0.097991
nSV = 66
done
/home/limjiayee/ims_wsd_emb/../se4/1-lexical-sample/processed/train/care.xml
care.v 69
..**
optimization finished, #iter = 27
Objective value = -0.271320
nSV = 58
..**
optimization finished, #iter = 25
Objective value = -0.211468
nSV = 51
.*
optimization finished, #iter = 14
Objective value = -0.116438
nSV = 45
done
/home/limjiayee/ims_wsd_emb/../se4/1-lexical-sample/processed/train/come.xml
come.v 186
.*
optimization finished, #iter = 12
Objective value = -0.411979
nSV = 132
.*
optimization finished, #iter = 15
Objective value = -0.691362
nSV = 150
.*
optimization finished, #iter = 12
Objective value = -0.203885
nSV = 96
.*
optimization finished, #iter = 13
Objective value = -0.572315
nSV = 151
.*
optimization finished, #iter = 15
Objective value = -0.416025
nSV = 116
.*
optimization finished, #iter = 13
Objective value = -0.328705
nSV = 120
.*
optimization finished, #iter = 13
Objective value = -0.103106
nSV = 60
.*
optimization finished, #iter = 11
Objective value = -0.104722
nSV = 67
*.
optimization finished, #iter = 10
Objective value = -0.085500
nSV = 66
*.
optimization finished, #iter = 10
Objective value = -0.094446
nSV = 69
done
/home/limjiayee/ims_wsd_emb/../se4/1-lexical-sample/processed/train/bill.xml
bill.n 404
.*
optimization finished, #iter = 19
Objective value = -0.428061
nSV = 136
.*.
optimization finished, #iter = 20
Objective value = -0.432747
nSV = 139
..*
optimization finished, #iter = 21
Objective value = -0.234816
nSV = 110
done
/home/limjiayee/ims_wsd_emb/../se4/1-lexical-sample/processed/train/move.xml
move.n 270
.*
optimization finished, #iter = 13
Objective value = -0.285134
nSV = 134
.*
optimization finished, #iter = 11
Objective value = -0.093478
nSV = 70
*.
optimization finished, #iter = 10
Objective value = -0.106923
nSV = 92
.*
optimization finished, #iter = 13
Objective value = -0.113836
nSV = 76
done
/home/limjiayee/ims_wsd_emb/../se4/1-lexical-sample/processed/train/raise.xml
raise.v 147
.*
optimization finished, #iter = 18
Objective value = -0.416367
nSV = 104
.*
optimization finished, #iter = 15
Objective value = -0.278948
nSV = 96
.*
optimization finished, #iter = 14
Objective value = -0.338985
nSV = 88
.*
optimization finished, #iter = 16
Objective value = -0.263552
nSV = 73
.*
optimization finished, #iter = 11
Objective value = -0.205764
nSV = 83
.*
optimization finished, #iter = 14
Objective value = -0.152698
nSV = 74
.*
optimization finished, #iter = 11
Objective value = -0.062401
nSV = 50
done
/home/limjiayee/ims_wsd_emb/../se4/1-lexical-sample/processed/train/capital.xml
capital.n 278
.*
optimization finished, #iter = 11
Objective value = -0.228866
nSV = 95
.*
optimization finished, #iter = 11
Objective value = -0.203828
nSV = 87
*
optimization finished, #iter = 7
Objective value = -0.019045
nSV = 25
*.
optimization finished, #iter = 10
Objective value = -0.036072
nSV = 43
done
/home/limjiayee/ims_wsd_emb/../se4/1-lexical-sample/processed/train/attempt.xml
attempt.v 40
done
/home/limjiayee/ims_wsd_emb/../se4/1-lexical-sample/processed/train/base.xml
base.n 92
.*
optimization finished, #iter = 12
Objective value = -0.188897
nSV = 76
.*
optimization finished, #iter = 13
Objective value = -0.258712
nSV = 79
.*
optimization finished, #iter = 11
Objective value = -0.101731
nSV = 44
*.
optimization finished, #iter = 10
Objective value = -0.127501
nSV = 61
*
optimization finished, #iter = 8
Objective value = -0.028265
nSV = 27
done
/home/limjiayee/ims_wsd_emb/../se4/1-lexical-sample/processed/train/rush.xml
rush.v 28
*
optimization finished, #iter = 9
Objective value = -0.046696
nSV = 24
done
/home/limjiayee/ims_wsd_emb/../se4/1-lexical-sample/processed/train/power.xml
power.n 251
.*
optimization finished, #iter = 18
Objective value = -0.259756
nSV = 90
..*
optimization finished, #iter = 22
Objective value = -0.764312
nSV = 169
.*
optimization finished, #iter = 17
Objective value = -0.575479
nSV = 149
done
/home/limjiayee/ims_wsd_emb/../se4/1-lexical-sample/processed/train/feel.xml
feel.v 347
...**
optimization finished, #iter = 34
Objective value = -1.125338
nSV = 213
...*
optimization finished, #iter = 35
Objective value = -1.373204
nSV = 245
.*
optimization finished, #iter = 18
Objective value = -0.258306
nSV = 85
done
/home/limjiayee/ims_wsd_emb/../se4/1-lexical-sample/processed/train/report.xml
report.v 128
.*
optimization finished, #iter = 11
Objective value = -0.151639
nSV = 66
.*
optimization finished, #iter = 11
Objective value = -0.070256
nSV = 46
.*
optimization finished, #iter = 11
Objective value = -0.097577
nSV = 51
done
/home/limjiayee/ims_wsd_emb/../se4/1-lexical-sample/processed/train/people.xml
people.n 754
..*
optimization finished, #iter = 25
Objective value = -1.078475
nSV = 271
..*
optimization finished, #iter = 24
Objective value = -0.913658
nSV = 246
.*
optimization finished, #iter = 15
Objective value = -0.177755
nSV = 129
.*
optimization finished, #iter = 13
Objective value = -0.204507
nSV = 151
done
/home/limjiayee/ims_wsd_emb/../se4/1-lexical-sample/processed/train/area.xml
area.n 326
.*
optimization finished, #iter = 12
Objective value = -0.183061
nSV = 111
.*
optimization finished, #iter = 18
Objective value = -0.805942
nSV = 197
.*
optimization finished, #iter = 18
Objective value = -0.733016
nSV = 180
done
/home/limjiayee/ims_wsd_emb/../se4/1-lexical-sample/processed/train/keep.xml
keep.v 260
.*
optimization finished, #iter = 19
Objective value = -0.594903
nSV = 162
..*
optimization finished, #iter = 22
Objective value = -1.106880
nSV = 200
..**
optimization finished, #iter = 27
Objective value = -2.015949
nSV = 251
.*
optimization finished, #iter = 18
Objective value = -0.473403
nSV = 134
..*
optimization finished, #iter = 22
Objective value = -0.590111
nSV = 164
..*
optimization finished, #iter = 25
Objective value = -0.366448
nSV = 111
.*
optimization finished, #iter = 13
Objective value = -0.057323
nSV = 40
done
/home/limjiayee/ims_wsd_emb/../se4/1-lexical-sample/processed/train/management.xml
management.n 284
.*
optimization finished, #iter = 19
Objective value = -0.923122
nSV = 212
done
/home/limjiayee/ims_wsd_emb/../se4/1-lexical-sample/processed/train/remember.xml
remember.v 121
*.
optimization finished, #iter = 10
Objective value = -0.039489
nSV = 32
done
/home/limjiayee/ims_wsd_emb/../se4/1-lexical-sample/processed/train/system.xml
system.n 450
*.
optimization finished, #iter = 10
Objective value = -0.056449
nSV = 71
.*
optimization finished, #iter = 19
Objective value = -1.045675
nSV = 233
...*
optimization finished, #iter = 32
Objective value = -1.153659
nSV = 249
..*.*
optimization finished, #iter = 32
Objective value = -0.937833
nSV = 225
*.
optimization finished, #iter = 10
Objective value = -0.074478
nSV = 44
done
/home/limjiayee/ims_wsd_emb/../se4/1-lexical-sample/processed/train/find.xml
find.v 174
.*
optimization finished, #iter = 11
Objective value = -0.248105
nSV = 95
.*
optimization finished, #iter = 17
Objective value = -0.418517
nSV = 120
*
optimization finished, #iter = 7
Objective value = -0.026324
nSV = 28
.*
optimization finished, #iter = 12
Objective value = -0.104120
nSV = 53
.*
optimization finished, #iter = 11
Objective value = -0.074798
nSV = 47
done
/home/limjiayee/ims_wsd_emb/../se4/1-lexical-sample/processed/train/grant.xml
grant.v 19

optimization finished, #iter = 8
Objective value = -0.076775
nSV = 18
done
/home/limjiayee/ims_wsd_emb/../se4/1-lexical-sample/processed/train/do.xml
do.v 207
.*
optimization finished, #iter = 19
Objective value = -0.378864
nSV = 121
.*
optimization finished, #iter = 18
Objective value = -0.301578
nSV = 109
*.*
optimization finished, #iter = 11
Objective value = -0.040156
nSV = 38
.*
optimization finished, #iter = 12
Objective value = -0.049894
nSV = 31
done
/home/limjiayee/ims_wsd_emb/../se4/1-lexical-sample/processed/train/propose.xml
propose.v 34
*.
optimization finished, #iter = 10
Objective value = -0.075401
nSV = 26
done
/home/limjiayee/ims_wsd_emb/../se4/1-lexical-sample/processed/train/rate.xml
rate.n 1009
............*.*
optimization finished, #iter = 131
Objective value = -1.901027
nSV = 354
done
/home/limjiayee/ims_wsd_emb/../se4/1-lexical-sample/processed/train/work.xml
work.v 230
.*
optimization finished, #iter = 19
Objective value = -0.702419
nSV = 156
..*
optimization finished, #iter = 22
Objective value = -0.963235
nSV = 187
.*
optimization finished, #iter = 18
Objective value = -0.317336
nSV = 104
.*
optimization finished, #iter = 14
Objective value = -0.278004
nSV = 100
*.
optimization finished, #iter = 10
Objective value = -0.094805
nSV = 70
.*
optimization finished, #iter = 11
Objective value = -0.080669
nSV = 62
.*
optimization finished, #iter = 12
Objective value = -0.130371
nSV = 67
done
/home/limjiayee/ims_wsd_emb/../se4/1-lexical-sample/processed/train/contribute.xml
contribute.v 35
.*
optimization finished, #iter = 14
Objective value = -0.123629
nSV = 34
done
/home/limjiayee/ims_wsd_emb/../se4/1-lexical-sample/processed/train/president.xml
president.n 879
..*
optimization finished, #iter = 24
Objective value = -0.606143
nSV = 187
..*
optimization finished, #iter = 22
Objective value = -0.669973
nSV = 196
.*
optimization finished, #iter = 14
Objective value = -0.308911
nSV = 133
done
/home/limjiayee/ims_wsd_emb/../se4/1-lexical-sample/processed/train/kill.xml
kill.v 111
.*
optimization finished, #iter = 15
Objective value = -0.111061
nSV = 56
.*
optimization finished, #iter = 15
Objective value = -0.072926
nSV = 40
*
optimization finished, #iter = 8
Objective value = -0.046044
nSV = 29
.*
optimization finished, #iter = 14
Objective value = -0.045446
nSV = 24
done
/home/limjiayee/ims_wsd_emb/../se4/1-lexical-sample/processed/train/disclose.xml
disclose.v 55
done
/home/limjiayee/ims_wsd_emb/../se4/1-lexical-sample/processed/train/part.xml
part.n 481
.*
optimization finished, #iter = 17
Objective value = -0.812929
nSV = 267
.*
optimization finished, #iter = 15
Objective value = -0.691559
nSV = 253
.*
optimization finished, #iter = 17
Objective value = -0.275230
nSV = 150
*
optimization finished, #iter = 7
Objective value = -0.032035
nSV = 33
done
/home/limjiayee/ims_wsd_emb/../se4/1-lexical-sample/processed/train/believe.xml
believe.v 202
..*
optimization finished, #iter = 22
Objective value = -0.796147
nSV = 149
done
/home/limjiayee/ims_wsd_emb/../se4/1-lexical-sample/processed/train/enjoy.xml
enjoy.v 56
.*
optimization finished, #iter = 11
Objective value = -0.125820
nSV = 46
done
/home/limjiayee/ims_wsd_emb/../se4/1-lexical-sample/processed/train/go.xml
go.v 244
.*
optimization finished, #iter = 12
Objective value = -0.188830
nSV = 100
..**
optimization finished, #iter = 25
Objective value = -0.369840
nSV = 106
..*
optimization finished, #iter = 22
Objective value = -0.491742
nSV = 127
..*.
optimization finished, #iter = 30
Objective value = -1.508734
nSV = 210
*
optimization finished, #iter = 9
Objective value = -0.093510
nSV = 61
*.
optimization finished, #iter = 10
Objective value = -0.063225
nSV = 44
.**.
optimization finished, #iter = 20
Objective value = -0.822490
nSV = 172
..*.*
optimization finished, #iter = 31
Objective value = -0.490541
nSV = 122
.*
optimization finished, #iter = 12
Objective value = -0.093722
nSV = 68
*
optimization finished, #iter = 8
Objective value = -0.054472
nSV = 37
.*.
optimization finished, #iter = 20
Objective value = -0.061160
nSV = 29
.*
optimization finished, #iter = 14
Objective value = -0.064692
nSV = 42
done
/home/limjiayee/ims_wsd_emb/../se4/1-lexical-sample/processed/train/defense.xml
defense.n 120
.*
optimization finished, #iter = 13
Objective value = -0.175890
nSV = 68
.*
optimization finished, #iter = 15
Objective value = -0.219280
nSV = 69
.*
optimization finished, #iter = 17
Objective value = -0.349124
nSV = 89
.*
optimization finished, #iter = 16
Objective value = -0.254833
nSV = 78
.*
optimization finished, #iter = 14
Objective value = -0.247217
nSV = 82
.*
optimization finished, #iter = 13
Objective value = -0.312363
nSV = 92
.*
optimization finished, #iter = 15
Objective value = -0.133715
nSV = 57
done
/home/limjiayee/ims_wsd_emb/../se4/1-lexical-sample/processed/train/regard.xml
regard.v 40
.
optimization finished, #iter = 10
Objective value = -0.152623
nSV = 40
*.
optimization finished, #iter = 10
Objective value = -0.075665
nSV = 31
*
optimization finished, #iter = 9
Objective value = -0.100127
nSV = 34
done
/home/limjiayee/ims_wsd_emb/../se4/1-lexical-sample/processed/train/share.xml
share.n 2536
..*
optimization finished, #iter = 22
Objective value = -0.672301
nSV = 173
done
/home/limjiayee/ims_wsd_emb/../se4/1-lexical-sample/processed/train/describe.xml
describe.v 57
*.
optimization finished, #iter = 10
Objective value = -0.077546
nSV = 41
*.
optimization finished, #iter = 10
Objective value = -0.071217
nSV = 38
*
optimization finished, #iter = 8
Objective value = -0.025145
nSV = 22
done
/home/limjiayee/ims_wsd_emb/../se4/1-lexical-sample/processed/train/exist.xml
exist.v 52
*.
optimization finished, #iter = 10
Objective value = -0.062935
nSV = 34
done
/home/limjiayee/ims_wsd_emb/../se4/1-lexical-sample/processed/train/lead.xml
lead.v 165
.*
optimization finished, #iter = 18
Objective value = -0.475023
nSV = 125
.*
optimization finished, #iter = 13
Objective value = -0.359757
nSV = 113
.*
optimization finished, #iter = 17
Objective value = -0.301539
nSV = 90
.*
optimization finished, #iter = 13
Objective value = -0.207623
nSV = 89
.*
optimization finished, #iter = 15
Objective value = -0.380060
nSV = 88
.*
optimization finished, #iter = 13
Objective value = -0.105865
nSV = 65
done
/home/limjiayee/ims_wsd_emb/../se4/1-lexical-sample/processed/train/value.xml
value.n 335
..*
optimization finished, #iter = 21
Objective value = -0.524662
nSV = 131
..*
optimization finished, #iter = 21
Objective value = -0.543109
nSV = 130
.*
optimization finished, #iter = 11
Objective value = -0.158146
nSV = 61
done
/home/limjiayee/ims_wsd_emb/../se4/1-lexical-sample/processed/train/negotiate.xml
negotiate.v 25
done
/home/limjiayee/ims_wsd_emb/../se4/1-lexical-sample/processed/train/complain.xml
complain.v 32
*
optimization finished, #iter = 8
Objective value = -0.024702
nSV = 17
done
/home/limjiayee/ims_wsd_emb/../se4/1-lexical-sample/processed/train/policy.xml
policy.n 331
.*
optimization finished, #iter = 14
Objective value = -0.465533
nSV = 163
done
/home/limjiayee/ims_wsd_emb/../se4/1-lexical-sample/processed/train/hour.xml
hour.n 187
.*
optimization finished, #iter = 16
Objective value = -0.443896
nSV = 114
*
optimization finished, #iter = 8
Objective value = -0.030566
nSV = 36
.*
optimization finished, #iter = 18
Objective value = -0.417785
nSV = 110
*
optimization finished, #iter = 7
Objective value = -0.027037
nSV = 28
done
/home/limjiayee/ims_wsd_emb/../se4/1-lexical-sample/processed/train/improve.xml
improve.v 31
done
/home/limjiayee/ims_wsd_emb/../se4/1-lexical-sample/processed/train/maintain.xml
maintain.v 61
.*
optimization finished, #iter = 11
Objective value = -0.143972
nSV = 45
done
/home/limjiayee/ims_wsd_emb/../se4/1-lexical-sample/processed/train/cause.xml
cause.v 73
done
/home/limjiayee/ims_wsd_emb/../se4/1-lexical-sample/processed/train/join.xml
join.v 68
.*
optimization finished, #iter = 15
Objective value = -0.391778
nSV = 66
.*
optimization finished, #iter = 13
Objective value = -0.253419
nSV = 63
*.
optimization finished, #iter = 10
Objective value = -0.088096
nSV = 41
.*
optimization finished, #iter = 12
Objective value = -0.229431
nSV = 53
done
/home/limjiayee/ims_wsd_emb/../se4/1-lexical-sample/processed/train/purchase.xml
purchase.v 35
done
/home/limjiayee/ims_wsd_emb/../se4/1-lexical-sample/processed/train/occur.xml
occur.v 47
*.*
optimization finished, #iter = 11
Objective value = -0.110649
nSV = 39
done
/home/limjiayee/ims_wsd_emb/../se4/1-lexical-sample/processed/train/network.xml
network.n 152
.*
optimization finished, #iter = 17
Objective value = -0.446677
nSV = 116
.*
optimization finished, #iter = 18
Objective value = -0.341393
nSV = 109
.*
optimization finished, #iter = 17
Objective value = -0.386042
nSV = 108
done
/home/limjiayee/ims_wsd_emb/../se4/1-lexical-sample/processed/train/job.xml
job.n 188
.*
optimization finished, #iter = 16
Objective value = -0.659587
nSV = 140
.*
optimization finished, #iter = 14
Objective value = -0.587157
nSV = 135
.*
optimization finished, #iter = 15
Objective value = -0.169739
nSV = 66
done
/home/limjiayee/ims_wsd_emb/../se4/1-lexical-sample/processed/train/chance.xml
chance.n 91
.........*.**
optimization finished, #iter = 107
Objective value = -0.270792
nSV = 49
.*
optimization finished, #iter = 13
Objective value = -0.326917
nSV = 86
.........*.***
optimization finished, #iter = 109
Objective value = -0.539356
nSV = 85
.*
optimization finished, #iter = 11
Objective value = -0.051917
nSV = 46
done
/home/limjiayee/ims_wsd_emb/../se4/1-lexical-sample/processed/train/ask.xml
ask.v 348
..*
optimization finished, #iter = 25
Objective value = -1.219841
nSV = 246
..*
optimization finished, #iter = 23
Objective value = -1.298724
nSV = 252
*
optimization finished, #iter = 8
Objective value = -0.070098
nSV = 50
*
optimization finished, #iter = 9
Objective value = -0.054865
nSV = 40
.*
optimization finished, #iter = 15
Objective value = -0.143615
nSV = 87
.*
optimization finished, #iter = 12
Objective value = -0.101464
nSV = 58
done
/home/limjiayee/ims_wsd_emb/../se4/1-lexical-sample/processed/train/condition.xml
condition.n 132
.*
optimization finished, #iter = 13
Objective value = -0.312765
nSV = 84
done
/home/limjiayee/ims_wsd_emb/../se4/1-lexical-sample/processed/train/affect.xml
affect.v 45
done
/home/limjiayee/ims_wsd_emb/../se4/1-lexical-sample/processed/train/explain.xml
explain.v 85
.*
optimization finished, #iter = 13
Objective value = -0.198322
nSV = 59
done
/home/limjiayee/ims_wsd_emb/../se4/1-lexical-sample/processed/train/need.xml
need.v 195
..*
optimization finished, #iter = 28
Objective value = -0.654901
nSV = 159
done
/home/limjiayee/ims_wsd_emb/../se4/1-lexical-sample/processed/train/estimate.xml
estimate.v 74
done
/home/limjiayee/ims_wsd_emb/../se4/1-lexical-sample/processed/train/express.xml
express.v 47
done
/home/limjiayee/ims_wsd_emb/../se4/1-lexical-sample/processed/train/build.xml
build.v 119
.*
optimization finished, #iter = 14
Objective value = -0.461437
nSV = 103
.*
optimization finished, #iter = 15
Objective value = -0.457867
nSV = 109
.*
optimization finished, #iter = 12
Objective value = -0.135316
nSV = 67
done
/home/limjiayee/ims_wsd_emb/../se4/1-lexical-sample/processed/train/effect.xml
effect.n 178
.*
optimization finished, #iter = 13
Objective value = -0.403610
nSV = 110
.*
optimization finished, #iter = 14
Objective value = -0.365829
nSV = 101
*.
optimization finished, #iter = 10
Objective value = -0.057873
nSV = 47
done
/home/limjiayee/ims_wsd_emb/../se4/1-lexical-sample/processed/train/hope.xml
hope.v 103
done
/home/limjiayee/ims_wsd_emb/../se4/1-lexical-sample/processed/train/recall.xml
recall.v 49
*
optimization finished, #iter = 9
Objective value = -0.046977
nSV = 29
*
optimization finished, #iter = 8
Objective value = -0.033602
nSV = 26
*
optimization finished, #iter = 7
Objective value = -0.027364
nSV = 20
done
/home/limjiayee/ims_wsd_emb/../se4/1-lexical-sample/processed/train/drug.xml
drug.n 205
.*
optimization finished, #iter = 13
Objective value = -0.363482
nSV = 127
done
/home/limjiayee/ims_wsd_emb/../se4/1-lexical-sample/processed/train/carrier.xml
carrier.n 111
.*
optimization finished, #iter = 14
Objective value = -0.273389
nSV = 85
*
optimization finished, #iter = 9
Objective value = -0.029218
nSV = 29
.*
optimization finished, #iter = 13
Objective value = -0.036498
nSV = 33
.*
optimization finished, #iter = 11
Objective value = -0.149542
nSV = 70
*
optimization finished, #iter = 9
Objective value = -0.077078
nSV = 49
*.
optimization finished, #iter = 10
Objective value = -0.030951
nSV = 32
*.
optimization finished, #iter = 10
Objective value = -0.063881
nSV = 40
done
/home/limjiayee/ims_wsd_emb/../se4/1-lexical-sample/processed/train/plant.xml
plant.n 347
..*.
optimization finished, #iter = 30
Objective value = -0.329537
nSV = 117
done
/home/limjiayee/ims_wsd_emb/../se4/1-lexical-sample/processed/train/set.xml
set.v 174
.*
optimization finished, #iter = 15
Objective value = -0.527042
nSV = 120
.*
optimization finished, #iter = 14
Objective value = -0.528720
nSV = 137
.*
optimization finished, #iter = 18
Objective value = -0.741480
nSV = 158
.*
optimization finished, #iter = 15
Objective value = -0.644220
nSV = 141
.*
optimization finished, #iter = 12
Objective value = -0.174432
nSV = 72
*.
optimization finished, #iter = 10
Objective value = -0.071467
nSV = 43
.*
optimization finished, #iter = 11
Objective value = -0.060780
nSV = 51
.*
optimization finished, #iter = 15
Objective value = -0.111607
nSV = 51
*
optimization finished, #iter = 9
Objective value = -0.039283
nSV = 35
done
/home/limjiayee/ims_wsd_emb/../se4/1-lexical-sample/processed/train/prepare.xml
prepare.v 54
.*
optimization finished, #iter = 11
Objective value = -0.198439
nSV = 51
done
/home/limjiayee/ims_wsd_emb/../se4/1-lexical-sample/processed/train/fix.xml
fix.v 32
*.
optimization finished, #iter = 10
Objective value = -0.083465
nSV = 24
.*
optimization finished, #iter = 12
Objective value = -0.081078
nSV = 25
.*
optimization finished, #iter = 12
Objective value = -0.128899
nSV = 28
.
optimization finished, #iter = 11
Objective value = -0.137419
nSV = 32
.*
optimization finished, #iter = 11
Objective value = -0.064938
nSV = 23
done
/home/limjiayee/ims_wsd_emb/../se4/1-lexical-sample/processed/train/buy.xml
buy.v 164
.*
optimization finished, #iter = 17
Objective value = -0.663351
nSV = 128
.*
optimization finished, #iter = 16
Objective value = -0.478761
nSV = 113
.*
optimization finished, #iter = 13
Objective value = -0.095187
nSV = 59
*
optimization finished, #iter = 9
Objective value = -0.095767
nSV = 50
*
optimization finished, #iter = 8
Objective value = -0.032765
nSV = 26
done
/home/limjiayee/ims_wsd_emb/../se4/1-lexical-sample/processed/train/turn.xml
turn.v 340
.*
optimization finished, #iter = 15
Objective value = -0.731995
nSV = 181
.*
optimization finished, #iter = 15
Objective value = -0.475703
nSV = 166
..*
optimization finished, #iter = 21
Objective value = -1.416901
nSV = 251
.*
optimization finished, #iter = 19
Objective value = -0.354792
nSV = 137
*
optimization finished, #iter = 9
Objective value = -0.043748
nSV = 44
.*
optimization finished, #iter = 19
Objective value = -0.361776
nSV = 138
.*
optimization finished, #iter = 13
Objective value = -0.317727
nSV = 141
*
optimization finished, #iter = 8
Objective value = -0.036295
nSV = 41
.*.*
optimization finished, #iter = 21
Objective value = -0.213234
nSV = 102
*
optimization finished, #iter = 9
Objective value = -0.095204
nSV = 63
*
optimization finished, #iter = 9
Objective value = -0.088843
nSV = 67
.*
optimization finished, #iter = 19
Objective value = -0.407001
nSV = 154
*
optimization finished, #iter = 9
Objective value = -0.050158
nSV = 42
done
/home/limjiayee/ims_wsd_emb/../se4/1-lexical-sample/processed/train/avoid.xml
avoid.v 55
done
/home/limjiayee/ims_wsd_emb/../se4/1-lexical-sample/processed/train/remove.xml
remove.v 47
done
/home/limjiayee/ims_wsd_emb/../se4/1-lexical-sample/processed/train/begin.xml
begin.v 114
.*
optimization finished, #iter = 13
Objective value = -0.491611
nSV = 109
.*
optimization finished, #iter = 14
Objective value = -0.479259
nSV = 109
*
optimization finished, #iter = 9
Objective value = -0.035283
nSV = 38
*.
optimization finished, #iter = 10
Objective value = -0.051713
nSV = 31
done
/home/limjiayee/ims_wsd_emb/../se4/1-lexical-sample/processed/train/hold.xml
hold.v 129
.*
optimization finished, #iter = 15
Objective value = -0.514663
nSV = 121
.*
optimization finished, #iter = 17
Objective value = -0.386222
nSV = 102
.*
optimization finished, #iter = 14
Objective value = -0.313573
nSV = 91
.*
optimization finished, #iter = 12
Objective value = -0.250407
nSV = 89
*
optimization finished, #iter = 9
Objective value = -0.069813
nSV = 54
.*
optimization finished, #iter = 12
Objective value = -0.136197
nSV = 66
.*
optimization finished, #iter = 12
Objective value = -0.119260
nSV = 62
.*
optimization finished, #iter = 13
Objective value = -0.153108
nSV = 72
done
/home/limjiayee/ims_wsd_emb/../se4/1-lexical-sample/processed/train/point.xml
point.n 469
.*.**
optimization finished, #iter = 24
Objective value = -0.398104
nSV = 135
.*
optimization finished, #iter = 14
Objective value = -0.338526
nSV = 104
.*
optimization finished, #iter = 15
Objective value = -0.579147
nSV = 164
.*
optimization finished, #iter = 15
Objective value = -0.422268
nSV = 132
.*
optimization finished, #iter = 11
Objective value = -0.082349
nSV = 65
.*
optimization finished, #iter = 11
Objective value = -0.110807
nSV = 79
*.
optimization finished, #iter = 10
Objective value = -0.131133
nSV = 93
*.
optimization finished, #iter = 10
Objective value = -0.061797
nSV = 53
*
optimization finished, #iter = 9
Objective value = -0.034645
nSV = 46
done
/home/limjiayee/ims_wsd_emb/../se4/1-lexical-sample/processed/train/exchange.xml
exchange.n 363
..*
optimization finished, #iter = 27
Objective value = -0.665111
nSV = 188
.*.
optimization finished, #iter = 20
Objective value = -0.454301
nSV = 168
..*
optimization finished, #iter = 23
Objective value = -0.311337
nSV = 111
*.
optimization finished, #iter = 10
Objective value = -0.084304
nSV = 68
.*
optimization finished, #iter = 11
Objective value = -0.040314
nSV = 45
done
/home/limjiayee/ims_wsd_emb/../se4/1-lexical-sample/processed/train/announce.xml
announce.v 88
.*
optimization finished, #iter = 13
Objective value = -0.043231
nSV = 34
done
/home/limjiayee/ims_wsd_emb/../se4/1-lexical-sample/processed/train/end.xml
end.v 135
.*
optimization finished, #iter = 12
Objective value = -0.270806
nSV = 93
.*
optimization finished, #iter = 15
Objective value = -0.320785
nSV = 88
*
optimization finished, #iter = 9
Objective value = -0.072712
nSV = 47
.*
optimization finished, #iter = 11
Objective value = -0.154326
nSV = 68
done
/home/limjiayee/ims_wsd_emb/../se4/1-lexical-sample/processed/train/say.xml
say.v 2161
...**
optimization finished, #iter = 33
Objective value = -1.336510
nSV = 333
..*
optimization finished, #iter = 21
Objective value = -0.915759
nSV = 268
..*
optimization finished, #iter = 22
Objective value = -0.182141
nSV = 87
.*
optimization finished, #iter = 18
Objective value = -0.155201
nSV = 96
.*
optimization finished, #iter = 11
Objective value = -0.081699
nSV = 101
done
/home/limjiayee/ims_wsd_emb/../se4/1-lexical-sample/processed/train/replace.xml
replace.v 46
*
optimization finished, #iter = 9
Objective value = -0.056825
nSV = 30
done
/home/limjiayee/ims_wsd_emb/../se4/1-lexical-sample/processed/train/produce.xml
produce.v 115
.*
optimization finished, #iter = 12
Objective value = -0.173366
nSV = 78
done
/home/limjiayee/ims_wsd_emb/../se4/1-lexical-sample/processed/train/future.xml
future.n 350
.*
optimization finished, #iter = 12
Objective value = -0.286100
nSV = 101
.*
optimization finished, #iter = 12
Objective value = -0.241852
nSV = 90
*.
optimization finished, #iter = 10
Objective value = -0.071058
nSV = 69
done
/home/limjiayee/ims_wsd_emb/../se4/1-lexical-sample/processed/train/source.xml
source.n 152
.*
optimization finished, #iter = 12
Objective value = -0.263302
nSV = 108
.*
optimization finished, #iter = 16
Objective value = -0.399794
nSV = 103
.*
optimization finished, #iter = 18
Objective value = -0.236391
nSV = 88
...........................................................*.*
optimization finished, #iter = 604
Objective value = -3.583304
nSV = 92
..........................................................*.*
optimization finished, #iter = 594
Objective value = -3.548937
nSV = 70
done
/home/limjiayee/ims_wsd_emb/../se4/1-lexical-sample/processed/train/development.xml
development.n 180
.*
optimization finished, #iter = 13
Objective value = -0.365228
nSV = 108
.*
optimization finished, #iter = 13
Objective value = -0.116169
nSV = 74
.*
optimization finished, #iter = 13
Objective value = -0.299124
nSV = 102
done
./train_one.bash: error reading input file: Stale file handle
Command exited with non-zero status 2
2101.34user 1345.32system 32:26.32elapsed 177%CPU (0avgtext+0avgdata 16001852maxresident)k
7793624inputs+94208outputs (8199major+476138402minor)pagefaults 0swaps
