09, 09, 2017 5:02:32 PM net.didion.jwnl.util.MessageLog doLog
Installing Installing dictionary net.didion.jwnl.dictionary.FileBackedDictionary@c4437c4
/home/limjiayee/ims_wsd_emb/../se3/1-lexical-sample/processed/train/difficulty.xml
47
 47
.......................................................................................................................................................................................*.
finished, finished, #iter = 1843
value value = -4.143374
= = 50
.*
finished, finished, #iter = 15
value value = -0.163609
= = 48
..............................................................................................................................................................................*...*....*....
finished, finished, #iter = 1853
value value = -8.147843
= = 51
..........................................................................................................................................................*.**.**.*.**.*.**
finished, finished, #iter = 1606
value value = -4.064846
= = 43
done
/home/limjiayee/ims_wsd_emb/../se3/1-lexical-sample/processed/train/add.xml
264
 264
..................................................................................................................................................................................................................*.*.**.*.*.*
finished, finished, #iter = 2153
value value = -66.259341
= = 272
.................................................................................................................................................................................................*...........*.*.*
finished, finished, #iter = 2064
value value = -55.860908
= = 225
............................................................................................................................................................................................................**.**
finished, finished, #iter = 2053
value value = -14.564804
= = 201
.................................................................................................*.*.*.*.*...*
finished, finished, #iter = 1041
value value = -2.132084
= = 118
..........................................................................................................................................................*...*.**.*.*.**.
finished, finished, #iter = 1620
value value = -8.740213
= = 116
...............................................................................................*...*.*.*
finished, finished, #iter = 1007
value value = -2.017551
= = 45
..............................................................................................................*.***..**..**.**
finished, finished, #iter = 1163
value value = -4.681581
= = 47
done
/home/limjiayee/ims_wsd_emb/../se3/1-lexical-sample/processed/train/shelter.xml
198
 198
.....................................................................................................................................................................................................*..*.*.*.**.*.*.*
finished, finished, #iter = 2054
value value = -52.660033
= = 206
.......................................................................................................................................................................................................*...*.*.**
finished, finished, #iter = 2048
value value = -20.663483
= = 202
...........................................................................................................................................................................................................*..*
finished, finished, #iter = 2057
value value = -48.520125
= = 199
.*
finished, finished, #iter = 12
value value = -0.046652
= = 54
done
/home/limjiayee/ims_wsd_emb/../se3/1-lexical-sample/processed/train/image.xml
148
 148
.*
finished, finished, #iter = 19
value value = -0.418668
= = 116
............................................................................................*..*
finished, finished, #iter = 944
value value = -2.300552
= = 110
...............................................................................................................*....*..****.*..**
finished, finished, #iter = 1208
value value = -4.361085
= = 111
..............................................................................................................*.....*...**.***.***
finished, finished, #iter = 1208
value value = -2.123523
= = 65
.*
finished, finished, #iter = 16
value value = -0.113747
= = 71
.*
finished, finished, #iter = 11
value value = -0.030173
= = 30
.*
finished, finished, #iter = 14
value value = -0.082199
= = 73
done
/home/limjiayee/ims_wsd_emb/../se3/1-lexical-sample/processed/train/receive.xml
52
 52
.*
finished, finished, #iter = 12
value value = -0.039090
= = 29
.*
finished, finished, #iter = 16
value value = -0.164223
= = 49
.*
finished, finished, #iter = 13
value value = -0.070046
= = 40
.*
finished, finished, #iter = 11
value value = -0.022807
= = 19
.*
finished, finished, #iter = 12
value value = -0.038535
= = 18
.*
finished, finished, #iter = 17
value value = -0.044730
= = 20
done
/home/limjiayee/ims_wsd_emb/../se3/1-lexical-sample/processed/train/suspend.xml
128
 128
.*
finished, finished, #iter = 15
value value = -0.138450
= = 74
.............................................................................................................................................................................*..........*.*.*.*....*
finished, finished, #iter = 1903
value value = -4.441126
= = 116
...........................................................................................................................................................................................*..*.*.**.**.**.*
finished, finished, #iter = 1942
value value = -4.153728
= = 92
.*
finished, finished, #iter = 14
value value = -0.142354
= = 79
.*
finished, finished, #iter = 19
value value = -0.363249
= = 110
.*
finished, finished, #iter = 11
value value = -0.046941
= = 44
.*
finished, finished, #iter = 11
value value = -0.041780
= = 41
done
/home/limjiayee/ims_wsd_emb/../se3/1-lexical-sample/processed/train/decide.xml
123
 123
..*
finished, finished, #iter = 22
value value = -0.330027
= = 91
.*
finished, finished, #iter = 14
value value = -0.049025
= = 45
.*.
finished, finished, #iter = 20
value value = -0.322557
= = 90
done
/home/limjiayee/ims_wsd_emb/../se3/1-lexical-sample/processed/train/organization.xml
113
 113
..........................................................................................................................................*.*.**.*.**.**.
finished, finished, #iter = 1440
value value = -6.256391
= = 93
.................................................................................................................................*.......*..*.*.**..**
finished, finished, #iter = 1427
value value = -6.101240
= = 74
.*
finished, finished, #iter = 15
value value = -0.182242
= = 81
*
finished, finished, #iter = 9
value value = -0.023637
= = 40
done
/home/limjiayee/ims_wsd_emb/../se3/1-lexical-sample/processed/train/rule.xml
59
 59
.**.
finished, finished, #iter = 20
value value = -0.091146
= = 40
.*
finished, finished, #iter = 18
value value = -0.175781
= = 57
.*
finished, finished, #iter = 15
value value = -0.141152
= = 55
done
/home/limjiayee/ims_wsd_emb/../se3/1-lexical-sample/processed/train/eat.xml
186
 186
.........................................................................................................................................................................*..*.*..*..*.**.*
finished, finished, #iter = 1782
value value = -20.553338
= = 152
.*
finished, finished, #iter = 17
value value = -0.164018
= = 81
.....................................................................................................................................................................*.*..*.*.*..*.*.*.***.**.*
finished, finished, #iter = 1771
value value = -18.455790
= = 150
..................................................................*..*.*
finished, finished, #iter = 691
value value = -2.035626
= = 41
*.*
finished, finished, #iter = 12
value value = -0.034371
= = 39
done
/home/limjiayee/ims_wsd_emb/../se3/1-lexical-sample/processed/train/atmosphere.xml
161
 161
.......................................................................................................................................................................................................................*..*.**.**..***
finished, finished, #iter = 2217
value value = -62.464181
= = 191
.................................................................................................................................................................................................................*....*.*..**.*.**.*.***.***.*
finished, finished, #iter = 2221
value value = -66.624073
= = 196
.......................................................................................................................................................................................*.*..*.*.*..*.*.**
finished, finished, #iter = 1929
value value = -8.075581
= = 89
...........................................................................................................................................................**..*
finished, finished, #iter = 1578
value value = -4.199886
= = 116
.........................................................................................................................................................................................*....*..**.**..*.*.*
finished, finished, #iter = 1964
value value = -10.202569
= = 113
...........................................................................................................................................................*..*.*
finished, finished, #iter = 1585
value value = -2.043856
= = 62
done
/home/limjiayee/ims_wsd_emb/../se3/1-lexical-sample/processed/train/talk.xml
147
 147
..*
finished, finished, #iter = 22
value value = -0.499301
= = 112
.*
finished, finished, #iter = 12
value value = -0.034874
= = 20
*
finished, finished, #iter = 8
value value = -0.031037
= = 21
.*
finished, finished, #iter = 14
value value = -0.250632
= = 82
.*
finished, finished, #iter = 16
value value = -0.095594
= = 41
.*
finished, finished, #iter = 11
value value = -0.042229
= = 22
.*
finished, finished, #iter = 17
value value = -0.079911
= = 40
.*
finished, finished, #iter = 12
value value = -0.061694
= = 42
.*
finished, finished, #iter = 17
value value = -0.079966
= = 43
*
finished, finished, #iter = 9
value value = -0.029505
= = 22
done
/home/limjiayee/ims_wsd_emb/../se3/1-lexical-sample/processed/train/miss.xml
58
 58
.*
finished, finished, #iter = 14
value value = -0.137592
= = 45
.*
finished, finished, #iter = 15
value value = -0.163825
= = 52
.*
finished, finished, #iter = 15
value value = -0.155549
= = 47
.*
finished, finished, #iter = 11
value value = -0.029443
= = 21
.*
finished, finished, #iter = 12
value value = -0.082354
= = 38
.*
finished, finished, #iter = 14
value value = -0.172063
= = 50
done
/home/limjiayee/ims_wsd_emb/../se3/1-lexical-sample/processed/train/difference.xml
232
 232
.............................................................................................................................................................................................................*..*.*.*.
finished, finished, #iter = 2100
value value = -20.449383
= = 169
.............................................................................................................................................................................*......*.*
finished, finished, #iter = 1801
value value = -6.444147
= = 164
...................................................................................................................................................................................................................*.**..*.**.***.*
finished, finished, #iter = 2177
value value = -32.548219
= = 185
........................................................................................................................................................................................................................*..*...*.*
finished, finished, #iter = 2223
value value = -38.838848
= = 225
....................................................................................................................................................................................................*...*....**..*.*
finished, finished, #iter = 2069
value value = -10.356140
= = 150
....................................................................................................................................................................*....*...*....*.**..*.***.*
finished, finished, #iter = 1801
value value = -6.028209
= = 53
done
/home/limjiayee/ims_wsd_emb/../se3/1-lexical-sample/processed/train/use.xml
26
 26
.
finished, finished, #iter = 10
value value = -0.085093
= = 26
.*
finished, finished, #iter = 13
value value = -0.031761
= = 19
.
finished, finished, #iter = 13
value value = -0.105229
= = 26
*
finished, finished, #iter = 9
value value = -0.026093
= = 12
*
finished, finished, #iter = 9
value value = -0.031352
= = 9
done
/home/limjiayee/ims_wsd_emb/../se3/1-lexical-sample/processed/train/degree.xml
258
 258
.*
finished, finished, #iter = 16
value value = -0.317212
= = 145
.............................................................................................................................................................................................................................*....*
finished, finished, #iter = 2255
value value = -58.789441
= = 266
........................................................................................................................................................................................................................*.......*.....***.***.***.*
finished, finished, #iter = 2311
value value = -48.423777
= = 227
.*
finished, finished, #iter = 13
value value = -0.067054
= = 68
......................................................................................................................................................................................*..*.*.*.*
finished, finished, #iter = 1871
value value = -22.130292
= = 168
.*
finished, finished, #iter = 11
value value = -0.025894
= = 41
.*
finished, finished, #iter = 14
value value = -0.061845
= = 73
done
/home/limjiayee/ims_wsd_emb/../se3/1-lexical-sample/processed/train/disc.xml
207
 207
.................................................................................................................................................................................*.......*...**...*.*
finished, finished, #iter = 1913
value value = -19.212343
= = 189
.................................................................................................................................................................................................................................................................................................................................*.**
finished, finished, #iter = 3229
value value = -45.206589
= = 190
.......................................................................................................................................................................................................................................................................................................................*.......*.*.*.*.**
finished, finished, #iter = 3227
value value = -30.955186
= = 156
............................................................................................................................................................................*..*.*.*.*.*..**.***.*.***.**
finished, finished, #iter = 1849
value value = -10.390293
= = 157
...............................................................................................................**..*.**
finished, finished, #iter = 1145
value value = -4.093217
= = 79
done
/home/limjiayee/ims_wsd_emb/../se3/1-lexical-sample/processed/train/different.xml
106
 106
............................................................................................................................................................*......*..*.*.*...*.**.*..*
finished, finished, #iter = 1735
value value = -8.567945
= = 111
........................................................................................................................................................................*.**.**.*.*.**.**
finished, finished, #iter = 1749
value value = -6.391099
= = 104
.....................................................................................................................................................................................**......*..**..*.*.**.***.*
finished, finished, #iter = 1951
value value = -4.301253
= = 96
................................................................................................................*......*.*.**.*.**.*
finished, finished, #iter = 1232
value value = -4.077903
= = 50
.....................................................................................................................................................................................*.*..*...**.*.***..*.**.**.***
finished, finished, #iter = 1949
value value = -2.141881
= = 77
*
finished, finished, #iter = 8
value value = -0.036658
= = 17
done
/home/limjiayee/ims_wsd_emb/../se3/1-lexical-sample/processed/train/party.xml
252
 252
.......................................................................................................................................................................................*..*.**.*.*
finished, finished, #iter = 1881
value value = -12.240093
= = 94
.........................................................................................................................................................................................*....**.**
finished, finished, #iter = 1906
value value = -26.383862
= = 150
.....................................................................................................................................................................*......**.*...**..**.*.***.*.**
finished, finished, #iter = 1815
value value = -22.151372
= = 107
............................................................................................................................................................................*..*..*
finished, finished, #iter = 1763
value value = -6.517305
= = 186
...................................................................................*
finished, finished, #iter = 837
value value = -2.198717
= = 91
.*
finished, finished, #iter = 16
value value = -0.276060
= = 145
done
/home/limjiayee/ims_wsd_emb/../se3/1-lexical-sample/processed/train/treat.xml
113
 113
.............................................................................................*..*.*..*
finished, finished, #iter = 981
value value = -2.114629
= = 57
...........................................................................................*.*.....*
finished, finished, #iter = 971
value value = -2.128030
= = 63
.*
finished, finished, #iter = 14
value value = -0.069209
= = 46
..*
finished, finished, #iter = 21
value value = -0.463508
= = 103
.*
finished, finished, #iter = 17
value value = -0.378857
= = 103
.*
finished, finished, #iter = 12
value value = -0.078211
= = 56
.*
finished, finished, #iter = 16
value value = -0.125574
= = 61
.*
finished, finished, #iter = 13
value value = -0.088434
= = 51
.*
finished, finished, #iter = 11
value value = -0.049449
= = 26
done
/home/limjiayee/ims_wsd_emb/../se3/1-lexical-sample/processed/train/argument.xml
226
 226
.............................................................................................................................................................................................................*...**.**.**.*
finished, finished, #iter = 2111
value value = -55.367339
= = 276
...............................................................................................................................................................................................................*.*.*.*..*.***.**.**
finished, finished, #iter = 2154
value value = -86.014403
= = 274
..........................................................................................................................................................................*......***.***.*
finished, finished, #iter = 1781
value value = -25.530016
= = 185
......................................................................................................................................................................................................*.*.**.*.**.*.**.*
finished, finished, #iter = 2052
value value = -50.104570
= = 233
........................................................................................................................................................................................*..*...**
finished, finished, #iter = 1897
value value = -22.770190
= = 137
.....................................................*.*
finished, finished, #iter = 545
value value = -2.749118
= = 78
done
/home/limjiayee/ims_wsd_emb/../se3/1-lexical-sample/processed/train/encounter.xml
131
 131
.*.
finished, finished, #iter = 20
value value = -0.388888
= = 118
.*
finished, finished, #iter = 17
value value = -0.333881
= = 115
*
finished, finished, #iter = 9
value value = -0.024639
= = 28
.*
finished, finished, #iter = 15
value value = -0.111464
= = 68
done
/home/limjiayee/ims_wsd_emb/../se3/1-lexical-sample/processed/train/climb.xml
135
 135
......................................................................................................*..*.*.*.**
finished, finished, #iter = 1077
value value = -4.526334
= = 132
.............................................................................................................................................................*..*
finished, finished, #iter = 1593
value value = -6.537335
= = 128
.*
finished, finished, #iter = 14
value value = -0.058012
= = 49
...............................................................................................................................................................*...**.**.*.*..*
finished, finished, #iter = 1674
value value = -2.114201
= = 64
*.
finished, finished, #iter = 10
value value = -0.072403
= = 42
.*
finished, finished, #iter = 12
value value = -0.062400
= = 51
done
/home/limjiayee/ims_wsd_emb/../se3/1-lexical-sample/processed/train/interest.xml
188
 188
.*
finished, finished, #iter = 19
value value = -0.400818
= = 141
.....................................................................................................*....*.**
finished, finished, #iter = 1065
value value = -4.133990
= = 86
....................................................................................................................................................................................*.*....*.**..*.*....*..***.*.***.*
finished, finished, #iter = 1983
value value = -2.172023
= = 88
...................................................................................................................................................................................*..........*.*.*...***..**.***.**
finished, finished, #iter = 1988
value value = -2.154933
= = 76
........................................................................................................*.*.*.**.*
finished, finished, #iter = 1083
value value = -4.514423
= = 151
.*
finished, finished, #iter = 17
value value = -0.372935
= = 131
.*
finished, finished, #iter = 15
value value = -0.064449
= = 53
.*
finished, finished, #iter = 14
value value = -0.047159
= = 41
done
/home/limjiayee/ims_wsd_emb/../se3/1-lexical-sample/processed/train/paper.xml
244
 244
....................................................................................................................................................*....**.**.***.*
finished, finished, #iter = 1551
value value = -10.143362
= = 99
........................................................................................................................................................................*..*.**.*.***.*.**
finished, finished, #iter = 1755
value value = -18.618365
= = 220
..................................................................................................................................................................................................*..*.*.*.*.
finished, finished, #iter = 2000
value value = -40.349500
= = 193
.......................................................................................................................................................................................*...*.*...*..*.*.*.
finished, finished, #iter = 1950
value value = -26.435174
= = 187
...................................................................................................................................................................................................*..*.*..*.*.*.**.*.***.*
finished, finished, #iter = 2061
value value = -30.202869
= = 172
.....................................................................................................................................................................*.*..*.*.**..**.*
finished, finished, #iter = 1735
value value = -20.223832
= = 166
...............................................................................................................................................................................................*.*.*
finished, finished, #iter = 1931
value value = -40.537786
= = 223
.........................................................................................................................................................................*..**.**.***
finished, finished, #iter = 1737
value value = -24.326468
= = 192
done
/home/limjiayee/ims_wsd_emb/../se3/1-lexical-sample/processed/train/watch.xml
100
 100
.*
finished, finished, #iter = 17
value value = -0.344663
= = 96
*.
finished, finished, #iter = 10
value value = -0.049873
= = 43
.*
finished, finished, #iter = 16
value value = -0.116670
= = 45
.*
finished, finished, #iter = 16
value value = -0.235831
= = 77
.*
finished, finished, #iter = 12
value value = -0.054792
= = 35
.*
finished, finished, #iter = 12
value value = -0.073512
= = 38
done
/home/limjiayee/ims_wsd_emb/../se3/1-lexical-sample/processed/train/expect.xml
156
 156
................................................................................................................................................................................................*.**..*.*.*
finished, finished, #iter = 1975
value value = -42.679069
= = 171
.........................................................................................................................................................................................*......*...*
finished, finished, #iter = 1944
value value = -42.626856
= = 168
*
finished, finished, #iter = 9
value value = -0.032885
= = 25
.*
finished, finished, #iter = 14
value value = -0.037165
= = 32
done
/home/limjiayee/ims_wsd_emb/../se3/1-lexical-sample/processed/train/provide.xml
140
 140
..**
finished, finished, #iter = 23
value value = -0.290736
= = 98
.*
finished, finished, #iter = 16
value value = -0.130966
= = 54
.*
finished, finished, #iter = 19
value value = -0.165307
= = 81
.*
finished, finished, #iter = 18
value value = -0.111864
= = 67
.*
finished, finished, #iter = 13
value value = -0.029729
= = 38
done
/home/limjiayee/ims_wsd_emb/../se3/1-lexical-sample/processed/train/hear.xml
63
 63
.*.
finished, finished, #iter = 20
value value = -0.338481
= = 62
.*
finished, finished, #iter = 14
value value = -0.037933
= = 24
.
finished, finished, #iter = 19
value value = -0.317463
= = 63
.*
finished, finished, #iter = 14
value value = -0.074530
= = 33
.*
finished, finished, #iter = 18
value value = -0.066570
= = 40
.*
finished, finished, #iter = 13
value value = -0.048907
= = 19
done
/home/limjiayee/ims_wsd_emb/../se3/1-lexical-sample/processed/train/ask.xml
264
 264
....................................................................................................................................................................................................*..***.*.*.**.**.*.*.*
finished, finished, #iter = 2052
value value = -26.338680
= = 179
.............................................................................................................................................................................................*...*....*
finished, finished, #iter = 1969
value value = -32.633015
= = 230
.........................................................................................................................................................................................*..*.*.*
finished, finished, #iter = 1898
value value = -14.368325
= = 160
..............................................................................................................................................................................................................*...**....*.***
finished, finished, #iter = 2148
value value = -78.145375
= = 278
.................................................................................................................................................................................................................*...**..*.*
finished, finished, #iter = 2151
value value = -67.948600
= = 268
...................................................................................*..**.**.*.****.**.*
finished, finished, #iter = 901
value value = -13.249991
= = 116
.*
finished, finished, #iter = 15
value value = -0.239758
= = 113
done
/home/limjiayee/ims_wsd_emb/../se3/1-lexical-sample/processed/train/important.xml
36
 36
.......................................................................................................................................................*.
finished, finished, #iter = 1527
value value = -16.775062
= = 47
.....................................................................................................................................................*.*.*.**.*.*.**
finished, finished, #iter = 1557
value value = -10.775730
= = 44
.................................................................................................................................................*..
finished, finished, #iter = 1473
value value = -12.777984
= = 47
...................................................................................................................................................*.**.*.*
finished, finished, #iter = 1504
value value = -2.043423
= = 36
..............................................................................*.........*...*.**
finished, finished, #iter = 917
value value = -2.004543
= = 17
*
finished, finished, #iter = 9
value value = -0.024028
= = 22
done
/home/limjiayee/ims_wsd_emb/../se3/1-lexical-sample/processed/train/write.xml
45
 45
.*
finished, finished, #iter = 15
value value = -0.093123
= = 40
.*
finished, finished, #iter = 13
value value = -0.061271
= = 28
.*
finished, finished, #iter = 14
value value = -0.119005
= = 38
.*
finished, finished, #iter = 16
value value = -0.154644
= = 41
done
/home/limjiayee/ims_wsd_emb/../se3/1-lexical-sample/processed/train/express.xml
112
 112
.................................................................................................................................................**.....*.**
finished, finished, #iter = 1519
value value = -2.335014
= = 102
.*.
finished, finished, #iter = 20
value value = -0.426666
= = 108
................................................................................................................................................**.*..*..*.*.*.
finished, finished, #iter = 1520
value value = -2.145209
= = 85
.*
finished, finished, #iter = 13
value value = -0.047072
= = 36
*
finished, finished, #iter = 8
value value = -0.018729
= = 24
done
/home/limjiayee/ims_wsd_emb/../se3/1-lexical-sample/processed/train/operate.xml
35
 35
.*
finished, finished, #iter = 16
value value = -0.126579
= = 33
.*
finished, finished, #iter = 13
value value = -0.083958
= = 28
.*
finished, finished, #iter = 15
value value = -0.130473
= = 32
done
/home/limjiayee/ims_wsd_emb/../se3/1-lexical-sample/processed/train/activate.xml
235
 235
.........................................................................................................................................................................................................................................................*.*.**.**.**.**.***.*
finished, finished, #iter = 2569
value value = -94.659533
= = 259
............................................................................................................................................................................................................................................*.......**.*..*.**.***.*..***.*
finished, finished, #iter = 2522
value value = -42.340074
= = 183
......................................................................................................................................................................................................................................*.*.*..*.*.**.**.***.*
finished, finished, #iter = 2393
value value = -56.339483
= = 217
.*
finished, finished, #iter = 14
value value = -0.162868
= = 83
....................................................................................................................................................*..**.*..***.*.**
finished, finished, #iter = 1555
value value = -4.018068
= = 50
done
/home/limjiayee/ims_wsd_emb/../se3/1-lexical-sample/processed/train/lose.xml
73
 73
.*
finished, finished, #iter = 18
value value = -0.145015
= = 61
.*
finished, finished, #iter = 19
value value = -0.283322
= = 72
.*
finished, finished, #iter = 14
value value = -0.163690
= = 63
.*
finished, finished, #iter = 14
value value = -0.117912
= = 50
*.
finished, finished, #iter = 10
value value = -0.031329
= = 18
*.
finished, finished, #iter = 10
value value = -0.042377
= = 31
.*
finished, finished, #iter = 15
value value = -0.075890
= = 40
*
finished, finished, #iter = 7
value value = -0.025136
= = 13
.*
finished, finished, #iter = 11
value value = -0.047954
= = 31
done
/home/limjiayee/ims_wsd_emb/../se3/1-lexical-sample/processed/train/note.xml
133
 133
...........................................................................................................................................................................*....*.....*..*.*
finished, finished, #iter = 1835
value value = -4.148362
= = 83
...............................................................................................................................................................................*....*.**.*
finished, finished, #iter = 1815
value value = -4.575305
= = 131
..*
finished, finished, #iter = 26
value value = -0.620202
= = 128
done
/home/limjiayee/ims_wsd_emb/../se3/1-lexical-sample/processed/train/sort.xml
191
 191
......................................................................................................................................................................................................*.*....**..***.*
finished, finished, #iter = 2067
value value = -80.693263
= = 221
........................................................................................................................................................*...*......*.*
finished, finished, #iter = 1622
value value = -4.309144
= = 154
...................................................................................................................................................................................................*....*.....*..*.**
finished, finished, #iter = 2078
value value = -76.496435
= = 208
.*
finished, finished, #iter = 11
value value = -0.066896
= = 57
.*
finished, finished, #iter = 14
value value = -0.050830
= = 38
done
/home/limjiayee/ims_wsd_emb/../se3/1-lexical-sample/processed/train/plan.xml
172
 172
..........................................................................................................................................................................................................*...*...**..*.***.**.*
finished, finished, #iter = 2132
value value = -36.519064
= = 165
...............................................................................................................................................................................................................*..*.***..*
finished, finished, #iter = 2122
value value = -28.297313
= = 155
...........................................................................................................................................................*...*.*.***.*
finished, finished, #iter = 1619
value value = -8.388940
= = 124
........................................................................................................*.*.*.*.*.*
finished, finished, #iter = 1092
value value = -4.157353
= = 68
done
/home/limjiayee/ims_wsd_emb/../se3/1-lexical-sample/processed/train/win.xml
80
 80
*.
finished, finished, #iter = 10
value value = -0.032419
= = 26
.*
finished, finished, #iter = 18
value value = -0.204473
= = 67
............................................................................................................................................*.....*.*..*..**.**.****.
finished, finished, #iter = 1530
value value = -2.064395
= = 44
.............................................................................................................................................*..*...*.*..*.**.*.****.*
finished, finished, #iter = 1534
value value = -2.041095
= = 47
.*
finished, finished, #iter = 17
value value = -0.306978
= = 77
.*
finished, finished, #iter = 18
value value = -0.327216
= = 79
done
/home/limjiayee/ims_wsd_emb/../se3/1-lexical-sample/processed/train/audience.xml
204
 204
..............................................................................................................................................................................................................*.....*....*.*.*.*.**
finished, finished, #iter = 2198
value value = -56.425521
= = 193
...................................................................................................................................................................................................................*....**
finished, finished, #iter = 2159
value value = -58.447810
= = 202
............................................................................................................................................*...*...*..*.**.**.*.****.**
finished, finished, #iter = 1536
value value = -10.066992
= = 96
.*
finished, finished, #iter = 14
value value = -0.069748
= = 85
...............................................................................................................................................................*.*..**...*.*
finished, finished, #iter = 1662
value value = -4.012713
= = 55
done
/home/limjiayee/ims_wsd_emb/../se3/1-lexical-sample/processed/train/mean.xml
82
 82
.*
finished, finished, #iter = 19
value value = -0.267043
= = 66
*.
finished, finished, #iter = 10
value value = -0.031161
= = 24
.*
finished, finished, #iter = 18
value value = -0.195500
= = 51
.*
finished, finished, #iter = 13
value value = -0.079319
= = 44
.*
finished, finished, #iter = 12
value value = -0.075168
= = 42
.*
finished, finished, #iter = 14
value value = -0.056756
= = 45
.*
finished, finished, #iter = 15
value value = -0.069511
= = 31
done
/home/limjiayee/ims_wsd_emb/../se3/1-lexical-sample/processed/train/smell.xml
112
 112
............................................................................................................................................*..*..*.**.*.**.**..**.***.*.***.*
finished, finished, #iter = 1547
value value = -4.134017
= = 65
.........................................................................................................................................*.....*.*.*.**..**
finished, finished, #iter = 1477
value value = -4.050177
= = 40
.................................................................................................................................................................*.*......**
finished, finished, #iter = 1686
value value = -6.426797
= = 107
............................................................................................................................................*...*.*.*
finished, finished, #iter = 1459
value value = -2.415381
= = 104
..................................................................................................................................................................**...**..*.*
finished, finished, #iter = 1686
value value = -4.099242
= = 61
.*
finished, finished, #iter = 11
value value = -0.101571
= = 28
done
/home/limjiayee/ims_wsd_emb/../se3/1-lexical-sample/processed/train/arm.xml
275
 275
.................................................................................................................................................*.**.*
finished, finished, #iter = 1474
value value = -8.495766
= = 167
.*
finished, finished, #iter = 18
value value = -0.253134
= = 115
.*.
finished, finished, #iter = 20
value value = -0.117686
= = 90
.*
finished, finished, #iter = 14
value value = -0.123101
= = 77
................................................................................................................................................*....*
finished, finished, #iter = 1485
value value = -8.148412
= = 108
.*
finished, finished, #iter = 13
value value = -0.075562
= = 53
done
/home/limjiayee/ims_wsd_emb/../se3/1-lexical-sample/processed/train/performance.xml
175
 175
........................................................................................................................................................................................***.
finished, finished, #iter = 1850
value value = -22.528952
= = 169
.........................................................................................................................................................................................*..*..*.*.*.***.***.**.****
finished, finished, #iter = 1958
value value = -20.393867
= = 155
..........................................................................................................................................................**.*.*.*.*
finished, finished, #iter = 1581
value value = -8.482992
= = 159
.....................................................................................**.*.**.
finished, finished, #iter = 880
value value = -2.101230
= = 78
...........................................................................................................................................................*..*.*.**.**.***.*
finished, finished, #iter = 1627
value value = -6.281912
= = 138
.......................................................................................................................................................*...*...***..**..***
finished, finished, #iter = 1619
value value = -10.233688
= = 128
done
/home/limjiayee/ims_wsd_emb/../se3/1-lexical-sample/processed/train/judgment.xml
63
 63
.*
finished, finished, #iter = 18
value value = -0.252565
= = 59
.*
finished, finished, #iter = 16
value value = -0.093926
= = 53
.*
finished, finished, #iter = 18
value value = -0.187691
= = 56
.*
finished, finished, #iter = 13
value value = -0.071385
= = 41
.*
finished, finished, #iter = 12
value value = -0.073544
= = 41
.*
finished, finished, #iter = 16
value value = -0.186835
= = 57
*
finished, finished, #iter = 9
value value = -0.029295
= = 13
done
/home/limjiayee/ims_wsd_emb/../se3/1-lexical-sample/processed/train/solid.xml
58
 58
.*
finished, finished, #iter = 12
value value = -0.117339
= = 57
...........................................................................................................................................................................................*.*.*.*.*..*.*.*
finished, finished, #iter = 1954
value value = -6.122926
= = 58
..............................................................................................................................................*.....*.*..*.*.*.**.*
finished, finished, #iter = 1549
value value = -4.156817
= = 60
.*
finished, finished, #iter = 11
value value = -0.080512
= = 43
..................................................................................................................................................................................*......*..*...*.*
finished, finished, #iter = 1905
value value = -4.077451
= = 48
.*
finished, finished, #iter = 14
value value = -0.096935
= = 50
.*
finished, finished, #iter = 14
value value = -0.061409
= = 45
*.
finished, finished, #iter = 10
value value = -0.022845
= = 29
.......................................................................................................................................*.....*....*..*..****.*
finished, finished, #iter = 1492
value value = -2.026015
= = 37
.............................................................................................*.*.***.**
finished, finished, #iter = 965
value value = -2.069822
= = 40
......................................................................................*.*..**..*
finished, finished, #iter = 917
value value = -2.023641
= = 25
.*
finished, finished, #iter = 11
value value = -0.056170
= = 43
done
/home/limjiayee/ims_wsd_emb/../se3/1-lexical-sample/processed/train/wash.xml
66
 66
.*
finished, finished, #iter = 15
value value = -0.062422
= = 35
.*
finished, finished, #iter = 15
value value = -0.209442
= = 51
.*.*
finished, finished, #iter = 22
value value = -0.380074
= = 64
.*
finished, finished, #iter = 13
value value = -0.041223
= = 23
.*
finished, finished, #iter = 17
value value = -0.072402
= = 33
.*
finished, finished, #iter = 14
value value = -0.070373
= = 37
.*
finished, finished, #iter = 14
value value = -0.102693
= = 27
.*
finished, finished, #iter = 15
value value = -0.059508
= = 29
*
finished, finished, #iter = 9
value value = -0.042104
= = 23
done
/home/limjiayee/ims_wsd_emb/../se3/1-lexical-sample/processed/train/remain.xml
141
 141
.*
finished, finished, #iter = 17
value value = -0.255279
= = 95
.*
finished, finished, #iter = 17
value value = -0.341249
= = 112
.*
finished, finished, #iter = 14
value value = -0.074290
= = 55
*
finished, finished, #iter = 9
value value = -0.065783
= = 30
done
/home/limjiayee/ims_wsd_emb/../se3/1-lexical-sample/processed/train/begin.xml
186
 186
..........................................................................*......*
finished, finished, #iter = 805
value value = -2.116593
= = 86
................................................................................................................................................................................................*......*..*.*.*.*
finished, finished, #iter = 2031
value value = -40.875416
= = 199
....................................................................................................................................................................*.***..**.**.**.***
finished, finished, #iter = 1709
value value = -14.432244
= = 143
........................................................................................................................................................................................................*..*.**.*.*.*.***.*.*
finished, finished, #iter = 2094
value value = -38.698432
= = 189
..................................................................................................................................*....**.**
finished, finished, #iter = 1359
value value = -6.428308
= = 111
done
/home/limjiayee/ims_wsd_emb/../se3/1-lexical-sample/processed/train/bank.xml
271
 271
..........................................................................................................................................................................................*..*.***.*.*.**.*
finished, finished, #iter = 1932
value value = -18.483917
= = 177
...........................................................................................................................................................................*.*.*.**.**
finished, finished, #iter = 1756
value value = -2.195376
= = 106
.*
finished, finished, #iter = 17
value value = -0.117711
= = 92
...................................................................................................................................................................*..*..**.*
finished, finished, #iter = 1681
value value = -6.391064
= = 151
.*
finished, finished, #iter = 14
value value = -0.101155
= = 88
............................................................................................................................................................................................*.**.*...**.
finished, finished, #iter = 1940
value value = -18.318888
= = 151
..............................................................................*..*.**
finished, finished, #iter = 818
value value = -2.091732
= = 75
.*
finished, finished, #iter = 13
value value = -0.046278
= = 70
...............................................................................*...**.*.*.*.****.
finished, finished, #iter = 870
value value = -2.007867
= = 31
*
finished, finished, #iter = 9
value value = -0.030780
= = 36
done
/home/limjiayee/ims_wsd_emb/../se3/1-lexical-sample/processed/train/hot.xml
87
 87
.*
finished, finished, #iter = 12
value value = -0.047588
= = 40
.*
finished, finished, #iter = 14
value value = -0.116686
= = 40
.........................................................................................................................................................................................*..*.*..**..***.**.*
finished, finished, #iter = 1946
value value = -4.291165
= = 85
.................................................................................................................................................................................*.*............*...**.*.**
finished, finished, #iter = 1957
value value = -4.059693
= = 47
.*
finished, finished, #iter = 13
value value = -0.081596
= = 49
*
finished, finished, #iter = 8
value value = -0.025483
= = 19
.*
finished, finished, #iter = 18
value value = -0.053974
= = 40
.*
finished, finished, #iter = 13
value value = -0.041997
= = 33
*
finished, finished, #iter = 8
value value = -0.023832
= = 24
done
/home/limjiayee/ims_wsd_emb/../se3/1-lexical-sample/processed/train/simple.xml
36
 36
.
finished, finished, #iter = 12
value value = -0.153356
= = 39
................................................................................................................................................................................*..
finished, finished, #iter = 1783
value value = -8.112213
= = 40
.................................................................................................................................................................*..............*...*...*.*.*.*.*.**.*.***.**
finished, finished, #iter = 1898
value value = -8.054767
= = 36
.**
finished, finished, #iter = 15
value value = -0.081246
= = 31
.*
finished, finished, #iter = 11
value value = -0.029669
= = 17
done
/home/limjiayee/ims_wsd_emb/../se3/1-lexical-sample/processed/train/appear.xml
267
 267
..................................................................................................................................................................................................*.*..*..*..*.**.*.*
finished, finished, #iter = 2041
value value = -4.549113
= = 192
.........................................................................................................................................................................................................*...**.
finished, finished, #iter = 2050
value value = -26.661969
= = 208
....................................................................................................................................................................................*.*...**.*.**.*
finished, finished, #iter = 1873
value value = -20.366451
= = 161
.........................................................................................*.*.*.*.***.**
finished, finished, #iter = 946
value value = -2.005811
= = 17
done
/home/limjiayee/ims_wsd_emb/../se3/1-lexical-sample/processed/train/produce.xml
187
 187
................................................................................................................................................................*......*.***.**
finished, finished, #iter = 1687
value value = -4.514353
= = 153
..................................................................................................................................................................*....**...*
finished, finished, #iter = 1692
value value = -4.087361
= = 91
.*
finished, finished, #iter = 17
value value = -0.496875
= = 151
.*
finished, finished, #iter = 16
value value = -0.174681
= = 98
.*
finished, finished, #iter = 15
value value = -0.055921
= = 52
done
/home/limjiayee/ims_wsd_emb/../se3/1-lexical-sample/processed/train/play.xml
109
 109
.*
finished, finished, #iter = 14
value value = -0.139936
= = 54
.*
finished, finished, #iter = 11
value value = -0.068885
= = 45
.*
finished, finished, #iter = 14
value value = -0.221456
= = 73
*
finished, finished, #iter = 8
value value = -0.030095
= = 27
.*
finished, finished, #iter = 13
value value = -0.118303
= = 56
.*
finished, finished, #iter = 18
value value = -0.341802
= = 99
.*
finished, finished, #iter = 15
value value = -0.126961
= = 68
.*
finished, finished, #iter = 11
value value = -0.063858
= = 37
.*
finished, finished, #iter = 14
value value = -0.148965
= = 61
.*
finished, finished, #iter = 16
value value = -0.131895
= = 59
done
/home/limjiayee/ims_wsd_emb/../se3/1-lexical-sample/processed/train/source.xml
66
 66
.................................................................................................................................................................................*..**.*.**..**.***.
finished, finished, #iter = 1850
value value = -10.269460
= = 72
.........................................................................................................................................................................................**...*...*
finished, finished, #iter = 1914
value value = -2.147933
= = 61
...................................................................................................................................................................................*.....*..**.*.*.**.***.***
finished, finished, #iter = 1919
value value = -4.097307
= = 49
...................................................................................................................................................................................*.*.*..**.*.*.***.*.*.**
finished, finished, #iter = 1899
value value = -2.059385
= = 38
.................................................................................................................................................................................*.*........*.*.*.*.*.*
finished, finished, #iter = 1919
value value = -6.043832
= = 42
.....................................................................................................................................................................................*...*.**.*.*
finished, finished, #iter = 1875
value value = -10.083179
= = 64
............................................................*.**.*.**
finished, finished, #iter = 636
value value = -2.053284
= = 45
.*
finished, finished, #iter = 13
value value = -0.091592
= = 55
done
392 392.31system 4:10:46elapsed 122%CPU (0avgtext+0avgdata 32412248maxresident)k
(0major+11907888minor)pagefaults (0major+11907888minor)pagefaults 0swaps
