Nov 06, 2017 2:02:26 AM net.didion.jwnl.util.MessageLog doLog
INFO: Installing dictionary net.didion.jwnl.dictionary.FileBackedDictionary@c4437c4
/home/limjiayee/ims_wsd_emb/../se4/1-lexical-sample/processed/train/state.xml
state.n 617
.**
optimization finished, #iter = 16
Objective value = -0.326363
nSV = 168
....*
optimization finished, #iter = 43
Objective value = -1.076766
nSV = 305
....*
optimization finished, #iter = 43
Objective value = -0.958408
nSV = 281
done
/home/limjiayee/ims_wsd_emb/../se4/1-lexical-sample/processed/train/complete.xml
complete.v 42
*
optimization finished, #iter = 9
Objective value = -0.028838
nSV = 16
done
/home/limjiayee/ims_wsd_emb/../se4/1-lexical-sample/processed/train/see.xml
see.v 158
.**
optimization finished, #iter = 16
Objective value = -0.495811
nSV = 134
.*
optimization finished, #iter = 17
Objective value = -0.744374
nSV = 151
.*
optimization finished, #iter = 12
Objective value = -0.106289
nSV = 41
.*
optimization finished, #iter = 19
Objective value = -0.588153
nSV = 136
.*
optimization finished, #iter = 14
Objective value = -0.167723
nSV = 85
.*
optimization finished, #iter = 11
Objective value = -0.065990
nSV = 44
done
/home/limjiayee/ims_wsd_emb/../se4/1-lexical-sample/processed/train/space.xml
space.n 67
.*
optimization finished, #iter = 15
Objective value = -0.198271
nSV = 59
.*
optimization finished, #iter = 14
Objective value = -0.157002
nSV = 59
*.
optimization finished, #iter = 10
Objective value = -0.046196
nSV = 41
*
optimization finished, #iter = 8
Objective value = -0.031993
nSV = 25
.*
optimization finished, #iter = 11
Objective value = -0.027886
nSV = 33
done
/home/limjiayee/ims_wsd_emb/../se4/1-lexical-sample/processed/train/position.xml
position.n 268
..*
optimization finished, #iter = 27
Objective value = -0.766840
nSV = 190
.*
optimization finished, #iter = 18
Objective value = -0.512806
nSV = 164
..*
optimization finished, #iter = 22
Objective value = -0.476116
nSV = 161
..*
optimization finished, #iter = 25
Objective value = -0.623094
nSV = 178
.*
optimization finished, #iter = 15
Objective value = -0.167158
nSV = 115
.*
optimization finished, #iter = 19
Objective value = -0.177938
nSV = 102
*.
optimization finished, #iter = 10
Objective value = -0.051115
nSV = 31
done
/home/limjiayee/ims_wsd_emb/../se4/1-lexical-sample/processed/train/prove.xml
prove.v 49
.
optimization finished, #iter = 14
Objective value = -0.230129
nSV = 49
.*
optimization finished, #iter = 13
Objective value = -0.205822
nSV = 48
.*
optimization finished, #iter = 12
Objective value = -0.032799
nSV = 20
done
/home/limjiayee/ims_wsd_emb/../se4/1-lexical-sample/processed/train/authority.xml
authority.n 90
.*
optimization finished, #iter = 11
Objective value = -0.080742
nSV = 75
.*
optimization finished, #iter = 14
Objective value = -0.127503
nSV = 71
*.
optimization finished, #iter = 10
Objective value = -0.028397
nSV = 30
*.
optimization finished, #iter = 10
Objective value = -0.058345
nSV = 36
done
/home/limjiayee/ims_wsd_emb/../se4/1-lexical-sample/processed/train/start.xml
start.v 214
.*
optimization finished, #iter = 17
Objective value = -0.414241
nSV = 144
..*
optimization finished, #iter = 21
Objective value = -1.102475
nSV = 196
.*
optimization finished, #iter = 18
Objective value = -0.568475
nSV = 145
.*
optimization finished, #iter = 17
Objective value = -0.432692
nSV = 112
.*
optimization finished, #iter = 12
Objective value = -0.081771
nSV = 61
.*
optimization finished, #iter = 12
Objective value = -0.049182
nSV = 46
done
/home/limjiayee/ims_wsd_emb/../se4/1-lexical-sample/processed/train/approve.xml
approve.v 53
*.
optimization finished, #iter = 10
Objective value = -0.043499
nSV = 32
done
/home/limjiayee/ims_wsd_emb/../se4/1-lexical-sample/processed/train/examine.xml
examine.v 26
.
optimization finished, #iter = 10
Objective value = -0.094467
nSV = 26
*
optimization finished, #iter = 8
Objective value = -0.018844
nSV = 17
.
optimization finished, #iter = 10
Objective value = -0.090054
nSV = 26
done
/home/limjiayee/ims_wsd_emb/../se4/1-lexical-sample/processed/train/allow.xml
allow.v 108
.*
optimization finished, #iter = 14
Objective value = -0.177087
nSV = 70
done
/home/limjiayee/ims_wsd_emb/../se4/1-lexical-sample/processed/train/receive.xml
receive.v 136
.*
optimization finished, #iter = 14
Objective value = -0.140120
nSV = 70
done
/home/limjiayee/ims_wsd_emb/../se4/1-lexical-sample/processed/train/promise.xml
promise.v 50
.*
optimization finished, #iter = 12
Objective value = -0.115455
nSV = 39
done
/home/limjiayee/ims_wsd_emb/../se4/1-lexical-sample/processed/train/claim.xml
claim.v 54
.*
optimization finished, #iter = 11
Objective value = -0.096663
nSV = 41
.*
optimization finished, #iter = 12
Objective value = -0.112972
nSV = 44
*
optimization finished, #iter = 9
Objective value = -0.023599
nSV = 28
done
/home/limjiayee/ims_wsd_emb/../se4/1-lexical-sample/processed/train/order.xml
order.n 346
.*
optimization finished, #iter = 16
Objective value = -0.353518
nSV = 157
.*
optimization finished, #iter = 15
Objective value = -0.440679
nSV = 170
.*
optimization finished, #iter = 11
Objective value = -0.053905
nSV = 73
.*
optimization finished, #iter = 12
Objective value = -0.030165
nSV = 37
.*
optimization finished, #iter = 14
Objective value = -0.107963
nSV = 90
*
optimization finished, #iter = 8
Objective value = -0.069477
nSV = 75
.*
optimization finished, #iter = 13
Objective value = -0.092612
nSV = 65
done
/home/limjiayee/ims_wsd_emb/../se4/1-lexical-sample/processed/train/care.xml
care.v 69
..**
optimization finished, #iter = 26
Objective value = -0.250634
nSV = 53
...*
optimization finished, #iter = 31
Objective value = -0.193679
nSV = 52
.*
optimization finished, #iter = 16
Objective value = -0.108079
nSV = 42
done
/home/limjiayee/ims_wsd_emb/../se4/1-lexical-sample/processed/train/come.xml
come.v 186
.*
optimization finished, #iter = 15
Objective value = -0.362972
nSV = 131
.*
optimization finished, #iter = 16
Objective value = -0.631840
nSV = 155
.*
optimization finished, #iter = 12
Objective value = -0.169554
nSV = 95
.*
optimization finished, #iter = 16
Objective value = -0.505566
nSV = 151
.*
optimization finished, #iter = 17
Objective value = -0.374075
nSV = 124
.*
optimization finished, #iter = 13
Objective value = -0.267898
nSV = 118
.*
optimization finished, #iter = 15
Objective value = -0.088475
nSV = 57
.*
optimization finished, #iter = 14
Objective value = -0.094927
nSV = 69
.*
optimization finished, #iter = 12
Objective value = -0.073847
nSV = 64
.*
optimization finished, #iter = 11
Objective value = -0.083748
nSV = 59
done
/home/limjiayee/ims_wsd_emb/../se4/1-lexical-sample/processed/train/bill.xml
bill.n 404
.*
optimization finished, #iter = 18
Objective value = -0.406539
nSV = 159
.*
optimization finished, #iter = 16
Objective value = -0.380260
nSV = 141
.*
optimization finished, #iter = 18
Objective value = -0.243011
nSV = 130
done
/home/limjiayee/ims_wsd_emb/../se4/1-lexical-sample/processed/train/move.xml
move.n 270
.*
optimization finished, #iter = 13
Objective value = -0.280615
nSV = 137
.*
optimization finished, #iter = 11
Objective value = -0.086479
nSV = 76
*.*
optimization finished, #iter = 12
Objective value = -0.095644
nSV = 85
.*
optimization finished, #iter = 15
Objective value = -0.116222
nSV = 84
done
/home/limjiayee/ims_wsd_emb/../se4/1-lexical-sample/processed/train/raise.xml
raise.v 147
.*
optimization finished, #iter = 19
Objective value = -0.385615
nSV = 112
.*
optimization finished, #iter = 15
Objective value = -0.241933
nSV = 98
.*
optimization finished, #iter = 14
Objective value = -0.281275
nSV = 92
.*
optimization finished, #iter = 16
Objective value = -0.246464
nSV = 81
.*
optimization finished, #iter = 13
Objective value = -0.173457
nSV = 82
.*
optimization finished, #iter = 16
Objective value = -0.138136
nSV = 78
.*
optimization finished, #iter = 11
Objective value = -0.059877
nSV = 51
done
/home/limjiayee/ims_wsd_emb/../se4/1-lexical-sample/processed/train/capital.xml
capital.n 278
.*
optimization finished, #iter = 13
Objective value = -0.198079
nSV = 110
.*
optimization finished, #iter = 13
Objective value = -0.179566
nSV = 98
*
optimization finished, #iter = 7
Objective value = -0.015105
nSV = 25
*.
optimization finished, #iter = 10
Objective value = -0.030492
nSV = 44
done
/home/limjiayee/ims_wsd_emb/../se4/1-lexical-sample/processed/train/attempt.xml
attempt.v 40
done
/home/limjiayee/ims_wsd_emb/../se4/1-lexical-sample/processed/train/base.xml
base.n 92
.*
optimization finished, #iter = 14
Objective value = -0.169677
nSV = 78
.*
optimization finished, #iter = 16
Objective value = -0.252335
nSV = 81
.**
optimization finished, #iter = 13
Objective value = -0.085993
nSV = 45
.*
optimization finished, #iter = 15
Objective value = -0.135834
nSV = 69
*
optimization finished, #iter = 9
Objective value = -0.025302
nSV = 29
done
/home/limjiayee/ims_wsd_emb/../se4/1-lexical-sample/processed/train/rush.xml
rush.v 28
.*
optimization finished, #iter = 12
Objective value = -0.042353
nSV = 25
done
/home/limjiayee/ims_wsd_emb/../se4/1-lexical-sample/processed/train/power.xml
power.n 251
.**
optimization finished, #iter = 19
Objective value = -0.241414
nSV = 95
..*
optimization finished, #iter = 24
Objective value = -0.690576
nSV = 173
.*
optimization finished, #iter = 17
Objective value = -0.503360
nSV = 154
done
/home/limjiayee/ims_wsd_emb/../se4/1-lexical-sample/processed/train/feel.xml
feel.v 347
...*
optimization finished, #iter = 31
Objective value = -1.018913
nSV = 217
..*
optimization finished, #iter = 26
Objective value = -1.216312
nSV = 247
.*
optimization finished, #iter = 19
Objective value = -0.225805
nSV = 87
done
/home/limjiayee/ims_wsd_emb/../se4/1-lexical-sample/processed/train/report.xml
report.v 128
.*
optimization finished, #iter = 14
Objective value = -0.135307
nSV = 67
.*
optimization finished, #iter = 15
Objective value = -0.063543
nSV = 49
.*
optimization finished, #iter = 14
Objective value = -0.088481
nSV = 56
done
/home/limjiayee/ims_wsd_emb/../se4/1-lexical-sample/processed/train/people.xml
people.n 754
..*.
optimization finished, #iter = 30
Objective value = -0.972497
nSV = 288
..*
optimization finished, #iter = 29
Objective value = -0.818751
nSV = 254
.*
optimization finished, #iter = 18
Objective value = -0.162498
nSV = 137
.*
optimization finished, #iter = 15
Objective value = -0.177915
nSV = 161
done
/home/limjiayee/ims_wsd_emb/../se4/1-lexical-sample/processed/train/area.xml
area.n 326
.*
optimization finished, #iter = 13
Objective value = -0.167747
nSV = 100
..*
optimization finished, #iter = 23
Objective value = -0.793660
nSV = 204
..*
optimization finished, #iter = 22
Objective value = -0.725060
nSV = 193
done
/home/limjiayee/ims_wsd_emb/../se4/1-lexical-sample/processed/train/keep.xml
keep.v 260
.*.
optimization finished, #iter = 20
Objective value = -0.515196
nSV = 167
..*
optimization finished, #iter = 21
Objective value = -0.913884
nSV = 196
..*
optimization finished, #iter = 28
Objective value = -1.628886
nSV = 250
..*
optimization finished, #iter = 21
Objective value = -0.385850
nSV = 145
..*
optimization finished, #iter = 23
Objective value = -0.471046
nSV = 161
..*
optimization finished, #iter = 28
Objective value = -0.306665
nSV = 124
.*
optimization finished, #iter = 13
Objective value = -0.048359
nSV = 32
done
/home/limjiayee/ims_wsd_emb/../se4/1-lexical-sample/processed/train/management.xml
management.n 284
.*.
optimization finished, #iter = 20
Objective value = -0.763417
nSV = 208
done
/home/limjiayee/ims_wsd_emb/../se4/1-lexical-sample/processed/train/remember.xml
remember.v 121
.*
optimization finished, #iter = 11
Objective value = -0.038134
nSV = 32
done
/home/limjiayee/ims_wsd_emb/../se4/1-lexical-sample/processed/train/system.xml
system.n 450
*.
optimization finished, #iter = 10
Objective value = -0.052671
nSV = 77
.*.
optimization finished, #iter = 20
Objective value = -1.019178
nSV = 251
..*.
optimization finished, #iter = 30
Objective value = -1.062029
nSV = 272
..*.
optimization finished, #iter = 30
Objective value = -0.877815
nSV = 235
.*
optimization finished, #iter = 11
Objective value = -0.070366
nSV = 45
done
/home/limjiayee/ims_wsd_emb/../se4/1-lexical-sample/processed/train/find.xml
find.v 174
.*
optimization finished, #iter = 13
Objective value = -0.230470
nSV = 98
.*
optimization finished, #iter = 16
Objective value = -0.379048
nSV = 117
*
optimization finished, #iter = 7
Objective value = -0.025630
nSV = 27
.*
optimization finished, #iter = 14
Objective value = -0.091406
nSV = 46
.*
optimization finished, #iter = 13
Objective value = -0.062285
nSV = 43
done
/home/limjiayee/ims_wsd_emb/../se4/1-lexical-sample/processed/train/grant.xml
grant.v 19

optimization finished, #iter = 9
Objective value = -0.065626
nSV = 18
done
/home/limjiayee/ims_wsd_emb/../se4/1-lexical-sample/processed/train/do.xml
do.v 207
..*
optimization finished, #iter = 21
Objective value = -0.329692
nSV = 131
.*.
optimization finished, #iter = 20
Objective value = -0.268078
nSV = 119
*.
optimization finished, #iter = 10
Objective value = -0.042083
nSV = 34
.*
optimization finished, #iter = 12
Objective value = -0.043930
nSV = 28
done
/home/limjiayee/ims_wsd_emb/../se4/1-lexical-sample/processed/train/propose.xml
propose.v 34
.*
optimization finished, #iter = 12
Objective value = -0.065175
nSV = 26
done
/home/limjiayee/ims_wsd_emb/../se4/1-lexical-sample/processed/train/rate.xml
rate.n 1009
..............*
optimization finished, #iter = 146
Objective value = -1.771294
nSV = 389
done
/home/limjiayee/ims_wsd_emb/../se4/1-lexical-sample/processed/train/work.xml
work.v 230
.*
optimization finished, #iter = 18
Objective value = -0.587381
nSV = 153
..*
optimization finished, #iter = 24
Objective value = -0.799895
nSV = 189
.*
optimization finished, #iter = 18
Objective value = -0.287490
nSV = 115
.*
optimization finished, #iter = 17
Objective value = -0.233047
nSV = 87
.*
optimization finished, #iter = 13
Objective value = -0.085212
nSV = 76
.*
optimization finished, #iter = 13
Objective value = -0.074121
nSV = 61
.*
optimization finished, #iter = 13
Objective value = -0.119387
nSV = 60
done
/home/limjiayee/ims_wsd_emb/../se4/1-lexical-sample/processed/train/contribute.xml
contribute.v 35
.*
optimization finished, #iter = 14
Objective value = -0.119579
nSV = 35
done
/home/limjiayee/ims_wsd_emb/../se4/1-lexical-sample/processed/train/president.xml
president.n 879
...*
optimization finished, #iter = 34
Objective value = -0.526967
nSV = 204
..*
optimization finished, #iter = 29
Objective value = -0.566689
nSV = 200
.*
optimization finished, #iter = 15
Objective value = -0.270766
nSV = 147
done
/home/limjiayee/ims_wsd_emb/../se4/1-lexical-sample/processed/train/kill.xml
kill.v 111
.*
optimization finished, #iter = 17
Objective value = -0.111400
nSV = 53
.*
optimization finished, #iter = 17
Objective value = -0.077560
nSV = 40
*
optimization finished, #iter = 9
Objective value = -0.047963
nSV = 34
.*
optimization finished, #iter = 14
Objective value = -0.046100
nSV = 28
done
/home/limjiayee/ims_wsd_emb/../se4/1-lexical-sample/processed/train/disclose.xml
disclose.v 55
done
/home/limjiayee/ims_wsd_emb/../se4/1-lexical-sample/processed/train/part.xml
part.n 481
.*
optimization finished, #iter = 18
Objective value = -0.666251
nSV = 271
.*
optimization finished, #iter = 19
Objective value = -0.572067
nSV = 256
.*
optimization finished, #iter = 16
Objective value = -0.242238
nSV = 141
*
optimization finished, #iter = 8
Objective value = -0.027816
nSV = 31
done
/home/limjiayee/ims_wsd_emb/../se4/1-lexical-sample/processed/train/believe.xml
believe.v 202
..*
optimization finished, #iter = 24
Objective value = -0.682244
nSV = 155
done
/home/limjiayee/ims_wsd_emb/../se4/1-lexical-sample/processed/train/enjoy.xml
enjoy.v 56
*.
optimization finished, #iter = 10
Objective value = -0.120310
nSV = 48
done
/home/limjiayee/ims_wsd_emb/../se4/1-lexical-sample/processed/train/go.xml
go.v 244
.*
optimization finished, #iter = 11
Objective value = -0.146030
nSV = 92
...**
optimization finished, #iter = 34
Objective value = -0.332646
nSV = 113
..*
optimization finished, #iter = 22
Objective value = -0.386428
nSV = 127
....*
optimization finished, #iter = 41
Objective value = -1.324485
nSV = 219
*.
optimization finished, #iter = 10
Objective value = -0.082324
nSV = 60
*
optimization finished, #iter = 9
Objective value = -0.051266
nSV = 44
.*
optimization finished, #iter = 19
Objective value = -0.718313
nSV = 183
..*.
optimization finished, #iter = 30
Objective value = -0.386549
nSV = 119
.*
optimization finished, #iter = 15
Objective value = -0.089224
nSV = 69
*
optimization finished, #iter = 9
Objective value = -0.048112
nSV = 31
.*.*
optimization finished, #iter = 22
Objective value = -0.048706
nSV = 25
*.
optimization finished, #iter = 10
Objective value = -0.057748
nSV = 49
done
/home/limjiayee/ims_wsd_emb/../se4/1-lexical-sample/processed/train/defense.xml
defense.n 120
.*
optimization finished, #iter = 15
Objective value = -0.161067
nSV = 72
.*
optimization finished, #iter = 14
Objective value = -0.186388
nSV = 65
.*
optimization finished, #iter = 14
Objective value = -0.302755
nSV = 96
.*
optimization finished, #iter = 16
Objective value = -0.225945
nSV = 84
.*
optimization finished, #iter = 15
Objective value = -0.200663
nSV = 81
.*
optimization finished, #iter = 15
Objective value = -0.295065
nSV = 88
.*
optimization finished, #iter = 16
Objective value = -0.117068
nSV = 67
done
/home/limjiayee/ims_wsd_emb/../se4/1-lexical-sample/processed/train/regard.xml
regard.v 40
.
optimization finished, #iter = 11
Objective value = -0.123677
nSV = 40
*.
optimization finished, #iter = 10
Objective value = -0.063537
nSV = 34
.*
optimization finished, #iter = 11
Objective value = -0.084915
nSV = 33
done
/home/limjiayee/ims_wsd_emb/../se4/1-lexical-sample/processed/train/share.xml
share.n 2536
..**
optimization finished, #iter = 26
Objective value = -0.665221
nSV = 224
done
/home/limjiayee/ims_wsd_emb/../se4/1-lexical-sample/processed/train/describe.xml
describe.v 57
*.
optimization finished, #iter = 10
Objective value = -0.057227
nSV = 37
*
optimization finished, #iter = 9
Objective value = -0.055635
nSV = 35
*
optimization finished, #iter = 8
Objective value = -0.019743
nSV = 20
done
/home/limjiayee/ims_wsd_emb/../se4/1-lexical-sample/processed/train/exist.xml
exist.v 52
.*
optimization finished, #iter = 12
Objective value = -0.061013
nSV = 33
done
/home/limjiayee/ims_wsd_emb/../se4/1-lexical-sample/processed/train/lead.xml
lead.v 165
..*
optimization finished, #iter = 22
Objective value = -0.379450
nSV = 131
.*
optimization finished, #iter = 16
Objective value = -0.316199
nSV = 116
.**
optimization finished, #iter = 19
Objective value = -0.269887
nSV = 99
.*
optimization finished, #iter = 15
Objective value = -0.168407
nSV = 90
.*
optimization finished, #iter = 18
Objective value = -0.326074
nSV = 99
.*
optimization finished, #iter = 17
Objective value = -0.092514
nSV = 66
done
/home/limjiayee/ims_wsd_emb/../se4/1-lexical-sample/processed/train/value.xml
value.n 335
..*
optimization finished, #iter = 21
Objective value = -0.459797
nSV = 136
..*
optimization finished, #iter = 21
Objective value = -0.491251
nSV = 141
.*
optimization finished, #iter = 13
Objective value = -0.145202
nSV = 63
done
/home/limjiayee/ims_wsd_emb/../se4/1-lexical-sample/processed/train/negotiate.xml
negotiate.v 25
done
/home/limjiayee/ims_wsd_emb/../se4/1-lexical-sample/processed/train/complain.xml
complain.v 32
*
optimization finished, #iter = 8
Objective value = -0.024127
nSV = 18
done
/home/limjiayee/ims_wsd_emb/../se4/1-lexical-sample/processed/train/policy.xml
policy.n 331
..*
optimization finished, #iter = 22
Objective value = -0.441296
nSV = 179
done
/home/limjiayee/ims_wsd_emb/../se4/1-lexical-sample/processed/train/hour.xml
hour.n 187
.*.
optimization finished, #iter = 20
Objective value = -0.420470
nSV = 125
*
optimization finished, #iter = 8
Objective value = -0.028838
nSV = 42
.*.
optimization finished, #iter = 20
Objective value = -0.396005
nSV = 126
*
optimization finished, #iter = 7
Objective value = -0.025492
nSV = 29
done
/home/limjiayee/ims_wsd_emb/../se4/1-lexical-sample/processed/train/improve.xml
improve.v 31
done
/home/limjiayee/ims_wsd_emb/../se4/1-lexical-sample/processed/train/maintain.xml
maintain.v 61
.*
optimization finished, #iter = 12
Objective value = -0.127999
nSV = 49
done
/home/limjiayee/ims_wsd_emb/../se4/1-lexical-sample/processed/train/cause.xml
cause.v 73
done
/home/limjiayee/ims_wsd_emb/../se4/1-lexical-sample/processed/train/join.xml
join.v 68
.
optimization finished, #iter = 15
Objective value = -0.345969
nSV = 68
.*
optimization finished, #iter = 18
Objective value = -0.229219
nSV = 65
*.
optimization finished, #iter = 10
Objective value = -0.070815
nSV = 42
.*
optimization finished, #iter = 14
Objective value = -0.195620
nSV = 55
done
/home/limjiayee/ims_wsd_emb/../se4/1-lexical-sample/processed/train/purchase.xml
purchase.v 35
done
/home/limjiayee/ims_wsd_emb/../se4/1-lexical-sample/processed/train/occur.xml
occur.v 47
.**
optimization finished, #iter = 16
Objective value = -0.095716
nSV = 39
done
/home/limjiayee/ims_wsd_emb/../se4/1-lexical-sample/processed/train/network.xml
network.n 152
.*
optimization finished, #iter = 19
Objective value = -0.388074
nSV = 118
.*
optimization finished, #iter = 18
Objective value = -0.311610
nSV = 116
.*
optimization finished, #iter = 17
Objective value = -0.348402
nSV = 109
done
/home/limjiayee/ims_wsd_emb/../se4/1-lexical-sample/processed/train/job.xml
job.n 188
.*
optimization finished, #iter = 17
Objective value = -0.594352
nSV = 149
.*
optimization finished, #iter = 16
Objective value = -0.538596
nSV = 144
.*
optimization finished, #iter = 15
Objective value = -0.156646
nSV = 73
done
/home/limjiayee/ims_wsd_emb/../se4/1-lexical-sample/processed/train/chance.xml
chance.n 91
..............*
optimization finished, #iter = 141
Objective value = -0.261729
nSV = 48
.*
optimization finished, #iter = 16
Objective value = -0.296609
nSV = 87
..............**
optimization finished, #iter = 148
Objective value = -0.514057
nSV = 87
.*
optimization finished, #iter = 11
Objective value = -0.047763
nSV = 42
done
/home/limjiayee/ims_wsd_emb/../se4/1-lexical-sample/processed/train/ask.xml
ask.v 348
..**
optimization finished, #iter = 25
Objective value = -1.087747
nSV = 250
..*
optimization finished, #iter = 25
Objective value = -1.131259
nSV = 251
*
optimization finished, #iter = 9
Objective value = -0.096774
nSV = 51
*
optimization finished, #iter = 9
Objective value = -0.051708
nSV = 42
.*
optimization finished, #iter = 18
Objective value = -0.138859
nSV = 87
.*
optimization finished, #iter = 12
Objective value = -0.092628
nSV = 48
done
/home/limjiayee/ims_wsd_emb/../se4/1-lexical-sample/processed/train/condition.xml
condition.n 132
.*
optimization finished, #iter = 15
Objective value = -0.285765
nSV = 85
done
/home/limjiayee/ims_wsd_emb/../se4/1-lexical-sample/processed/train/affect.xml
affect.v 45
done
/home/limjiayee/ims_wsd_emb/../se4/1-lexical-sample/processed/train/explain.xml
explain.v 85
.*
optimization finished, #iter = 12
Objective value = -0.182595
nSV = 56
done
/home/limjiayee/ims_wsd_emb/../se4/1-lexical-sample/processed/train/need.xml
need.v 195
..*
optimization finished, #iter = 28
Objective value = -0.528780
nSV = 159
done
/home/limjiayee/ims_wsd_emb/../se4/1-lexical-sample/processed/train/estimate.xml
estimate.v 74
done
/home/limjiayee/ims_wsd_emb/../se4/1-lexical-sample/processed/train/express.xml
express.v 47
done
/home/limjiayee/ims_wsd_emb/../se4/1-lexical-sample/processed/train/build.xml
build.v 119
.*
optimization finished, #iter = 16
Objective value = -0.415173
nSV = 105
.*
optimization finished, #iter = 18
Objective value = -0.409562
nSV = 113
.*
optimization finished, #iter = 13
Objective value = -0.115641
nSV = 67
done
/home/limjiayee/ims_wsd_emb/../se4/1-lexical-sample/processed/train/effect.xml
effect.n 178
.*
optimization finished, #iter = 16
Objective value = -0.371688
nSV = 126
.*
optimization finished, #iter = 17
Objective value = -0.342413
nSV = 111
*.
optimization finished, #iter = 10
Objective value = -0.051263
nSV = 52
done
/home/limjiayee/ims_wsd_emb/../se4/1-lexical-sample/processed/train/hope.xml
hope.v 103
done
/home/limjiayee/ims_wsd_emb/../se4/1-lexical-sample/processed/train/recall.xml
recall.v 49
.*
optimization finished, #iter = 11
Objective value = -0.044056
nSV = 29
*
optimization finished, #iter = 9
Objective value = -0.031205
nSV = 24
*
optimization finished, #iter = 8
Objective value = -0.026991
nSV = 19
done
/home/limjiayee/ims_wsd_emb/../se4/1-lexical-sample/processed/train/drug.xml
drug.n 205
.*
optimization finished, #iter = 15
Objective value = -0.354402
nSV = 129
done
/home/limjiayee/ims_wsd_emb/../se4/1-lexical-sample/processed/train/carrier.xml
carrier.n 111
.*
optimization finished, #iter = 17
Objective value = -0.253527
nSV = 91
*.
optimization finished, #iter = 10
Objective value = -0.027092
nSV = 33
.*
optimization finished, #iter = 14
Objective value = -0.032274
nSV = 31
.**
optimization finished, #iter = 15
Objective value = -0.133215
nSV = 70
.*
optimization finished, #iter = 12
Objective value = -0.068367
nSV = 55
*.
optimization finished, #iter = 10
Objective value = -0.028513
nSV = 34
.*
optimization finished, #iter = 12
Objective value = -0.064582
nSV = 57
done
/home/limjiayee/ims_wsd_emb/../se4/1-lexical-sample/processed/train/plant.xml
plant.n 347
....*
optimization finished, #iter = 43
Objective value = -0.316340
nSV = 128
done
/home/limjiayee/ims_wsd_emb/../se4/1-lexical-sample/processed/train/set.xml
set.v 174
.*
optimization finished, #iter = 15
Objective value = -0.447976
nSV = 127
.*
optimization finished, #iter = 16
Objective value = -0.439993
nSV = 147
.**
optimization finished, #iter = 19
Objective value = -0.631375
nSV = 159
.*
optimization finished, #iter = 17
Objective value = -0.532992
nSV = 148
.*
optimization finished, #iter = 12
Objective value = -0.155302
nSV = 78
.*
optimization finished, #iter = 13
Objective value = -0.069537
nSV = 47
.*
optimization finished, #iter = 12
Objective value = -0.060293
nSV = 47
.*
optimization finished, #iter = 14
Objective value = -0.087780
nSV = 49
*.
optimization finished, #iter = 10
Objective value = -0.036041
nSV = 22
done
/home/limjiayee/ims_wsd_emb/../se4/1-lexical-sample/processed/train/prepare.xml
prepare.v 54
.
optimization finished, #iter = 13
Objective value = -0.183959
nSV = 53
done
/home/limjiayee/ims_wsd_emb/../se4/1-lexical-sample/processed/train/fix.xml
fix.v 32
.*
optimization finished, #iter = 14
Objective value = -0.074686
nSV = 27
.*
optimization finished, #iter = 11
Objective value = -0.069332
nSV = 26
.*
optimization finished, #iter = 13
Objective value = -0.110842
nSV = 28
.
optimization finished, #iter = 17
Objective value = -0.131530
nSV = 32
.*
optimization finished, #iter = 11
Objective value = -0.055284
nSV = 19
done
/home/limjiayee/ims_wsd_emb/../se4/1-lexical-sample/processed/train/buy.xml
buy.v 164
..*
optimization finished, #iter = 21
Objective value = -0.626029
nSV = 134
..*
optimization finished, #iter = 21
Objective value = -0.457586
nSV = 121
.*
optimization finished, #iter = 17
Objective value = -0.087576
nSV = 58
.*
optimization finished, #iter = 11
Objective value = -0.094065
nSV = 55
*
optimization finished, #iter = 9
Objective value = -0.030457
nSV = 27
done
/home/limjiayee/ims_wsd_emb/../se4/1-lexical-sample/processed/train/turn.xml
turn.v 340
.*
optimization finished, #iter = 18
Objective value = -0.586235
nSV = 188
.*
optimization finished, #iter = 18
Objective value = -0.405185
nSV = 163
..*
optimization finished, #iter = 22
Objective value = -1.131194
nSV = 242
.*.
optimization finished, #iter = 20
Objective value = -0.306099
nSV = 152
.*
optimization finished, #iter = 11
Objective value = -0.040029
nSV = 47
.*
optimization finished, #iter = 17
Objective value = -0.295988
nSV = 130
.*
optimization finished, #iter = 18
Objective value = -0.266306
nSV = 126
*.
optimization finished, #iter = 10
Objective value = -0.032743
nSV = 38
.*
optimization finished, #iter = 17
Objective value = -0.182665
nSV = 100
*.
optimization finished, #iter = 10
Objective value = -0.082373
nSV = 61
.*
optimization finished, #iter = 12
Objective value = -0.076587
nSV = 58
..*
optimization finished, #iter = 24
Objective value = -0.334410
nSV = 150
.*
optimization finished, #iter = 11
Objective value = -0.041450
nSV = 49
done
/home/limjiayee/ims_wsd_emb/../se4/1-lexical-sample/processed/train/avoid.xml
avoid.v 55
done
/home/limjiayee/ims_wsd_emb/../se4/1-lexical-sample/processed/train/remove.xml
remove.v 47
done
/home/limjiayee/ims_wsd_emb/../se4/1-lexical-sample/processed/train/begin.xml
begin.v 114
.*
optimization finished, #iter = 15
Objective value = -0.436401
nSV = 112
.*
optimization finished, #iter = 16
Objective value = -0.426304
nSV = 111
*
optimization finished, #iter = 9
Objective value = -0.029982
nSV = 27
*.
optimization finished, #iter = 10
Objective value = -0.051590
nSV = 32
done
/home/limjiayee/ims_wsd_emb/../se4/1-lexical-sample/processed/train/hold.xml
hold.v 129
.*
optimization finished, #iter = 17
Objective value = -0.451199
nSV = 120
.*.*
optimization finished, #iter = 21
Objective value = -0.365337
nSV = 115
.*
optimization finished, #iter = 15
Objective value = -0.266583
nSV = 91
.**
optimization finished, #iter = 16
Objective value = -0.211924
nSV = 87
*.
optimization finished, #iter = 10
Objective value = -0.056938
nSV = 42
.*
optimization finished, #iter = 15
Objective value = -0.119789
nSV = 68
.*
optimization finished, #iter = 16
Objective value = -0.106286
nSV = 65
.*
optimization finished, #iter = 12
Objective value = -0.123516
nSV = 71
done
/home/limjiayee/ims_wsd_emb/../se4/1-lexical-sample/processed/train/point.xml
point.n 469
.*
optimization finished, #iter = 19
Objective value = -0.434384
nSV = 175
.*
optimization finished, #iter = 15
Objective value = -0.328771
nSV = 122
.**
optimization finished, #iter = 17
Objective value = -0.546085
nSV = 168
.*
optimization finished, #iter = 16
Objective value = -0.416725
nSV = 157
.*
optimization finished, #iter = 12
Objective value = -0.082384
nSV = 83
.*
optimization finished, #iter = 13
Objective value = -0.105583
nSV = 80
.*
optimization finished, #iter = 13
Objective value = -0.136045
nSV = 109
*
optimization finished, #iter = 9
Objective value = -0.059036
nSV = 58
.*
optimization finished, #iter = 12
Objective value = -0.038268
nSV = 56
done
/home/limjiayee/ims_wsd_emb/../se4/1-lexical-sample/processed/train/exchange.xml
exchange.n 363
..*.
optimization finished, #iter = 30
Objective value = -0.592152
nSV = 197
..*
optimization finished, #iter = 24
Objective value = -0.408528
nSV = 174
..*
optimization finished, #iter = 26
Objective value = -0.254167
nSV = 119
.*
optimization finished, #iter = 12
Objective value = -0.082620
nSV = 76
.*
optimization finished, #iter = 11
Objective value = -0.034133
nSV = 33
done
/home/limjiayee/ims_wsd_emb/../se4/1-lexical-sample/processed/train/announce.xml
announce.v 88
.*
optimization finished, #iter = 18
Objective value = -0.042435
nSV = 35
done
/home/limjiayee/ims_wsd_emb/../se4/1-lexical-sample/processed/train/end.xml
end.v 135
.*
optimization finished, #iter = 16
Objective value = -0.275215
nSV = 100
.*
optimization finished, #iter = 16
Objective value = -0.297381
nSV = 104
*.
optimization finished, #iter = 10
Objective value = -0.066315
nSV = 47
.*
optimization finished, #iter = 13
Objective value = -0.127178
nSV = 71
done
/home/limjiayee/ims_wsd_emb/../se4/1-lexical-sample/processed/train/say.xml
say.v 2161
..**.
optimization finished, #iter = 30
Objective value = -1.125356
nSV = 364
..*
optimization finished, #iter = 21
Objective value = -0.752462
nSV = 306
.*
optimization finished, #iter = 18
Objective value = -0.156676
nSV = 98
.*
optimization finished, #iter = 19
Objective value = -0.140879
nSV = 114
.*
optimization finished, #iter = 11
Objective value = -0.082529
nSV = 106
done
/home/limjiayee/ims_wsd_emb/../se4/1-lexical-sample/processed/train/replace.xml
replace.v 46
.*
optimization finished, #iter = 11
Objective value = -0.049689
nSV = 28
done
/home/limjiayee/ims_wsd_emb/../se4/1-lexical-sample/processed/train/produce.xml
produce.v 115
.*
optimization finished, #iter = 13
Objective value = -0.170317
nSV = 77
done
/home/limjiayee/ims_wsd_emb/../se4/1-lexical-sample/processed/train/future.xml
future.n 350
.*
optimization finished, #iter = 14
Objective value = -0.272467
nSV = 106
.*
optimization finished, #iter = 13
Objective value = -0.231942
nSV = 102
.*
optimization finished, #iter = 11
Objective value = -0.082850
nSV = 81
done
/home/limjiayee/ims_wsd_emb/../se4/1-lexical-sample/processed/train/source.xml
source.n 152
.*
optimization finished, #iter = 13
Objective value = -0.233024
nSV = 101
.*
optimization finished, #iter = 19
Objective value = -0.350312
nSV = 119
.*
optimization finished, #iter = 14
Objective value = -0.207064
nSV = 88
.......................................................................*..*.**.***
optimization finished, #iter = 757
Objective value = -3.578482
nSV = 93
.........................................................................**.**
optimization finished, #iter = 743
Objective value = -3.541858
nSV = 69
done
/home/limjiayee/ims_wsd_emb/../se4/1-lexical-sample/processed/train/development.xml
development.n 180
.*
optimization finished, #iter = 17
Objective value = -0.341523
nSV = 120
.*
optimization finished, #iter = 15
Objective value = -0.108893
nSV = 79
.*
optimization finished, #iter = 14
Objective value = -0.284303
nSV = 112
done
40319.99user 10091.82system 18:52:05elapsed 74%CPU (0avgtext+0avgdata 32512752maxresident)k
1566351856inputs+422688outputs (6713major+2863027529minor)pagefaults 0swaps
