Nov 05, 2017 6:10:50 AM net.didion.jwnl.util.MessageLog doLog
INFO: Installing dictionary net.didion.jwnl.dictionary.FileBackedDictionary@c4437c4
/home/limjiayee/ims_wsd_emb/../se3/1-lexical-sample/processed/train/difficulty.xml
difficulty.n 47
...........................................................................................................................*....*
optimization finished, #iter = 1271
Objective value = -4.160372
nSV = 50
.*
optimization finished, #iter = 12
Objective value = -0.198181
nSV = 49
..........................................................................................................................*...*....**
optimization finished, #iter = 1299
Objective value = -8.164104
nSV = 50
................................................................................................*...*...*.*
optimization finished, #iter = 1038
Objective value = -4.070340
nSV = 46
done
/home/limjiayee/ims_wsd_emb/../se3/1-lexical-sample/processed/train/add.xml
add.v 264
.......................................................................................................................................................*...**.*.*
optimization finished, #iter = 1564
Objective value = -66.336695
nSV = 275
....................................................................................................................................................**.*
optimization finished, #iter = 1495
Objective value = -55.912397
nSV = 228
.....................................................................................................................................................**..*.**.*.*.*.**.**
optimization finished, #iter = 1578
Objective value = -14.587733
nSV = 199
...................................................................*.**.*.****
optimization finished, #iter = 709
Objective value = -2.155837
nSV = 118
.................................................................................................................*..*...*.**.*
optimization finished, #iter = 1201
Objective value = -8.742009
nSV = 103
................................................................*.**.*
optimization finished, #iter = 662
Objective value = -2.019538
nSV = 53
..............................................................................................................**.*
optimization finished, #iter = 1119
Objective value = -4.686254
nSV = 61
done
/home/limjiayee/ims_wsd_emb/../se3/1-lexical-sample/processed/train/shelter.xml
shelter.n 198
....................................................................................................................................................*....*..**..*..**
optimization finished, #iter = 1584
Objective value = -52.735602
nSV = 202
.............................................................................................................................................*.*.**.**
optimization finished, #iter = 1448
Objective value = -20.737137
nSV = 200
.......................................................................................................................................................*.*.*..**.*
optimization finished, #iter = 1565
Objective value = -48.584513
nSV = 192
*
optimization finished, #iter = 9
Objective value = -0.049073
nSV = 51
done
/home/limjiayee/ims_wsd_emb/../se3/1-lexical-sample/processed/train/image.xml
image.n 148
.*
optimization finished, #iter = 13
Objective value = -0.466747
nSV = 117
............................................................*.*.**.****.*
optimization finished, #iter = 643
Objective value = -2.351508
nSV = 110
...............................................................................*...***.*
optimization finished, #iter = 832
Objective value = -4.395867
nSV = 122
...............................................................................*..*.***.*
optimization finished, #iter = 835
Objective value = -2.128239
nSV = 63
.*
optimization finished, #iter = 12
Objective value = -0.104728
nSV = 61
*.
optimization finished, #iter = 10
Objective value = -0.035291
nSV = 33
.*
optimization finished, #iter = 11
Objective value = -0.089803
nSV = 71
done
/home/limjiayee/ims_wsd_emb/../se3/1-lexical-sample/processed/train/receive.xml
receive.v 52
*.
optimization finished, #iter = 10
Objective value = -0.041846
nSV = 33
.*
optimization finished, #iter = 13
Objective value = -0.168629
nSV = 48
.*
optimization finished, #iter = 11
Objective value = -0.075383
nSV = 40
*
optimization finished, #iter = 9
Objective value = -0.023910
nSV = 24
*
optimization finished, #iter = 9
Objective value = -0.038795
nSV = 24
.*
optimization finished, #iter = 12
Objective value = -0.046957
nSV = 26
done
/home/limjiayee/ims_wsd_emb/../se3/1-lexical-sample/processed/train/suspend.xml
suspend.v 128
.*
optimization finished, #iter = 11
Objective value = -0.144552
nSV = 77
..........................................................................................................*....*...***.****.**.*
optimization finished, #iter = 1162
Objective value = -4.466574
nSV = 118
...............................................................................................................**.**
optimization finished, #iter = 1124
Objective value = -4.169056
nSV = 90
.*
optimization finished, #iter = 11
Objective value = -0.160594
nSV = 80
.*
optimization finished, #iter = 13
Objective value = -0.394515
nSV = 113
*.
optimization finished, #iter = 10
Objective value = -0.049991
nSV = 40
*
optimization finished, #iter = 9
Objective value = -0.043433
nSV = 40
done
/home/limjiayee/ims_wsd_emb/../se3/1-lexical-sample/processed/train/decide.xml
decide.v 123
.*
optimization finished, #iter = 16
Objective value = -0.381024
nSV = 92
.*
optimization finished, #iter = 12
Objective value = -0.057004
nSV = 45
.*
optimization finished, #iter = 16
Objective value = -0.372302
nSV = 91
done
/home/limjiayee/ims_wsd_emb/../se3/1-lexical-sample/processed/train/organization.xml
organization.n 113
.............................................................................................................*..*
optimization finished, #iter = 1114
Objective value = -6.310784
nSV = 100
............................................................................................................**.*..***.**.**.*
optimization finished, #iter = 1141
Objective value = -6.125522
nSV = 73
.*
optimization finished, #iter = 12
Objective value = -0.219381
nSV = 88
*
optimization finished, #iter = 8
Objective value = -0.025359
nSV = 43
done
/home/limjiayee/ims_wsd_emb/../se3/1-lexical-sample/processed/train/rule.xml
rule.v 59
.*
optimization finished, #iter = 12
Objective value = -0.112672
nSV = 45
.*
optimization finished, #iter = 12
Objective value = -0.195311
nSV = 55
.*
optimization finished, #iter = 11
Objective value = -0.159158
nSV = 51
done
/home/limjiayee/ims_wsd_emb/../se3/1-lexical-sample/processed/train/eat.xml
eat.v 186
...................................................................................................................................*...*.....*.**.
optimization finished, #iter = 1410
Objective value = -20.585098
nSV = 144
.*
optimization finished, #iter = 14
Objective value = -0.172109
nSV = 79
.......................................................................................................................................*.*.*
optimization finished, #iter = 1376
Objective value = -18.492300
nSV = 139
.....................................................*.**.*
optimization finished, #iter = 552
Objective value = -2.037327
nSV = 39
*
optimization finished, #iter = 8
Objective value = -0.034953
nSV = 30
done
/home/limjiayee/ims_wsd_emb/../se3/1-lexical-sample/processed/train/atmosphere.xml
atmosphere.n 161
......................................................................................................................................................*.***.***.*.**
optimization finished, #iter = 1546
Objective value = -62.501827
nSV = 188
......................................................................................................................................................*.**.*.*.*.*
optimization finished, #iter = 1551
Objective value = -66.685579
nSV = 194
................................................................................................................................*...**.*
optimization finished, #iter = 1324
Objective value = -8.082998
nSV = 95
...............................................................................................................................*...*
optimization finished, #iter = 1301
Objective value = -4.221074
nSV = 114
..........................................................................................................................*.....*....*..***.*.*
optimization finished, #iter = 1359
Objective value = -10.230312
nSV = 122
...................................................................................................................*.***
optimization finished, #iter = 1168
Objective value = -2.043042
nSV = 71
done
/home/limjiayee/ims_wsd_emb/../se3/1-lexical-sample/processed/train/talk.xml
talk.v 147
.*
optimization finished, #iter = 18
Objective value = -0.571779
nSV = 109
*
optimization finished, #iter = 9
Objective value = -0.032307
nSV = 32
*
optimization finished, #iter = 7
Objective value = -0.029505
nSV = 30
.*
optimization finished, #iter = 15
Objective value = -0.293897
nSV = 84
.*
optimization finished, #iter = 14
Objective value = -0.104371
nSV = 48
*
optimization finished, #iter = 9
Objective value = -0.043687
nSV = 23
.*
optimization finished, #iter = 13
Objective value = -0.084280
nSV = 51
.*
optimization finished, #iter = 11
Objective value = -0.062842
nSV = 46
.*
optimization finished, #iter = 14
Objective value = -0.096261
nSV = 53
*
optimization finished, #iter = 8
Objective value = -0.030159
nSV = 26
done
/home/limjiayee/ims_wsd_emb/../se3/1-lexical-sample/processed/train/miss.xml
miss.v 58
.*
optimization finished, #iter = 14
Objective value = -0.163448
nSV = 47
.*
optimization finished, #iter = 12
Objective value = -0.181811
nSV = 51
.*
optimization finished, #iter = 12
Objective value = -0.181533
nSV = 46
*
optimization finished, #iter = 8
Objective value = -0.026643
nSV = 28
*.
optimization finished, #iter = 10
Objective value = -0.091168
nSV = 41
.*
optimization finished, #iter = 12
Objective value = -0.183224
nSV = 51
done
/home/limjiayee/ims_wsd_emb/../se3/1-lexical-sample/processed/train/difference.xml
difference.n 232
.......................................................................................................................................*.*...**.*.**.***
optimization finished, #iter = 1428
Objective value = -20.482765
nSV = 171
..............................................................................................................................*..*..**.*
optimization finished, #iter = 1312
Objective value = -6.463345
nSV = 159
.........................................................................................................................................*..*..*.****.
optimization finished, #iter = 1430
Objective value = -32.615360
nSV = 196
...........................................................................................................................................*........*
optimization finished, #iter = 1477
Objective value = -38.922090
nSV = 223
.................................................................................................................................*....*..**.**..*
optimization finished, #iter = 1381
Objective value = -10.353396
nSV = 144
.........................................................................................................*.*....*.*.*
optimization finished, #iter = 1124
Objective value = -6.026581
nSV = 59
done
/home/limjiayee/ims_wsd_emb/../se3/1-lexical-sample/processed/train/use.xml
use.v 26

optimization finished, #iter = 9
Objective value = -0.096458
nSV = 26
*.
optimization finished, #iter = 10
Objective value = -0.034989
nSV = 19
.
optimization finished, #iter = 11
Objective value = -0.115153
nSV = 26
*
optimization finished, #iter = 8
Objective value = -0.028724
nSV = 16
*.
optimization finished, #iter = 10
Objective value = -0.041073
nSV = 11
done
/home/limjiayee/ims_wsd_emb/../se3/1-lexical-sample/processed/train/degree.xml
degree.n 258
.*
optimization finished, #iter = 13
Objective value = -0.358003
nSV = 162
.......................................................................................................................................................*..***.*.***.***
optimization finished, #iter = 1569
Objective value = -58.849977
nSV = 252
..........................................................................................................................................................*..***.*
optimization finished, #iter = 1574
Objective value = -48.476211
nSV = 227
*.
optimization finished, #iter = 10
Objective value = -0.079417
nSV = 68
.................................................................................................................................*...*.**.*.**
optimization finished, #iter = 1353
Objective value = -22.138479
nSV = 163
*
optimization finished, #iter = 9
Objective value = -0.029120
nSV = 49
*.
optimization finished, #iter = 10
Objective value = -0.063861
nSV = 69
done
/home/limjiayee/ims_wsd_emb/../se3/1-lexical-sample/processed/train/disc.xml
disc.n 207
..................................................................................................................................*.**.**...***
optimization finished, #iter = 1359
Objective value = -19.305535
nSV = 187
......................................................................................................................................................................................................................................................................................*.**...*..*...*.**..**..**.***
optimization finished, #iter = 2937
Objective value = -45.280477
nSV = 190
...........................................................................................................................................................................................................................................................................................*.*.*.**.*.*.*.*
optimization finished, #iter = 2905
Objective value = -30.997210
nSV = 154
.............................................................................................................................*.***..*.****.***.***.
optimization finished, #iter = 1320
Objective value = -10.489212
nSV = 173
..........................................................................................*..*.*.**.**
optimization finished, #iter = 955
Objective value = -4.101226
nSV = 76
done
/home/limjiayee/ims_wsd_emb/../se3/1-lexical-sample/processed/train/different.xml
different.a 106
.......................................................................................................................**.*.*.*.**.*.**.
optimization finished, #iter = 1260
Objective value = -8.688133
nSV = 109
.......................................................................................................................**.*.*.**.**.**.***.*
optimization finished, #iter = 1265
Objective value = -6.440776
nSV = 106
.................................................................................................................*.**.****.**.*
optimization finished, #iter = 1173
Objective value = -4.334795
nSV = 98
...................................................................................*..***.**.***
optimization finished, #iter = 879
Objective value = -4.084689
nSV = 53
...............................................................................................................*.**.*.*
optimization finished, #iter = 1149
Objective value = -2.154033
nSV = 79
*.
optimization finished, #iter = 10
Objective value = -0.047677
nSV = 22
done
/home/limjiayee/ims_wsd_emb/../se3/1-lexical-sample/processed/train/party.xml
party.n 252
..................................................................................................................**
optimization finished, #iter = 1149
Objective value = -12.280836
nSV = 101
.........................................................................................................................*....*..**.***.
optimization finished, #iter = 1290
Objective value = -26.404310
nSV = 154
............................................................................................................................*.*
optimization finished, #iter = 1258
Objective value = -22.179502
nSV = 121
......................................................................................................*.*.**..**.**..***.*
optimization finished, #iter = 1103
Objective value = -6.573227
nSV = 179
..................................................................*....*.***.*
optimization finished, #iter = 721
Objective value = -2.228635
nSV = 108
.*
optimization finished, #iter = 13
Objective value = -0.311326
nSV = 141
done
/home/limjiayee/ims_wsd_emb/../se3/1-lexical-sample/processed/train/treat.xml
treat.v 113
.............................................................................*..*..**.*
optimization finished, #iter = 827
Objective value = -2.122428
nSV = 56
..............................................................................*.*.*.***
optimization finished, #iter = 819
Objective value = -2.128859
nSV = 57
*.
optimization finished, #iter = 10
Objective value = -0.077006
nSV = 57
.*
optimization finished, #iter = 15
Objective value = -0.499288
nSV = 105
.*
optimization finished, #iter = 14
Objective value = -0.424811
nSV = 101
*.
optimization finished, #iter = 10
Objective value = -0.081614
nSV = 52
.*
optimization finished, #iter = 12
Objective value = -0.152847
nSV = 71
.*
optimization finished, #iter = 11
Objective value = -0.094569
nSV = 59
*.
optimization finished, #iter = 10
Objective value = -0.050640
nSV = 31
done
/home/limjiayee/ims_wsd_emb/../se3/1-lexical-sample/processed/train/argument.xml
argument.n 226
..........................................................................................................................................**.
optimization finished, #iter = 1390
Objective value = -55.485715
nSV = 271
.................................................................................................................................................*..*.**.**.***.**
optimization finished, #iter = 1517
Objective value = -86.086067
nSV = 269
................................................................................................................................**..*.**.*
optimization finished, #iter = 1321
Objective value = -25.557013
nSV = 177
...............................................................................................................................................*.*.**.*
optimization finished, #iter = 1464
Objective value = -50.138611
nSV = 222
...........................................................................................................................*...*..*.*.****.
optimization finished, #iter = 1310
Objective value = -22.782981
nSV = 131
..............................................*.*.*.**
optimization finished, #iter = 498
Objective value = -2.763068
nSV = 79
done
/home/limjiayee/ims_wsd_emb/../se3/1-lexical-sample/processed/train/encounter.xml
encounter.v 131
.*
optimization finished, #iter = 14
Objective value = -0.402674
nSV = 118
.*
optimization finished, #iter = 13
Objective value = -0.369604
nSV = 116
*
optimization finished, #iter = 8
Objective value = -0.027929
nSV = 27
*.
optimization finished, #iter = 10
Objective value = -0.127365
nSV = 70
done
/home/limjiayee/ims_wsd_emb/../se3/1-lexical-sample/processed/train/climb.xml
climb.v 135
...............................................................................*..*.*.**.*.*
optimization finished, #iter = 851
Objective value = -4.589917
nSV = 125
.................................................................................................................*..*..***.*.*
optimization finished, #iter = 1195
Objective value = -6.614258
nSV = 127
*.
optimization finished, #iter = 10
Objective value = -0.064175
nSV = 59
......................................................................................................................***.*.***
optimization finished, #iter = 1209
Objective value = -2.133284
nSV = 71
*.
optimization finished, #iter = 10
Objective value = -0.078663
nSV = 45
*
optimization finished, #iter = 8
Objective value = -0.065427
nSV = 55
done
/home/limjiayee/ims_wsd_emb/../se3/1-lexical-sample/processed/train/interest.xml
interest.n 188
.*
optimization finished, #iter = 14
Objective value = -0.452687
nSV = 146
.............................................................................................*.*.**.
optimization finished, #iter = 960
Objective value = -4.150338
nSV = 85
......................................................................................................................*....*..*.*
optimization finished, #iter = 1258
Objective value = -2.172605
nSV = 82
.......................................................................................................................*.*..*.*..***
optimization finished, #iter = 1258
Objective value = -2.180940
nSV = 76
.............................................................................................*.*.***
optimization finished, #iter = 959
Objective value = -4.587729
nSV = 145
.*
optimization finished, #iter = 13
Objective value = -0.413457
nSV = 124
.*
optimization finished, #iter = 11
Objective value = -0.069884
nSV = 66
*.
optimization finished, #iter = 10
Objective value = -0.048757
nSV = 43
done
/home/limjiayee/ims_wsd_emb/../se3/1-lexical-sample/processed/train/paper.xml
paper.n 244
.......................................................................................................*...*.**
optimization finished, #iter = 1079
Objective value = -10.146646
nSV = 96
...............................................................................................................................*..***
optimization finished, #iter = 1296
Objective value = -18.670788
nSV = 211
............................................................................................................................................*..**.**
optimization finished, #iter = 1438
Objective value = -40.379160
nSV = 188
...............................................................................................................................*....*
optimization finished, #iter = 1314
Objective value = -26.477220
nSV = 186
.............................................................................................................................................*..*.*.****.****.*
optimization finished, #iter = 1472
Objective value = -30.204473
nSV = 163
.............................................................................................................................**
optimization finished, #iter = 1256
Objective value = -20.251829
nSV = 158
......................................................................................................................................*.*.**.*.***
optimization finished, #iter = 1389
Objective value = -40.586243
nSV = 212
..........................................................................................................................*.**.*..**
optimization finished, #iter = 1267
Objective value = -24.386242
nSV = 203
done
/home/limjiayee/ims_wsd_emb/../se3/1-lexical-sample/processed/train/watch.xml
watch.v 100
.*
optimization finished, #iter = 13
Objective value = -0.402511
nSV = 96
*.
optimization finished, #iter = 10
Objective value = -0.058178
nSV = 43
.*
optimization finished, #iter = 12
Objective value = -0.136986
nSV = 53
.*
optimization finished, #iter = 12
Objective value = -0.265755
nSV = 74
*
optimization finished, #iter = 9
Objective value = -0.058506
nSV = 32
.*
optimization finished, #iter = 12
Objective value = -0.094974
nSV = 43
done
/home/limjiayee/ims_wsd_emb/../se3/1-lexical-sample/processed/train/expect.xml
expect.v 156
...............................................................................................................................*...*.**
optimization finished, #iter = 1314
Objective value = -42.735551
nSV = 167
.................................................................................................................................***.*.***.**.*
optimization finished, #iter = 1333
Objective value = -42.682600
nSV = 163
*
optimization finished, #iter = 9
Objective value = -0.045714
nSV = 35
*.
optimization finished, #iter = 10
Objective value = -0.040533
nSV = 40
done
/home/limjiayee/ims_wsd_emb/../se3/1-lexical-sample/processed/train/provide.xml
provide.v 140
.*
optimization finished, #iter = 14
Objective value = -0.341082
nSV = 100
.*
optimization finished, #iter = 14
Objective value = -0.152309
nSV = 62
.*
optimization finished, #iter = 14
Objective value = -0.191640
nSV = 78
.*
optimization finished, #iter = 13
Objective value = -0.133258
nSV = 72
.*
optimization finished, #iter = 11
Objective value = -0.036196
nSV = 35
done
/home/limjiayee/ims_wsd_emb/../se3/1-lexical-sample/processed/train/hear.xml
hear.v 63
.*
optimization finished, #iter = 15
Objective value = -0.370548
nSV = 61
.*
optimization finished, #iter = 12
Objective value = -0.039569
nSV = 23
.*
optimization finished, #iter = 18
Objective value = -0.370819
nSV = 62
.*
optimization finished, #iter = 11
Objective value = -0.082886
nSV = 35
.*
optimization finished, #iter = 14
Objective value = -0.079960
nSV = 41
.*
optimization finished, #iter = 13
Objective value = -0.062076
nSV = 19
done
/home/limjiayee/ims_wsd_emb/../se3/1-lexical-sample/processed/train/ask.xml
ask.v 264
.................................................................................................................................*..**.*.**.**
optimization finished, #iter = 1347
Objective value = -26.374200
nSV = 182
................................................................................................................................*..*.*.**.*.**.***.**
optimization finished, #iter = 1364
Objective value = -32.714440
nSV = 228
...................................................................................................................*.....*.***.***.**
optimization finished, #iter = 1238
Objective value = -14.439305
nSV = 150
....................................................................................................................................................*...*.*.*.*.***
optimization finished, #iter = 1556
Objective value = -78.276874
nSV = 270
................................................................................................................................................*..*.....***.*.*.
optimization finished, #iter = 1540
Objective value = -68.071381
nSV = 270
..........................................................*...*..*
optimization finished, #iter = 633
Objective value = -13.287822
nSV = 112
.*
optimization finished, #iter = 12
Objective value = -0.278685
nSV = 118
done
/home/limjiayee/ims_wsd_emb/../se3/1-lexical-sample/processed/train/important.xml
important.a 36
....................................................................................................*..
optimization finished, #iter = 1022
Objective value = -16.789029
nSV = 47
..........................................................................................*.*.*..*
optimization finished, #iter = 946
Objective value = -10.783222
nSV = 43
.....................................................................................................*.
optimization finished, #iter = 1020
Objective value = -12.792179
nSV = 45
......................................................................................**....*.**.***.
optimization finished, #iter = 930
Objective value = -2.053185
nSV = 41
.......................................................................*....**.*.***.
optimization finished, #iter = 780
Objective value = -2.007179
nSV = 23
*
optimization finished, #iter = 9
Objective value = -0.029055
nSV = 28
done
/home/limjiayee/ims_wsd_emb/../se3/1-lexical-sample/processed/train/write.xml
write.v 45
.*
optimization finished, #iter = 11
Objective value = -0.110647
nSV = 38
.*
optimization finished, #iter = 12
Objective value = -0.072139
nSV = 31
*.
optimization finished, #iter = 10
Objective value = -0.126710
nSV = 40
.*
optimization finished, #iter = 12
Objective value = -0.169042
nSV = 44
done
/home/limjiayee/ims_wsd_emb/../se3/1-lexical-sample/processed/train/express.xml
express.v 112
.............................................................................................................*..*..*.*..*
optimization finished, #iter = 1161
Objective value = -2.378892
nSV = 106
.*
optimization finished, #iter = 13
Objective value = -0.464773
nSV = 107
...............................................................................................................*.*.**..*.**
optimization finished, #iter = 1168
Objective value = -2.168453
nSV = 77
*.
optimization finished, #iter = 10
Objective value = -0.055292
nSV = 42
*
optimization finished, #iter = 7
Objective value = -0.022393
nSV = 26
done
/home/limjiayee/ims_wsd_emb/../se3/1-lexical-sample/processed/train/operate.xml
operate.v 35
.*
optimization finished, #iter = 11
Objective value = -0.135702
nSV = 33
*.
optimization finished, #iter = 10
Objective value = -0.097176
nSV = 32
.*
optimization finished, #iter = 12
Objective value = -0.152630
nSV = 33
done
/home/limjiayee/ims_wsd_emb/../se3/1-lexical-sample/processed/train/activate.xml
activate.v 235
..............................................................................................................................................................................................*.*..*....*.*
optimization finished, #iter = 1988
Objective value = -94.781578
nSV = 260
..................................................................................................................................................................................................*..*.**.*.**.**.*.***.**
optimization finished, #iter = 2039
Objective value = -42.395280
nSV = 196
.............................................................................................................................................................*.*..*.*.*
optimization finished, #iter = 1627
Objective value = -56.394536
nSV = 227
.*
optimization finished, #iter = 11
Objective value = -0.181869
nSV = 89
...................................................................................................*.....**.***.*.*
optimization finished, #iter = 1071
Objective value = -4.020498
nSV = 51
done
/home/limjiayee/ims_wsd_emb/../se3/1-lexical-sample/processed/train/lose.xml
lose.v 73
.*
optimization finished, #iter = 18
Objective value = -0.148855
nSV = 59
.
optimization finished, #iter = 14
Objective value = -0.319168
nSV = 73
.*
optimization finished, #iter = 14
Objective value = -0.189618
nSV = 62
.*
optimization finished, #iter = 13
Objective value = -0.142395
nSV = 50
*
optimization finished, #iter = 9
Objective value = -0.034948
nSV = 23
*
optimization finished, #iter = 8
Objective value = -0.046108
nSV = 32
.*
optimization finished, #iter = 11
Objective value = -0.076747
nSV = 46
*
optimization finished, #iter = 7
Objective value = -0.028169
nSV = 17
*
optimization finished, #iter = 9
Objective value = -0.051597
nSV = 35
done
/home/limjiayee/ims_wsd_emb/../se3/1-lexical-sample/processed/train/note.xml
note.v 133
.............................................................................................................................................*...**.*.****.*.*
optimization finished, #iter = 1484
Objective value = -4.162687
nSV = 86
...........................................................................................................................................*.*
optimization finished, #iter = 1404
Objective value = -4.664518
nSV = 134
.*
optimization finished, #iter = 16
Objective value = -0.723684
nSV = 132
done
/home/limjiayee/ims_wsd_emb/../se3/1-lexical-sample/processed/train/sort.xml
sort.n 191
...........................................................................................................................................*..**..*
optimization finished, #iter = 1431
Objective value = -80.787599
nSV = 217
.............................................................................................................**.**.*.***.*.**.**
optimization finished, #iter = 1155
Objective value = -4.347391
nSV = 156
...........................................................................................................................................*...*.*.*
optimization finished, #iter = 1441
Objective value = -76.544097
nSV = 203
*.
optimization finished, #iter = 10
Objective value = -0.082118
nSV = 68
.*
optimization finished, #iter = 13
Objective value = -0.053830
nSV = 51
done
/home/limjiayee/ims_wsd_emb/../se3/1-lexical-sample/processed/train/plan.xml
plan.n 172
..................................................................................................................................*.*..*
optimization finished, #iter = 1333
Objective value = -36.552572
nSV = 169
....................................................................................................................................*.**..*
optimization finished, #iter = 1351
Objective value = -28.350644
nSV = 162
..............................................................................................................*..**..*
optimization finished, #iter = 1143
Objective value = -8.432684
nSV = 109
...............................................................................***
optimization finished, #iter = 798
Objective value = -4.168420
nSV = 70
done
/home/limjiayee/ims_wsd_emb/../se3/1-lexical-sample/processed/train/win.xml
win.v 80
*.
optimization finished, #iter = 10
Objective value = -0.042266
nSV = 23
.*
optimization finished, #iter = 14
Objective value = -0.232957
nSV = 72
...............................................................................................................*.**.*.***..***.
optimization finished, #iter = 1170
Objective value = -2.081897
nSV = 48
...........................................................................................................*....*.***.**.*
optimization finished, #iter = 1141
Objective value = -2.052129
nSV = 42
.*
optimization finished, #iter = 15
Objective value = -0.362883
nSV = 78
.*
optimization finished, #iter = 16
Objective value = -0.363474
nSV = 76
done
/home/limjiayee/ims_wsd_emb/../se3/1-lexical-sample/processed/train/audience.xml
audience.n 204
.....................................................................................................................................................*..*.*...**.***.*
optimization finished, #iter = 1573
Objective value = -56.500321
nSV = 200
................................................................................................................................................*.....*..**.*
optimization finished, #iter = 1527
Objective value = -58.523653
nSV = 206
................................................................................................................**.***.****.*
optimization finished, #iter = 1152
Objective value = -10.073227
nSV = 95
*.
optimization finished, #iter = 10
Objective value = -0.075623
nSV = 91
......................................................................................................................*.*.**
optimization finished, #iter = 1206
Objective value = -4.014531
nSV = 53
done
/home/limjiayee/ims_wsd_emb/../se3/1-lexical-sample/processed/train/mean.xml
mean.v 82
.*
optimization finished, #iter = 13
Objective value = -0.293410
nSV = 64
*
optimization finished, #iter = 8
Objective value = -0.031796
nSV = 20
.*
optimization finished, #iter = 14
Objective value = -0.227488
nSV = 59
.*
optimization finished, #iter = 11
Objective value = -0.097501
nSV = 47
*.
optimization finished, #iter = 10
Objective value = -0.089101
nSV = 44
.*
optimization finished, #iter = 11
Objective value = -0.056202
nSV = 40
.*
optimization finished, #iter = 11
Objective value = -0.071149
nSV = 37
done
/home/limjiayee/ims_wsd_emb/../se3/1-lexical-sample/processed/train/smell.xml
smell.v 112
.......................................................................................................................*..**.**.**.*.*.*
optimization finished, #iter = 1263
Objective value = -4.133960
nSV = 63
............................................................................................................*..........*.**.*.**.**
optimization finished, #iter = 1228
Objective value = -4.048630
nSV = 38
...........................................................................................................................................**..*.*.*.*.*
optimization finished, #iter = 1454
Objective value = -6.463243
nSV = 105
..............................................................................................................................*.**.**.**
optimization finished, #iter = 1296
Objective value = -2.443133
nSV = 99
.......................................................................................................................................*....*.*.*.**.**
optimization finished, #iter = 1436
Objective value = -4.126940
nSV = 57
.*
optimization finished, #iter = 11
Objective value = -0.115247
nSV = 27
done
/home/limjiayee/ims_wsd_emb/../se3/1-lexical-sample/processed/train/arm.xml
arm.n 275
.............................................................................................................**
optimization finished, #iter = 1096
Objective value = -8.552925
nSV = 169
.*
optimization finished, #iter = 15
Objective value = -0.292775
nSV = 111
.*
optimization finished, #iter = 15
Objective value = -0.127898
nSV = 82
*.
optimization finished, #iter = 10
Objective value = -0.133160
nSV = 83
.........................................................................................................*.**.*.*
optimization finished, #iter = 1087
Objective value = -8.161728
nSV = 111
.*
optimization finished, #iter = 15
Objective value = -0.092547
nSV = 53
done
/home/limjiayee/ims_wsd_emb/../se3/1-lexical-sample/processed/train/performance.xml
performance.n 175
...........................................................................................................................*.**.*.*.*
optimization finished, #iter = 1274
Objective value = -22.615987
nSV = 165
...........................................................................................................................*.**.*.*.*
optimization finished, #iter = 1276
Objective value = -20.475661
nSV = 149
....................................................................................................................*.*.**
optimization finished, #iter = 1189
Objective value = -8.558109
nSV = 158
.................................................................*.**.***.*
optimization finished, #iter = 683
Objective value = -2.116377
nSV = 85
...................................................................................................................*.*.*
optimization finished, #iter = 1173
Objective value = -6.322868
nSV = 139
...........................................................................................................*..*..*.**.*.**
optimization finished, #iter = 1147
Objective value = -10.263165
nSV = 132
done
/home/limjiayee/ims_wsd_emb/../se3/1-lexical-sample/processed/train/judgment.xml
judgment.n 63
.*
optimization finished, #iter = 13
Objective value = -0.277371
nSV = 59
.*
optimization finished, #iter = 12
Objective value = -0.098478
nSV = 49
.*
optimization finished, #iter = 16
Objective value = -0.195322
nSV = 55
*.
optimization finished, #iter = 10
Objective value = -0.077439
nSV = 46
.*
optimization finished, #iter = 11
Objective value = -0.078686
nSV = 42
.*
optimization finished, #iter = 12
Objective value = -0.209948
nSV = 55
*
optimization finished, #iter = 9
Objective value = -0.039302
nSV = 17
done
/home/limjiayee/ims_wsd_emb/../se3/1-lexical-sample/processed/train/solid.xml
solid.a 58
.*
optimization finished, #iter = 11
Objective value = -0.142105
nSV = 58
...............................................................................................................................*...**.*.**.***
optimization finished, #iter = 1338
Objective value = -6.141331
nSV = 56
..................................................................................................*.***.****.***.***.*
optimization finished, #iter = 1032
Objective value = -4.175525
nSV = 58
.*
optimization finished, #iter = 12
Objective value = -0.093863
nSV = 49
.........................................................................................................................**.***.**.**
optimization finished, #iter = 1244
Objective value = -4.084951
nSV = 47
*.
optimization finished, #iter = 10
Objective value = -0.102597
nSV = 41
*.
optimization finished, #iter = 10
Objective value = -0.073999
nSV = 41
*
optimization finished, #iter = 8
Objective value = -0.027207
nSV = 24
.............................................................................................................................**..**
optimization finished, #iter = 1278
Objective value = -2.033202
nSV = 32
......................................................................*.*.**.*.***.*.***
optimization finished, #iter = 766
Objective value = -2.081297
nSV = 38
....................................................................*...*.***.
optimization finished, #iter = 730
Objective value = -2.030838
nSV = 28
*
optimization finished, #iter = 9
Objective value = -0.066592
nSV = 41
done
/home/limjiayee/ims_wsd_emb/../se3/1-lexical-sample/processed/train/wash.xml
wash.v 66
.*
optimization finished, #iter = 16
Objective value = -0.064767
nSV = 31
.*
optimization finished, #iter = 13
Objective value = -0.235417
nSV = 55
.*.*
optimization finished, #iter = 21
Objective value = -0.429784
nSV = 65
.*
optimization finished, #iter = 12
Objective value = -0.041668
nSV = 25
.*
optimization finished, #iter = 14
Objective value = -0.074185
nSV = 36
.*
optimization finished, #iter = 14
Objective value = -0.071874
nSV = 35
.*
optimization finished, #iter = 15
Objective value = -0.129729
nSV = 26
.*
optimization finished, #iter = 12
Objective value = -0.064713
nSV = 33
*
optimization finished, #iter = 9
Objective value = -0.043889
nSV = 26
done
/home/limjiayee/ims_wsd_emb/../se3/1-lexical-sample/processed/train/remain.xml
remain.v 141
.*
optimization finished, #iter = 13
Objective value = -0.301079
nSV = 90
.*
optimization finished, #iter = 13
Objective value = -0.396481
nSV = 109
*.
optimization finished, #iter = 10
Objective value = -0.083114
nSV = 58
*
optimization finished, #iter = 8
Objective value = -0.074793
nSV = 32
done
/home/limjiayee/ims_wsd_emb/../se3/1-lexical-sample/processed/train/begin.xml
begin.v 186
............................................................*.*.*
optimization finished, #iter = 621
Objective value = -2.118097
nSV = 88
...................................................................................................................................*....*.*.*.*
optimization finished, #iter = 1384
Objective value = -40.973498
nSV = 195
...................................................................................................*.**..**
optimization finished, #iter = 1025
Objective value = -14.445326
nSV = 131
.....................................................................................................................................*....*
optimization finished, #iter = 1378
Objective value = -38.794541
nSV = 187
..........................................................................................**..*
optimization finished, #iter = 928
Objective value = -6.485140
nSV = 113
done
/home/limjiayee/ims_wsd_emb/../se3/1-lexical-sample/processed/train/bank.xml
bank.n 271
........................................................................................................................................*.*.
optimization finished, #iter = 1380
Objective value = -18.516547
nSV = 169
................................................................................................................................................*.**.*..**.*
optimization finished, #iter = 1496
Objective value = -2.219500
nSV = 108
.*
optimization finished, #iter = 12
Objective value = -0.135598
nSV = 96
...........................................................................................................................................*.*...**.*.*
optimization finished, #iter = 1454
Objective value = -6.464574
nSV = 163
.*
optimization finished, #iter = 11
Objective value = -0.115531
nSV = 88
.....................................................................................................................................*.*.**..*.*
optimization finished, #iter = 1381
Objective value = -18.336942
nSV = 141
.......................................................................*.*.*.*.**.*
optimization finished, #iter = 762
Objective value = -2.098513
nSV = 71
*
optimization finished, #iter = 9
Objective value = -0.048946
nSV = 62
...........................................................................*.**.**
optimization finished, #iter = 775
Objective value = -2.009215
nSV = 39
*
optimization finished, #iter = 9
Objective value = -0.034832
nSV = 43
done
/home/limjiayee/ims_wsd_emb/../se3/1-lexical-sample/processed/train/hot.xml
hot.a 87
*.
optimization finished, #iter = 10
Objective value = -0.052336
nSV = 38
.*
optimization finished, #iter = 14
Objective value = -0.132488
nSV = 43
................................................................................................................................................................*.....*....*
optimization finished, #iter = 1699
Objective value = -4.336303
nSV = 79
.......................................................................................................................................................................*..*.**.*.*.**.***
optimization finished, #iter = 1747
Objective value = -4.072301
nSV = 45
*.
optimization finished, #iter = 10
Objective value = -0.085649
nSV = 51
*
optimization finished, #iter = 8
Objective value = -0.028106
nSV = 19
.*
optimization finished, #iter = 13
Objective value = -0.061949
nSV = 43
.*
optimization finished, #iter = 11
Objective value = -0.047644
nSV = 30
*
optimization finished, #iter = 8
Objective value = -0.028639
nSV = 26
done
/home/limjiayee/ims_wsd_emb/../se3/1-lexical-sample/processed/train/simple.xml
simple.a 36
.*
optimization finished, #iter = 11
Objective value = -0.176981
nSV = 40
..............................................................................................................................*..*....*.**..**.**
optimization finished, #iter = 1365
Objective value = -8.136851
nSV = 39
.........................................................................................................................*........*...**.**.**.**.****.
optimization finished, #iter = 1370
Objective value = -8.065901
nSV = 36
.*
optimization finished, #iter = 11
Objective value = -0.089924
nSV = 35
.*
optimization finished, #iter = 11
Objective value = -0.033436
nSV = 24
done
/home/limjiayee/ims_wsd_emb/../se3/1-lexical-sample/processed/train/appear.xml
appear.v 267
..............................................................................................................................*....*.*.*.**.***.*
optimization finished, #iter = 1359
Objective value = -4.629387
nSV = 197
....................................................................................................................................*....*
optimization finished, #iter = 1368
Objective value = -26.720913
nSV = 206
...............................................................................................................................**.*..***.*
optimization finished, #iter = 1314
Objective value = -20.407179
nSV = 161
................................................................................*..*.****
optimization finished, #iter = 839
Objective value = -2.008487
nSV = 24
done
/home/limjiayee/ims_wsd_emb/../se3/1-lexical-sample/processed/train/produce.xml
produce.v 187
...........................................................................................................*....*.*.**.*.*
optimization finished, #iter = 1157
Objective value = -4.595469
nSV = 157
..............................................................................................................*...***.***.*.****.*
optimization finished, #iter = 1172
Objective value = -4.094441
nSV = 90
.*
optimization finished, #iter = 16
Objective value = -0.558015
nSV = 153
.*
optimization finished, #iter = 14
Objective value = -0.222870
nSV = 95
.*
optimization finished, #iter = 11
Objective value = -0.061421
nSV = 45
done
/home/limjiayee/ims_wsd_emb/../se3/1-lexical-sample/processed/train/play.xml
play.v 109
.*
optimization finished, #iter = 11
Objective value = -0.158779
nSV = 57
.*
optimization finished, #iter = 12
Objective value = -0.070801
nSV = 47
.*
optimization finished, #iter = 12
Objective value = -0.246332
nSV = 70
*
optimization finished, #iter = 8
Objective value = -0.035192
nSV = 28
*.
optimization finished, #iter = 10
Objective value = -0.131448
nSV = 56
.*
optimization finished, #iter = 12
Objective value = -0.393267
nSV = 95
.*
optimization finished, #iter = 13
Objective value = -0.134486
nSV = 65
*.
optimization finished, #iter = 10
Objective value = -0.077156
nSV = 44
.*
optimization finished, #iter = 12
Objective value = -0.172136
nSV = 69
.*
optimization finished, #iter = 12
Objective value = -0.140320
nSV = 57
done
/home/limjiayee/ims_wsd_emb/../se3/1-lexical-sample/processed/train/source.xml
source.n 66
...................................................................................................................*.**.**.***
optimization finished, #iter = 1189
Objective value = -10.291576
nSV = 72
......................................................................................................*..*.**...*.*.****.***
optimization finished, #iter = 1116
Objective value = -2.170075
nSV = 62
................................................................................................................*....*.*.*
optimization finished, #iter = 1187
Objective value = -4.104922
nSV = 59
...............................................................................................................*...*..***.***.**
optimization finished, #iter = 1186
Objective value = -2.059106
nSV = 38
...............................................................................................................*...**.*.*.**
optimization finished, #iter = 1178
Objective value = -6.058157
nSV = 50
........................................................................................................................*.**.***
optimization finished, #iter = 1229
Objective value = -10.096530
nSV = 67
.................................................*..**.***.
optimization finished, #iter = 530
Objective value = -2.056652
nSV = 45
*.
optimization finished, #iter = 10
Objective value = -0.099846
nSV = 56
done
./train_one.bash: error reading input file: Stale file handle
Command exited with non-zero status 2
1630.56user 147.75system 20:00.86elapsed 148%CPU (0avgtext+0avgdata 17123024maxresident)k
8inputs+54288outputs (0major+3756437minor)pagefaults 0swaps
