Nov 07, 2017 1:26:14 AM net.didion.jwnl.util.MessageLog doLog
INFO: Installing dictionary net.didion.jwnl.dictionary.FileBackedDictionary@c4437c4
/home/limjiayee/ims_wsd_emb/../se4/1-lexical-sample/processed/train/state.xml
state.n 617
.*
optimization finished, #iter = 11
Objective value = -0.295252
nSV = 151
....*
optimization finished, #iter = 41
Objective value = -1.091083
nSV = 282
....*
optimization finished, #iter = 47
Objective value = -0.964736
nSV = 264
done
/home/limjiayee/ims_wsd_emb/../se4/1-lexical-sample/processed/train/complete.xml
complete.v 42
*.
optimization finished, #iter = 10
Objective value = -0.032599
nSV = 21
done
/home/limjiayee/ims_wsd_emb/../se4/1-lexical-sample/processed/train/see.xml
see.v 158
.*
optimization finished, #iter = 15
Objective value = -0.470327
nSV = 128
.*
optimization finished, #iter = 16
Objective value = -0.740368
nSV = 143
*.
optimization finished, #iter = 10
Objective value = -0.099918
nSV = 48
.*
optimization finished, #iter = 16
Objective value = -0.553391
nSV = 125
.*
optimization finished, #iter = 12
Objective value = -0.173636
nSV = 86
*.
optimization finished, #iter = 10
Objective value = -0.056920
nSV = 48
done
/home/limjiayee/ims_wsd_emb/../se4/1-lexical-sample/processed/train/space.xml
space.n 67
.*
optimization finished, #iter = 14
Objective value = -0.208795
nSV = 61
.*
optimization finished, #iter = 11
Objective value = -0.161301
nSV = 62
*
optimization finished, #iter = 9
Objective value = -0.043507
nSV = 40
*.
optimization finished, #iter = 10
Objective value = -0.032185
nSV = 30
*
optimization finished, #iter = 9
Objective value = -0.025126
nSV = 30
done
/home/limjiayee/ims_wsd_emb/../se4/1-lexical-sample/processed/train/position.xml
position.n 268
..*
optimization finished, #iter = 25
Objective value = -0.793509
nSV = 185
.*
optimization finished, #iter = 16
Objective value = -0.508518
nSV = 162
.*
optimization finished, #iter = 17
Objective value = -0.452284
nSV = 152
.*
optimization finished, #iter = 19
Objective value = -0.572924
nSV = 153
.*
optimization finished, #iter = 13
Objective value = -0.135908
nSV = 93
.*
optimization finished, #iter = 15
Objective value = -0.174573
nSV = 93
*.
optimization finished, #iter = 10
Objective value = -0.049031
nSV = 34
done
/home/limjiayee/ims_wsd_emb/../se4/1-lexical-sample/processed/train/prove.xml
prove.v 49
.
optimization finished, #iter = 12
Objective value = -0.242488
nSV = 49
.*
optimization finished, #iter = 13
Objective value = -0.210246
nSV = 47
.*
optimization finished, #iter = 11
Objective value = -0.030718
nSV = 24
done
/home/limjiayee/ims_wsd_emb/../se4/1-lexical-sample/processed/train/authority.xml
authority.n 90
.*
optimization finished, #iter = 12
Objective value = -0.078993
nSV = 66
.*
optimization finished, #iter = 11
Objective value = -0.128532
nSV = 65
*
optimization finished, #iter = 9
Objective value = -0.027069
nSV = 28
.*
optimization finished, #iter = 11
Objective value = -0.063006
nSV = 42
done
/home/limjiayee/ims_wsd_emb/../se4/1-lexical-sample/processed/train/start.xml
start.v 214
.*
optimization finished, #iter = 15
Objective value = -0.408862
nSV = 134
.*
optimization finished, #iter = 18
Objective value = -1.083496
nSV = 192
.*
optimization finished, #iter = 15
Objective value = -0.570579
nSV = 144
.*
optimization finished, #iter = 15
Objective value = -0.429531
nSV = 107
.*
optimization finished, #iter = 11
Objective value = -0.077719
nSV = 63
.*
optimization finished, #iter = 11
Objective value = -0.046647
nSV = 45
done
/home/limjiayee/ims_wsd_emb/../se4/1-lexical-sample/processed/train/approve.xml
approve.v 53
*.
optimization finished, #iter = 10
Objective value = -0.047428
nSV = 28
done
/home/limjiayee/ims_wsd_emb/../se4/1-lexical-sample/processed/train/examine.xml
examine.v 26
.
optimization finished, #iter = 11
Objective value = -0.089956
nSV = 26
*
optimization finished, #iter = 8
Objective value = -0.019670
nSV = 18
.
optimization finished, #iter = 11
Objective value = -0.087557
nSV = 26
done
/home/limjiayee/ims_wsd_emb/../se4/1-lexical-sample/processed/train/allow.xml
allow.v 108
.*
optimization finished, #iter = 14
Objective value = -0.161173
nSV = 71
done
/home/limjiayee/ims_wsd_emb/../se4/1-lexical-sample/processed/train/receive.xml
receive.v 136
.*
optimization finished, #iter = 12
Objective value = -0.136401
nSV = 62
done
/home/limjiayee/ims_wsd_emb/../se4/1-lexical-sample/processed/train/promise.xml
promise.v 50
*
optimization finished, #iter = 9
Objective value = -0.112903
nSV = 40
done
/home/limjiayee/ims_wsd_emb/../se4/1-lexical-sample/processed/train/claim.xml
claim.v 54
*.
optimization finished, #iter = 10
Objective value = -0.097712
nSV = 39
*.
optimization finished, #iter = 10
Objective value = -0.113363
nSV = 45
*
optimization finished, #iter = 8
Objective value = -0.026848
nSV = 26
done
/home/limjiayee/ims_wsd_emb/../se4/1-lexical-sample/processed/train/order.xml
order.n 346
.*
optimization finished, #iter = 14
Objective value = -0.330323
nSV = 128
.*
optimization finished, #iter = 14
Objective value = -0.440759
nSV = 159
*
optimization finished, #iter = 9
Objective value = -0.050235
nSV = 54
.*
optimization finished, #iter = 12
Objective value = -0.031454
nSV = 36
.*
optimization finished, #iter = 12
Objective value = -0.096673
nSV = 73
*.
optimization finished, #iter = 10
Objective value = -0.067584
nSV = 60
*.
optimization finished, #iter = 10
Objective value = -0.086506
nSV = 65
done
/home/limjiayee/ims_wsd_emb/../se4/1-lexical-sample/processed/train/care.xml
care.v 69
..*
optimization finished, #iter = 24
Objective value = -0.232084
nSV = 53
..*
optimization finished, #iter = 25
Objective value = -0.185093
nSV = 50
.*
optimization finished, #iter = 15
Objective value = -0.094040
nSV = 44
done
/home/limjiayee/ims_wsd_emb/../se4/1-lexical-sample/processed/train/come.xml
come.v 186
.*
optimization finished, #iter = 13
Objective value = -0.364047
nSV = 129
.*
optimization finished, #iter = 15
Objective value = -0.624538
nSV = 144
.*
optimization finished, #iter = 11
Objective value = -0.158252
nSV = 87
.*
optimization finished, #iter = 13
Objective value = -0.482792
nSV = 149
.*
optimization finished, #iter = 14
Objective value = -0.363633
nSV = 113
.*
optimization finished, #iter = 12
Objective value = -0.255465
nSV = 115
.*
optimization finished, #iter = 13
Objective value = -0.089390
nSV = 64
.*
optimization finished, #iter = 11
Objective value = -0.095085
nSV = 65
.*
optimization finished, #iter = 11
Objective value = -0.074572
nSV = 66
*
optimization finished, #iter = 9
Objective value = -0.083255
nSV = 67
done
/home/limjiayee/ims_wsd_emb/../se4/1-lexical-sample/processed/train/bill.xml
bill.n 404
.*
optimization finished, #iter = 18
Objective value = -0.375594
nSV = 139
.*
optimization finished, #iter = 19
Objective value = -0.372806
nSV = 146
.*
optimization finished, #iter = 16
Objective value = -0.208436
nSV = 111
done
/home/limjiayee/ims_wsd_emb/../se4/1-lexical-sample/processed/train/move.xml
move.n 270
.*
optimization finished, #iter = 13
Objective value = -0.253209
nSV = 129
.*
optimization finished, #iter = 11
Objective value = -0.083525
nSV = 72
*
optimization finished, #iter = 9
Objective value = -0.096911
nSV = 90
.*
optimization finished, #iter = 11
Objective value = -0.102006
nSV = 79
done
/home/limjiayee/ims_wsd_emb/../se4/1-lexical-sample/processed/train/raise.xml
raise.v 147
.*
optimization finished, #iter = 16
Objective value = -0.354349
nSV = 104
.*
optimization finished, #iter = 15
Objective value = -0.241549
nSV = 94
.*
optimization finished, #iter = 14
Objective value = -0.294083
nSV = 87
.*
optimization finished, #iter = 16
Objective value = -0.218423
nSV = 74
.*
optimization finished, #iter = 11
Objective value = -0.181030
nSV = 71
.*
optimization finished, #iter = 13
Objective value = -0.132803
nSV = 64
*.
optimization finished, #iter = 10
Objective value = -0.054055
nSV = 59
done
/home/limjiayee/ims_wsd_emb/../se4/1-lexical-sample/processed/train/capital.xml
capital.n 278
.*
optimization finished, #iter = 12
Objective value = -0.201263
nSV = 100
.*
optimization finished, #iter = 11
Objective value = -0.180132
nSV = 87
*
optimization finished, #iter = 8
Objective value = -0.015665
nSV = 24
*.
optimization finished, #iter = 10
Objective value = -0.030707
nSV = 42
done
/home/limjiayee/ims_wsd_emb/../se4/1-lexical-sample/processed/train/attempt.xml
attempt.v 40
done
/home/limjiayee/ims_wsd_emb/../se4/1-lexical-sample/processed/train/base.xml
base.n 92
.*
optimization finished, #iter = 13
Objective value = -0.174774
nSV = 75
.*
optimization finished, #iter = 12
Objective value = -0.229272
nSV = 79
.*
optimization finished, #iter = 13
Objective value = -0.090044
nSV = 46
.*
optimization finished, #iter = 12
Objective value = -0.109577
nSV = 61
*
optimization finished, #iter = 8
Objective value = -0.024426
nSV = 27
done
/home/limjiayee/ims_wsd_emb/../se4/1-lexical-sample/processed/train/rush.xml
rush.v 28
*
optimization finished, #iter = 9
Objective value = -0.039599
nSV = 24
done
/home/limjiayee/ims_wsd_emb/../se4/1-lexical-sample/processed/train/power.xml
power.n 251
.*
optimization finished, #iter = 16
Objective value = -0.230144
nSV = 89
.*
optimization finished, #iter = 19
Objective value = -0.668053
nSV = 170
.*
optimization finished, #iter = 18
Objective value = -0.499408
nSV = 144
done
/home/limjiayee/ims_wsd_emb/../se4/1-lexical-sample/processed/train/feel.xml
feel.v 347
...*
optimization finished, #iter = 33
Objective value = -0.977075
nSV = 206
..*
optimization finished, #iter = 28
Objective value = -1.214981
nSV = 231
.*
optimization finished, #iter = 18
Objective value = -0.226884
nSV = 87
done
/home/limjiayee/ims_wsd_emb/../se4/1-lexical-sample/processed/train/report.xml
report.v 128
.*
optimization finished, #iter = 11
Objective value = -0.132172
nSV = 59
*.
optimization finished, #iter = 10
Objective value = -0.061291
nSV = 46
.*
optimization finished, #iter = 11
Objective value = -0.087864
nSV = 51
done
/home/limjiayee/ims_wsd_emb/../se4/1-lexical-sample/processed/train/people.xml
people.n 754
..*
optimization finished, #iter = 24
Objective value = -0.967153
nSV = 263
..*
optimization finished, #iter = 23
Objective value = -0.811122
nSV = 233
.*
optimization finished, #iter = 14
Objective value = -0.149388
nSV = 123
.*
optimization finished, #iter = 13
Objective value = -0.183885
nSV = 152
done
/home/limjiayee/ims_wsd_emb/../se4/1-lexical-sample/processed/train/area.xml
area.n 326
.*
optimization finished, #iter = 12
Objective value = -0.166824
nSV = 109
.*
optimization finished, #iter = 17
Objective value = -0.720994
nSV = 190
.**
optimization finished, #iter = 19
Objective value = -0.658186
nSV = 180
done
/home/limjiayee/ims_wsd_emb/../se4/1-lexical-sample/processed/train/keep.xml
keep.v 260
.*
optimization finished, #iter = 18
Objective value = -0.520172
nSV = 153
..*
optimization finished, #iter = 21
Objective value = -0.937926
nSV = 192
..*
optimization finished, #iter = 26
Objective value = -1.812749
nSV = 247
.*
optimization finished, #iter = 19
Objective value = -0.411355
nSV = 130
.*
optimization finished, #iter = 19
Objective value = -0.470975
nSV = 148
..*
optimization finished, #iter = 23
Objective value = -0.316593
nSV = 113
.*
optimization finished, #iter = 14
Objective value = -0.048666
nSV = 38
done
/home/limjiayee/ims_wsd_emb/../se4/1-lexical-sample/processed/train/management.xml
management.n 284
.*
optimization finished, #iter = 19
Objective value = -0.780260
nSV = 207
done
/home/limjiayee/ims_wsd_emb/../se4/1-lexical-sample/processed/train/remember.xml
remember.v 121
.*
optimization finished, #iter = 11
Objective value = -0.034783
nSV = 35
done
/home/limjiayee/ims_wsd_emb/../se4/1-lexical-sample/processed/train/system.xml
system.n 450
*.
optimization finished, #iter = 10
Objective value = -0.049945
nSV = 75
.*
optimization finished, #iter = 18
Objective value = -0.936275
nSV = 232
...*
optimization finished, #iter = 33
Objective value = -1.013348
nSV = 254
...*
optimization finished, #iter = 34
Objective value = -0.822319
nSV = 224
*
optimization finished, #iter = 9
Objective value = -0.068782
nSV = 44
done
/home/limjiayee/ims_wsd_emb/../se4/1-lexical-sample/processed/train/find.xml
find.v 174
.*
optimization finished, #iter = 13
Objective value = -0.215392
nSV = 97
.*
optimization finished, #iter = 14
Objective value = -0.355480
nSV = 114
*
optimization finished, #iter = 7
Objective value = -0.023834
nSV = 27
.*
optimization finished, #iter = 12
Objective value = -0.086884
nSV = 52
.*
optimization finished, #iter = 12
Objective value = -0.064956
nSV = 49
done
/home/limjiayee/ims_wsd_emb/../se4/1-lexical-sample/processed/train/grant.xml
grant.v 19

optimization finished, #iter = 9
Objective value = -0.067530
nSV = 19
done
/home/limjiayee/ims_wsd_emb/../se4/1-lexical-sample/processed/train/do.xml
do.v 207
..*
optimization finished, #iter = 24
Objective value = -0.316102
nSV = 112
.*
optimization finished, #iter = 16
Objective value = -0.245697
nSV = 102
*.
optimization finished, #iter = 10
Objective value = -0.034615
nSV = 35
.*
optimization finished, #iter = 12
Objective value = -0.042719
nSV = 29
done
/home/limjiayee/ims_wsd_emb/../se4/1-lexical-sample/processed/train/propose.xml
propose.v 34
*.
optimization finished, #iter = 10
Objective value = -0.064097
nSV = 26
done
/home/limjiayee/ims_wsd_emb/../se4/1-lexical-sample/processed/train/rate.xml
rate.n 1009
............**
optimization finished, #iter = 127
Objective value = -1.687954
nSV = 341
done
/home/limjiayee/ims_wsd_emb/../se4/1-lexical-sample/processed/train/work.xml
work.v 230
.*
optimization finished, #iter = 17
Objective value = -0.608383
nSV = 153
..*
optimization finished, #iter = 23
Objective value = -0.821476
nSV = 184
.*
optimization finished, #iter = 17
Objective value = -0.268640
nSV = 101
.*
optimization finished, #iter = 15
Objective value = -0.222677
nSV = 78
.*
optimization finished, #iter = 12
Objective value = -0.080382
nSV = 68
*.
optimization finished, #iter = 10
Objective value = -0.065815
nSV = 61
.*
optimization finished, #iter = 12
Objective value = -0.111126
nSV = 64
done
/home/limjiayee/ims_wsd_emb/../se4/1-lexical-sample/processed/train/contribute.xml
contribute.v 35
.*
optimization finished, #iter = 14
Objective value = -0.107566
nSV = 34
done
/home/limjiayee/ims_wsd_emb/../se4/1-lexical-sample/processed/train/president.xml
president.n 879
..*
optimization finished, #iter = 24
Objective value = -0.558708
nSV = 186
..*
optimization finished, #iter = 24
Objective value = -0.610776
nSV = 195
.*
optimization finished, #iter = 14
Objective value = -0.284582
nSV = 134
done
/home/limjiayee/ims_wsd_emb/../se4/1-lexical-sample/processed/train/kill.xml
kill.v 111
.*
optimization finished, #iter = 16
Objective value = -0.095229
nSV = 54
.*
optimization finished, #iter = 13
Objective value = -0.063108
nSV = 40
*
optimization finished, #iter = 8
Objective value = -0.041307
nSV = 30
.*
optimization finished, #iter = 13
Objective value = -0.038387
nSV = 24
done
/home/limjiayee/ims_wsd_emb/../se4/1-lexical-sample/processed/train/disclose.xml
disclose.v 55
done
/home/limjiayee/ims_wsd_emb/../se4/1-lexical-sample/processed/train/part.xml
part.n 481
.*
optimization finished, #iter = 19
Objective value = -0.672644
nSV = 246
.*
optimization finished, #iter = 16
Objective value = -0.573014
nSV = 243
.*
optimization finished, #iter = 17
Objective value = -0.243176
nSV = 147
*
optimization finished, #iter = 8
Objective value = -0.028361
nSV = 31
done
/home/limjiayee/ims_wsd_emb/../se4/1-lexical-sample/processed/train/believe.xml
believe.v 202
.*
optimization finished, #iter = 18
Objective value = -0.696320
nSV = 143
done
/home/limjiayee/ims_wsd_emb/../se4/1-lexical-sample/processed/train/enjoy.xml
enjoy.v 56
*
optimization finished, #iter = 9
Objective value = -0.109405
nSV = 48
done
/home/limjiayee/ims_wsd_emb/../se4/1-lexical-sample/processed/train/go.xml
go.v 244
.*
optimization finished, #iter = 12
Objective value = -0.152429
nSV = 86
..*
optimization finished, #iter = 26
Objective value = -0.316491
nSV = 100
.*
optimization finished, #iter = 19
Objective value = -0.415864
nSV = 123
...**
optimization finished, #iter = 36
Objective value = -1.348884
nSV = 211
*.
optimization finished, #iter = 10
Objective value = -0.080950
nSV = 59
*.
optimization finished, #iter = 10
Objective value = -0.055079
nSV = 43
.*
optimization finished, #iter = 16
Objective value = -0.694649
nSV = 162
..*
optimization finished, #iter = 28
Objective value = -0.423614
nSV = 119
.*
optimization finished, #iter = 12
Objective value = -0.080069
nSV = 66
*
optimization finished, #iter = 9
Objective value = -0.048987
nSV = 31
..*
optimization finished, #iter = 22
Objective value = -0.055804
nSV = 28
*
optimization finished, #iter = 9
Objective value = -0.056732
nSV = 44
done
/home/limjiayee/ims_wsd_emb/../se4/1-lexical-sample/processed/train/defense.xml
defense.n 120
.*
optimization finished, #iter = 14
Objective value = -0.158325
nSV = 65
.*
optimization finished, #iter = 14
Objective value = -0.191270
nSV = 70
.*
optimization finished, #iter = 18
Objective value = -0.315828
nSV = 92
.*
optimization finished, #iter = 13
Objective value = -0.223438
nSV = 78
.*
optimization finished, #iter = 13
Objective value = -0.222732
nSV = 82
.*
optimization finished, #iter = 14
Objective value = -0.275612
nSV = 88
.*
optimization finished, #iter = 17
Objective value = -0.118380
nSV = 59
done
/home/limjiayee/ims_wsd_emb/../se4/1-lexical-sample/processed/train/regard.xml
regard.v 40

optimization finished, #iter = 9
Objective value = -0.129135
nSV = 40
*.
optimization finished, #iter = 10
Objective value = -0.061906
nSV = 32
.*
optimization finished, #iter = 11
Objective value = -0.087496
nSV = 34
done
/home/limjiayee/ims_wsd_emb/../se4/1-lexical-sample/processed/train/share.xml
share.n 2536
..*
optimization finished, #iter = 22
Objective value = -0.582520
nSV = 171
done
/home/limjiayee/ims_wsd_emb/../se4/1-lexical-sample/processed/train/describe.xml
describe.v 57
.*
optimization finished, #iter = 11
Objective value = -0.064053
nSV = 42
*.
optimization finished, #iter = 10
Objective value = -0.058116
nSV = 36
*
optimization finished, #iter = 9
Objective value = -0.021893
nSV = 21
done
/home/limjiayee/ims_wsd_emb/../se4/1-lexical-sample/processed/train/exist.xml
exist.v 52
.*
optimization finished, #iter = 11
Objective value = -0.056922
nSV = 36
done
/home/limjiayee/ims_wsd_emb/../se4/1-lexical-sample/processed/train/lead.xml
lead.v 165
.*
optimization finished, #iter = 19
Objective value = -0.397524
nSV = 127
.*
optimization finished, #iter = 13
Objective value = -0.318696
nSV = 112
.*
optimization finished, #iter = 15
Objective value = -0.270029
nSV = 90
.*
optimization finished, #iter = 14
Objective value = -0.180799
nSV = 82
.*
optimization finished, #iter = 15
Objective value = -0.338165
nSV = 92
.*
optimization finished, #iter = 12
Objective value = -0.090104
nSV = 57
done
/home/limjiayee/ims_wsd_emb/../se4/1-lexical-sample/processed/train/value.xml
value.n 335
..*
optimization finished, #iter = 21
Objective value = -0.455086
nSV = 129
.*.
optimization finished, #iter = 20
Objective value = -0.471351
nSV = 127
.*
optimization finished, #iter = 11
Objective value = -0.135892
nSV = 61
done
/home/limjiayee/ims_wsd_emb/../se4/1-lexical-sample/processed/train/negotiate.xml
negotiate.v 25
done
/home/limjiayee/ims_wsd_emb/../se4/1-lexical-sample/processed/train/complain.xml
complain.v 32
*
optimization finished, #iter = 8
Objective value = -0.022709
nSV = 18
done
/home/limjiayee/ims_wsd_emb/../se4/1-lexical-sample/processed/train/policy.xml
policy.n 331
.*
optimization finished, #iter = 14
Objective value = -0.423838
nSV = 165
done
/home/limjiayee/ims_wsd_emb/../se4/1-lexical-sample/processed/train/hour.xml
hour.n 187
.*
optimization finished, #iter = 18
Objective value = -0.387406
nSV = 113
*
optimization finished, #iter = 9
Objective value = -0.028505
nSV = 38
.*
optimization finished, #iter = 18
Objective value = -0.365373
nSV = 110
*
optimization finished, #iter = 8
Objective value = -0.024004
nSV = 29
done
/home/limjiayee/ims_wsd_emb/../se4/1-lexical-sample/processed/train/improve.xml
improve.v 31
done
/home/limjiayee/ims_wsd_emb/../se4/1-lexical-sample/processed/train/maintain.xml
maintain.v 61
.*
optimization finished, #iter = 11
Objective value = -0.118805
nSV = 44
done
/home/limjiayee/ims_wsd_emb/../se4/1-lexical-sample/processed/train/cause.xml
cause.v 73
done
/home/limjiayee/ims_wsd_emb/../se4/1-lexical-sample/processed/train/join.xml
join.v 68
.*
optimization finished, #iter = 15
Objective value = -0.343199
nSV = 66
.*
optimization finished, #iter = 15
Objective value = -0.234312
nSV = 62
*.
optimization finished, #iter = 10
Objective value = -0.078592
nSV = 39
.*
optimization finished, #iter = 13
Objective value = -0.203535
nSV = 53
done
/home/limjiayee/ims_wsd_emb/../se4/1-lexical-sample/processed/train/purchase.xml
purchase.v 35
done
/home/limjiayee/ims_wsd_emb/../se4/1-lexical-sample/processed/train/occur.xml
occur.v 47
.*
optimization finished, #iter = 11
Objective value = -0.093760
nSV = 39
done
/home/limjiayee/ims_wsd_emb/../se4/1-lexical-sample/processed/train/network.xml
network.n 152
.*
optimization finished, #iter = 18
Objective value = -0.393446
nSV = 118
.*.
optimization finished, #iter = 20
Objective value = -0.303724
nSV = 111
.*
optimization finished, #iter = 15
Objective value = -0.338155
nSV = 105
done
/home/limjiayee/ims_wsd_emb/../se4/1-lexical-sample/processed/train/job.xml
job.n 188
.*
optimization finished, #iter = 17
Objective value = -0.569564
nSV = 140
.*
optimization finished, #iter = 15
Objective value = -0.518012
nSV = 134
.*
optimization finished, #iter = 12
Objective value = -0.145510
nSV = 62
done
/home/limjiayee/ims_wsd_emb/../se4/1-lexical-sample/processed/train/chance.xml
chance.n 91
............*
optimization finished, #iter = 123
Objective value = -0.259115
nSV = 45
.*
optimization finished, #iter = 15
Objective value = -0.287716
nSV = 84
...........**.**.*
optimization finished, #iter = 131
Objective value = -0.494955
nSV = 84
*.
optimization finished, #iter = 10
Objective value = -0.044864
nSV = 43
done
/home/limjiayee/ims_wsd_emb/../se4/1-lexical-sample/processed/train/ask.xml
ask.v 348
..*
optimization finished, #iter = 21
Objective value = -1.023375
nSV = 240
..**
optimization finished, #iter = 23
Objective value = -1.110050
nSV = 247
.*
optimization finished, #iter = 11
Objective value = -0.058908
nSV = 51
*.
optimization finished, #iter = 10
Objective value = -0.047187
nSV = 40
.*
optimization finished, #iter = 15
Objective value = -0.130069
nSV = 88
.*
optimization finished, #iter = 12
Objective value = -0.087340
nSV = 49
done
/home/limjiayee/ims_wsd_emb/../se4/1-lexical-sample/processed/train/condition.xml
condition.n 132
.*
optimization finished, #iter = 14
Objective value = -0.276986
nSV = 76
done
/home/limjiayee/ims_wsd_emb/../se4/1-lexical-sample/processed/train/affect.xml
affect.v 45
done
/home/limjiayee/ims_wsd_emb/../se4/1-lexical-sample/processed/train/explain.xml
explain.v 85
.**
optimization finished, #iter = 13
Objective value = -0.172111
nSV = 56
done
/home/limjiayee/ims_wsd_emb/../se4/1-lexical-sample/processed/train/need.xml
need.v 195
..*
optimization finished, #iter = 27
Objective value = -0.552490
nSV = 149
done
/home/limjiayee/ims_wsd_emb/../se4/1-lexical-sample/processed/train/estimate.xml
estimate.v 74
done
/home/limjiayee/ims_wsd_emb/../se4/1-lexical-sample/processed/train/express.xml
express.v 47
done
/home/limjiayee/ims_wsd_emb/../se4/1-lexical-sample/processed/train/build.xml
build.v 119
.*
optimization finished, #iter = 15
Objective value = -0.406704
nSV = 104
.*
optimization finished, #iter = 14
Objective value = -0.398130
nSV = 111
.*
optimization finished, #iter = 12
Objective value = -0.115411
nSV = 66
done
/home/limjiayee/ims_wsd_emb/../se4/1-lexical-sample/processed/train/effect.xml
effect.n 178
.*
optimization finished, #iter = 15
Objective value = -0.344242
nSV = 107
.*
optimization finished, #iter = 14
Objective value = -0.310628
nSV = 96
*
optimization finished, #iter = 9
Objective value = -0.050184
nSV = 46
done
/home/limjiayee/ims_wsd_emb/../se4/1-lexical-sample/processed/train/hope.xml
hope.v 103
done
/home/limjiayee/ims_wsd_emb/../se4/1-lexical-sample/processed/train/recall.xml
recall.v 49
*
optimization finished, #iter = 9
Objective value = -0.041648
nSV = 30
*
optimization finished, #iter = 8
Objective value = -0.029722
nSV = 23
*
optimization finished, #iter = 7
Objective value = -0.025159
nSV = 20
done
/home/limjiayee/ims_wsd_emb/../se4/1-lexical-sample/processed/train/drug.xml
drug.n 205
.*
optimization finished, #iter = 14
Objective value = -0.327621
nSV = 127
done
/home/limjiayee/ims_wsd_emb/../se4/1-lexical-sample/processed/train/carrier.xml
carrier.n 111
.*
optimization finished, #iter = 13
Objective value = -0.246933
nSV = 83
*
optimization finished, #iter = 8
Objective value = -0.025900
nSV = 30
*.
optimization finished, #iter = 10
Objective value = -0.032234
nSV = 32
.*
optimization finished, #iter = 13
Objective value = -0.134563
nSV = 68
*.
optimization finished, #iter = 10
Objective value = -0.067875
nSV = 52
*.
optimization finished, #iter = 10
Objective value = -0.026654
nSV = 32
*
optimization finished, #iter = 9
Objective value = -0.054375
nSV = 42
done
/home/limjiayee/ims_wsd_emb/../se4/1-lexical-sample/processed/train/plant.xml
plant.n 347
...**
optimization finished, #iter = 35
Objective value = -0.302988
nSV = 120
done
/home/limjiayee/ims_wsd_emb/../se4/1-lexical-sample/processed/train/set.xml
set.v 174
.*
optimization finished, #iter = 15
Objective value = -0.448605
nSV = 115
.*
optimization finished, #iter = 15
Objective value = -0.424824
nSV = 137
.*
optimization finished, #iter = 17
Objective value = -0.637448
nSV = 150
.*
optimization finished, #iter = 16
Objective value = -0.554317
nSV = 141
.*
optimization finished, #iter = 11
Objective value = -0.150791
nSV = 72
.*
optimization finished, #iter = 11
Objective value = -0.062557
nSV = 44
*.
optimization finished, #iter = 10
Objective value = -0.053492
nSV = 52
.*
optimization finished, #iter = 15
Objective value = -0.096448
nSV = 52
*
optimization finished, #iter = 9
Objective value = -0.032992
nSV = 37
done
/home/limjiayee/ims_wsd_emb/../se4/1-lexical-sample/processed/train/prepare.xml
prepare.v 54
.*
optimization finished, #iter = 11
Objective value = -0.171837
nSV = 50
done
/home/limjiayee/ims_wsd_emb/../se4/1-lexical-sample/processed/train/fix.xml
fix.v 32
*
optimization finished, #iter = 9
Objective value = -0.073398
nSV = 26
.*
optimization finished, #iter = 12
Objective value = -0.069996
nSV = 24
.*
optimization finished, #iter = 12
Objective value = -0.111079
nSV = 28
.
optimization finished, #iter = 10
Objective value = -0.112811
nSV = 32
.**
optimization finished, #iter = 13
Objective value = -0.058633
nSV = 22
done
/home/limjiayee/ims_wsd_emb/../se4/1-lexical-sample/processed/train/buy.xml
buy.v 164
.**
optimization finished, #iter = 18
Objective value = -0.566207
nSV = 128
.*
optimization finished, #iter = 15
Objective value = -0.413948
nSV = 114
.*
optimization finished, #iter = 13
Objective value = -0.083167
nSV = 55
*
optimization finished, #iter = 9
Objective value = -0.087956
nSV = 45
*
optimization finished, #iter = 7
Objective value = -0.028499
nSV = 27
done
/home/limjiayee/ims_wsd_emb/../se4/1-lexical-sample/processed/train/turn.xml
turn.v 340
.*
optimization finished, #iter = 16
Objective value = -0.592182
nSV = 172
.*
optimization finished, #iter = 17
Objective value = -0.415044
nSV = 151
..*
optimization finished, #iter = 21
Objective value = -1.193139
nSV = 246
.*
optimization finished, #iter = 18
Objective value = -0.307766
nSV = 129
*.
optimization finished, #iter = 10
Objective value = -0.037770
nSV = 40
.*
optimization finished, #iter = 16
Objective value = -0.281869
nSV = 137
.*
optimization finished, #iter = 13
Objective value = -0.260209
nSV = 128
*
optimization finished, #iter = 8
Objective value = -0.032468
nSV = 43
.*.
optimization finished, #iter = 20
Objective value = -0.177003
nSV = 94
*.
optimization finished, #iter = 10
Objective value = -0.084406
nSV = 62
*.
optimization finished, #iter = 10
Objective value = -0.076314
nSV = 62
.*.
optimization finished, #iter = 20
Objective value = -0.328240
nSV = 138
*.
optimization finished, #iter = 10
Objective value = -0.042759
nSV = 40
done
/home/limjiayee/ims_wsd_emb/../se4/1-lexical-sample/processed/train/avoid.xml
avoid.v 55
done
/home/limjiayee/ims_wsd_emb/../se4/1-lexical-sample/processed/train/remove.xml
remove.v 47
done
/home/limjiayee/ims_wsd_emb/../se4/1-lexical-sample/processed/train/begin.xml
begin.v 114
.*
optimization finished, #iter = 14
Objective value = -0.422556
nSV = 109
.*
optimization finished, #iter = 14
Objective value = -0.414752
nSV = 108
*.
optimization finished, #iter = 10
Objective value = -0.029788
nSV = 41
*.
optimization finished, #iter = 10
Objective value = -0.046062
nSV = 34
done
/home/limjiayee/ims_wsd_emb/../se4/1-lexical-sample/processed/train/hold.xml
hold.v 129
.*
optimization finished, #iter = 18
Objective value = -0.445862
nSV = 118
.*
optimization finished, #iter = 18
Objective value = -0.329455
nSV = 104
.*
optimization finished, #iter = 13
Objective value = -0.276285
nSV = 93
.*
optimization finished, #iter = 13
Objective value = -0.224738
nSV = 82
*
optimization finished, #iter = 9
Objective value = -0.060807
nSV = 54
.*
optimization finished, #iter = 12
Objective value = -0.113669
nSV = 66
.*
optimization finished, #iter = 12
Objective value = -0.102067
nSV = 65
.*
optimization finished, #iter = 13
Objective value = -0.129711
nSV = 68
done
/home/limjiayee/ims_wsd_emb/../se4/1-lexical-sample/processed/train/point.xml
point.n 469
..*
optimization finished, #iter = 21
Objective value = -0.348339
nSV = 140
.*
optimization finished, #iter = 13
Objective value = -0.302036
nSV = 102
.*
optimization finished, #iter = 16
Objective value = -0.496273
nSV = 158
.*
optimization finished, #iter = 15
Objective value = -0.372932
nSV = 130
.*
optimization finished, #iter = 12
Objective value = -0.073715
nSV = 62
.*
optimization finished, #iter = 11
Objective value = -0.096679
nSV = 80
*.
optimization finished, #iter = 10
Objective value = -0.115184
nSV = 81
*.
optimization finished, #iter = 10
Objective value = -0.055355
nSV = 52
*
optimization finished, #iter = 9
Objective value = -0.031156
nSV = 39
done
/home/limjiayee/ims_wsd_emb/../se4/1-lexical-sample/processed/train/exchange.xml
exchange.n 363
..*
optimization finished, #iter = 25
Objective value = -0.557823
nSV = 187
.*
optimization finished, #iter = 18
Objective value = -0.375812
nSV = 160
..**
optimization finished, #iter = 26
Objective value = -0.253897
nSV = 109
*.
optimization finished, #iter = 10
Objective value = -0.078821
nSV = 60
.*
optimization finished, #iter = 11
Objective value = -0.034178
nSV = 49
done
/home/limjiayee/ims_wsd_emb/../se4/1-lexical-sample/processed/train/announce.xml
announce.v 88
.*
optimization finished, #iter = 14
Objective value = -0.038064
nSV = 29
done
/home/limjiayee/ims_wsd_emb/../se4/1-lexical-sample/processed/train/end.xml
end.v 135
.*
optimization finished, #iter = 12
Objective value = -0.227368
nSV = 90
.*
optimization finished, #iter = 12
Objective value = -0.254780
nSV = 88
*
optimization finished, #iter = 9
Objective value = -0.063901
nSV = 48
.*
optimization finished, #iter = 11
Objective value = -0.121343
nSV = 63
done
/home/limjiayee/ims_wsd_emb/../se4/1-lexical-sample/processed/train/say.xml
say.v 2161
...**
optimization finished, #iter = 35
Objective value = -1.156910
nSV = 318
.*
optimization finished, #iter = 19
Objective value = -0.762268
nSV = 271
..*
optimization finished, #iter = 22
Objective value = -0.151762
nSV = 94
.*
optimization finished, #iter = 17
Objective value = -0.128696
nSV = 89
.*
optimization finished, #iter = 11
Objective value = -0.070320
nSV = 82
done
/home/limjiayee/ims_wsd_emb/../se4/1-lexical-sample/processed/train/replace.xml
replace.v 46
*.
optimization finished, #iter = 10
Objective value = -0.050024
nSV = 26
done
/home/limjiayee/ims_wsd_emb/../se4/1-lexical-sample/processed/train/produce.xml
produce.v 115
.*
optimization finished, #iter = 14
Objective value = -0.155679
nSV = 75
done
/home/limjiayee/ims_wsd_emb/../se4/1-lexical-sample/processed/train/future.xml
future.n 350
.*
optimization finished, #iter = 12
Objective value = -0.252333
nSV = 94
.*
optimization finished, #iter = 12
Objective value = -0.212728
nSV = 84
.*
optimization finished, #iter = 11
Objective value = -0.060578
nSV = 67
done
/home/limjiayee/ims_wsd_emb/../se4/1-lexical-sample/processed/train/source.xml
source.n 152
.*
optimization finished, #iter = 12
Objective value = -0.219302
nSV = 101
.*
optimization finished, #iter = 15
Objective value = -0.326744
nSV = 101
.*
optimization finished, #iter = 15
Objective value = -0.199563
nSV = 78
.....................................................................**.
optimization finished, #iter = 700
Objective value = -3.566596
nSV = 94
.....................................................................**
optimization finished, #iter = 695
Objective value = -3.539223
nSV = 66
done
/home/limjiayee/ims_wsd_emb/../se4/1-lexical-sample/processed/train/development.xml
development.n 180
.*
optimization finished, #iter = 13
Objective value = -0.316492
nSV = 108
.*
optimization finished, #iter = 14
Objective value = -0.102649
nSV = 74
.*
optimization finished, #iter = 13
Objective value = -0.260631
nSV = 99
done
3082.00user 418.35system 44:33.06elapsed 130%CPU (0avgtext+0avgdata 19143716maxresident)k
55864inputs+134144outputs (300major+78752391minor)pagefaults 0swaps
