Nov 05, 2017 9:14:44 PM net.didion.jwnl.util.MessageLog doLog
INFO: Installing dictionary net.didion.jwnl.dictionary.FileBackedDictionary@c4437c4
/home/limjiayee/ims_wsd_emb/../se4/1-lexical-sample/processed/train/state.xml
state.n 617
.*
optimization finished, #iter = 14
Objective value = -0.356359
nSV = 143
....*
optimization finished, #iter = 45
Objective value = -1.304277
nSV = 277
....**
optimization finished, #iter = 45
Objective value = -1.178093
nSV = 264
done
/home/limjiayee/ims_wsd_emb/../se4/1-lexical-sample/processed/train/complete.xml
complete.v 42
*
optimization finished, #iter = 9
Objective value = -0.037932
nSV = 21
done
/home/limjiayee/ims_wsd_emb/../se4/1-lexical-sample/processed/train/see.xml
see.v 158
.*
optimization finished, #iter = 18
Objective value = -0.555658
nSV = 121
.*.
optimization finished, #iter = 20
Objective value = -0.920789
nSV = 143
.*
optimization finished, #iter = 11
Objective value = -0.121520
nSV = 44
.*
optimization finished, #iter = 19
Objective value = -0.708332
nSV = 125
.*
optimization finished, #iter = 13
Objective value = -0.198415
nSV = 88
*.
optimization finished, #iter = 10
Objective value = -0.063142
nSV = 48
done
/home/limjiayee/ims_wsd_emb/../se4/1-lexical-sample/processed/train/space.xml
space.n 67
.*
optimization finished, #iter = 13
Objective value = -0.239709
nSV = 60
.**
optimization finished, #iter = 15
Objective value = -0.182079
nSV = 60
*.
optimization finished, #iter = 10
Objective value = -0.048995
nSV = 33
.*
optimization finished, #iter = 11
Objective value = -0.039753
nSV = 31
*.
optimization finished, #iter = 10
Objective value = -0.028961
nSV = 27
done
/home/limjiayee/ims_wsd_emb/../se4/1-lexical-sample/processed/train/position.xml
position.n 268
...*
optimization finished, #iter = 31
Objective value = -0.942910
nSV = 185
.*
optimization finished, #iter = 18
Objective value = -0.576289
nSV = 150
.*
optimization finished, #iter = 16
Objective value = -0.532164
nSV = 143
..*
optimization finished, #iter = 28
Objective value = -0.676475
nSV = 152
.*
optimization finished, #iter = 13
Objective value = -0.175607
nSV = 93
.*
optimization finished, #iter = 16
Objective value = -0.203453
nSV = 92
.*
optimization finished, #iter = 11
Objective value = -0.058964
nSV = 32
done
/home/limjiayee/ims_wsd_emb/../se4/1-lexical-sample/processed/train/prove.xml
prove.v 49
.
optimization finished, #iter = 14
Objective value = -0.281000
nSV = 49
.*
optimization finished, #iter = 13
Objective value = -0.249013
nSV = 47
.**
optimization finished, #iter = 14
Objective value = -0.036860
nSV = 28
done
/home/limjiayee/ims_wsd_emb/../se4/1-lexical-sample/processed/train/authority.xml
authority.n 90
.*
optimization finished, #iter = 12
Objective value = -0.132929
nSV = 66
.*
optimization finished, #iter = 12
Objective value = -0.169251
nSV = 64
*.
optimization finished, #iter = 10
Objective value = -0.031850
nSV = 28
*
optimization finished, #iter = 9
Objective value = -0.076320
nSV = 49
done
/home/limjiayee/ims_wsd_emb/../se4/1-lexical-sample/processed/train/start.xml
start.v 214
.*
optimization finished, #iter = 16
Objective value = -0.506870
nSV = 136
.*
optimization finished, #iter = 18
Objective value = -1.325833
nSV = 188
.*
optimization finished, #iter = 16
Objective value = -0.692289
nSV = 137
.*
optimization finished, #iter = 15
Objective value = -0.513807
nSV = 102
.*
optimization finished, #iter = 13
Objective value = -0.097060
nSV = 63
.*
optimization finished, #iter = 11
Objective value = -0.052375
nSV = 46
done
/home/limjiayee/ims_wsd_emb/../se4/1-lexical-sample/processed/train/approve.xml
approve.v 53
.*
optimization finished, #iter = 11
Objective value = -0.054270
nSV = 28
done
/home/limjiayee/ims_wsd_emb/../se4/1-lexical-sample/processed/train/examine.xml
examine.v 26
.
optimization finished, #iter = 12
Objective value = -0.108460
nSV = 26
*
optimization finished, #iter = 9
Objective value = -0.022370
nSV = 17
.
optimization finished, #iter = 13
Objective value = -0.104738
nSV = 26
done
/home/limjiayee/ims_wsd_emb/../se4/1-lexical-sample/processed/train/allow.xml
allow.v 108
.*
optimization finished, #iter = 16
Objective value = -0.200690
nSV = 71
done
/home/limjiayee/ims_wsd_emb/../se4/1-lexical-sample/processed/train/receive.xml
receive.v 136
.*
optimization finished, #iter = 13
Objective value = -0.162809
nSV = 56
done
/home/limjiayee/ims_wsd_emb/../se4/1-lexical-sample/processed/train/promise.xml
promise.v 50
.*
optimization finished, #iter = 11
Objective value = -0.124709
nSV = 40
done
/home/limjiayee/ims_wsd_emb/../se4/1-lexical-sample/processed/train/claim.xml
claim.v 54
.*
optimization finished, #iter = 12
Objective value = -0.120330
nSV = 42
.*
optimization finished, #iter = 11
Objective value = -0.140467
nSV = 47
*
optimization finished, #iter = 9
Objective value = -0.031337
nSV = 23
done
/home/limjiayee/ims_wsd_emb/../se4/1-lexical-sample/processed/train/order.xml
order.n 346
.*
optimization finished, #iter = 15
Objective value = -0.386998
nSV = 129
.*
optimization finished, #iter = 15
Objective value = -0.512518
nSV = 158
*
optimization finished, #iter = 9
Objective value = -0.057103
nSV = 50
.*
optimization finished, #iter = 11
Objective value = -0.036725
nSV = 34
.*
optimization finished, #iter = 14
Objective value = -0.116983
nSV = 68
*.
optimization finished, #iter = 10
Objective value = -0.076278
nSV = 53
.*
optimization finished, #iter = 12
Objective value = -0.101828
nSV = 61
done
/home/limjiayee/ims_wsd_emb/../se4/1-lexical-sample/processed/train/care.xml
care.v 69
..*
optimization finished, #iter = 25
Objective value = -0.275508
nSV = 56
..*
optimization finished, #iter = 24
Objective value = -0.217982
nSV = 51
.*
optimization finished, #iter = 16
Objective value = -0.117490
nSV = 45
done
/home/limjiayee/ims_wsd_emb/../se4/1-lexical-sample/processed/train/come.xml
come.v 186
.*
optimization finished, #iter = 16
Objective value = -0.437200
nSV = 126
.*
optimization finished, #iter = 17
Objective value = -0.730475
nSV = 144
.*
optimization finished, #iter = 14
Objective value = -0.214646
nSV = 95
.*
optimization finished, #iter = 15
Objective value = -0.591634
nSV = 146
.*
optimization finished, #iter = 16
Objective value = -0.433601
nSV = 113
.*
optimization finished, #iter = 15
Objective value = -0.345353
nSV = 121
.*
optimization finished, #iter = 16
Objective value = -0.103800
nSV = 59
.*
optimization finished, #iter = 11
Objective value = -0.107050
nSV = 66
.*
optimization finished, #iter = 11
Objective value = -0.086742
nSV = 61
*.
optimization finished, #iter = 10
Objective value = -0.095406
nSV = 69
done
/home/limjiayee/ims_wsd_emb/../se4/1-lexical-sample/processed/train/bill.xml
bill.n 404
..*
optimization finished, #iter = 24
Objective value = -0.458297
nSV = 136
..*
optimization finished, #iter = 22
Objective value = -0.455116
nSV = 148
..*
optimization finished, #iter = 23
Objective value = -0.251005
nSV = 109
done
/home/limjiayee/ims_wsd_emb/../se4/1-lexical-sample/processed/train/move.xml
move.n 270
.*
optimization finished, #iter = 17
Objective value = -0.294627
nSV = 130
.*
optimization finished, #iter = 11
Objective value = -0.096941
nSV = 70
.*
optimization finished, #iter = 12
Objective value = -0.111530
nSV = 88
.*
optimization finished, #iter = 15
Objective value = -0.117189
nSV = 73
done
/home/limjiayee/ims_wsd_emb/../se4/1-lexical-sample/processed/train/raise.xml
raise.v 147
..*
optimization finished, #iter = 22
Objective value = -0.444776
nSV = 102
.*
optimization finished, #iter = 19
Objective value = -0.294907
nSV = 92
.*
optimization finished, #iter = 17
Objective value = -0.345924
nSV = 88
.*
optimization finished, #iter = 18
Objective value = -0.300785
nSV = 69
.*
optimization finished, #iter = 14
Objective value = -0.217748
nSV = 79
.*
optimization finished, #iter = 14
Objective value = -0.157476
nSV = 68
*.
optimization finished, #iter = 10
Objective value = -0.064971
nSV = 57
done
/home/limjiayee/ims_wsd_emb/../se4/1-lexical-sample/processed/train/capital.xml
capital.n 278
.*
optimization finished, #iter = 13
Objective value = -0.241329
nSV = 90
.*
optimization finished, #iter = 13
Objective value = -0.212266
nSV = 82
*
optimization finished, #iter = 7
Objective value = -0.018996
nSV = 23
.*
optimization finished, #iter = 11
Objective value = -0.037465
nSV = 42
done
/home/limjiayee/ims_wsd_emb/../se4/1-lexical-sample/processed/train/attempt.xml
attempt.v 40
done
/home/limjiayee/ims_wsd_emb/../se4/1-lexical-sample/processed/train/base.xml
base.n 92
.*
optimization finished, #iter = 14
Objective value = -0.213381
nSV = 75
.*
optimization finished, #iter = 14
Objective value = -0.273088
nSV = 78
.*
optimization finished, #iter = 12
Objective value = -0.107133
nSV = 44
.*
optimization finished, #iter = 13
Objective value = -0.129795
nSV = 59
*
optimization finished, #iter = 9
Objective value = -0.030592
nSV = 26
done
/home/limjiayee/ims_wsd_emb/../se4/1-lexical-sample/processed/train/rush.xml
rush.v 28
*.
optimization finished, #iter = 10
Objective value = -0.046239
nSV = 22
done
/home/limjiayee/ims_wsd_emb/../se4/1-lexical-sample/processed/train/power.xml
power.n 251
..*
optimization finished, #iter = 21
Objective value = -0.273357
nSV = 87
..**
optimization finished, #iter = 28
Objective value = -0.809675
nSV = 162
.*
optimization finished, #iter = 18
Objective value = -0.582240
nSV = 136
done
/home/limjiayee/ims_wsd_emb/../se4/1-lexical-sample/processed/train/feel.xml
feel.v 347
...*
optimization finished, #iter = 35
Objective value = -1.190652
nSV = 211
...*
optimization finished, #iter = 36
Objective value = -1.451545
nSV = 249
.*
optimization finished, #iter = 18
Objective value = -0.264490
nSV = 82
done
/home/limjiayee/ims_wsd_emb/../se4/1-lexical-sample/processed/train/report.xml
report.v 128
.*
optimization finished, #iter = 13
Objective value = -0.155059
nSV = 55
.*
optimization finished, #iter = 12
Objective value = -0.071161
nSV = 44
.*
optimization finished, #iter = 13
Objective value = -0.099011
nSV = 46
done
/home/limjiayee/ims_wsd_emb/../se4/1-lexical-sample/processed/train/people.xml
people.n 754
..**.
optimization finished, #iter = 30
Objective value = -1.160377
nSV = 256
..*.
optimization finished, #iter = 30
Objective value = -0.959486
nSV = 244
.*
optimization finished, #iter = 18
Objective value = -0.188417
nSV = 127
.*
optimization finished, #iter = 13
Objective value = -0.216682
nSV = 152
done
/home/limjiayee/ims_wsd_emb/../se4/1-lexical-sample/processed/train/area.xml
area.n 326
.*
optimization finished, #iter = 13
Objective value = -0.193167
nSV = 105
.*.
optimization finished, #iter = 20
Objective value = -0.840480
nSV = 191
.**.
optimization finished, #iter = 20
Objective value = -0.765342
nSV = 179
done
/home/limjiayee/ims_wsd_emb/../se4/1-lexical-sample/processed/train/keep.xml
keep.v 260
..*
optimization finished, #iter = 21
Objective value = -0.656790
nSV = 156
..*
optimization finished, #iter = 24
Objective value = -1.226400
nSV = 209
..*.
optimization finished, #iter = 30
Objective value = -2.216148
nSV = 250
..*
optimization finished, #iter = 22
Objective value = -0.500289
nSV = 135
..*
optimization finished, #iter = 29
Objective value = -0.653679
nSV = 163
..*
optimization finished, #iter = 26
Objective value = -0.391386
nSV = 104
.*
optimization finished, #iter = 16
Objective value = -0.060125
nSV = 41
done
/home/limjiayee/ims_wsd_emb/../se4/1-lexical-sample/processed/train/management.xml
management.n 284
..*
optimization finished, #iter = 23
Objective value = -0.981242
nSV = 196
done
/home/limjiayee/ims_wsd_emb/../se4/1-lexical-sample/processed/train/remember.xml
remember.v 121
*.
optimization finished, #iter = 10
Objective value = -0.040585
nSV = 33
done
/home/limjiayee/ims_wsd_emb/../se4/1-lexical-sample/processed/train/system.xml
system.n 450
.*
optimization finished, #iter = 11
Objective value = -0.059950
nSV = 65
..*
optimization finished, #iter = 22
Objective value = -1.141020
nSV = 225
...*
optimization finished, #iter = 37
Objective value = -1.249333
nSV = 255
...*
optimization finished, #iter = 33
Objective value = -1.018053
nSV = 229
*.
optimization finished, #iter = 10
Objective value = -0.074613
nSV = 42
done
/home/limjiayee/ims_wsd_emb/../se4/1-lexical-sample/processed/train/find.xml
find.v 174
.*
optimization finished, #iter = 13
Objective value = -0.257687
nSV = 96
.*
optimization finished, #iter = 18
Objective value = -0.450523
nSV = 119
*
optimization finished, #iter = 6
Objective value = -0.026872
nSV = 25
.*
optimization finished, #iter = 15
Objective value = -0.114118
nSV = 60
.*
optimization finished, #iter = 12
Objective value = -0.077691
nSV = 47
done
/home/limjiayee/ims_wsd_emb/../se4/1-lexical-sample/processed/train/grant.xml
grant.v 19

optimization finished, #iter = 9
Objective value = -0.078748
nSV = 19
done
/home/limjiayee/ims_wsd_emb/../se4/1-lexical-sample/processed/train/do.xml
do.v 207
..*
optimization finished, #iter = 24
Objective value = -0.404796
nSV = 121
..*
optimization finished, #iter = 22
Objective value = -0.322593
nSV = 111
.*
optimization finished, #iter = 12
Objective value = -0.041716
nSV = 37
.*
optimization finished, #iter = 13
Objective value = -0.052030
nSV = 28
done
/home/limjiayee/ims_wsd_emb/../se4/1-lexical-sample/processed/train/propose.xml
propose.v 34
.*
optimization finished, #iter = 11
Objective value = -0.073704
nSV = 26
done
/home/limjiayee/ims_wsd_emb/../se4/1-lexical-sample/processed/train/rate.xml
rate.n 1009
.............*.*
optimization finished, #iter = 149
Objective value = -2.070721
nSV = 352
done
/home/limjiayee/ims_wsd_emb/../se4/1-lexical-sample/processed/train/work.xml
work.v 230
.**
optimization finished, #iter = 18
Objective value = -0.740620
nSV = 149
..**
optimization finished, #iter = 26
Objective value = -1.047022
nSV = 186
..*
optimization finished, #iter = 22
Objective value = -0.328991
nSV = 100
.*
optimization finished, #iter = 16
Objective value = -0.284663
nSV = 91
.*
optimization finished, #iter = 12
Objective value = -0.096932
nSV = 66
.*
optimization finished, #iter = 13
Objective value = -0.086743
nSV = 56
.*
optimization finished, #iter = 12
Objective value = -0.136037
nSV = 58
done
/home/limjiayee/ims_wsd_emb/../se4/1-lexical-sample/processed/train/contribute.xml
contribute.v 35
.*
optimization finished, #iter = 14
Objective value = -0.125796
nSV = 34
done
/home/limjiayee/ims_wsd_emb/../se4/1-lexical-sample/processed/train/president.xml
president.n 879
..*
optimization finished, #iter = 27
Objective value = -0.623771
nSV = 175
..*
optimization finished, #iter = 22
Objective value = -0.696773
nSV = 189
.*
optimization finished, #iter = 15
Objective value = -0.332101
nSV = 134
done
/home/limjiayee/ims_wsd_emb/../se4/1-lexical-sample/processed/train/kill.xml
kill.v 111
.*
optimization finished, #iter = 17
Objective value = -0.112619
nSV = 51
.*
optimization finished, #iter = 14
Objective value = -0.074794
nSV = 41
*
optimization finished, #iter = 8
Objective value = -0.047437
nSV = 30
.*
optimization finished, #iter = 13
Objective value = -0.047302
nSV = 22
done
/home/limjiayee/ims_wsd_emb/../se4/1-lexical-sample/processed/train/disclose.xml
disclose.v 55
done
/home/limjiayee/ims_wsd_emb/../se4/1-lexical-sample/processed/train/part.xml
part.n 481
..*
optimization finished, #iter = 24
Objective value = -0.856913
nSV = 258
.**
optimization finished, #iter = 17
Objective value = -0.718810
nSV = 246
.*.
optimization finished, #iter = 20
Objective value = -0.287558
nSV = 137
*
optimization finished, #iter = 8
Objective value = -0.032310
nSV = 31
done
/home/limjiayee/ims_wsd_emb/../se4/1-lexical-sample/processed/train/believe.xml
believe.v 202
..*
optimization finished, #iter = 22
Objective value = -0.824931
nSV = 145
done
/home/limjiayee/ims_wsd_emb/../se4/1-lexical-sample/processed/train/enjoy.xml
enjoy.v 56
.*
optimization finished, #iter = 12
Objective value = -0.124985
nSV = 47
done
/home/limjiayee/ims_wsd_emb/../se4/1-lexical-sample/processed/train/go.xml
go.v 244
.*
optimization finished, #iter = 12
Objective value = -0.199179
nSV = 93
..*
optimization finished, #iter = 21
Objective value = -0.381315
nSV = 104
..**
optimization finished, #iter = 28
Objective value = -0.512659
nSV = 123
...*
optimization finished, #iter = 34
Objective value = -1.613131
nSV = 210
*.
optimization finished, #iter = 10
Objective value = -0.095040
nSV = 65
*.
optimization finished, #iter = 10
Objective value = -0.063192
nSV = 42
..*
optimization finished, #iter = 22
Objective value = -0.875196
nSV = 170
..*.
optimization finished, #iter = 30
Objective value = -0.544084
nSV = 123
.*
optimization finished, #iter = 13
Objective value = -0.094282
nSV = 68
*
optimization finished, #iter = 9
Objective value = -0.055358
nSV = 37
..*
optimization finished, #iter = 22
Objective value = -0.062708
nSV = 28
*.
optimization finished, #iter = 10
Objective value = -0.066330
nSV = 45
done
/home/limjiayee/ims_wsd_emb/../se4/1-lexical-sample/processed/train/defense.xml
defense.n 120
.**
optimization finished, #iter = 16
Objective value = -0.182809
nSV = 60
.*
optimization finished, #iter = 17
Objective value = -0.227955
nSV = 67
.*
optimization finished, #iter = 18
Objective value = -0.371532
nSV = 89
.*
optimization finished, #iter = 18
Objective value = -0.261418
nSV = 72
.*
optimization finished, #iter = 16
Objective value = -0.262412
nSV = 79
.*
optimization finished, #iter = 14
Objective value = -0.330187
nSV = 87
.*
optimization finished, #iter = 18
Objective value = -0.144048
nSV = 55
done
/home/limjiayee/ims_wsd_emb/../se4/1-lexical-sample/processed/train/regard.xml
regard.v 40
.
optimization finished, #iter = 12
Objective value = -0.159690
nSV = 39
*.
optimization finished, #iter = 10
Objective value = -0.080925
nSV = 33
.*
optimization finished, #iter = 13
Objective value = -0.101030
nSV = 36
done
/home/limjiayee/ims_wsd_emb/../se4/1-lexical-sample/processed/train/share.xml
share.n 2536
..**
optimization finished, #iter = 29
Objective value = -0.703785
nSV = 178
done
/home/limjiayee/ims_wsd_emb/../se4/1-lexical-sample/processed/train/describe.xml
describe.v 57
*.
optimization finished, #iter = 10
Objective value = -0.082789
nSV = 40
*.
optimization finished, #iter = 10
Objective value = -0.075031
nSV = 36
*
optimization finished, #iter = 9
Objective value = -0.027191
nSV = 24
done
/home/limjiayee/ims_wsd_emb/../se4/1-lexical-sample/processed/train/exist.xml
exist.v 52
.*
optimization finished, #iter = 11
Objective value = -0.064191
nSV = 33
done
/home/limjiayee/ims_wsd_emb/../se4/1-lexical-sample/processed/train/lead.xml
lead.v 165
..*
optimization finished, #iter = 21
Objective value = -0.496599
nSV = 120
.*
optimization finished, #iter = 13
Objective value = -0.386080
nSV = 116
.*
optimization finished, #iter = 16
Objective value = -0.318399
nSV = 84
.*
optimization finished, #iter = 15
Objective value = -0.220275
nSV = 81
.*
optimization finished, #iter = 16
Objective value = -0.395885
nSV = 92
.*
optimization finished, #iter = 14
Objective value = -0.109026
nSV = 65
done
/home/limjiayee/ims_wsd_emb/../se4/1-lexical-sample/processed/train/value.xml
value.n 335
..*
optimization finished, #iter = 24
Objective value = -0.554642
nSV = 129
..*
optimization finished, #iter = 24
Objective value = -0.565225
nSV = 132
.*
optimization finished, #iter = 13
Objective value = -0.165213
nSV = 65
done
/home/limjiayee/ims_wsd_emb/../se4/1-lexical-sample/processed/train/negotiate.xml
negotiate.v 25
done
/home/limjiayee/ims_wsd_emb/../se4/1-lexical-sample/processed/train/complain.xml
complain.v 32
*
optimization finished, #iter = 8
Objective value = -0.026222
nSV = 18
done
/home/limjiayee/ims_wsd_emb/../se4/1-lexical-sample/processed/train/policy.xml
policy.n 331
.*
optimization finished, #iter = 15
Objective value = -0.505747
nSV = 157
done
/home/limjiayee/ims_wsd_emb/../se4/1-lexical-sample/processed/train/hour.xml
hour.n 187
..*
optimization finished, #iter = 22
Objective value = -0.449604
nSV = 111
*
optimization finished, #iter = 9
Objective value = -0.032122
nSV = 35
..*
optimization finished, #iter = 23
Objective value = -0.424843
nSV = 110
*
optimization finished, #iter = 8
Objective value = -0.026354
nSV = 34
done
/home/limjiayee/ims_wsd_emb/../se4/1-lexical-sample/processed/train/improve.xml
improve.v 31
done
/home/limjiayee/ims_wsd_emb/../se4/1-lexical-sample/processed/train/maintain.xml
maintain.v 61
.*
optimization finished, #iter = 12
Objective value = -0.145928
nSV = 40
done
/home/limjiayee/ims_wsd_emb/../se4/1-lexical-sample/processed/train/cause.xml
cause.v 73
done
/home/limjiayee/ims_wsd_emb/../se4/1-lexical-sample/processed/train/join.xml
join.v 68
.*
optimization finished, #iter = 17
Objective value = -0.407205
nSV = 65
.*
optimization finished, #iter = 17
Objective value = -0.272193
nSV = 62
*
optimization finished, #iter = 9
Objective value = -0.094272
nSV = 41
.*
optimization finished, #iter = 13
Objective value = -0.243819
nSV = 50
done
/home/limjiayee/ims_wsd_emb/../se4/1-lexical-sample/processed/train/purchase.xml
purchase.v 35
done
/home/limjiayee/ims_wsd_emb/../se4/1-lexical-sample/processed/train/occur.xml
occur.v 47
.*
optimization finished, #iter = 11
Objective value = -0.112226
nSV = 39
done
/home/limjiayee/ims_wsd_emb/../se4/1-lexical-sample/processed/train/network.xml
network.n 152
..*
optimization finished, #iter = 21
Objective value = -0.453207
nSV = 115
.*
optimization finished, #iter = 19
Objective value = -0.364581
nSV = 105
.*
optimization finished, #iter = 18
Objective value = -0.418391
nSV = 103
done
/home/limjiayee/ims_wsd_emb/../se4/1-lexical-sample/processed/train/job.xml
job.n 188
..*
optimization finished, #iter = 22
Objective value = -0.719246
nSV = 137
.*
optimization finished, #iter = 17
Objective value = -0.628042
nSV = 131
.*
optimization finished, #iter = 16
Objective value = -0.172434
nSV = 63
done
/home/limjiayee/ims_wsd_emb/../se4/1-lexical-sample/processed/train/chance.xml
chance.n 91
...........**
optimization finished, #iter = 116
Objective value = -0.275288
nSV = 50
.*
optimization finished, #iter = 15
Objective value = -0.332928
nSV = 84
..........*
optimization finished, #iter = 106
Objective value = -0.549597
nSV = 85
.*
optimization finished, #iter = 11
Objective value = -0.052857
nSV = 46
done
/home/limjiayee/ims_wsd_emb/../se4/1-lexical-sample/processed/train/ask.xml
ask.v 348
..*
optimization finished, #iter = 24
Objective value = -1.275785
nSV = 234
..**
optimization finished, #iter = 27
Objective value = -1.345248
nSV = 247
.*
optimization finished, #iter = 14
Objective value = -0.073290
nSV = 48
*
optimization finished, #iter = 9
Objective value = -0.054825
nSV = 40
.*
optimization finished, #iter = 16
Objective value = -0.148896
nSV = 94
.*
optimization finished, #iter = 13
Objective value = -0.103669
nSV = 53
done
/home/limjiayee/ims_wsd_emb/../se4/1-lexical-sample/processed/train/condition.xml
condition.n 132
.*
optimization finished, #iter = 15
Objective value = -0.314318
nSV = 83
done
/home/limjiayee/ims_wsd_emb/../se4/1-lexical-sample/processed/train/affect.xml
affect.v 45
done
/home/limjiayee/ims_wsd_emb/../se4/1-lexical-sample/processed/train/explain.xml
explain.v 85
.*
optimization finished, #iter = 13
Objective value = -0.201593
nSV = 55
done
/home/limjiayee/ims_wsd_emb/../se4/1-lexical-sample/processed/train/need.xml
need.v 195
..**.
optimization finished, #iter = 30
Objective value = -0.667348
nSV = 154
done
/home/limjiayee/ims_wsd_emb/../se4/1-lexical-sample/processed/train/estimate.xml
estimate.v 74
done
/home/limjiayee/ims_wsd_emb/../se4/1-lexical-sample/processed/train/express.xml
express.v 47
done
/home/limjiayee/ims_wsd_emb/../se4/1-lexical-sample/processed/train/build.xml
build.v 119
.*
optimization finished, #iter = 16
Objective value = -0.480173
nSV = 103
.*
optimization finished, #iter = 17
Objective value = -0.470543
nSV = 101
.*
optimization finished, #iter = 13
Objective value = -0.139521
nSV = 58
done
/home/limjiayee/ims_wsd_emb/../se4/1-lexical-sample/processed/train/effect.xml
effect.n 178
.*
optimization finished, #iter = 16
Objective value = -0.412348
nSV = 107
.*
optimization finished, #iter = 18
Objective value = -0.373336
nSV = 97
.*
optimization finished, #iter = 11
Objective value = -0.060771
nSV = 46
done
/home/limjiayee/ims_wsd_emb/../se4/1-lexical-sample/processed/train/hope.xml
hope.v 103
done
/home/limjiayee/ims_wsd_emb/../se4/1-lexical-sample/processed/train/recall.xml
recall.v 49
*
optimization finished, #iter = 9
Objective value = -0.046466
nSV = 28
**.
optimization finished, #iter = 10
Objective value = -0.033788
nSV = 24
*
optimization finished, #iter = 8
Objective value = -0.027880
nSV = 19
done
/home/limjiayee/ims_wsd_emb/../se4/1-lexical-sample/processed/train/drug.xml
drug.n 205
.*
optimization finished, #iter = 18
Objective value = -0.375772
nSV = 123
done
/home/limjiayee/ims_wsd_emb/../se4/1-lexical-sample/processed/train/carrier.xml
carrier.n 111
.*
optimization finished, #iter = 15
Objective value = -0.287493
nSV = 86
*
optimization finished, #iter = 9
Objective value = -0.030006
nSV = 26
.*
optimization finished, #iter = 13
Objective value = -0.037325
nSV = 29
.*
optimization finished, #iter = 14
Objective value = -0.155445
nSV = 67
.*
optimization finished, #iter = 11
Objective value = -0.081434
nSV = 58
*
optimization finished, #iter = 9
Objective value = -0.031813
nSV = 29
.*
optimization finished, #iter = 11
Objective value = -0.069219
nSV = 36
done
/home/limjiayee/ims_wsd_emb/../se4/1-lexical-sample/processed/train/plant.xml
plant.n 347
...**
optimization finished, #iter = 35
Objective value = -0.334302
nSV = 117
done
/home/limjiayee/ims_wsd_emb/../se4/1-lexical-sample/processed/train/set.xml
set.v 174
..*
optimization finished, #iter = 22
Objective value = -0.529590
nSV = 115
.*
optimization finished, #iter = 15
Objective value = -0.554799
nSV = 136
.*
optimization finished, #iter = 18
Objective value = -0.806960
nSV = 153
.*
optimization finished, #iter = 17
Objective value = -0.666929
nSV = 141
.*
optimization finished, #iter = 13
Objective value = -0.185195
nSV = 65
.*
optimization finished, #iter = 11
Objective value = -0.072155
nSV = 42
.*
optimization finished, #iter = 12
Objective value = -0.062222
nSV = 46
.*
optimization finished, #iter = 16
Objective value = -0.120891
nSV = 51
*.
optimization finished, #iter = 10
Objective value = -0.040325
nSV = 32
done
/home/limjiayee/ims_wsd_emb/../se4/1-lexical-sample/processed/train/prepare.xml
prepare.v 54
.*
optimization finished, #iter = 13
Objective value = -0.208335
nSV = 50
done
/home/limjiayee/ims_wsd_emb/../se4/1-lexical-sample/processed/train/fix.xml
fix.v 32
.*
optimization finished, #iter = 15
Objective value = -0.088246
nSV = 26
.*
optimization finished, #iter = 12
Objective value = -0.083347
nSV = 25
.*
optimization finished, #iter = 12
Objective value = -0.136381
nSV = 29
.**
optimization finished, #iter = 19
Objective value = -0.140741
nSV = 31
.*
optimization finished, #iter = 11
Objective value = -0.067056
nSV = 21
done
/home/limjiayee/ims_wsd_emb/../se4/1-lexical-sample/processed/train/buy.xml
buy.v 164
.*
optimization finished, #iter = 19
Objective value = -0.680458
nSV = 122
.*.*
optimization finished, #iter = 21
Objective value = -0.494570
nSV = 113
.*
optimization finished, #iter = 15
Objective value = -0.101280
nSV = 52
*.
optimization finished, #iter = 10
Objective value = -0.097794
nSV = 49
*
optimization finished, #iter = 8
Objective value = -0.033966
nSV = 30
done
/home/limjiayee/ims_wsd_emb/../se4/1-lexical-sample/processed/train/turn.xml
turn.v 340
.*.
optimization finished, #iter = 20
Objective value = -0.798067
nSV = 182
.*
optimization finished, #iter = 19
Objective value = -0.500122
nSV = 166
..*
optimization finished, #iter = 24
Objective value = -1.497576
nSV = 247
..*
optimization finished, #iter = 21
Objective value = -0.378388
nSV = 138
*.
optimization finished, #iter = 10
Objective value = -0.045784
nSV = 42
.*.
optimization finished, #iter = 20
Objective value = -0.401296
nSV = 147
.*
optimization finished, #iter = 13
Objective value = -0.350569
nSV = 142
*
optimization finished, #iter = 8
Objective value = -0.035930
nSV = 42
.*.
optimization finished, #iter = 20
Objective value = -0.226260
nSV = 100
*.
optimization finished, #iter = 10
Objective value = -0.099975
nSV = 69
*
optimization finished, #iter = 9
Objective value = -0.091798
nSV = 69
..*
optimization finished, #iter = 21
Objective value = -0.440610
nSV = 147
.*
optimization finished, #iter = 11
Objective value = -0.051388
nSV = 44
done
/home/limjiayee/ims_wsd_emb/../se4/1-lexical-sample/processed/train/avoid.xml
avoid.v 55
done
/home/limjiayee/ims_wsd_emb/../se4/1-lexical-sample/processed/train/remove.xml
remove.v 47
done
/home/limjiayee/ims_wsd_emb/../se4/1-lexical-sample/processed/train/begin.xml
begin.v 114
.*
optimization finished, #iter = 15
Objective value = -0.506308
nSV = 106
.*
optimization finished, #iter = 15
Objective value = -0.496465
nSV = 106
*.
optimization finished, #iter = 10
Objective value = -0.036571
nSV = 35
.*
optimization finished, #iter = 11
Objective value = -0.052779
nSV = 32
done
/home/limjiayee/ims_wsd_emb/../se4/1-lexical-sample/processed/train/hold.xml
hold.v 129
.*
optimization finished, #iter = 18
Objective value = -0.566853
nSV = 112
..*
optimization finished, #iter = 22
Objective value = -0.419345
nSV = 99
.*
optimization finished, #iter = 15
Objective value = -0.329438
nSV = 92
.*
optimization finished, #iter = 13
Objective value = -0.264587
nSV = 83
*.
optimization finished, #iter = 10
Objective value = -0.075731
nSV = 53
.*
optimization finished, #iter = 14
Objective value = -0.147557
nSV = 66
.*
optimization finished, #iter = 13
Objective value = -0.124717
nSV = 58
.*
optimization finished, #iter = 14
Objective value = -0.159887
nSV = 68
done
/home/limjiayee/ims_wsd_emb/../se4/1-lexical-sample/processed/train/point.xml
point.n 469
.*
optimization finished, #iter = 18
Objective value = -0.419147
nSV = 132
.**
optimization finished, #iter = 17
Objective value = -0.348286
nSV = 99
.*
optimization finished, #iter = 19
Objective value = -0.593224
nSV = 158
.*
optimization finished, #iter = 17
Objective value = -0.447377
nSV = 130
.*
optimization finished, #iter = 12
Objective value = -0.083491
nSV = 57
.*
optimization finished, #iter = 12
Objective value = -0.117442
nSV = 82
.*
optimization finished, #iter = 13
Objective value = -0.139109
nSV = 85
*
optimization finished, #iter = 9
Objective value = -0.062483
nSV = 53
*.
optimization finished, #iter = 10
Objective value = -0.035828
nSV = 42
done
/home/limjiayee/ims_wsd_emb/../se4/1-lexical-sample/processed/train/exchange.xml
exchange.n 363
...**
optimization finished, #iter = 35
Objective value = -0.704923
nSV = 189
..*
optimization finished, #iter = 22
Objective value = -0.471525
nSV = 151
..*
optimization finished, #iter = 29
Objective value = -0.349619
nSV = 115
*.
optimization finished, #iter = 10
Objective value = -0.087190
nSV = 62
.*
optimization finished, #iter = 13
Objective value = -0.042935
nSV = 50
done
/home/limjiayee/ims_wsd_emb/../se4/1-lexical-sample/processed/train/announce.xml
announce.v 88
.**
optimization finished, #iter = 16
Objective value = -0.044941
nSV = 29
done
/home/limjiayee/ims_wsd_emb/../se4/1-lexical-sample/processed/train/end.xml
end.v 135
.*
optimization finished, #iter = 16
Objective value = -0.277942
nSV = 83
.*
optimization finished, #iter = 17
Objective value = -0.333498
nSV = 89
*.
optimization finished, #iter = 10
Objective value = -0.079301
nSV = 45
.*
optimization finished, #iter = 13
Objective value = -0.159870
nSV = 64
done
/home/limjiayee/ims_wsd_emb/../se4/1-lexical-sample/processed/train/say.xml
say.v 2161
...*
optimization finished, #iter = 38
Objective value = -1.442125
nSV = 342
..*
optimization finished, #iter = 26
Objective value = -0.971940
nSV = 277
..*
optimization finished, #iter = 27
Objective value = -0.191610
nSV = 91
..*
optimization finished, #iter = 21
Objective value = -0.158634
nSV = 94
.*
optimization finished, #iter = 12
Objective value = -0.083402
nSV = 95
done
/home/limjiayee/ims_wsd_emb/../se4/1-lexical-sample/processed/train/replace.xml
replace.v 46
*
optimization finished, #iter = 9
Objective value = -0.059879
nSV = 28
done
/home/limjiayee/ims_wsd_emb/../se4/1-lexical-sample/processed/train/produce.xml
produce.v 115
.*
optimization finished, #iter = 16
Objective value = -0.193226
nSV = 72
done
/home/limjiayee/ims_wsd_emb/../se4/1-lexical-sample/processed/train/future.xml
future.n 350
.*
optimization finished, #iter = 13
Objective value = -0.294064
nSV = 98
.*
optimization finished, #iter = 14
Objective value = -0.252176
nSV = 87
.*
optimization finished, #iter = 11
Objective value = -0.074607
nSV = 65
done
/home/limjiayee/ims_wsd_emb/../se4/1-lexical-sample/processed/train/source.xml
source.n 152
.*
optimization finished, #iter = 15
Objective value = -0.264140
nSV = 102
..*
optimization finished, #iter = 22
Objective value = -0.412250
nSV = 99
.*
optimization finished, #iter = 19
Objective value = -0.237704
nSV = 81
..........................................................*.*.
optimization finished, #iter = 600
Objective value = -3.588371
nSV = 93
..........................................................*.*.*
optimization finished, #iter = 604
Objective value = -3.553567
nSV = 68
done
/home/limjiayee/ims_wsd_emb/../se4/1-lexical-sample/processed/train/development.xml
development.n 180
.*
optimization finished, #iter = 15
Objective value = -0.384813
nSV = 110
.*
optimization finished, #iter = 16
Objective value = -0.118062
nSV = 73
.*
optimization finished, #iter = 13
Objective value = -0.317438
nSV = 100
done
850.30user 205.37system 14:14.65elapsed 123%CPU (0avgtext+0avgdata 11259212maxresident)k
1095104inputs+52344outputs (18major+87573647minor)pagefaults 0swaps
