nohup: ignoring input
rm: cannot remove `elbow.xml': No such file or directory
rm: cannot remove `bowl.xml': No such file or directory
rm: cannot remove `prayer_meeting.xml': No such file or directory
rm: cannot remove `drop.xml': No such file or directory
rm: cannot remove `shooting.xml': No such file or directory
rm: cannot remove `underachievement.xml': No such file or directory
rm: cannot remove `besieger.xml': No such file or directory
rm: cannot remove `sipper.xml': No such file or directory
rm: cannot remove `goal.xml': No such file or directory
rm: cannot remove `capillary_action.xml': No such file or directory
rm: cannot remove `content.xml': No such file or directory
rm: cannot remove `platonism.xml': No such file or directory
rm: cannot remove `sweep.xml': No such file or directory
rm: cannot remove `stay.xml': No such file or directory
rm: cannot remove `tear.xml': No such file or directory
rm: cannot remove `presidency.xml': No such file or directory
rm: cannot remove `firing_range.xml': No such file or directory
rm: cannot remove `contrary.xml': No such file or directory
rm: cannot remove `gusto.xml': No such file or directory
rm: cannot remove `attorney_general.xml': No such file or directory
rm: cannot remove `lower_class.xml': No such file or directory
rm: cannot remove `discharge.xml': No such file or directory
rm: cannot remove `serialism.xml': No such file or directory
rm: cannot remove `diam.xml': No such file or directory
rm: cannot remove `fact.xml': No such file or directory
rm: cannot remove `law-breaking.xml': No such file or directory
rm: cannot remove `mutineer.xml': No such file or directory
rm: cannot remove `rise.xml': No such file or directory
rm: cannot remove `salary.xml': No such file or directory
rm: cannot remove `toughness.xml': No such file or directory
rm: cannot remove `picnic.xml': No such file or directory
rm: cannot remove `storefront.xml': No such file or directory
rm: cannot remove `occurrence.xml': No such file or directory
rm: cannot remove `real_property.xml': No such file or directory
rm: cannot remove `coordinate.xml': No such file or directory
rm: cannot remove `reliability.xml': No such file or directory
rm: cannot remove `lunch.xml': No such file or directory
rm: cannot remove `vicar.xml': No such file or directory
rm: cannot remove `printing.xml': No such file or directory
rm: cannot remove `var..xml': No such file or directory
rm: cannot remove `houston.xml': No such file or directory
rm: cannot remove `gymnastics.xml': No such file or directory
rm: cannot remove `recreational_facility.xml': No such file or directory
rm: cannot remove `hr.xml': No such file or directory
rm: cannot remove `fourteen.xml': No such file or directory
rm: cannot remove `assembly_line.xml': No such file or directory
rm: cannot remove `rabbi.xml': No such file or directory
rm: cannot remove `brush.xml': No such file or directory
rm: cannot remove `twenty-eight.xml': No such file or directory
rm: cannot remove `forehead.xml': No such file or directory
rm: cannot remove `hissing.xml': No such file or directory
rm: cannot remove `spectroscopy.xml': No such file or directory
rm: cannot remove `parsonage.xml': No such file or directory
rm: cannot remove `multichannel_recorder.xml': No such file or directory
rm: cannot remove `state.xml': No such file or directory
rm: cannot remove `meter.xml': No such file or directory
rm: cannot remove `oxen.xml': No such file or directory
rm: cannot remove `rosette.xml': No such file or directory
rm: cannot remove `sentry.xml': No such file or directory
rm: cannot remove `shoe_repairing.xml': No such file or directory
rm: cannot remove `thyrotrophin.xml': No such file or directory
rm: cannot remove `murderer.xml': No such file or directory
rm: cannot remove `hurry.xml': No such file or directory
rm: cannot remove `charity.xml': No such file or directory
rm: cannot remove `yank.xml': No such file or directory
rm: cannot remove `title-holder.xml': No such file or directory
rm: cannot remove `meadow.xml': No such file or directory
rm: cannot remove `emergence.xml': No such file or directory
rm: cannot remove `dublin.xml': No such file or directory
rm: cannot remove `yesteryear.xml': No such file or directory
rm: cannot remove `matron.xml': No such file or directory
rm: cannot remove `right_hand.xml': No such file or directory
rm: cannot remove `breakwater.xml': No such file or directory
rm: cannot remove `fluff.xml': No such file or directory
rm: cannot remove `conductivity.xml': No such file or directory
rm: cannot remove `backbend.xml': No such file or directory
rm: cannot remove `intensification.xml': No such file or directory
rm: cannot remove `gun_smoke.xml': No such file or directory
rm: cannot remove `fellow_worker.xml': No such file or directory
rm: cannot remove `enfant_terrible.xml': No such file or directory
rm: cannot remove `lemon_tree.xml': No such file or directory
rm: cannot remove `plug-ugly.xml': No such file or directory
rm: cannot remove `learning.xml': No such file or directory
rm: cannot remove `tempo.xml': No such file or directory
rm: cannot remove `overhang.xml': No such file or directory
rm: cannot remove `leap.xml': No such file or directory
rm: cannot remove `flesh.xml': No such file or directory
rm: cannot remove `hobby.xml': No such file or directory
rm: cannot remove `great_britain.xml': No such file or directory
rm: cannot remove `plato.xml': No such file or directory
rm: cannot remove `author.xml': No such file or directory
rm: cannot remove `industry.xml': No such file or directory
rm: cannot remove `early_days.xml': No such file or directory
rm: cannot remove `craftsmanship.xml': No such file or directory
rm: cannot remove `secretarial_school.xml': No such file or directory
rm: cannot remove `coil.xml': No such file or directory
rm: cannot remove `contrabass.xml': No such file or directory
rm: cannot remove `levis.xml': No such file or directory
rm: cannot remove `wrist.xml': No such file or directory
rm: cannot remove `spectator.xml': No such file or directory
rm: cannot remove `cloth.xml': No such file or directory
rm: cannot remove `belt_buckle.xml': No such file or directory
rm: cannot remove `horse_chestnut.xml': No such file or directory
rm: cannot remove `pensioner.xml': No such file or directory
rm: cannot remove `reunion.xml': No such file or directory
rm: cannot remove `thermostat.xml': No such file or directory
rm: cannot remove `chlorine.xml': No such file or directory
rm: cannot remove `yaws.xml': No such file or directory
rm: cannot remove `areaway.xml': No such file or directory
rm: cannot remove `pectoral.xml': No such file or directory
rm: cannot remove `destroyer.xml': No such file or directory
rm: cannot remove `assemblage.xml': No such file or directory
rm: cannot remove `opposite.xml': No such file or directory
rm: cannot remove `electrical_shock.xml': No such file or directory
rm: cannot remove `sleeping.xml': No such file or directory
rm: cannot remove `tv_audience.xml': No such file or directory
rm: cannot remove `impatience.xml': No such file or directory
rm: cannot remove `bruise.xml': No such file or directory
rm: cannot remove `spring.xml': No such file or directory
rm: cannot remove `fan.xml': No such file or directory
rm: cannot remove `laudanum.xml': No such file or directory
rm: cannot remove `recognition.xml': No such file or directory
rm: cannot remove `blemish.xml': No such file or directory
rm: cannot remove `coloratura.xml': No such file or directory
rm: cannot remove `fadeout.xml': No such file or directory
rm: cannot remove `transportation.xml': No such file or directory
rm: cannot remove `integrity.xml': No such file or directory
rm: cannot remove `eyestrain.xml': No such file or directory
rm: cannot remove `rhythm.xml': No such file or directory
rm: cannot remove `professorship.xml': No such file or directory
rm: cannot remove `humility.xml': No such file or directory
rm: cannot remove `wife.xml': No such file or directory
rm: cannot remove `fibrin.xml': No such file or directory
rm: cannot remove `nightshirt.xml': No such file or directory
rm: cannot remove `baseline.xml': No such file or directory
rm: cannot remove `judge.xml': No such file or directory
rm: cannot remove `admirer.xml': No such file or directory
rm: cannot remove `canon.xml': No such file or directory
rm: cannot remove `knuckleball.xml': No such file or directory
rm: cannot remove `t.b..xml': No such file or directory
rm: cannot remove `isomer.xml': No such file or directory
rm: cannot remove `set_decoration.xml': No such file or directory
rm: cannot remove `outboard_motor.xml': No such file or directory
rm: cannot remove `storm_cloud.xml': No such file or directory
rm: cannot remove `revival.xml': No such file or directory
rm: cannot remove `firm.xml': No such file or directory
rm: cannot remove `beech.xml': No such file or directory
rm: cannot remove `broody_hen.xml': No such file or directory
rm: cannot remove `alcohol.xml': No such file or directory
rm: cannot remove `cultivation.xml': No such file or directory
rm: cannot remove `pectoralis.xml': No such file or directory
rm: cannot remove `catcher.xml': No such file or directory
rm: cannot remove `storyteller.xml': No such file or directory
rm: cannot remove `medical_school.xml': No such file or directory
rm: cannot remove `cusp.xml': No such file or directory
rm: cannot remove `opium.xml': No such file or directory
rm: cannot remove `body_part.xml': No such file or directory
rm: cannot remove `parasite.xml': No such file or directory
rm: cannot remove `wheelchair.xml': No such file or directory
rm: cannot remove `lobe.xml': No such file or directory
rm: cannot remove `diplomacy.xml': No such file or directory
rm: cannot remove `lemon.xml': No such file or directory
rm: cannot remove `duration.xml': No such file or directory
rm: cannot remove `word.xml': No such file or directory
rm: cannot remove `adroitness.xml': No such file or directory
rm: cannot remove `basket.xml': No such file or directory
rm: cannot remove `ten-gallon_hat.xml': No such file or directory
rm: cannot remove `sympathy.xml': No such file or directory
rm: cannot remove `outer_space.xml': No such file or directory
rm: cannot remove `broadcasting_company.xml': No such file or directory
rm: cannot remove `schoolhouse.xml': No such file or directory
rm: cannot remove `second_thought.xml': No such file or directory
rm: cannot remove `calcification.xml': No such file or directory
rm: cannot remove `piedmont.xml': No such file or directory
rm: cannot remove `ruin.xml': No such file or directory
rm: cannot remove `maggot.xml': No such file or directory
rm: cannot remove `power_company.xml': No such file or directory
rm: cannot remove `guest.xml': No such file or directory
rm: cannot remove `christmas_eve.xml': No such file or directory
rm: cannot remove `metropolis.xml': No such file or directory
rm: cannot remove `publication.xml': No such file or directory
rm: cannot remove `fighting.xml': No such file or directory
rm: cannot remove `addition.xml': No such file or directory
rm: cannot remove `energy.xml': No such file or directory
rm: cannot remove `channel.xml': No such file or directory
rm: cannot remove `substation.xml': No such file or directory
rm: cannot remove `coupon.xml': No such file or directory
rm: cannot remove `essential.xml': No such file or directory
rm: cannot remove `flavor.xml': No such file or directory
rm: cannot remove `letter_writer.xml': No such file or directory
rm: cannot remove `swimming.xml': No such file or directory
rm: cannot remove `bridegroom.xml': No such file or directory
rm: cannot remove `employer.xml': No such file or directory
rm: cannot remove `actinometer.xml': No such file or directory
rm: cannot remove `scalar_field.xml': No such file or directory
rm: cannot remove `aerator.xml': No such file or directory
rm: cannot remove `whiskey.xml': No such file or directory
rm: cannot remove `biology.xml': No such file or directory
rm: cannot remove `mosquito.xml': No such file or directory
rm: cannot remove `imbecile.xml': No such file or directory
rm: cannot remove `cicada.xml': No such file or directory
rm: cannot remove `hydrogen_atom.xml': No such file or directory
rm: cannot remove `proportion.xml': No such file or directory
rm: cannot remove `extent.xml': No such file or directory
rm: cannot remove `shit.xml': No such file or directory
rm: cannot remove `wishing.xml': No such file or directory
rm: cannot remove `schoolgirl.xml': No such file or directory
rm: cannot remove `filter_paper.xml': No such file or directory
rm: cannot remove `amazement.xml': No such file or directory
rm: cannot remove `transversus_abdominis.xml': No such file or directory
rm: cannot remove `l.xml': No such file or directory
rm: cannot remove `geologist.xml': No such file or directory
rm: cannot remove `operator.xml': No such file or directory
rm: cannot remove `appropriation.xml': No such file or directory
rm: cannot remove `fitness.xml': No such file or directory
rm: cannot remove `social_science.xml': No such file or directory
rm: cannot remove `virgin.xml': No such file or directory
rm: cannot remove `ketosis.xml': No such file or directory
rm: cannot remove `suburb.xml': No such file or directory
rm: cannot remove `non-resistant.xml': No such file or directory
rm: cannot remove `assassin.xml': No such file or directory
rm: cannot remove `reactivity.xml': No such file or directory
rm: cannot remove `phone_company.xml': No such file or directory
rm: cannot remove `selling.xml': No such file or directory
rm: cannot remove `country.xml': No such file or directory
rm: cannot remove `loser.xml': No such file or directory
rm: cannot remove `lieutenant_governor.xml': No such file or directory
rm: cannot remove `neighbourhood.xml': No such file or directory
rm: cannot remove `harmony.xml': No such file or directory
rm: cannot remove `ten.xml': No such file or directory
rm: cannot remove `perfectionism.xml': No such file or directory
rm: cannot remove `bathing.xml': No such file or directory
rm: cannot remove `tons.xml': No such file or directory
rm: cannot remove `printed_symbol.xml': No such file or directory
rm: cannot remove `swallow.xml': No such file or directory
rm: cannot remove `worst.xml': No such file or directory
rm: cannot remove `virginity.xml': No such file or directory
rm: cannot remove `gothic_romancer.xml': No such file or directory
rm: cannot remove `nicotine.xml': No such file or directory
rm: cannot remove `b-52.xml': No such file or directory
rm: cannot remove `gymnast.xml': No such file or directory
rm: cannot remove `listener.xml': No such file or directory
rm: cannot remove `bumblebee.xml': No such file or directory
rm: cannot remove `eluate.xml': No such file or directory
rm: cannot remove `confrere.xml': No such file or directory
rm: cannot remove `nutrient.xml': No such file or directory
rm: cannot remove `ubermensch.xml': No such file or directory
rm: cannot remove `fieldstone.xml': No such file or directory
rm: cannot remove `tattletale_grey.xml': No such file or directory
rm: cannot remove `thermometry.xml': No such file or directory
rm: cannot remove `knack.xml': No such file or directory
rm: cannot remove `yellow.xml': No such file or directory
rm: cannot remove `finishing.xml': No such file or directory
rm: cannot remove `inkling.xml': No such file or directory
rm: cannot remove `space.xml': No such file or directory
rm: cannot remove `gallantry.xml': No such file or directory
rm: cannot remove `sideboard.xml': No such file or directory
rm: cannot remove `old_school.xml': No such file or directory
rm: cannot remove `data.xml': No such file or directory
rm: cannot remove `bow.xml': No such file or directory
rm: cannot remove `emotion.xml': No such file or directory
rm: cannot remove `long_bone.xml': No such file or directory
rm: cannot remove `opportunism.xml': No such file or directory
rm: cannot remove `old_man.xml': No such file or directory
rm: cannot remove `rain_dance.xml': No such file or directory
rm: cannot remove `sine_qua_non.xml': No such file or directory
rm: cannot remove `abridgment.xml': No such file or directory
rm: cannot remove `paging.xml': No such file or directory
rm: cannot remove `thwack.xml': No such file or directory
rm: cannot remove `portuguese.xml': No such file or directory
rm: cannot remove `business_executive.xml': No such file or directory
rm: cannot remove `spell.xml': No such file or directory
rm: cannot remove `ranch_house.xml': No such file or directory
rm: cannot remove `dive.xml': No such file or directory
rm: cannot remove `drawing.xml': No such file or directory
rm: cannot remove `entanglement.xml': No such file or directory
rm: cannot remove `funeral_parlor.xml': No such file or directory
rm: cannot remove `function.xml': No such file or directory
rm: cannot remove `equation.xml': No such file or directory
rm: cannot remove `amethystine_python.xml': No such file or directory
rm: cannot remove `growing.xml': No such file or directory
rm: cannot remove `association.xml': No such file or directory
rm: cannot remove `jurisdiction.xml': No such file or directory
rm: cannot remove `nigger.xml': No such file or directory
rm: cannot remove `mommy.xml': No such file or directory
rm: cannot remove `sand_dune.xml': No such file or directory
rm: cannot remove `roman_catholicism.xml': No such file or directory
rm: cannot remove `riverbank.xml': No such file or directory
rm: cannot remove `prey.xml': No such file or directory
rm: cannot remove `tread.xml': No such file or directory
rm: cannot remove `face.xml': No such file or directory
rm: cannot remove `nervousness.xml': No such file or directory
rm: cannot remove `gym.xml': No such file or directory
rm: cannot remove `interference.xml': No such file or directory
rm: cannot remove `arabian_sea.xml': No such file or directory
rm: cannot remove `league.xml': No such file or directory
rm: cannot remove `launcher.xml': No such file or directory
rm: cannot remove `redundancy.xml': No such file or directory
rm: cannot remove `specificity.xml': No such file or directory
rm: cannot remove `timetable.xml': No such file or directory
rm: cannot remove `objectivity.xml': No such file or directory
rm: cannot remove `optimism.xml': No such file or directory
rm: cannot remove `breath.xml': No such file or directory
rm: cannot remove `pan.xml': No such file or directory
rm: cannot remove `philanthropist.xml': No such file or directory
rm: cannot remove `lookup.xml': No such file or directory
rm: cannot remove `guided_missile.xml': No such file or directory
rm: cannot remove `long_island_sound.xml': No such file or directory
rm: cannot remove `mono-iodotyrosine.xml': No such file or directory
rm: cannot remove `poppy.xml': No such file or directory
rm: cannot remove `communicating.xml': No such file or directory
rm: cannot remove `mid-fifties.xml': No such file or directory
rm: cannot remove `crassness.xml': No such file or directory
rm: cannot remove `pond.xml': No such file or directory
rm: cannot remove `human.xml': No such file or directory
rm: cannot remove `bribe.xml': No such file or directory
rm: cannot remove `guide.xml': No such file or directory
rm: cannot remove `arrangement.xml': No such file or directory
rm: cannot remove `esprit_de_corps.xml': No such file or directory
rm: cannot remove `drawing_paper.xml': No such file or directory
rm: cannot remove `electric_circuit.xml': No such file or directory
rm: cannot remove `jar.xml': No such file or directory
rm: cannot remove `letdown.xml': No such file or directory
rm: cannot remove `fascism.xml': No such file or directory
rm: cannot remove `rifleman.xml': No such file or directory
rm: cannot remove `urgency.xml': No such file or directory
rm: cannot remove `task.xml': No such file or directory
rm: cannot remove `pittsburgh.xml': No such file or directory
rm: cannot remove `grate.xml': No such file or directory
rm: cannot remove `convict.xml': No such file or directory
rm: cannot remove `nationalism.xml': No such file or directory
rm: cannot remove `crag.xml': No such file or directory
rm: cannot remove `kit.xml': No such file or directory
rm: cannot remove `naprapath.xml': No such file or directory
rm: cannot remove `protection.xml': No such file or directory
rm: cannot remove `muzzle_loader.xml': No such file or directory
rm: cannot remove `tunisia.xml': No such file or directory
rm: cannot remove `elector.xml': No such file or directory
rm: cannot remove `spectrometer.xml': No such file or directory
rm: cannot remove `prechlorination.xml': No such file or directory
rm: cannot remove `watershed.xml': No such file or directory
rm: cannot remove `big_leaguer.xml': No such file or directory
rm: cannot remove `pitching.xml': No such file or directory
rm: cannot remove `caution.xml': No such file or directory
rm: cannot remove `spore.xml': No such file or directory
rm: cannot remove `home_plate.xml': No such file or directory
rm: cannot remove `bombay.xml': No such file or directory
rm: cannot remove `hoof.xml': No such file or directory
rm: cannot remove `rapture.xml': No such file or directory
rm: cannot remove `tease.xml': No such file or directory
rm: cannot remove `oilcloth.xml': No such file or directory
rm: cannot remove `racketeer.xml': No such file or directory
rm: cannot remove `declaration.xml': No such file or directory
rm: cannot remove `lieutenant.xml': No such file or directory
rm: cannot remove `time-delay_measuring_system.xml': No such file or directory
rm: cannot remove `demeanor.xml': No such file or directory
rm: cannot remove `search_warrant.xml': No such file or directory
rm: cannot remove `whorl.xml': No such file or directory
rm: cannot remove `hypothalamus.xml': No such file or directory
rm: cannot remove `flea_market.xml': No such file or directory
rm: cannot remove `off-broadway.xml': No such file or directory
rm: cannot remove `financing.xml': No such file or directory
rm: cannot remove `wealth.xml': No such file or directory
rm: cannot remove `chorine.xml': No such file or directory
rm: cannot remove `calf.xml': No such file or directory
rm: cannot remove `income_tax_return.xml': No such file or directory
rm: cannot remove `shrubbery.xml': No such file or directory
rm: cannot remove `interviewer.xml': No such file or directory
rm: cannot remove `telephone_line.xml': No such file or directory
rm: cannot remove `standard_of_measurement.xml': No such file or directory
rm: cannot remove `crash.xml': No such file or directory
rm: cannot remove `janissary.xml': No such file or directory
rm: cannot remove `starvation.xml': No such file or directory
rm: cannot remove `footage.xml': No such file or directory
rm: cannot remove `infrared_emission.xml': No such file or directory
rm: cannot remove `arcus_senilis.xml': No such file or directory
rm: cannot remove `scherzo.xml': No such file or directory
rm: cannot remove `tip.xml': No such file or directory
rm: cannot remove `rail.xml': No such file or directory
rm: cannot remove `bias.xml': No such file or directory
rm: cannot remove `acrobatics.xml': No such file or directory
rm: cannot remove `time_machine.xml': No such file or directory
rm: cannot remove `verdict.xml': No such file or directory
rm: cannot remove `publicist.xml': No such file or directory
rm: cannot remove `vehemence.xml': No such file or directory
rm: cannot remove `britain.xml': No such file or directory
rm: cannot remove `low_temperature.xml': No such file or directory
rm: cannot remove `stone_wall.xml': No such file or directory
rm: cannot remove `object.xml': No such file or directory
rm: cannot remove `imitation.xml': No such file or directory
rm: cannot remove `loneliness.xml': No such file or directory
rm: cannot remove `farming.xml': No such file or directory
rm: cannot remove `deadhead.xml': No such file or directory
rm: cannot remove `counterbalance.xml': No such file or directory
rm: cannot remove `infectious_hepatitis.xml': No such file or directory
rm: cannot remove `vein.xml': No such file or directory
rm: cannot remove `quirt.xml': No such file or directory
rm: cannot remove `wigmaker.xml': No such file or directory
rm: cannot remove `lexicostatistics.xml': No such file or directory
rm: cannot remove `censorship.xml': No such file or directory
rm: cannot remove `torso.xml': No such file or directory
rm: cannot remove `hyperemia.xml': No such file or directory
rm: cannot remove `playground.xml': No such file or directory
rm: cannot remove `mineral.xml': No such file or directory
rm: cannot remove `bathos.xml': No such file or directory
rm: cannot remove `ideologist.xml': No such file or directory
rm: cannot remove `spy.xml': No such file or directory
rm: cannot remove `programming.xml': No such file or directory
rm: cannot remove `rubble.xml': No such file or directory
rm: cannot remove `breakable.xml': No such file or directory
rm: cannot remove `hoop.xml': No such file or directory
rm: cannot remove `creek.xml': No such file or directory
rm: cannot remove `ward.xml': No such file or directory
rm: cannot remove `infant.xml': No such file or directory
rm: cannot remove `response.xml': No such file or directory
rm: cannot remove `steppe.xml': No such file or directory
rm: cannot remove `concurrence.xml': No such file or directory
rm: cannot remove `drum.xml': No such file or directory
rm: cannot remove `patronne.xml': No such file or directory
rm: cannot remove `master_bedroom.xml': No such file or directory
rm: cannot remove `whereabouts.xml': No such file or directory
rm: cannot remove `ultraviolet_illumination.xml': No such file or directory
rm: cannot remove `shriek.xml': No such file or directory
rm: cannot remove `radio_source.xml': No such file or directory
rm: cannot remove `statesman.xml': No such file or directory
rm: cannot remove `conditioned_response.xml': No such file or directory
rm: cannot remove `intellectual.xml': No such file or directory
rm: cannot remove `deck.xml': No such file or directory
rm: cannot remove `waxing.xml': No such file or directory
rm: cannot remove `menace.xml': No such file or directory
rm: cannot remove `silkworm.xml': No such file or directory
rm: cannot remove `trading.xml': No such file or directory
rm: cannot remove `aerial.xml': No such file or directory
rm: cannot remove `ell.xml': No such file or directory
rm: cannot remove `acid.xml': No such file or directory
rm: cannot remove `rock_outcrop.xml': No such file or directory
rm: cannot remove `sock.xml': No such file or directory
rm: cannot remove `broadcast.xml': No such file or directory
rm: cannot remove `television_program.xml': No such file or directory
rm: cannot remove `roaring.xml': No such file or directory
rm: cannot remove `abolitionist.xml': No such file or directory
rm: cannot remove `damascus.xml': No such file or directory
rm: cannot remove `burnt_sienna.xml': No such file or directory
rm: cannot remove `springboard.xml': No such file or directory
rm: cannot remove `magnetic_resonance.xml': No such file or directory
rm: cannot remove `storyline.xml': No such file or directory
rm: cannot remove `crossroads.xml': No such file or directory
rm: cannot remove `bouncing.xml': No such file or directory
rm: cannot remove `street.xml': No such file or directory
rm: cannot remove `cartilage.xml': No such file or directory
rm: cannot remove `keeping.xml': No such file or directory
rm: cannot remove `daylight.xml': No such file or directory
rm: cannot remove `tact.xml': No such file or directory
rm: cannot remove `inundation.xml': No such file or directory
rm: cannot remove `bedpost.xml': No such file or directory
rm: cannot remove `light_company.xml': No such file or directory
rm: cannot remove `difficulty.xml': No such file or directory
rm: cannot remove `speed.xml': No such file or directory
rm: cannot remove `saleslady.xml': No such file or directory
rm: cannot remove `flashlight.xml': No such file or directory
rm: cannot remove `sheriff.xml': No such file or directory
rm: cannot remove `insinuation.xml': No such file or directory
rm: cannot remove `depression.xml': No such file or directory
rm: cannot remove `babel.xml': No such file or directory
rm: cannot remove `stiffness.xml': No such file or directory
rm: cannot remove `agrobacterium_tumefaciens.xml': No such file or directory
rm: cannot remove `affidavit.xml': No such file or directory
rm: cannot remove `repeat.xml': No such file or directory
rm: cannot remove `crispness.xml': No such file or directory
rm: cannot remove `loose_end.xml': No such file or directory
rm: cannot remove `glanders.xml': No such file or directory
rm: cannot remove `teammate.xml': No such file or directory
rm: cannot remove `essence.xml': No such file or directory
rm: cannot remove `result.xml': No such file or directory
rm: cannot remove `spike.xml': No such file or directory
rm: cannot remove `gross_national_product.xml': No such file or directory
rm: cannot remove `hitter.xml': No such file or directory
rm: cannot remove `outside.xml': No such file or directory
rm: cannot remove `monastery.xml': No such file or directory
rm: cannot remove `work-study_program.xml': No such file or directory
rm: cannot remove `linebacker.xml': No such file or directory
rm: cannot remove `truck.xml': No such file or directory
rm: cannot remove `boarding.xml': No such file or directory
rm: cannot remove `magistrate.xml': No such file or directory
rm: cannot remove `familiarity.xml': No such file or directory
rm: cannot remove `religious_belief.xml': No such file or directory
rm: cannot remove `tea_service.xml': No such file or directory
rm: cannot remove `director.xml': No such file or directory
rm: cannot remove `recorder.xml': No such file or directory
rm: cannot remove `reclassification.xml': No such file or directory
rm: cannot remove `gunfire.xml': No such file or directory
rm: cannot remove `trolley_line.xml': No such file or directory
rm: cannot remove `chemical.xml': No such file or directory
rm: cannot remove `dictatorship.xml': No such file or directory
rm: cannot remove `hurler.xml': No such file or directory
rm: cannot remove `top_executive.xml': No such file or directory
rm: cannot remove `monitoring.xml': No such file or directory
rm: cannot remove `reputation.xml': No such file or directory
rm: cannot remove `memory.xml': No such file or directory
rm: cannot remove `secretary_of_the_interior.xml': No such file or directory
rm: cannot remove `longitude.xml': No such file or directory
rm: cannot remove `balinese.xml': No such file or directory
rm: cannot remove `breakdown.xml': No such file or directory
rm: cannot remove `villager.xml': No such file or directory
rm: cannot remove `sorority.xml': No such file or directory
rm: cannot remove `co-worker.xml': No such file or directory
rm: cannot remove `designer.xml': No such file or directory
rm: cannot remove `naval_blockade.xml': No such file or directory
rm: cannot remove `dead_letter.xml': No such file or directory
rm: cannot remove `downfall.xml': No such file or directory
rm: cannot remove `circuitry.xml': No such file or directory
rm: cannot remove `franchise.xml': No such file or directory
rm: cannot remove `landlord.xml': No such file or directory
rm: cannot remove `scouting.xml': No such file or directory
rm: cannot remove `merriment.xml': No such file or directory
rm: cannot remove `catastrophe.xml': No such file or directory
rm: cannot remove `condensed_milk.xml': No such file or directory
rm: cannot remove `trot.xml': No such file or directory
rm: cannot remove `television_set.xml': No such file or directory
rm: cannot remove `mating.xml': No such file or directory
rm: cannot remove `gaussian_shape.xml': No such file or directory
rm: cannot remove `gambling.xml': No such file or directory
rm: cannot remove `interferometer.xml': No such file or directory
rm: cannot remove `river.xml': No such file or directory
rm: cannot remove `x-ray_diffraction.xml': No such file or directory
rm: cannot remove `pbs.xml': No such file or directory
rm: cannot remove `dividend.xml': No such file or directory
rm: cannot remove `enigma.xml': No such file or directory
rm: cannot remove `proceedings.xml': No such file or directory
rm: cannot remove `appraiser.xml': No such file or directory
rm: cannot remove `breaking.xml': No such file or directory
rm: cannot remove `dimer.xml': No such file or directory
rm: cannot remove `hotshot.xml': No such file or directory
rm: cannot remove `infirmity.xml': No such file or directory
rm: cannot remove `underside.xml': No such file or directory
rm: cannot remove `national_park_service.xml': No such file or directory
rm: cannot remove `carpet.xml': No such file or directory
rm: cannot remove `terrycloth.xml': No such file or directory
rm: cannot remove `crowd.xml': No such file or directory
rm: cannot remove `movie_star.xml': No such file or directory
rm: cannot remove `position.xml': No such file or directory
rm: cannot remove `joint_snake.xml': No such file or directory
rm: cannot remove `view.xml': No such file or directory
rm: cannot remove `adverb.xml': No such file or directory
rm: cannot remove `perusal.xml': No such file or directory
rm: cannot remove `grant-in-aid.xml': No such file or directory
rm: cannot remove `gamut.xml': No such file or directory
rm: cannot remove `remnant.xml': No such file or directory
rm: cannot remove `wretch.xml': No such file or directory
rm: cannot remove `circumstances.xml': No such file or directory
rm: cannot remove `honeybee.xml': No such file or directory
rm: cannot remove `brain.xml': No such file or directory
rm: cannot remove `zoo.xml': No such file or directory
rm: cannot remove `higher_education.xml': No such file or directory
rm: cannot remove `vice.xml': No such file or directory
rm: cannot remove `shelter.xml': No such file or directory
rm: cannot remove `uptake.xml': No such file or directory
rm: cannot remove `air-to-surface_missile.xml': No such file or directory
rm: cannot remove `fixing.xml': No such file or directory
rm: cannot remove `wineglass.xml': No such file or directory
rm: cannot remove `marquee.xml': No such file or directory
rm: cannot remove `curtness.xml': No such file or directory
rm: cannot remove `workshop.xml': No such file or directory
rm: cannot remove `half-moon.xml': No such file or directory
rm: cannot remove `right_angle.xml': No such file or directory
rm: cannot remove `caretaker.xml': No such file or directory
rm: cannot remove `instinct.xml': No such file or directory
rm: cannot remove `dear.xml': No such file or directory
rm: cannot remove `picture.xml': No such file or directory
rm: cannot remove `now.xml': No such file or directory
rm: cannot remove `soap_powder.xml': No such file or directory
rm: cannot remove `beverage.xml': No such file or directory
rm: cannot remove `launching.xml': No such file or directory
rm: cannot remove `balsam.xml': No such file or directory
rm: cannot remove `georgia.xml': No such file or directory
rm: cannot remove `vinegar.xml': No such file or directory
rm: cannot remove `graduate_school.xml': No such file or directory
rm: cannot remove `schedule.xml': No such file or directory
rm: cannot remove `scene.xml': No such file or directory
rm: cannot remove `warsaw.xml': No such file or directory
rm: cannot remove `proposition.xml': No such file or directory
rm: cannot remove `prosecuting_attorney.xml': No such file or directory
rm: cannot remove `trade.xml': No such file or directory
rm: cannot remove `recluse.xml': No such file or directory
rm: cannot remove `vocation.xml': No such file or directory
rm: cannot remove `lullaby.xml': No such file or directory
rm: cannot remove `sediment.xml': No such file or directory
rm: cannot remove `jesuit.xml': No such file or directory
rm: cannot remove `hack.xml': No such file or directory
rm: cannot remove `category.xml': No such file or directory
rm: cannot remove `puke.xml': No such file or directory
rm: cannot remove `abstruseness.xml': No such file or directory
rm: cannot remove `figural_blindness.xml': No such file or directory
rm: cannot remove `swami.xml': No such file or directory
rm: cannot remove `tyrant.xml': No such file or directory
rm: cannot remove `iraq.xml': No such file or directory
rm: cannot remove `structure.xml': No such file or directory
rm: cannot remove `car.xml': No such file or directory
rm: cannot remove `sewage.xml': No such file or directory
rm: cannot remove `sherlock_holmes.xml': No such file or directory
rm: cannot remove `coalescence.xml': No such file or directory
rm: cannot remove `recovery.xml': No such file or directory
rm: cannot remove `exclamation.xml': No such file or directory
rm: cannot remove `exodus.xml': No such file or directory
rm: cannot remove `family.xml': No such file or directory
rm: cannot remove `radiance.xml': No such file or directory
rm: cannot remove `bishopry.xml': No such file or directory
rm: cannot remove `bayonet.xml': No such file or directory
rm: cannot remove `pertinence.xml': No such file or directory
rm: cannot remove `shaft.xml': No such file or directory
rm: cannot remove `sprue.xml': No such file or directory
rm: cannot remove `longevity.xml': No such file or directory
rm: cannot remove `tea.xml': No such file or directory
rm: cannot remove `parson.xml': No such file or directory
rm: cannot remove `fishing_tackle.xml': No such file or directory
rm: cannot remove `papers.xml': No such file or directory
rm: cannot remove `drinker.xml': No such file or directory
rm: cannot remove `transgression.xml': No such file or directory
rm: cannot remove `central_city.xml': No such file or directory
rm: cannot remove `display_window.xml': No such file or directory
rm: cannot remove `allegro_con_spirito.xml': No such file or directory
rm: cannot remove `worm.xml': No such file or directory
rm: cannot remove `subsidy.xml': No such file or directory
rm: cannot remove `premix.xml': No such file or directory
rm: cannot remove `rack.xml': No such file or directory
rm: cannot remove `weakening.xml': No such file or directory
rm: cannot remove `non-jew.xml': No such file or directory
rm: cannot remove `code.xml': No such file or directory
rm: cannot remove `two-thirds.xml': No such file or directory
rm: cannot remove `romp.xml': No such file or directory
rm: cannot remove `understatement.xml': No such file or directory
rm: cannot remove `empiricism.xml': No such file or directory
rm: cannot remove `indentation.xml': No such file or directory
rm: cannot remove `rhode_island.xml': No such file or directory
rm: cannot remove `deviation.xml': No such file or directory
rm: cannot remove `prize.xml': No such file or directory
rm: cannot remove `recession.xml': No such file or directory
rm: cannot remove `parameter.xml': No such file or directory
rm: cannot remove `layoff.xml': No such file or directory
rm: cannot remove `authority.xml': No such file or directory
rm: cannot remove `tackle.xml': No such file or directory
rm: cannot remove `folk_writer.xml': No such file or directory
rm: cannot remove `tribunal.xml': No such file or directory
rm: cannot remove `status_quo.xml': No such file or directory
rm: cannot remove `globulin.xml': No such file or directory
rm: cannot remove `spoken_word.xml': No such file or directory
rm: cannot remove `pulse_timing_circuit.xml': No such file or directory
rm: cannot remove `difference_of_opinion.xml': No such file or directory
rm: cannot remove `star_of_david.xml': No such file or directory
rm: cannot remove `vocalist.xml': No such file or directory
rm: cannot remove `musical.xml': No such file or directory
rm: cannot remove `inning.xml': No such file or directory
rm: cannot remove `prosecutor.xml': No such file or directory
rm: cannot remove `reading_room.xml': No such file or directory
rm: cannot remove `rampart.xml': No such file or directory
rm: cannot remove `landscape.xml': No such file or directory
rm: cannot remove `battlefield.xml': No such file or directory
rm: cannot remove `bunk.xml': No such file or directory
rm: cannot remove `meddling.xml': No such file or directory
rm: cannot remove `meat.xml': No such file or directory
rm: cannot remove `volition.xml': No such file or directory
rm: cannot remove `undergraduate.xml': No such file or directory
rm: cannot remove `glottochronology.xml': No such file or directory
rm: cannot remove `sincerity.xml': No such file or directory
rm: cannot remove `tailgate.xml': No such file or directory
rm: cannot remove `apartment_building.xml': No such file or directory
rm: cannot remove `chela.xml': No such file or directory
rm: cannot remove `accomplice.xml': No such file or directory
rm: cannot remove `abstract_expressionism.xml': No such file or directory
rm: cannot remove `booth.xml': No such file or directory
rm: cannot remove `boon.xml': No such file or directory
rm: cannot remove `swatch.xml': No such file or directory
rm: cannot remove `mechanic.xml': No such file or directory
rm: cannot remove `cure.xml': No such file or directory
rm: cannot remove `loft.xml': No such file or directory
rm: cannot remove `munich.xml': No such file or directory
rm: cannot remove `social_control.xml': No such file or directory
rm: cannot remove `northeast.xml': No such file or directory
rm: cannot remove `repression.xml': No such file or directory
rm: cannot remove `awarding.xml': No such file or directory
rm: cannot remove `misdemeanor.xml': No such file or directory
rm: cannot remove `change.xml': No such file or directory
rm: cannot remove `beat.xml': No such file or directory
rm: cannot remove `goitrogen.xml': No such file or directory
rm: cannot remove `horse_trading.xml': No such file or directory
rm: cannot remove `hitch.xml': No such file or directory
rm: cannot remove `heroine.xml': No such file or directory
rm: cannot remove `fingerprint_man.xml': No such file or directory
rm: cannot remove `squad.xml': No such file or directory
rm: cannot remove `mechanics.xml': No such file or directory
rm: cannot remove `champ.xml': No such file or directory
rm: cannot remove `journal.xml': No such file or directory
rm: cannot remove `drunk.xml': No such file or directory
rm: cannot remove `instillation.xml': No such file or directory
rm: cannot remove `authenticity.xml': No such file or directory
rm: cannot remove `magnetic_moment.xml': No such file or directory
rm: cannot remove `rapport.xml': No such file or directory
rm: cannot remove `germany.xml': No such file or directory
rm: cannot remove `capability.xml': No such file or directory
rm: cannot remove `natural_resource.xml': No such file or directory
rm: cannot remove `lager.xml': No such file or directory
rm: cannot remove `dais.xml': No such file or directory
rm: cannot remove `surface.xml': No such file or directory
rm: cannot remove `significance.xml': No such file or directory
rm: cannot remove `dynamics.xml': No such file or directory
rm: cannot remove `filling.xml': No such file or directory
rm: cannot remove `print_shop.xml': No such file or directory
rm: cannot remove `slowing.xml': No such file or directory
rm: cannot remove `sub-test.xml': No such file or directory
rm: cannot remove `flood.xml': No such file or directory
rm: cannot remove `income.xml': No such file or directory
rm: cannot remove `forearm.xml': No such file or directory
rm: cannot remove `toad.xml': No such file or directory
rm: cannot remove `statesmanship.xml': No such file or directory
rm: cannot remove `utopianism.xml': No such file or directory
rm: cannot remove `sick.xml': No such file or directory
rm: cannot remove `insularity.xml': No such file or directory
rm: cannot remove `tapestry.xml': No such file or directory
rm: cannot remove `absence.xml': No such file or directory
rm: cannot remove `course.xml': No such file or directory
rm: cannot remove `cleverness.xml': No such file or directory
rm: cannot remove `nonsense.xml': No such file or directory
rm: cannot remove `abandon.xml': No such file or directory
rm: cannot remove `mask.xml': No such file or directory
rm: cannot remove `caesar.xml': No such file or directory
rm: cannot remove `threshold.xml': No such file or directory
rm: cannot remove `acetonemia.xml': No such file or directory
rm: cannot remove `kansas.xml': No such file or directory
rm: cannot remove `subordinate.xml': No such file or directory
rm: cannot remove `prairie.xml': No such file or directory
rm: cannot remove `penalty.xml': No such file or directory
rm: cannot remove `vaccine.xml': No such file or directory
rm: cannot remove `legatee.xml': No such file or directory
rm: cannot remove `income_tax.xml': No such file or directory
rm: cannot remove `fluorescein.xml': No such file or directory
rm: cannot remove `pipeline_company.xml': No such file or directory
rm: cannot remove `boost.xml': No such file or directory
rm: cannot remove `pantry.xml': No such file or directory
rm: cannot remove `heat.xml': No such file or directory
rm: cannot remove `suffering.xml': No such file or directory
rm: cannot remove `spokesman.xml': No such file or directory
rm: cannot remove `mystery.xml': No such file or directory
rm: cannot remove `v.xml': No such file or directory
rm: cannot remove `politics.xml': No such file or directory
rm: cannot remove `disobedience.xml': No such file or directory
rm: cannot remove `spain.xml': No such file or directory
rm: cannot remove `homicide.xml': No such file or directory
rm: cannot remove `egg_laying.xml': No such file or directory
rm: cannot remove `aunt.xml': No such file or directory
rm: cannot remove `sacramento.xml': No such file or directory
rm: cannot remove `frequency.xml': No such file or directory
rm: cannot remove `scenario.xml': No such file or directory
rm: cannot remove `attorney.xml': No such file or directory
rm: cannot remove `mental_picture.xml': No such file or directory
rm: cannot remove `piano_sonata.xml': No such file or directory
rm: cannot remove `ready.xml': No such file or directory
rm: cannot remove `night.xml': No such file or directory
rm: cannot remove `megalopolis.xml': No such file or directory
rm: cannot remove `shirtsleeves.xml': No such file or directory
rm: cannot remove `veranda.xml': No such file or directory
rm: cannot remove `science_fiction.xml': No such file or directory
rm: cannot remove `front_door.xml': No such file or directory
rm: cannot remove `artistry.xml': No such file or directory
rm: cannot remove `attachment.xml': No such file or directory
rm: cannot remove `register_language.xml': No such file or directory
rm: cannot remove `parish.xml': No such file or directory
rm: cannot remove `building_supply_house.xml': No such file or directory
rm: cannot remove `circumference.xml': No such file or directory
rm: cannot remove `caress.xml': No such file or directory
rm: cannot remove `start.xml': No such file or directory
rm: cannot remove `coming.xml': No such file or directory
rm: cannot remove `razor.xml': No such file or directory
rm: cannot remove `brush_fire.xml': No such file or directory
rm: cannot remove `transcription.xml': No such file or directory
rm: cannot remove `gaiety.xml': No such file or directory
rm: cannot remove `automobile.xml': No such file or directory
rm: cannot remove `ravage.xml': No such file or directory
rm: cannot remove `department.xml': No such file or directory
rm: cannot remove `turnover.xml': No such file or directory
rm: cannot remove `worker.xml': No such file or directory
rm: cannot remove `royal_brace.xml': No such file or directory
rm: cannot remove `anglican.xml': No such file or directory
rm: cannot remove `labor_union.xml': No such file or directory
rm: cannot remove `political_system.xml': No such file or directory
rm: cannot remove `real_life.xml': No such file or directory
rm: cannot remove `trial.xml': No such file or directory
rm: cannot remove `hudson_river.xml': No such file or directory
rm: cannot remove `scholar.xml': No such file or directory
rm: cannot remove `suck.xml': No such file or directory
rm: cannot remove `wedding.xml': No such file or directory
rm: cannot remove `lemon_meringue_pie.xml': No such file or directory
rm: cannot remove `horseman.xml': No such file or directory
rm: cannot remove `pioneer.xml': No such file or directory
rm: cannot remove `tunnel.xml': No such file or directory
rm: cannot remove `loudspeaker.xml': No such file or directory
rm: cannot remove `misogynist.xml': No such file or directory
rm: cannot remove `union_of_soviet_socialist_republics.xml': No such file or directory
rm: cannot remove `hitching_post.xml': No such file or directory
rm: cannot remove `provisions.xml': No such file or directory
rm: cannot remove `god.xml': No such file or directory
rm: cannot remove `diminution.xml': No such file or directory
rm: cannot remove `directive.xml': No such file or directory
rm: cannot remove `calculus.xml': No such file or directory
rm: cannot remove `flag.xml': No such file or directory
rm: cannot remove `theatregoer.xml': No such file or directory
rm: cannot remove `tubule.xml': No such file or directory
rm: cannot remove `hollowness.xml': No such file or directory
rm: cannot remove `art.xml': No such file or directory
rm: cannot remove `gourd.xml': No such file or directory
rm: cannot remove `wordsworth.xml': No such file or directory
rm: cannot remove `defense_program.xml': No such file or directory
rm: cannot remove `heart_rate.xml': No such file or directory
rm: cannot remove `backwoods.xml': No such file or directory
rm: cannot remove `debt.xml': No such file or directory
rm: cannot remove `depravity.xml': No such file or directory
rm: cannot remove `ballet_company.xml': No such file or directory
rm: cannot remove `bridge.xml': No such file or directory
rm: cannot remove `soapsuds.xml': No such file or directory
rm: cannot remove `direct_evidence.xml': No such file or directory
rm: cannot remove `limbo.xml': No such file or directory
rm: cannot remove `vent.xml': No such file or directory
rm: cannot remove `review.xml': No such file or directory
rm: cannot remove `telegrapher.xml': No such file or directory
rm: cannot remove `missile.xml': No such file or directory
rm: cannot remove `altruism.xml': No such file or directory
rm: cannot remove `earthman.xml': No such file or directory
rm: cannot remove `calibration.xml': No such file or directory
rm: cannot remove `lowland.xml': No such file or directory
rm: cannot remove `buckskin.xml': No such file or directory
rm: cannot remove `lethality.xml': No such file or directory
rm: cannot remove `packaging.xml': No such file or directory
rm: cannot remove `ribbon_snake.xml': No such file or directory
rm: cannot remove `neglect.xml': No such file or directory
rm: cannot remove `jet.xml': No such file or directory
rm: cannot remove `skylight.xml': No such file or directory
rm: cannot remove `earned_run.xml': No such file or directory
rm: cannot remove `flag_of_truce.xml': No such file or directory
rm: cannot remove `image.xml': No such file or directory
rm: cannot remove `pull.xml': No such file or directory
rm: cannot remove `rearguard.xml': No such file or directory
rm: cannot remove `laughter.xml': No such file or directory
rm: cannot remove `fireman.xml': No such file or directory
rm: cannot remove `string.xml': No such file or directory
rm: cannot remove `determinant.xml': No such file or directory
rm: cannot remove `grandfather_clause.xml': No such file or directory
rm: cannot remove `irrigation.xml': No such file or directory
rm: cannot remove `electric_chair.xml': No such file or directory
rm: cannot remove `steam_shovel.xml': No such file or directory
rm: cannot remove `pottery.xml': No such file or directory
rm: cannot remove `hutment.xml': No such file or directory
rm: cannot remove `fat.xml': No such file or directory
rm: cannot remove `ruling.xml': No such file or directory
rm: cannot remove `nitrogen.xml': No such file or directory
rm: cannot remove `memorial.xml': No such file or directory
rm: cannot remove `soldiering.xml': No such file or directory
rm: cannot remove `count.xml': No such file or directory
rm: cannot remove `sensuality.xml': No such file or directory
rm: cannot remove `destruction.xml': No such file or directory
rm: cannot remove `seaweed.xml': No such file or directory
rm: cannot remove `smoking.xml': No such file or directory
rm: cannot remove `hash_mark.xml': No such file or directory
rm: cannot remove `mania.xml': No such file or directory
rm: cannot remove `pessimist.xml': No such file or directory
rm: cannot remove `counterattack.xml': No such file or directory
rm: cannot remove `alundum.xml': No such file or directory
rm: cannot remove `feasibility.xml': No such file or directory
rm: cannot remove `tumbling.xml': No such file or directory
rm: cannot remove `living_arrangement.xml': No such file or directory
rm: cannot remove `equivalence.xml': No such file or directory
rm: cannot remove `clearance.xml': No such file or directory
rm: cannot remove `pharmacy.xml': No such file or directory
rm: cannot remove `satirist.xml': No such file or directory
rm: cannot remove `orientation.xml': No such file or directory
rm: cannot remove `interchange.xml': No such file or directory
rm: cannot remove `coquette.xml': No such file or directory
rm: cannot remove `good_health.xml': No such file or directory
rm: cannot remove `police_car.xml': No such file or directory
rm: cannot remove `outcome.xml': No such file or directory
rm: cannot remove `roar.xml': No such file or directory
rm: cannot remove `initial.xml': No such file or directory
rm: cannot remove `musical_instrument.xml': No such file or directory
rm: cannot remove `nostalgia.xml': No such file or directory
rm: cannot remove `corduroy.xml': No such file or directory
rm: cannot remove `brace.xml': No such file or directory
rm: cannot remove `coat.xml': No such file or directory
rm: cannot remove `main_drag.xml': No such file or directory
rm: cannot remove `price_cutting.xml': No such file or directory
rm: cannot remove `england.xml': No such file or directory
rm: cannot remove `indexing.xml': No such file or directory
rm: cannot remove `endurance.xml': No such file or directory
rm: cannot remove `meditation.xml': No such file or directory
rm: cannot remove `photochemical_reaction.xml': No such file or directory
rm: cannot remove `graven_image.xml': No such file or directory
rm: cannot remove `shipwreck.xml': No such file or directory
rm: cannot remove `superhighway.xml': No such file or directory
rm: cannot remove `consulting_firm.xml': No such file or directory
rm: cannot remove `solar_system.xml': No such file or directory
rm: cannot remove `substitution.xml': No such file or directory
rm: cannot remove `assertion.xml': No such file or directory
rm: cannot remove `slave.xml': No such file or directory
rm: cannot remove `institute.xml': No such file or directory
rm: cannot remove `target_area.xml': No such file or directory
rm: cannot remove `ruling_class.xml': No such file or directory
rm: cannot remove `futility.xml': No such file or directory
rm: cannot remove `fullback.xml': No such file or directory
rm: cannot remove `adjudication.xml': No such file or directory
rm: cannot remove `attica.xml': No such file or directory
rm: cannot remove `shrine.xml': No such file or directory
rm: cannot remove `shutdown.xml': No such file or directory
rm: cannot remove `troops.xml': No such file or directory
rm: cannot remove `boatswain.xml': No such file or directory
rm: cannot remove `thiamin.xml': No such file or directory
rm: cannot remove `carping.xml': No such file or directory
rm: cannot remove `congress_gaiter.xml': No such file or directory
rm: cannot remove `indirection.xml': No such file or directory
rm: cannot remove `pegboard.xml': No such file or directory
rm: cannot remove `laundry.xml': No such file or directory
rm: cannot remove `ex-husband.xml': No such file or directory
rm: cannot remove `square_block.xml': No such file or directory
rm: cannot remove `christendom.xml': No such file or directory
rm: cannot remove `growth.xml': No such file or directory
rm: cannot remove `pot.xml': No such file or directory
rm: cannot remove `salon.xml': No such file or directory
rm: cannot remove `seizure.xml': No such file or directory
rm: cannot remove `brake.xml': No such file or directory
rm: cannot remove `instruction.xml': No such file or directory
rm: cannot remove `television_system.xml': No such file or directory
rm: cannot remove `assent.xml': No such file or directory
rm: cannot remove `paneling.xml': No such file or directory
rm: cannot remove `toothbrush.xml': No such file or directory
rm: cannot remove `reverie.xml': No such file or directory
rm: cannot remove `sky.xml': No such file or directory
rm: cannot remove `vapor_pressure.xml': No such file or directory
rm: cannot remove `rhyme.xml': No such file or directory
rm: cannot remove `eternity.xml': No such file or directory
rm: cannot remove `wait.xml': No such file or directory
rm: cannot remove `allegiance.xml': No such file or directory
rm: cannot remove `idealist.xml': No such file or directory
rm: cannot remove `individual.xml': No such file or directory
rm: cannot remove `car_door.xml': No such file or directory
rm: cannot remove `kale.xml': No such file or directory
rm: cannot remove `barnyard.xml': No such file or directory
rm: cannot remove `congo.xml': No such file or directory
rm: cannot remove `mars.xml': No such file or directory
rm: cannot remove `railroad_station.xml': No such file or directory
rm: cannot remove `cocktail_party.xml': No such file or directory
rm: cannot remove `statue.xml': No such file or directory
rm: cannot remove `nobody.xml': No such file or directory
rm: cannot remove `reverse.xml': No such file or directory
rm: cannot remove `sneaker.xml': No such file or directory
rm: cannot remove `unfolding.xml': No such file or directory
rm: cannot remove `chairman_of_the_board.xml': No such file or directory
rm: cannot remove `floor_plan.xml': No such file or directory
rm: cannot remove `borough.xml': No such file or directory
rm: cannot remove `welfare.xml': No such file or directory
rm: cannot remove `class.xml': No such file or directory
rm: cannot remove `detractor.xml': No such file or directory
rm: cannot remove `orthodox_catholic_church.xml': No such file or directory
rm: cannot remove `protease.xml': No such file or directory
rm: cannot remove `arianism.xml': No such file or directory
rm: cannot remove `mast.xml': No such file or directory
rm: cannot remove `moon.xml': No such file or directory
rm: cannot remove `trap.xml': No such file or directory
rm: cannot remove `cow.xml': No such file or directory
rm: cannot remove `primping.xml': No such file or directory
rm: cannot remove `obliteration.xml': No such file or directory
rm: cannot remove `clientele.xml': No such file or directory
rm: cannot remove `sign_of_the_cross.xml': No such file or directory
rm: cannot remove `wildlife.xml': No such file or directory
rm: cannot remove `convert.xml': No such file or directory
rm: cannot remove `lengthening.xml': No such file or directory
rm: cannot remove `married_couple.xml': No such file or directory
rm: cannot remove `scrutin_de_liste_system.xml': No such file or directory
rm: cannot remove `yearning.xml': No such file or directory
rm: cannot remove `piezoelectricity.xml': No such file or directory
rm: cannot remove `bully.xml': No such file or directory
rm: cannot remove `purchasing_department.xml': No such file or directory
rm: cannot remove `underbrush.xml': No such file or directory
rm: cannot remove `typewriting.xml': No such file or directory
rm: cannot remove `full_complement.xml': No such file or directory
rm: cannot remove `invasion.xml': No such file or directory
rm: cannot remove `excise_tax.xml': No such file or directory
rm: cannot remove `zero.xml': No such file or directory
rm: cannot remove `trunk.xml': No such file or directory
rm: cannot remove `beach.xml': No such file or directory
rm: cannot remove `diarrhea.xml': No such file or directory
rm: cannot remove `cypress_tree.xml': No such file or directory
rm: cannot remove `justification.xml': No such file or directory
rm: cannot remove `sample.xml': No such file or directory
rm: cannot remove `fun.xml': No such file or directory
rm: cannot remove `sweat_suit.xml': No such file or directory
rm: cannot remove `dial.xml': No such file or directory
rm: cannot remove `five.xml': No such file or directory
rm: cannot remove `beginning.xml': No such file or directory
rm: cannot remove `utterance.xml': No such file or directory
rm: cannot remove `swan.xml': No such file or directory
rm: cannot remove `square_root.xml': No such file or directory
rm: cannot remove `marathon.xml': No such file or directory
rm: cannot remove `orthophosphate.xml': No such file or directory
rm: cannot remove `musical_comedy.xml': No such file or directory
rm: cannot remove `bolshevik.xml': No such file or directory
rm: cannot remove `sea_bottom.xml': No such file or directory
rm: cannot remove `water_level.xml': No such file or directory
rm: cannot remove `employ.xml': No such file or directory
rm: cannot remove `trouser_cuff.xml': No such file or directory
rm: cannot remove `bassinet.xml': No such file or directory
rm: cannot remove `susceptibility.xml': No such file or directory
rm: cannot remove `annihilation.xml': No such file or directory
rm: cannot remove `longshot.xml': No such file or directory
rm: cannot remove `nursery.xml': No such file or directory
rm: cannot remove `heel.xml': No such file or directory
rm: cannot remove `magic.xml': No such file or directory
rm: cannot remove `hurt.xml': No such file or directory
rm: cannot remove `culmination.xml': No such file or directory
rm: cannot remove `adjective.xml': No such file or directory
rm: cannot remove `hypothesis.xml': No such file or directory
rm: cannot remove `attraction.xml': No such file or directory
rm: cannot remove `growth_rate.xml': No such file or directory
rm: cannot remove `assyrian.xml': No such file or directory
rm: cannot remove `conformity.xml': No such file or directory
rm: cannot remove `spirits.xml': No such file or directory
rm: cannot remove `minimum.xml': No such file or directory
rm: cannot remove `slump.xml': No such file or directory
rm: cannot remove `stare.xml': No such file or directory
rm: cannot remove `aluminum.xml': No such file or directory
rm: cannot remove `mucus.xml': No such file or directory
rm: cannot remove `momentum.xml': No such file or directory
rm: cannot remove `quadrupling.xml': No such file or directory
rm: cannot remove `teasing.xml': No such file or directory
rm: cannot remove `exercising.xml': No such file or directory
rm: cannot remove `informant.xml': No such file or directory
rm: cannot remove `growl.xml': No such file or directory
rm: cannot remove `ridicule.xml': No such file or directory
rm: cannot remove `avail.xml': No such file or directory
rm: cannot remove `brink.xml': No such file or directory
rm: cannot remove `highwayman.xml': No such file or directory
rm: cannot remove `executor.xml': No such file or directory
rm: cannot remove `sleeping_bag.xml': No such file or directory
rm: cannot remove `size_of_it.xml': No such file or directory
rm: cannot remove `cast.xml': No such file or directory
rm: cannot remove `typewriter.xml': No such file or directory
rm: cannot remove `square.xml': No such file or directory
rm: cannot remove `household.xml': No such file or directory
rm: cannot remove `cheerfulness.xml': No such file or directory
rm: cannot remove `cabbage.xml': No such file or directory
rm: cannot remove `venezuela.xml': No such file or directory
rm: cannot remove `millwheel.xml': No such file or directory
rm: cannot remove `novel.xml': No such file or directory
rm: cannot remove `promise.xml': No such file or directory
rm: cannot remove `task_force.xml': No such file or directory
rm: cannot remove `inception.xml': No such file or directory
rm: cannot remove `catholicism.xml': No such file or directory
rm: cannot remove `lightweight.xml': No such file or directory
rm: cannot remove `center_line.xml': No such file or directory
rm: cannot remove `wound_tumor_virus.xml': No such file or directory
rm: cannot remove `doorbell.xml': No such file or directory
rm: cannot remove `redcoat.xml': No such file or directory
rm: cannot remove `certiorari.xml': No such file or directory
rm: cannot remove `third.xml': No such file or directory
rm: cannot remove `senior.xml': No such file or directory
rm: cannot remove `relationship.xml': No such file or directory
rm: cannot remove `peanut_butter.xml': No such file or directory
rm: cannot remove `statement.xml': No such file or directory
rm: cannot remove `americanism.xml': No such file or directory
rm: cannot remove `tropidoclonion.xml': No such file or directory
rm: cannot remove `breakaway.xml': No such file or directory
9.88user 12.25system 0:41.37elapsed 53%CPU (0avgtext+0avgdata 0maxresident)k
0inputs+120outputs (0major+2806018minor)pagefaults 0swaps
